#
# A fatal error has been detected by the Java Runtime Environment:
#
#  EXCEPTION_ACCESS_VIOLATION (0xc0000005) at pc=0x00007ffbb26778b0, pid=11232, tid=0x000000000000354c
#
# JRE version: Java(TM) SE Runtime Environment (8.0_202-b08) (build 1.8.0_202-b08)
# Java VM: Java HotSpot(TM) 64-Bit Server VM (25.202-b08 mixed mode windows-amd64 compressed oops)
# Problematic frame:
# C  [glass.dll+0x278b0]
#
# Failed to write core dump. Minidumps are not enabled by default on client versions of Windows
#
# If you would like to submit a bug report, please visit:
#   http://bugreport.java.com/bugreport/crash.jsp
#

---------------  T H R E A D  ---------------

Current thread (0x000000001c7e8800):  VMThread [stack: 0x000000001e4d0000,0x000000001e5d0000] [id=13644]

siginfo: ExceptionCode=0xc0000005, reading address 0x0000000000000000

Registers:
RAX=0x0000000000000000, RBX=0x000000001f581d00, RCX=0x000000001c7e8800, RDX=0x00000000529824e8
RSP=0x000000001e5cf160, RBP=0x0000000000f1fa18, RSI=0x0000000000f1f9f0, RDI=0x000016f2b3b98a19
R8 =0x0000000000010002, R9 =0x000016f2b3b98a19, R10=0x00000000ffffffff, R11=0x000000001e5cf070
R12=0x00007ffbb26748dc, R13=0x0000000002d21658, R14=0x000000001e5cf268, R15=0x0000000000f1f9f0
RIP=0x00007ffbb26778b0, EFLAGS=0x0000000000010202

Top of Stack: (sp=0x000000001e5cf160)
0x000000001e5cf160:   0000000000000000 00007ffbc8e1c7eb
0x000000001e5cf170:   0000000000f1fa00 0000000000000000
0x000000001e5cf180:   fffffffffffffffe 00007ffbb26748dc
0x000000001e5cf190:   0000000000f1f9f8 00007ffbc8e23e26
0x000000001e5cf1a0:   00004d5bd9efd255 0000000000000000
0x000000001e5cf1b0:   0000000000f1fa18 0000000000f1f9f0
0x000000001e5cf1c0:   fffffffffffffffe 0000000000000001
0x000000001e5cf1d0:   0000000000000001 00007ffbb2650000
0x000000001e5cf1e0:   000000001e5cf258 00007ffbc8e23d4b
0x000000001e5cf1f0:   0000000000000000 000000001e5cf268
0x000000001e5cf200:   0000000002dd98b0 00007ffbc8efc130
0x000000001e5cf210:   0000000000000000 00007ffbc8e23d04
0x000000001e5cf220:   0000000000000000 0000000000000001
0x000000001e5cf230:   00007ffb0000000d 000000001e5cf258
0x000000001e5cf240:   0000000000000000 00007ffbb2674752
0x000000001e5cf250:   00007ffbb268f108 0000000000000002 

Instructions: (pc=0x00007ffbb26778b0)
0x00007ffbb2677890:   40 53 48 83 ec 30 48 c7 44 24 20 fe ff ff ff 48
0x00007ffbb26778a0:   8b 1d 7a 72 01 00 48 85 db 74 16 e8 00 81 ff ff
0x00007ffbb26778b0:   4c 8b 00 48 8b d3 48 8b c8 41 ff 90 b0 00 00 00
0x00007ffbb26778c0:   90 48 83 c4 30 5b c3 cc cc cc cc cc cc cc cc cc 


Register to memory mapping:

RAX=0x0000000000000000 is an unknown value
RBX=0x000000001f581d00 is a global jni handle
RCX=0x000000001c7e8800 is an unknown value
RDX=0x00000000529824e8 is an unknown value
RSP=0x000000001e5cf160 is an unknown value
RBP=0x0000000000f1fa18 is an unknown value
RSI=0x0000000000f1f9f0 is an unknown value
RDI=0x000016f2b3b98a19 is an unknown value
R8 =0x0000000000010002 is an unknown value
R9 =0x000016f2b3b98a19 is an unknown value
R10=0x00000000ffffffff is an unknown value
R11=0x000000001e5cf070 is an unknown value
R12=0x00007ffbb26748dc is an unknown value
R13=0x0000000002d21658 is an unknown value
R14=0x000000001e5cf268 is an unknown value
R15=0x0000000000f1f9f0 is an unknown value


Stack: [0x000000001e4d0000,0x000000001e5d0000],  sp=0x000000001e5cf160,  free space=1020k
Native frames: (J=compiled Java code, j=interpreted, Vv=VM code, C=native code)
C  [glass.dll+0x278b0]
C  [ucrtbase.dll+0x13e26]
C  [ucrtbase.dll+0x13d4b]
C  [ucrtbase.dll+0x13d04]
C  [glass.dll+0x24752]
C  [glass.dll+0x24850]
C  [ntdll.dll+0x48f07]
C  [ntdll.dll+0x435bc]
C  [ntdll.dll+0x66dad]
C  [KERNEL32.DLL+0x1d3ba]
C  [msvcr100.dll+0x20ccd]
V  [jvm.dll+0x214045]
V  [jvm.dll+0x24d5d7]
V  [jvm.dll+0x24c876]
V  [jvm.dll+0x24cd11]
V  [jvm.dll+0x24cf2e]
V  [jvm.dll+0x29fc6a]
C  [msvcr100.dll+0x21d9f]
C  [msvcr100.dll+0x21e3b]
C  [KERNEL32.DLL+0x181f4]
C  [ntdll.dll+0x6a251]

VM_Operation (0x00000000204d80c0): Exit, mode: safepoint, requested by thread 0x000000001f57a800


---------------  P R O C E S S  ---------------

Java Threads: ( => current thread )
  0x000000001f954000 JavaThread "mysql-cj-abandoned-connection-cleanup" daemon [_thread_blocked, id=8340, stack(0x000000002ac60000,0x000000002ad60000)]
  0x000000001f9fc000 JavaThread "Prism Font Disposer" daemon [_thread_blocked, id=7336, stack(0x00000000296f0000,0x00000000297f0000)]
  0x000000001f627800 JavaThread "Thread-3" daemon [_thread_in_native, id=7312, stack(0x0000000027060000,0x0000000027160000)]
  0x000000001f5bc800 JavaThread "JavaFX-Launcher" [_thread_blocked, id=12164, stack(0x0000000027160000,0x0000000027260000)]
  0x000000001f57a800 JavaThread "JavaFX Application Thread" [_thread_blocked, id=12348, stack(0x00000000203e0000,0x00000000204e0000)]
  0x000000001f570800 JavaThread "Thread-1" daemon [_thread_blocked, id=12624, stack(0x00000000202e0000,0x00000000203e0000)]
  0x000000001f54b000 JavaThread "QuantumRenderer-0" daemon [_thread_blocked, id=13144, stack(0x000000001ff30000,0x0000000020030000)]
  0x000000001e791800 JavaThread "Service Thread" daemon [_thread_blocked, id=9236, stack(0x000000001f2d0000,0x000000001f3d0000)]
  0x000000001e713800 JavaThread "C1 CompilerThread3" daemon [_thread_blocked, id=13808, stack(0x000000001f1d0000,0x000000001f2d0000)]
  0x000000001e703000 JavaThread "C2 CompilerThread2" daemon [_thread_blocked, id=4868, stack(0x000000001f0d0000,0x000000001f1d0000)]
  0x000000001e701000 JavaThread "C2 CompilerThread1" daemon [_thread_blocked, id=13172, stack(0x000000001efd0000,0x000000001f0d0000)]
  0x000000001e6fb000 JavaThread "C2 CompilerThread0" daemon [_thread_blocked, id=10300, stack(0x000000001eed0000,0x000000001efd0000)]
  0x000000001e6f8800 JavaThread "Attach Listener" daemon [_thread_blocked, id=3336, stack(0x000000001edd0000,0x000000001eed0000)]
  0x000000001c7fe800 JavaThread "Signal Dispatcher" daemon [_thread_blocked, id=9684, stack(0x000000001ecd0000,0x000000001edd0000)]
  0x000000001e6f0800 JavaThread "Finalizer" daemon [_thread_blocked, id=10816, stack(0x000000001ead0000,0x000000001ebd0000)]
  0x000000001c7ed800 JavaThread "Reference Handler" daemon [_thread_blocked, id=11960, stack(0x000000001e5d0000,0x000000001e6d0000)]
  0x0000000002d32800 JavaThread "main" [_thread_blocked, id=8516, stack(0x0000000002c10000,0x0000000002d10000)]

Other Threads:
=>0x000000001c7e8800 VMThread [stack: 0x000000001e4d0000,0x000000001e5d0000] [id=13644]

VM state:at safepoint (shutting down)

VM Mutex/Monitor currently owned by a thread:  ([mutex/lock_event])
[0x0000000002d2d8a0] Threads_lock - owner thread: 0x000000001c7e8800

heap address: 0x00000006c2e00000, size: 4050 MB, Compressed Oops mode: Zero based, Oop shift amount: 3
Narrow klass base: 0x0000000000000000, Narrow klass shift: 3
Compressed class space size: 1073741824 Address: 0x00000007c0000000

Heap:
 PSYoungGen      total 75776K, used 26392K [0x000000076ba00000, 0x0000000774e00000, 0x00000007c0000000)
  eden space 65024K, 40% used [0x000000076ba00000,0x000000076d3c60b8,0x000000076f980000)
  from space 10752K, 0% used [0x0000000770400000,0x0000000770400000,0x0000000770e80000)
  to   space 10752K, 0% used [0x000000076f980000,0x000000076f980000,0x0000000770400000)
 ParOldGen       total 81408K, used 10061K [0x00000006c2e00000, 0x00000006c7d80000, 0x000000076ba00000)
  object space 81408K, 12% used [0x00000006c2e00000,0x00000006c37d3530,0x00000006c7d80000)
 Metaspace       used 23891K, capacity 24872K, committed 25088K, reserved 1071104K
  class space    used 3321K, capacity 3541K, committed 3584K, reserved 1048576K

Card table byte_map: [0x00000000121f0000,0x00000000129e0000] byte_map_base: 0x000000000ebd9000

Marking Bits: (ParMarkBitMap*) 0x0000000052b75ce0
 Begin Bits: [0x0000000013730000, 0x0000000017678000)
 End Bits:   [0x0000000017678000, 0x000000001b5c0000)

Polling page: 0x0000000000e80000

CodeCache: size=245760Kb used=9321Kb max_used=9321Kb free=236438Kb
 bounds [0x0000000002e30000, 0x0000000003760000, 0x0000000011e30000]
 total_blobs=3720 nmethods=2990 adapters=642
 compilation: enabled

Compilation events (10 events):
Event: 8.043 Thread 0x000000001e713800 2986       3       com.sun.scenario.effect.impl.prism.PrFilterContext::hashCode (16 bytes)
Event: 8.043 Thread 0x000000001e713800 nmethod 2986 0x0000000003747990 code [0x0000000003747b00, 0x0000000003747e88]
Event: 8.043 Thread 0x000000001e713800 2987       3       com.sun.scenario.effect.impl.prism.PrFilterContext::hashCode (14 bytes)
Event: 8.043 Thread 0x000000001e713800 nmethod 2987 0x0000000003747610 code [0x0000000003747760, 0x00000000037478f0]
Event: 8.043 Thread 0x000000001e713800 2982       3       com.sun.prism.impl.ManagedResource::unlock (15 bytes)
Event: 8.044 Thread 0x000000001e713800 nmethod 2982 0x0000000003747010 code [0x0000000003747180, 0x00000000037474c8]
Event: 8.044 Thread 0x000000001e713800 2989       3       com.sun.javafx.geom.PickRay::getNearClip (5 bytes)
Event: 8.044 Thread 0x000000001e713800 nmethod 2989 0x0000000003746cd0 code [0x0000000003746e20, 0x0000000003746f70]
Event: 8.044 Thread 0x000000001e713800 2990       3       com.sun.javafx.geom.PickRay::getFarClip (5 bytes)
Event: 8.044 Thread 0x000000001e713800 nmethod 2990 0x0000000003746990 code [0x0000000003746ae0, 0x0000000003746c30]

GC Heap History (6 events):
Event: 5.920 GC heap before
{Heap before GC invocations=1 (full 0):
 PSYoungGen      total 75776K, used 65024K [0x000000076ba00000, 0x0000000770e80000, 0x00000007c0000000)
  eden space 65024K, 100% used [0x000000076ba00000,0x000000076f980000,0x000000076f980000)
  from space 10752K, 0% used [0x0000000770400000,0x0000000770400000,0x0000000770e80000)
  to   space 10752K, 0% used [0x000000076f980000,0x000000076f980000,0x0000000770400000)
 ParOldGen       total 173568K, used 0K [0x00000006c2e00000, 0x00000006cd780000, 0x000000076ba00000)
  object space 173568K, 0% used [0x00000006c2e00000,0x00000006c2e00000,0x00000006cd780000)
 Metaspace       used 20149K, capacity 21096K, committed 21296K, reserved 1067008K
  class space    used 2900K, capacity 3157K, committed 3200K, reserved 1048576K
Event: 5.929 GC heap after
Heap after GC invocations=1 (full 0):
 PSYoungGen      total 75776K, used 10720K [0x000000076ba00000, 0x0000000770e80000, 0x00000007c0000000)
  eden space 65024K, 0% used [0x000000076ba00000,0x000000076ba00000,0x000000076f980000)
  from space 10752K, 99% used [0x000000076f980000,0x00000007703f8070,0x0000000770400000)
  to   space 10752K, 0% used [0x0000000770400000,0x0000000770400000,0x0000000770e80000)
 ParOldGen       total 173568K, used 2304K [0x00000006c2e00000, 0x00000006cd780000, 0x000000076ba00000)
  object space 173568K, 1% used [0x00000006c2e00000,0x00000006c3040128,0x00000006cd780000)
 Metaspace       used 20149K, capacity 21096K, committed 21296K, reserved 1067008K
  class space    used 2900K, capacity 3157K, committed 3200K, reserved 1048576K
}
Event: 5.953 GC heap before
{Heap before GC invocations=2 (full 0):
 PSYoungGen      total 75776K, used 12516K [0x000000076ba00000, 0x0000000770e80000, 0x00000007c0000000)
  eden space 65024K, 2% used [0x000000076ba00000,0x000000076bbc1028,0x000000076f980000)
  from space 10752K, 99% used [0x000000076f980000,0x00000007703f8070,0x0000000770400000)
  to   space 10752K, 0% used [0x0000000770400000,0x0000000770400000,0x0000000770e80000)
 ParOldGen       total 173568K, used 2304K [0x00000006c2e00000, 0x00000006cd780000, 0x000000076ba00000)
  object space 173568K, 1% used [0x00000006c2e00000,0x00000006c3040128,0x00000006cd780000)
 Metaspace       used 20378K, capacity 21256K, committed 21296K, reserved 1067008K
  class space    used 2933K, capacity 3189K, committed 3200K, reserved 1048576K
Event: 5.959 GC heap after
Heap after GC invocations=2 (full 0):
 PSYoungGen      total 75776K, used 10720K [0x000000076ba00000, 0x0000000774e00000, 0x00000007c0000000)
  eden space 65024K, 0% used [0x000000076ba00000,0x000000076ba00000,0x000000076f980000)
  from space 10752K, 99% used [0x0000000770400000,0x0000000770e78090,0x0000000770e80000)
  to   space 10752K, 0% used [0x000000076f980000,0x000000076f980000,0x0000000770400000)
 ParOldGen       total 173568K, used 2976K [0x00000006c2e00000, 0x00000006cd780000, 0x000000076ba00000)
  object space 173568K, 1% used [0x00000006c2e00000,0x00000006c30e8328,0x00000006cd780000)
 Metaspace       used 20378K, capacity 21256K, committed 21296K, reserved 1067008K
  class space    used 2933K, capacity 3189K, committed 3200K, reserved 1048576K
}
Event: 5.959 GC heap before
{Heap before GC invocations=3 (full 1):
 PSYoungGen      total 75776K, used 10720K [0x000000076ba00000, 0x0000000774e00000, 0x00000007c0000000)
  eden space 65024K, 0% used [0x000000076ba00000,0x000000076ba00000,0x000000076f980000)
  from space 10752K, 99% used [0x0000000770400000,0x0000000770e78090,0x0000000770e80000)
  to   space 10752K, 0% used [0x000000076f980000,0x000000076f980000,0x0000000770400000)
 ParOldGen       total 173568K, used 2976K [0x00000006c2e00000, 0x00000006cd780000, 0x000000076ba00000)
  object space 173568K, 1% used [0x00000006c2e00000,0x00000006c30e8328,0x00000006cd780000)
 Metaspace       used 20378K, capacity 21256K, committed 21296K, reserved 1067008K
  class space    used 2933K, capacity 3189K, committed 3200K, reserved 1048576K
Event: 5.989 GC heap after
Heap after GC invocations=3 (full 1):
 PSYoungGen      total 75776K, used 0K [0x000000076ba00000, 0x0000000774e00000, 0x00000007c0000000)
  eden space 65024K, 0% used [0x000000076ba00000,0x000000076ba00000,0x000000076f980000)
  from space 10752K, 0% used [0x0000000770400000,0x0000000770400000,0x0000000770e80000)
  to   space 10752K, 0% used [0x000000076f980000,0x000000076f980000,0x0000000770400000)
 ParOldGen       total 81408K, used 10061K [0x00000006c2e00000, 0x00000006c7d80000, 0x000000076ba00000)
  object space 81408K, 12% used [0x00000006c2e00000,0x00000006c37d3530,0x00000006c7d80000)
 Metaspace       used 20378K, capacity 21256K, committed 21296K, reserved 1067008K
  class space    used 2933K, capacity 3189K, committed 3200K, reserved 1048576K
}

Deoptimization events (10 events):
Event: 6.598 Thread 0x000000001f57a800 Uncommon trap: reason=array_check action=maybe_recompile pc=0x0000000003639104 method=com.sun.javafx.css.SimpleSelector.applies(Ljavafx/css/Styleable;[Ljava/util/Set;I)Z @ 37
Event: 6.598 Thread 0x000000001f57a800 Uncommon trap: reason=array_check action=maybe_recompile pc=0x0000000003639104 method=com.sun.javafx.css.SimpleSelector.applies(Ljavafx/css/Styleable;[Ljava/util/Set;I)Z @ 37
Event: 6.598 Thread 0x000000001f57a800 Uncommon trap: reason=array_check action=maybe_recompile pc=0x0000000003639104 method=com.sun.javafx.css.SimpleSelector.applies(Ljavafx/css/Styleable;[Ljava/util/Set;I)Z @ 37
Event: 6.598 Thread 0x000000001f57a800 Uncommon trap: reason=array_check action=maybe_recompile pc=0x0000000003639104 method=com.sun.javafx.css.SimpleSelector.applies(Ljavafx/css/Styleable;[Ljava/util/Set;I)Z @ 37
Event: 7.974 Thread 0x000000001f57a800 Uncommon trap: reason=class_check action=maybe_recompile pc=0x0000000003705554 method=com.sun.javafx.event.CompositeEventHandler.dispatchCapturingEvent(Ljavafx/event/Event;)V @ 12
Event: 7.975 Thread 0x000000001f57a800 Uncommon trap: reason=array_check action=maybe_recompile pc=0x00000000036967d0 method=com.sun.javafx.css.SimpleSelector.applies(Ljavafx/css/Styleable;[Ljava/util/Set;I)Z @ 37
Event: 7.977 Thread 0x000000001f57a800 Uncommon trap: reason=unstable_if action=reinterpret pc=0x00000000036cb2c4 method=javafx.scene.Node.updateLocalToParentTransform()V @ 125
Event: 7.977 Thread 0x000000001f57a800 Uncommon trap: reason=class_check action=maybe_recompile pc=0x0000000003705554 method=com.sun.javafx.event.CompositeEventHandler.dispatchCapturingEvent(Ljavafx/event/Event;)V @ 12
Event: 7.985 Thread 0x000000001f57a800 Uncommon trap: reason=class_check action=maybe_recompile pc=0x0000000003705554 method=com.sun.javafx.event.CompositeEventHandler.dispatchCapturingEvent(Ljavafx/event/Event;)V @ 12
Event: 8.039 Thread 0x000000001f57a800 Uncommon trap: reason=class_check action=maybe_recompile pc=0x0000000003705554 method=com.sun.javafx.event.CompositeEventHandler.dispatchCapturingEvent(Ljavafx/event/Event;)V @ 12

Classes redefined (0 events):
No events

Internal exceptions (10 events):
Event: 1.214 Thread 0x000000001f57a800 Exception <a 'java/lang/ArrayIndexOutOfBoundsException'> (0x000000076cccbce8) thrown at [C:\re\workspace\8-2-build-windows-amd64-cygwin\jdk8u202\12323\hotspot\src\share\vm\runtime\sharedRuntime.cpp, line 605]
Event: 1.214 Thread 0x000000001f57a800 Exception <a 'java/lang/ArrayIndexOutOfBoundsException'> (0x000000076cccc800) thrown at [C:\re\workspace\8-2-build-windows-amd64-cygwin\jdk8u202\12323\hotspot\src\share\vm\runtime\sharedRuntime.cpp, line 605]
Event: 1.214 Thread 0x000000001f57a800 Exception <a 'java/lang/ArrayIndexOutOfBoundsException'> (0x000000076cccdba8) thrown at [C:\re\workspace\8-2-build-windows-amd64-cygwin\jdk8u202\12323\hotspot\src\share\vm\runtime\sharedRuntime.cpp, line 605]
Event: 1.411 Thread 0x000000001f57a800 Implicit null exception at 0x000000000313a775 to 0x000000000313a9a5
Event: 1.526 Thread 0x000000001f57a800 Exception <a 'java/io/FileNotFoundException'> (0x000000076db11d78) thrown at [C:\re\workspace\8-2-build-windows-amd64-cygwin\jdk8u202\12323\hotspot\src\share\vm\prims\jni.cpp, line 710]
Event: 5.747 Thread 0x000000001f57a800 Exception <a 'java/lang/ArrayIndexOutOfBoundsException': 79> (0x000000076ef206c0) thrown at [C:\re\workspace\8-2-build-windows-amd64-cygwin\jdk8u202\12323\hotspot\src\share\vm\interpreter\interpreterRuntime.cpp, line 368]
Event: 5.747 Thread 0x000000001f57a800 Exception <a 'java/lang/ArrayIndexOutOfBoundsException': 52> (0x000000076ef218a8) thrown at [C:\re\workspace\8-2-build-windows-amd64-cygwin\jdk8u202\12323\hotspot\src\share\vm\interpreter\interpreterRuntime.cpp, line 368]
Event: 5.748 Thread 0x000000001f57a800 Exception <a 'java/lang/ArrayIndexOutOfBoundsException': 114> (0x000000076ef234e8) thrown at [C:\re\workspace\8-2-build-windows-amd64-cygwin\jdk8u202\12323\hotspot\src\share\vm\interpreter\interpreterRuntime.cpp, line 368]
Event: 5.767 Thread 0x000000001f57a800 Implicit null exception at 0x0000000003083ed6 to 0x0000000003084285
Event: 8.052 Thread 0x000000002b719000 Exception <a 'java/lang/IllegalStateException'> (0x000000076d37b058) thrown at [C:\re\workspace\8-2-build-windows-amd64-cygwin\jdk8u202\12323\hotspot\src\share\vm\prims\jvm.cpp, line 1506]

Events (10 events):
Event: 8.050 loading class java/util/IdentityHashMap$IdentityHashMapIterator
Event: 8.050 loading class java/util/IdentityHashMap$IdentityHashMapIterator done
Event: 8.050 loading class java/util/IdentityHashMap$KeyIterator done
Event: 8.051 Thread 0x000000002b719000 Thread added: 0x000000002b719000
Event: 8.051 loading class com/sun/javafx/tk/quantum/QuantumRenderer
Event: 8.051 loading class com/sun/javafx/tk/quantum/QuantumRenderer done
Event: 8.052 loading class com/sun/javafx/tk/quantum/QuantumToolkit
Event: 8.052 loading class com/sun/javafx/tk/quantum/QuantumToolkit done
Event: 8.052 Thread 0x000000002b719000 Thread exited: 0x000000002b719000
Event: 8.053 Executing VM operation: Exit


Dynamic libraries:
0x00007ff6b0600000 - 0x00007ff6b0637000 	C:\Program Files\Java\jre1.8.0_202\bin\javaw.exe
0x00007ffbcccc0000 - 0x00007ffbccead000 	C:\WINDOWS\SYSTEM32\ntdll.dll
0x00007ffbca710000 - 0x00007ffbca7c3000 	C:\WINDOWS\System32\KERNEL32.DLL
0x00007ffbc9040000 - 0x00007ffbc92d3000 	C:\WINDOWS\System32\KERNELBASE.dll
0x00007ffbccb30000 - 0x00007ffbccbd3000 	C:\WINDOWS\System32\ADVAPI32.dll
0x00007ffbcc7e0000 - 0x00007ffbcc87e000 	C:\WINDOWS\System32\msvcrt.dll
0x00007ffbcca90000 - 0x00007ffbccb2e000 	C:\WINDOWS\System32\sechost.dll
0x00007ffbca5b0000 - 0x00007ffbca6d2000 	C:\WINDOWS\System32\RPCRT4.dll
0x00007ffbcad00000 - 0x00007ffbcae97000 	C:\WINDOWS\System32\USER32.dll
0x00007ffbc8fb0000 - 0x00007ffbc8fd0000 	C:\WINDOWS\System32\win32u.dll
0x00007ffbcacd0000 - 0x00007ffbcacf9000 	C:\WINDOWS\System32\GDI32.dll
0x00007ffbc9550000 - 0x00007ffbc96ea000 	C:\WINDOWS\System32\gdi32full.dll
0x00007ffbc8f10000 - 0x00007ffbc8fb0000 	C:\WINDOWS\System32\msvcp_win.dll
0x00007ffbc8e10000 - 0x00007ffbc8f0a000 	C:\WINDOWS\System32\ucrtbase.dll
0x00007ffbb6400000 - 0x00007ffbb6679000 	C:\WINDOWS\WinSxS\amd64_microsoft.windows.common-controls_6595b64144ccf1df_6.0.17763.379_none_05b83be8071c94a1\COMCTL32.dll
0x00007ffbc9ef0000 - 0x00007ffbca21d000 	C:\WINDOWS\System32\combase.dll
0x00007ffbc8d90000 - 0x00007ffbc8e0e000 	C:\WINDOWS\System32\bcryptPrimitives.dll
0x00007ffbca500000 - 0x00007ffbca52e000 	C:\WINDOWS\System32\IMM32.DLL
0x0000000051680000 - 0x0000000051752000 	C:\Program Files\Java\jre1.8.0_202\bin\msvcr100.dll
0x0000000052350000 - 0x0000000052bf5000 	C:\Program Files\Java\jre1.8.0_202\bin\server\jvm.dll
0x00007ffbca700000 - 0x00007ffbca708000 	C:\WINDOWS\System32\PSAPI.DLL
0x00007ffbbea60000 - 0x00007ffbbea6a000 	C:\WINDOWS\SYSTEM32\VERSION.dll
0x00007ffbc3890000 - 0x00007ffbc38b4000 	C:\WINDOWS\SYSTEM32\WINMM.dll
0x00007ffbb25b0000 - 0x00007ffbb25b9000 	C:\WINDOWS\SYSTEM32\WSOCK32.dll
0x00007ffbcac60000 - 0x00007ffbcaccd000 	C:\WINDOWS\System32\WS2_32.dll
0x00007ffbc3400000 - 0x00007ffbc342d000 	C:\WINDOWS\SYSTEM32\WINMMBASE.dll
0x00007ffbc8ff0000 - 0x00007ffbc903a000 	C:\WINDOWS\System32\cfgmgr32.dll
0x00007ffbb8a30000 - 0x00007ffbb8a3f000 	C:\Program Files\Java\jre1.8.0_202\bin\verify.dll
0x00007ffbb4100000 - 0x00007ffbb4129000 	C:\Program Files\Java\jre1.8.0_202\bin\java.dll
0x00007ffbb4670000 - 0x00007ffbb4686000 	C:\Program Files\Java\jre1.8.0_202\bin\zip.dll
0x00007ffbcafb0000 - 0x00007ffbcc4a0000 	C:\WINDOWS\System32\SHELL32.dll
0x00007ffbccbe0000 - 0x00007ffbccc88000 	C:\WINDOWS\System32\shcore.dll
0x00007ffbc97a0000 - 0x00007ffbc9eea000 	C:\WINDOWS\System32\windows.storage.dll
0x00007ffbc8d60000 - 0x00007ffbc8d84000 	C:\WINDOWS\System32\profapi.dll
0x00007ffbc8ce0000 - 0x00007ffbc8d3d000 	C:\WINDOWS\System32\powrprof.dll
0x00007ffbcc4b0000 - 0x00007ffbcc502000 	C:\WINDOWS\System32\shlwapi.dll
0x00007ffbc8cc0000 - 0x00007ffbc8cd1000 	C:\WINDOWS\System32\kernel.appcore.dll
0x00007ffbc8fd0000 - 0x00007ffbc8fe7000 	C:\WINDOWS\System32\cryptsp.dll
0x0000000002bb0000 - 0x0000000002bb3000 	C:\Program Files\Java\jre1.8.0_202\bin\api-ms-win-core-console-l1-1-0.dll
0x0000000002d10000 - 0x0000000002d13000 	C:\Program Files\Java\jre1.8.0_202\bin\api-ms-win-core-datetime-l1-1-0.dll
0x000000001fcd0000 - 0x000000001fcd3000 	C:\Program Files\Java\jre1.8.0_202\bin\api-ms-win-core-debug-l1-1-0.dll
0x000000001fce0000 - 0x000000001fce3000 	C:\Program Files\Java\jre1.8.0_202\bin\api-ms-win-core-errorhandling-l1-1-0.dll
0x000000001fcf0000 - 0x000000001fcf4000 	C:\Program Files\Java\jre1.8.0_202\bin\api-ms-win-core-file-l1-1-0.dll
0x000000001fd00000 - 0x000000001fd03000 	C:\Program Files\Java\jre1.8.0_202\bin\api-ms-win-core-file-l1-2-0.dll
0x000000001fd10000 - 0x000000001fd13000 	C:\Program Files\Java\jre1.8.0_202\bin\api-ms-win-core-file-l2-1-0.dll
0x000000001fd20000 - 0x000000001fd23000 	C:\Program Files\Java\jre1.8.0_202\bin\api-ms-win-core-handle-l1-1-0.dll
0x000000001fd30000 - 0x000000001fd33000 	C:\Program Files\Java\jre1.8.0_202\bin\api-ms-win-core-heap-l1-1-0.dll
0x000000001fd40000 - 0x000000001fd43000 	C:\Program Files\Java\jre1.8.0_202\bin\api-ms-win-core-interlocked-l1-1-0.dll
0x000000001fd50000 - 0x000000001fd53000 	C:\Program Files\Java\jre1.8.0_202\bin\api-ms-win-core-libraryloader-l1-1-0.dll
0x000000001fd60000 - 0x000000001fd63000 	C:\Program Files\Java\jre1.8.0_202\bin\api-ms-win-core-localization-l1-2-0.dll
0x000000001fd70000 - 0x000000001fd73000 	C:\Program Files\Java\jre1.8.0_202\bin\api-ms-win-core-memory-l1-1-0.dll
0x000000001fd80000 - 0x000000001fd83000 	C:\Program Files\Java\jre1.8.0_202\bin\api-ms-win-core-namedpipe-l1-1-0.dll
0x000000001fd90000 - 0x000000001fd93000 	C:\Program Files\Java\jre1.8.0_202\bin\api-ms-win-core-processenvironment-l1-1-0.dll
0x000000001fda0000 - 0x000000001fda3000 	C:\Program Files\Java\jre1.8.0_202\bin\api-ms-win-core-processthreads-l1-1-0.dll
0x000000001fdb0000 - 0x000000001fdb3000 	C:\Program Files\Java\jre1.8.0_202\bin\api-ms-win-core-processthreads-l1-1-1.dll
0x000000001fdc0000 - 0x000000001fdc3000 	C:\Program Files\Java\jre1.8.0_202\bin\api-ms-win-core-profile-l1-1-0.dll
0x000000001fdd0000 - 0x000000001fdd3000 	C:\Program Files\Java\jre1.8.0_202\bin\api-ms-win-core-rtlsupport-l1-1-0.dll
0x000000001fde0000 - 0x000000001fde3000 	C:\Program Files\Java\jre1.8.0_202\bin\api-ms-win-core-string-l1-1-0.dll
0x000000001fdf0000 - 0x000000001fdf3000 	C:\Program Files\Java\jre1.8.0_202\bin\api-ms-win-core-synch-l1-1-0.dll
0x000000001fe00000 - 0x000000001fe03000 	C:\Program Files\Java\jre1.8.0_202\bin\api-ms-win-core-synch-l1-2-0.dll
0x000000001fe10000 - 0x000000001fe13000 	C:\Program Files\Java\jre1.8.0_202\bin\api-ms-win-core-sysinfo-l1-1-0.dll
0x000000001fe20000 - 0x000000001fe23000 	C:\Program Files\Java\jre1.8.0_202\bin\api-ms-win-core-timezone-l1-1-0.dll
0x000000001fe30000 - 0x000000001fe33000 	C:\Program Files\Java\jre1.8.0_202\bin\api-ms-win-core-util-l1-1-0.dll
0x000000001fe40000 - 0x000000001fe43000 	C:\Program Files\Java\jre1.8.0_202\bin\api-ms-win-crt-conio-l1-1-0.dll
0x000000001fe50000 - 0x000000001fe54000 	C:\Program Files\Java\jre1.8.0_202\bin\api-ms-win-crt-convert-l1-1-0.dll
0x000000001fe60000 - 0x000000001fe63000 	C:\Program Files\Java\jre1.8.0_202\bin\api-ms-win-crt-environment-l1-1-0.dll
0x000000001fe70000 - 0x000000001fe73000 	C:\Program Files\Java\jre1.8.0_202\bin\api-ms-win-crt-filesystem-l1-1-0.dll
0x000000001fe80000 - 0x000000001fe83000 	C:\Program Files\Java\jre1.8.0_202\bin\api-ms-win-crt-heap-l1-1-0.dll
0x000000001fe90000 - 0x000000001fe93000 	C:\Program Files\Java\jre1.8.0_202\bin\api-ms-win-crt-locale-l1-1-0.dll
0x000000001fea0000 - 0x000000001fea5000 	C:\Program Files\Java\jre1.8.0_202\bin\api-ms-win-crt-math-l1-1-0.dll
0x000000001feb0000 - 0x000000001feb5000 	C:\Program Files\Java\jre1.8.0_202\bin\api-ms-win-crt-multibyte-l1-1-0.dll
0x000000001fec0000 - 0x000000001fed0000 	C:\Program Files\Java\jre1.8.0_202\bin\api-ms-win-crt-private-l1-1-0.dll
0x000000001fed0000 - 0x000000001fed3000 	C:\Program Files\Java\jre1.8.0_202\bin\api-ms-win-crt-process-l1-1-0.dll
0x000000001fee0000 - 0x000000001fee4000 	C:\Program Files\Java\jre1.8.0_202\bin\api-ms-win-crt-runtime-l1-1-0.dll
0x000000001fef0000 - 0x000000001fef4000 	C:\Program Files\Java\jre1.8.0_202\bin\api-ms-win-crt-stdio-l1-1-0.dll
0x000000001ff00000 - 0x000000001ff04000 	C:\Program Files\Java\jre1.8.0_202\bin\api-ms-win-crt-string-l1-1-0.dll
0x000000001ff10000 - 0x000000001ff13000 	C:\Program Files\Java\jre1.8.0_202\bin\api-ms-win-crt-time-l1-1-0.dll
0x000000001ff20000 - 0x000000001ff23000 	C:\Program Files\Java\jre1.8.0_202\bin\api-ms-win-crt-utility-l1-1-0.dll
0x00007ffb8c4a0000 - 0x00007ffb8c596000 	C:\Program Files\Java\jre1.8.0_202\bin\ucrtbase.dll
0x00007ffbc1ff0000 - 0x00007ffbc2006000 	C:\Program Files\Java\jre1.8.0_202\bin\vcruntime140.dll
0x00007ffbb2c50000 - 0x00007ffbb2cec000 	C:\Program Files\Java\jre1.8.0_202\bin\msvcp140.dll
0x00007ffbb2b40000 - 0x00007ffbb2b91000 	C:\Program Files\Java\jre1.8.0_202\bin\concrt140.dll
0x00007ffbb3f70000 - 0x00007ffbb3f93000 	C:\Program Files\Java\jre1.8.0_202\bin\prism_d3d.dll
0x00007ffb8b310000 - 0x00007ffb8b4ae000 	C:\WINDOWS\system32\d3d9.dll
0x00007ffbc7220000 - 0x00007ffbc724e000 	C:\WINDOWS\SYSTEM32\dwmapi.dll
0x00007ffbc9370000 - 0x00007ffbc954b000 	C:\WINDOWS\System32\CRYPT32.dll
0x00007ffbc8d40000 - 0x00007ffbc8d52000 	C:\WINDOWS\System32\MSASN1.dll
0x00007ffbc6f50000 - 0x00007ffbc6fec000 	C:\WINDOWS\system32\uxtheme.dll
0x00007ffb50460000 - 0x00007ffb5345d000 	C:\WINDOWS\System32\DriverStore\FileRepository\k127369.inf_amd64_b8b3c10a6624488c\igd9dxva64.dll
0x00007ffbcc680000 - 0x00007ffbcc7d5000 	C:\WINDOWS\System32\ole32.dll
0x00007ffbca220000 - 0x00007ffbca2eb000 	C:\WINDOWS\System32\OLEAUT32.dll
0x00007ffbb2650000 - 0x00007ffbb2699000 	C:\Program Files\Java\jre1.8.0_202\bin\glass.dll
0x00007ffbcc880000 - 0x00007ffbcc9a7000 	C:\WINDOWS\System32\COMDLG32.dll
0x00007ffbcc510000 - 0x00007ffbcc67a000 	C:\WINDOWS\System32\MSCTF.dll
0x00007ffbb8a80000 - 0x00007ffbb8a94000 	C:\Program Files\Java\jre1.8.0_202\bin\javafx_font.dll
0x00007ffbb6100000 - 0x00007ffbb63ff000 	C:\WINDOWS\SYSTEM32\dwrite.dll
0x00007ffbcaf00000 - 0x00007ffbcafa2000 	C:\WINDOWS\System32\clbcatq.dll
0x00007ffbc07f0000 - 0x00007ffbc09a8000 	C:\WINDOWS\SYSTEM32\WindowsCodecs.dll
0x00007ffb97a20000 - 0x00007ffb97a76000 	C:\WINDOWS\system32\dataexchange.dll
0x00007ffbc3230000 - 0x00007ffbc33f3000 	C:\WINDOWS\system32\dcomp.dll
0x00007ffbc29f0000 - 0x00007ffbc2c6e000 	C:\WINDOWS\system32\d3d11.dll
0x00007ffbc7a40000 - 0x00007ffbc7b02000 	C:\WINDOWS\system32\dxgi.dll
0x00007ffbc7010000 - 0x00007ffbc721d000 	C:\WINDOWS\system32\twinapi.appcore.dll
0x00007ffbc7250000 - 0x00007ffbc7278000 	C:\WINDOWS\system32\RMCLIENT.dll
0x00007ffbb3280000 - 0x00007ffbb32b3000 	C:\Program Files\Common Files\Microsoft Shared\Ink\rtscom.dll
0x00007ffbb8430000 - 0x00007ffbb84c5000 	C:\WINDOWS\System32\TextInputFramework.dll
0x00007ffbc1310000 - 0x00007ffbc1632000 	C:\WINDOWS\System32\CoreUIComponents.dll
0x00007ffbc37a0000 - 0x00007ffbc3882000 	C:\WINDOWS\System32\CoreMessaging.dll
0x00007ffbc7d80000 - 0x00007ffbc7db1000 	C:\WINDOWS\SYSTEM32\ntmarta.dll
0x00007ffbc10e0000 - 0x00007ffbc1233000 	C:\WINDOWS\SYSTEM32\wintypes.dll
0x00007ffbb8d10000 - 0x00007ffbb8d7c000 	C:\WINDOWS\system32\Oleacc.dll
0x00007ffbb5990000 - 0x00007ffbb59a2000 	C:\Program Files\Java\jre1.8.0_202\bin\prism_common.dll
0x00007ffbb3f40000 - 0x00007ffbb3f5a000 	C:\Program Files\Java\jre1.8.0_202\bin\net.dll
0x00007ffbb9810000 - 0x00007ffbb99e6000 	C:\WINDOWS\SYSTEM32\urlmon.dll
0x00007ffbb9560000 - 0x00007ffbb9808000 	C:\WINDOWS\SYSTEM32\iertutil.dll
0x00007ffbc8710000 - 0x00007ffbc871c000 	C:\WINDOWS\SYSTEM32\CRYPTBASE.DLL
0x00007ffbc8540000 - 0x00007ffbc85a7000 	C:\WINDOWS\system32\mswsock.dll
0x00007ffbc82e0000 - 0x00007ffbc83a6000 	C:\WINDOWS\SYSTEM32\DNSAPI.dll
0x00007ffbcac50000 - 0x00007ffbcac58000 	C:\WINDOWS\System32\NSI.dll
0x00007ffbc82a0000 - 0x00007ffbc82dd000 	C:\WINDOWS\SYSTEM32\IPHLPAPI.DLL
0x00007ffbb4e50000 - 0x00007ffbb4e5a000 	C:\Windows\System32\rasadhlp.dll
0x00007ffbb5080000 - 0x00007ffbb50f9000 	C:\WINDOWS\System32\fwpuclnt.dll
0x00007ffbc92e0000 - 0x00007ffbc9306000 	C:\WINDOWS\System32\bcrypt.dll
0x00007ffba44e0000 - 0x00007ffba4504000 	C:\Program Files\Java\jre1.8.0_202\bin\sunec.dll
0x00007ffbba7e0000 - 0x00007ffbba7f6000 	C:\WINDOWS\SYSTEM32\dhcpcsvc6.DLL
0x00007ffbbb040000 - 0x00007ffbbb05c000 	C:\WINDOWS\SYSTEM32\dhcpcsvc.DLL
0x00007ffbb3f20000 - 0x00007ffbb3f32000 	C:\Program Files\Java\jre1.8.0_202\bin\nio.dll
0x00007ffbc8100000 - 0x00007ffbc8133000 	C:\WINDOWS\system32\rsaenh.dll

VM Arguments:
jvm_args: -Dfile.encoding=Cp1252 
java_command: application.Main
java_class_path (initial): C:\Users\nope\Desktop\GitRepos\TimerToDo\bin;C:\Users\nope\Desktop\GitRepos\ReferencedLibraries\mysql-connector-java-8.0.15\mysql-connector-java-8.0.15.jar;C:\Users\nope\Desktop\jfoenix-8.0.8.jar;C:\Users\nope\.p2\pool\plugins\org.eclipse.fx.ide.css.jfx8_3.5.0.201902220800.jar
Launcher Type: SUN_STANDARD

Environment Variables:
JAVA_HOME=C:\NVPACK\jdk1.8.0_77
PATH=C:/Program Files/Java/jre1.8.0_202/bin/server;C:/Program Files/Java/jre1.8.0_202/bin;C:/Program Files/Java/jre1.8.0_202/lib/amd64;C:\Program Files\Microsoft MPI\Bin\;C:\Program Files (x86)\Common Files\Oracle\Java\javapath;C:\WINDOWS\system32;C:\WINDOWS;C:\WINDOWS\System32\Wbem;C:\WINDOWS\System32\WindowsPowerShell\v1.0\;C:\WINDOWS\System32\OpenSSH\;C:\Program Files\dotnet\;C:\Program Files\Git\cmd;C:\Program Files (x86)\Microsoft SQL Server\140\Tools\Binn\;C:\Program Files\Microsoft SQL Server\140\Tools\Binn\;C:\Program Files (x86)\Microsoft SQL Server\140\DTS\Binn\;C:\Program Files\Microsoft SQL Server\140\DTS\Binn\;C:\Program Files\Microsoft SQL Server\Client SDK\ODBC\130\Tools\Binn\;C:\Program Files (x86)\Microsoft SQL Server\Client SDK\ODBC\130\Tools\Binn\;C:\Program Files (x86)\Microsoft SQL Server\140\Tools\Binn\ManagementStudio\;C:\Program Files\nodejs\;C:\NVPACK\gradle-2.9\bin;C:\NVPACK\apache-ant-1.8.2\bin;C:\NVPACK\jdk1.8.0_77\bin;C:\NVPACK\android-ndk-r12b;C:\NVPACK\android-sdk-windows\extras\android\support;C:\NVPACK\android-sdk-windows\build-tools;C:\NVPACK\android-sdk-windows\platform-tools;C:\NVPACK\android-sdk-windows\tools;C:\Users\nope\AppData\Local\Microsoft\WindowsApps;C:\Users\nope\IntelliJ IDEA Community Edition 2018.3.4\bin;;C:\Program Files\MySQL\MySQL Server 8.0\bin;;C:\Users\nope\Desktop;
USERNAME=nope
OS=Windows_NT
PROCESSOR_IDENTIFIER=Intel64 Family 6 Model 158 Stepping 9, GenuineIntel



---------------  S Y S T E M  ---------------

OS: Windows 10.0 , 64 bit Build 17763 (10.0.17763.379)

CPU:total 8 (initial active 8) (4 cores per cpu, 2 threads per core) family 6 model 158 stepping 9, cmov, cx8, fxsr, mmx, sse, sse2, sse3, ssse3, sse4.1, sse4.2, popcnt, avx, avx2, aes, clmul, erms, 3dnowpref, lzcnt, ht, tsc, tscinvbit, bmi1, bmi2, adx

Memory: 4k page, physical 16587404k(9801396k free), swap 17635980k(6929948k free)

vm_info: Java HotSpot(TM) 64-Bit Server VM (25.202-b08) for windows-amd64 JRE (1.8.0_202-b08), built on Dec 15 2018 19:54:30 by "java_re" with MS VC++ 10.0 (VS2010)

time: Wed Apr 10 19:33:04 2019
timezone: Eastern Daylight Time
elapsed time: 8 seconds (0d 0h 0m 8s)

