#
# A fatal error has been detected by the Java Runtime Environment:
#
#  EXCEPTION_ACCESS_VIOLATION (0xc0000005) at pc=0x00007ffe59aa78b0, pid=6368, tid=0x0000000000003fd8
#
# JRE version: Java(TM) SE Runtime Environment (8.0_202-b08) (build 1.8.0_202-b08)
# Java VM: Java HotSpot(TM) 64-Bit Server VM (25.202-b08 mixed mode windows-amd64 compressed oops)
# Problematic frame:
# C  [glass.dll+0x278b0]
#
# Failed to write core dump. Minidumps are not enabled by default on client versions of Windows
#
# If you would like to submit a bug report, please visit:
#   http://bugreport.java.com/bugreport/crash.jsp
#

---------------  T H R E A D  ---------------

Current thread (0x000000001ca28000):  VMThread [stack: 0x000000001e6f0000,0x000000001e7f0000] [id=16344]

siginfo: ExceptionCode=0xc0000005, reading address 0x0000000000000000

Registers:
RAX=0x0000000000000000, RBX=0x000000001ecc1ca0, RCX=0x000000001ca28000, RDX=0x000000006e8c24e8
RSP=0x000000001e7ef020, RBP=0x0000000001120fa8, RSI=0x0000000001120f80, RDI=0x0000f864db4a69b3
R8 =0x0000000000010002, R9 =0x0000f864db4a69b3, R10=0x00000000ffffffff, R11=0x000000001e7eef30
R12=0x00007ffe59aa48dc, R13=0x0000000002fb1658, R14=0x000000001e7ef128, R15=0x0000000001120f80
RIP=0x00007ffe59aa78b0, EFLAGS=0x0000000000010206

Top of Stack: (sp=0x000000001e7ef020)
0x000000001e7ef020:   0000000000000000 00007ffea004c7eb
0x000000001e7ef030:   0000000001120f90 0000000000000000
0x000000001e7ef040:   fffffffffffffffe 00007ffe59aa48dc
0x000000001e7ef050:   0000000001120f88 00007ffea0053e26
0x000000001e7ef060:   0000bb43992d6fc5 0000000000000000
0x000000001e7ef070:   0000000001120fa8 0000000001120f80
0x000000001e7ef080:   fffffffffffffffe 0000000000000001
0x000000001e7ef090:   0000000000000001 00007ffe59a80000
0x000000001e7ef0a0:   000000001e7ef118 00007ffea0053d4b
0x000000001e7ef0b0:   0000000000000000 000000001e7ef128
0x000000001e7ef0c0:   000000001c8b5400 00007ffea012c130
0x000000001e7ef0d0:   0000000000000000 00007ffea0053d04
0x000000001e7ef0e0:   0000000000000000 0000000000000001
0x000000001e7ef0f0:   000000001f9b7230 000000001e7ef118
0x000000001e7ef100:   0000000000000000 00007ffe59aa4752
0x000000001e7ef110:   00007ffe59abf108 0000000000000002 

Instructions: (pc=0x00007ffe59aa78b0)
0x00007ffe59aa7890:   40 53 48 83 ec 30 48 c7 44 24 20 fe ff ff ff 48
0x00007ffe59aa78a0:   8b 1d 7a 72 01 00 48 85 db 74 16 e8 00 81 ff ff
0x00007ffe59aa78b0:   4c 8b 00 48 8b d3 48 8b c8 41 ff 90 b0 00 00 00
0x00007ffe59aa78c0:   90 48 83 c4 30 5b c3 cc cc cc cc cc cc cc cc cc 


Register to memory mapping:

RAX=0x0000000000000000 is an unknown value
RBX=0x000000001ecc1ca0 is a global jni handle
RCX=0x000000001ca28000 is an unknown value
RDX=0x000000006e8c24e8 is an unknown value
RSP=0x000000001e7ef020 is an unknown value
RBP=0x0000000001120fa8 is an unknown value
RSI=0x0000000001120f80 is an unknown value
RDI=0x0000f864db4a69b3 is an unknown value
R8 =0x0000000000010002 is an unknown value
R9 =0x0000f864db4a69b3 is an unknown value
R10=0x00000000ffffffff is an unknown value
R11=0x000000001e7eef30 is an unknown value
R12=0x00007ffe59aa48dc is an unknown value
R13=0x0000000002fb1658 is an unknown value
R14=0x000000001e7ef128 is an unknown value
R15=0x0000000001120f80 is an unknown value


Stack: [0x000000001e6f0000,0x000000001e7f0000],  sp=0x000000001e7ef020,  free space=1020k
Native frames: (J=compiled Java code, j=interpreted, Vv=VM code, C=native code)
C  [glass.dll+0x278b0]
C  [ucrtbase.dll+0x13e26]
C  [ucrtbase.dll+0x13d4b]
C  [ucrtbase.dll+0x13d04]
C  [glass.dll+0x24752]
C  [glass.dll+0x24850]
C  [ntdll.dll+0x48f07]
C  [ntdll.dll+0x435bc]
C  [ntdll.dll+0x66dad]
C  [KERNEL32.DLL+0x1d3ba]
C  [msvcr100.dll+0x20ccd]
V  [jvm.dll+0x214045]
V  [jvm.dll+0x24d5d7]
V  [jvm.dll+0x24c876]
V  [jvm.dll+0x24cd11]
V  [jvm.dll+0x24cf2e]
V  [jvm.dll+0x29fc6a]
C  [msvcr100.dll+0x21d9f]
C  [msvcr100.dll+0x21e3b]
C  [KERNEL32.DLL+0x181f4]
C  [ntdll.dll+0x6a251]

VM_Operation (0x00000000206b9730): Exit, mode: safepoint, requested by thread 0x000000001f90b000


---------------  P R O C E S S  ---------------

Java Threads: ( => current thread )
  0x0000000020031000 JavaThread "Prism Font Disposer" daemon [_thread_blocked, id=8036, stack(0x000000002ac50000,0x000000002ad50000)]
  0x000000001fc65800 JavaThread "mysql-cj-abandoned-connection-cleanup" daemon [_thread_blocked, id=9776, stack(0x0000000028880000,0x0000000028980000)]
  0x000000001f993800 JavaThread "Thread-3" daemon [_thread_in_native, id=1448, stack(0x00000000271b0000,0x00000000272b0000)]
  0x000000001f917800 JavaThread "JavaFX-Launcher" [_thread_blocked, id=16860, stack(0x00000000272b0000,0x00000000273b0000)]
  0x000000001f90b000 JavaThread "JavaFX Application Thread" [_thread_blocked, id=2284, stack(0x00000000205c0000,0x00000000206c0000)]
  0x000000001f900800 JavaThread "Thread-1" daemon [_thread_blocked, id=5156, stack(0x00000000204c0000,0x00000000205c0000)]
  0x000000001ecc0000 JavaThread "QuantumRenderer-0" daemon [_thread_blocked, id=8964, stack(0x00000000200f0000,0x00000000201f0000)]
  0x000000001e9c2800 JavaThread "Service Thread" daemon [_thread_blocked, id=1968, stack(0x000000001f4f0000,0x000000001f5f0000)]
  0x000000001e934000 JavaThread "C1 CompilerThread3" daemon [_thread_blocked, id=8460, stack(0x000000001f3f0000,0x000000001f4f0000)]
  0x000000001e936800 JavaThread "C2 CompilerThread2" daemon [_thread_blocked, id=15772, stack(0x000000001f2f0000,0x000000001f3f0000)]
  0x000000001e924800 JavaThread "C2 CompilerThread1" daemon [_thread_blocked, id=15392, stack(0x000000001f1f0000,0x000000001f2f0000)]
  0x000000001e920000 JavaThread "C2 CompilerThread0" daemon [_thread_blocked, id=10280, stack(0x000000001f0f0000,0x000000001f1f0000)]
  0x000000001e919000 JavaThread "Attach Listener" daemon [_thread_blocked, id=17216, stack(0x000000001eff0000,0x000000001f0f0000)]
  0x000000001e916000 JavaThread "Signal Dispatcher" daemon [_thread_blocked, id=16288, stack(0x000000001eef0000,0x000000001eff0000)]
  0x000000001ca33000 JavaThread "Finalizer" daemon [_thread_blocked, id=452, stack(0x000000001ecf0000,0x000000001edf0000)]
  0x00000000030b7000 JavaThread "Reference Handler" daemon [_thread_blocked, id=14784, stack(0x000000001e7f0000,0x000000001e8f0000)]
  0x0000000002fc2800 JavaThread "main" [_thread_blocked, id=15108, stack(0x0000000002e80000,0x0000000002f80000)]

Other Threads:
=>0x000000001ca28000 VMThread [stack: 0x000000001e6f0000,0x000000001e7f0000] [id=16344]

VM state:at safepoint (shutting down)

VM Mutex/Monitor currently owned by a thread:  ([mutex/lock_event])
[0x0000000002fbd620] Threads_lock - owner thread: 0x000000001ca28000

heap address: 0x00000006c2e00000, size: 4050 MB, Compressed Oops mode: Zero based, Oop shift amount: 3
Narrow klass base: 0x0000000000000000, Narrow klass shift: 3
Compressed class space size: 1073741824 Address: 0x00000007c0000000

Heap:
 PSYoungGen      total 75776K, used 62114K [0x000000076ba00000, 0x0000000770e80000, 0x00000007c0000000)
  eden space 65024K, 95% used [0x000000076ba00000,0x000000076f6a89a0,0x000000076f980000)
  from space 10752K, 0% used [0x0000000770400000,0x0000000770400000,0x0000000770e80000)
  to   space 10752K, 0% used [0x000000076f980000,0x000000076f980000,0x0000000770400000)
 ParOldGen       total 173568K, used 0K [0x00000006c2e00000, 0x00000006cd780000, 0x000000076ba00000)
  object space 173568K, 0% used [0x00000006c2e00000,0x00000006c2e00000,0x00000006cd780000)
 Metaspace       used 19816K, capacity 20688K, committed 20864K, reserved 1067008K
  class space    used 2891K, capacity 3086K, committed 3200K, reserved 1048576K

Card table byte_map: [0x0000000012480000,0x0000000012c70000] byte_map_base: 0x000000000ee69000

Marking Bits: (ParMarkBitMap*) 0x000000006eab5ce0
 Begin Bits: [0x00000000139c0000, 0x0000000017908000)
 End Bits:   [0x0000000017908000, 0x000000001b850000)

Polling page: 0x0000000001090000

CodeCache: size=245760Kb used=6040Kb max_used=6045Kb free=239719Kb
 bounds [0x00000000030c0000, 0x00000000036b0000, 0x00000000120c0000]
 total_blobs=2603 nmethods=1935 adapters=580
 compilation: enabled

Compilation events (10 events):
Event: 5.820 Thread 0x000000001e920000 1932       4       javafx.scene.Node::updateLocalToParentTransform (442 bytes)
Event: 5.825 Thread 0x000000001e934000 1933       3       java.util.concurrent.locks.AbstractQueuedSynchronizer::compareAndSetState (13 bytes)
Event: 5.826 Thread 0x000000001e934000 nmethod 1933 0x00000000036a87d0 code [0x00000000036a8920, 0x00000000036a8a90]
Event: 5.832 Thread 0x000000001e934000 1934       3       java.lang.invoke.MethodHandle::asType (28 bytes)
Event: 5.832 Thread 0x000000001e934000 nmethod 1934 0x00000000036a81d0 code [0x00000000036a8340, 0x00000000036a86c8]
Event: 5.832 Thread 0x000000001e934000 1935       3       java.lang.invoke.MethodHandle::asTypeCached (21 bytes)
Event: 5.832 Thread 0x000000001e934000 nmethod 1935 0x00000000036a7dd0 code [0x00000000036a7f40, 0x00000000036a8130]
Event: 5.833 Thread 0x000000001e934000 1936       3       jdk.internal.org.objectweb.asm.ClassWriter::visitEnd (1 bytes)
Event: 5.833 Thread 0x000000001e934000 nmethod 1936 0x00000000036a7ad0 code [0x00000000036a7c20, 0x00000000036a7d70]
Event: 5.833 Thread 0x000000001e934000 1938       3       java.util.LinkedList$ListItr::next (56 bytes)

GC Heap History (0 events):
No events

Deoptimization events (10 events):
Event: 3.250 Thread 0x000000001f90b000 Uncommon trap: reason=bimorphic action=maybe_recompile pc=0x0000000003505388 method=java.util.Collections$UnmodifiableList.get(I)Ljava/lang/Object; @ 5
Event: 3.250 Thread 0x000000001f90b000 Uncommon trap: reason=bimorphic action=maybe_recompile pc=0x0000000003505388 method=java.util.Collections$UnmodifiableList.get(I)Ljava/lang/Object; @ 5
Event: 3.252 Thread 0x000000001f90b000 Uncommon trap: reason=class_check action=maybe_recompile pc=0x00000000031df0c0 method=java.lang.String.equals(Ljava/lang/Object;)Z @ 8
Event: 3.266 Thread 0x000000001f90b000 Uncommon trap: reason=unstable_if action=reinterpret pc=0x0000000003434cbc method=java.lang.String.regionMatches(ZILjava/lang/String;II)Z @ 123
Event: 3.346 Thread 0x000000001f90b000 Uncommon trap: reason=unstable_if action=reinterpret pc=0x00000000034a7f2c method=java.lang.ClassLoader.checkName(Ljava/lang/String;)Z @ 20
Event: 5.723 Thread 0x000000001f90b000 Uncommon trap: reason=unstable_if action=reinterpret pc=0x0000000003503768 method=jdk.internal.org.objectweb.asm.Type.getArgumentsAndReturnSizes(Ljava/lang/String;)I @ 47
Event: 5.731 Thread 0x000000001f90b000 Uncommon trap: reason=class_check action=maybe_recompile pc=0x0000000003652fdc method=javafx.scene.Node.updateLocalToParentTransform()V @ 11
Event: 5.747 Thread 0x000000001f90b000 Uncommon trap: reason=class_check action=maybe_recompile pc=0x0000000003652fdc method=javafx.scene.Node.updateLocalToParentTransform()V @ 11
Event: 5.763 Thread 0x000000001f90b000 Uncommon trap: reason=class_check action=maybe_recompile pc=0x0000000003652fdc method=javafx.scene.Node.updateLocalToParentTransform()V @ 11
Event: 5.779 Thread 0x000000001f90b000 Uncommon trap: reason=class_check action=maybe_recompile pc=0x0000000003652fdc method=javafx.scene.Node.updateLocalToParentTransform()V @ 11

Classes redefined (0 events):
No events

Internal exceptions (10 events):
Event: 0.862 Thread 0x000000001f90b000 Exception <a 'java/lang/ArrayIndexOutOfBoundsException'> (0x000000076d68c940) thrown at [C:\re\workspace\8-2-build-windows-amd64-cygwin\jdk8u202\12323\hotspot\src\share\vm\runtime\sharedRuntime.cpp, line 605]
Event: 0.862 Thread 0x000000001f90b000 Exception <a 'java/lang/ArrayIndexOutOfBoundsException'> (0x000000076d68d758) thrown at [C:\re\workspace\8-2-build-windows-amd64-cygwin\jdk8u202\12323\hotspot\src\share\vm\runtime\sharedRuntime.cpp, line 605]
Event: 0.862 Thread 0x000000001f90b000 Exception <a 'java/lang/ArrayIndexOutOfBoundsException'> (0x000000076d68efc8) thrown at [C:\re\workspace\8-2-build-windows-amd64-cygwin\jdk8u202\12323\hotspot\src\share\vm\runtime\sharedRuntime.cpp, line 605]
Event: 0.883 Thread 0x000000001f90b000 Implicit null exception at 0x00000000033b0996 to 0x00000000033b0d45
Event: 2.005 Thread 0x000000001f90b000 Exception <a 'java/net/ConnectException': Connection refused: connect> (0x000000076dd57658) thrown at [C:\re\workspace\8-2-build-windows-amd64-cygwin\jdk8u202\12323\hotspot\src\share\vm\prims\jni.cpp, line 736]
Event: 3.008 Thread 0x000000001f90b000 Exception <a 'java/net/ConnectException': Connection refused: connect> (0x000000076dd58198) thrown at [C:\re\workspace\8-2-build-windows-amd64-cygwin\jdk8u202\12323\hotspot\src\share\vm\prims\jni.cpp, line 736]
Event: 3.106 Thread 0x000000001f90b000 Implicit null exception at 0x00000000033d04f5 to 0x00000000033d071d
Event: 3.106 Thread 0x000000001f90b000 Implicit null exception at 0x000000000348ba5b to 0x000000000348c279
Event: 3.107 Thread 0x000000001f90b000 Implicit null exception at 0x000000000338c6ef to 0x000000000338c759
Event: 5.833 Thread 0x000000001fe5c000 Exception <a 'java/lang/IllegalStateException'> (0x000000076f569b90) thrown at [C:\re\workspace\8-2-build-windows-amd64-cygwin\jdk8u202\12323\hotspot\src\share\vm\prims\jvm.cpp, line 1506]

Events (10 events):
Event: 5.831 loading class java/util/IdentityHashMap$IdentityHashMapIterator
Event: 5.831 loading class java/util/IdentityHashMap$IdentityHashMapIterator done
Event: 5.831 loading class java/util/IdentityHashMap$KeyIterator done
Event: 5.831 Thread 0x000000001fe5c000 Thread added: 0x000000001fe5c000
Event: 5.832 loading class com/sun/javafx/tk/quantum/QuantumRenderer
Event: 5.832 loading class com/sun/javafx/tk/quantum/QuantumRenderer done
Event: 5.832 loading class com/sun/javafx/tk/quantum/QuantumToolkit
Event: 5.832 loading class com/sun/javafx/tk/quantum/QuantumToolkit done
Event: 5.833 Thread 0x000000001fe5c000 Thread exited: 0x000000001fe5c000
Event: 5.833 Executing VM operation: Exit


Dynamic libraries:
0x00007ff684080000 - 0x00007ff6840b7000 	C:\Program Files\Java\jre1.8.0_202\bin\javaw.exe
0x00007ffea3400000 - 0x00007ffea35ed000 	C:\WINDOWS\SYSTEM32\ntdll.dll
0x00007ffea0ea0000 - 0x00007ffea0f53000 	C:\WINDOWS\System32\KERNEL32.DLL
0x00007ffe9f500000 - 0x00007ffe9f793000 	C:\WINDOWS\System32\KERNELBASE.dll
0x00007ffea0670000 - 0x00007ffea0713000 	C:\WINDOWS\System32\ADVAPI32.dll
0x00007ffea10b0000 - 0x00007ffea114e000 	C:\WINDOWS\System32\msvcrt.dll
0x00007ffea0ad0000 - 0x00007ffea0b6e000 	C:\WINDOWS\System32\sechost.dll
0x00007ffea0830000 - 0x00007ffea0952000 	C:\WINDOWS\System32\RPCRT4.dll
0x00007ffea3230000 - 0x00007ffea33c7000 	C:\WINDOWS\System32\USER32.dll
0x00007ffea02e0000 - 0x00007ffea0300000 	C:\WINDOWS\System32\win32u.dll
0x00007ffea15d0000 - 0x00007ffea15f9000 	C:\WINDOWS\System32\GDI32.dll
0x00007ffea0140000 - 0x00007ffea02da000 	C:\WINDOWS\System32\gdi32full.dll
0x00007ffea0590000 - 0x00007ffea0630000 	C:\WINDOWS\System32\msvcp_win.dll
0x00007ffea0040000 - 0x00007ffea013a000 	C:\WINDOWS\System32\ucrtbase.dll
0x00007ffe8c9d0000 - 0x00007ffe8cc49000 	C:\WINDOWS\WinSxS\amd64_microsoft.windows.common-controls_6595b64144ccf1df_6.0.17763.379_none_05b83be8071c94a1\COMCTL32.dll
0x00007ffea11c0000 - 0x00007ffea14ed000 	C:\WINDOWS\System32\combase.dll
0x00007ffe9f810000 - 0x00007ffe9f88e000 	C:\WINDOWS\System32\bcryptPrimitives.dll
0x00007ffea0640000 - 0x00007ffea066e000 	C:\WINDOWS\System32\IMM32.DLL
0x000000006ddc0000 - 0x000000006de92000 	C:\Program Files\Java\jre1.8.0_202\bin\msvcr100.dll
0x000000006e290000 - 0x000000006eb35000 	C:\Program Files\Java\jre1.8.0_202\bin\server\jvm.dll
0x00007ffea0960000 - 0x00007ffea0968000 	C:\WINDOWS\System32\PSAPI.DLL
0x00007ffe98d00000 - 0x00007ffe98d24000 	C:\WINDOWS\SYSTEM32\WINMM.dll
0x00007ffe971a0000 - 0x00007ffe971aa000 	C:\WINDOWS\SYSTEM32\VERSION.dll
0x00007ffe88410000 - 0x00007ffe88419000 	C:\WINDOWS\SYSTEM32\WSOCK32.dll
0x00007ffea1150000 - 0x00007ffea11bd000 	C:\WINDOWS\System32\WS2_32.dll
0x00007ffe98cd0000 - 0x00007ffe98cfd000 	C:\WINDOWS\SYSTEM32\WINMMBASE.dll
0x00007ffe9f7a0000 - 0x00007ffe9f7ea000 	C:\WINDOWS\System32\cfgmgr32.dll
0x00007ffe8bc10000 - 0x00007ffe8bc1f000 	C:\Program Files\Java\jre1.8.0_202\bin\verify.dll
0x00007ffe8bb10000 - 0x00007ffe8bb39000 	C:\Program Files\Java\jre1.8.0_202\bin\java.dll
0x00007ffe8bad0000 - 0x00007ffe8bae6000 	C:\Program Files\Java\jre1.8.0_202\bin\zip.dll
0x00007ffea1d40000 - 0x00007ffea3230000 	C:\WINDOWS\System32\SHELL32.dll
0x00007ffea0f60000 - 0x00007ffea1008000 	C:\WINDOWS\System32\shcore.dll
0x00007ffe9f890000 - 0x00007ffe9ffda000 	C:\WINDOWS\System32\windows.storage.dll
0x00007ffe9f4a0000 - 0x00007ffe9f4c4000 	C:\WINDOWS\System32\profapi.dll
0x00007ffe9f420000 - 0x00007ffe9f47d000 	C:\WINDOWS\System32\powrprof.dll
0x00007ffea1570000 - 0x00007ffea15c2000 	C:\WINDOWS\System32\shlwapi.dll
0x00007ffe9f400000 - 0x00007ffe9f411000 	C:\WINDOWS\System32\kernel.appcore.dll
0x00007ffe9f7f0000 - 0x00007ffe9f807000 	C:\WINDOWS\System32\cryptsp.dll
0x0000000002e20000 - 0x0000000002e23000 	C:\Program Files\Java\jre1.8.0_202\bin\api-ms-win-core-console-l1-1-0.dll
0x0000000002e30000 - 0x0000000002e33000 	C:\Program Files\Java\jre1.8.0_202\bin\api-ms-win-core-datetime-l1-1-0.dll
0x0000000002e40000 - 0x0000000002e43000 	C:\Program Files\Java\jre1.8.0_202\bin\api-ms-win-core-debug-l1-1-0.dll
0x0000000002e50000 - 0x0000000002e53000 	C:\Program Files\Java\jre1.8.0_202\bin\api-ms-win-core-errorhandling-l1-1-0.dll
0x0000000002e60000 - 0x0000000002e64000 	C:\Program Files\Java\jre1.8.0_202\bin\api-ms-win-core-file-l1-1-0.dll
0x0000000002f80000 - 0x0000000002f83000 	C:\Program Files\Java\jre1.8.0_202\bin\api-ms-win-core-file-l1-2-0.dll
0x0000000002f90000 - 0x0000000002f93000 	C:\Program Files\Java\jre1.8.0_202\bin\api-ms-win-core-file-l2-1-0.dll
0x0000000002fa0000 - 0x0000000002fa3000 	C:\Program Files\Java\jre1.8.0_202\bin\api-ms-win-core-handle-l1-1-0.dll
0x000000001f6f0000 - 0x000000001f6f3000 	C:\Program Files\Java\jre1.8.0_202\bin\api-ms-win-core-heap-l1-1-0.dll
0x000000001f700000 - 0x000000001f703000 	C:\Program Files\Java\jre1.8.0_202\bin\api-ms-win-core-interlocked-l1-1-0.dll
0x000000001f710000 - 0x000000001f713000 	C:\Program Files\Java\jre1.8.0_202\bin\api-ms-win-core-libraryloader-l1-1-0.dll
0x000000001f720000 - 0x000000001f723000 	C:\Program Files\Java\jre1.8.0_202\bin\api-ms-win-core-localization-l1-2-0.dll
0x000000001f730000 - 0x000000001f733000 	C:\Program Files\Java\jre1.8.0_202\bin\api-ms-win-core-memory-l1-1-0.dll
0x000000001f740000 - 0x000000001f743000 	C:\Program Files\Java\jre1.8.0_202\bin\api-ms-win-core-namedpipe-l1-1-0.dll
0x000000001f750000 - 0x000000001f753000 	C:\Program Files\Java\jre1.8.0_202\bin\api-ms-win-core-processenvironment-l1-1-0.dll
0x000000001f760000 - 0x000000001f763000 	C:\Program Files\Java\jre1.8.0_202\bin\api-ms-win-core-processthreads-l1-1-0.dll
0x000000001f770000 - 0x000000001f773000 	C:\Program Files\Java\jre1.8.0_202\bin\api-ms-win-core-processthreads-l1-1-1.dll
0x000000001f780000 - 0x000000001f783000 	C:\Program Files\Java\jre1.8.0_202\bin\api-ms-win-core-profile-l1-1-0.dll
0x000000001f790000 - 0x000000001f793000 	C:\Program Files\Java\jre1.8.0_202\bin\api-ms-win-core-rtlsupport-l1-1-0.dll
0x000000001f7a0000 - 0x000000001f7a3000 	C:\Program Files\Java\jre1.8.0_202\bin\api-ms-win-core-string-l1-1-0.dll
0x000000001f7b0000 - 0x000000001f7b3000 	C:\Program Files\Java\jre1.8.0_202\bin\api-ms-win-core-synch-l1-1-0.dll
0x000000001f7c0000 - 0x000000001f7c3000 	C:\Program Files\Java\jre1.8.0_202\bin\api-ms-win-core-synch-l1-2-0.dll
0x000000001f7d0000 - 0x000000001f7d3000 	C:\Program Files\Java\jre1.8.0_202\bin\api-ms-win-core-sysinfo-l1-1-0.dll
0x000000001f7e0000 - 0x000000001f7e3000 	C:\Program Files\Java\jre1.8.0_202\bin\api-ms-win-core-timezone-l1-1-0.dll
0x000000001f7f0000 - 0x000000001f7f3000 	C:\Program Files\Java\jre1.8.0_202\bin\api-ms-win-core-util-l1-1-0.dll
0x000000001f800000 - 0x000000001f803000 	C:\Program Files\Java\jre1.8.0_202\bin\api-ms-win-crt-conio-l1-1-0.dll
0x000000001f810000 - 0x000000001f814000 	C:\Program Files\Java\jre1.8.0_202\bin\api-ms-win-crt-convert-l1-1-0.dll
0x000000001f820000 - 0x000000001f823000 	C:\Program Files\Java\jre1.8.0_202\bin\api-ms-win-crt-environment-l1-1-0.dll
0x000000001f830000 - 0x000000001f833000 	C:\Program Files\Java\jre1.8.0_202\bin\api-ms-win-crt-filesystem-l1-1-0.dll
0x000000001f840000 - 0x000000001f843000 	C:\Program Files\Java\jre1.8.0_202\bin\api-ms-win-crt-heap-l1-1-0.dll
0x000000001f850000 - 0x000000001f853000 	C:\Program Files\Java\jre1.8.0_202\bin\api-ms-win-crt-locale-l1-1-0.dll
0x000000001f860000 - 0x000000001f865000 	C:\Program Files\Java\jre1.8.0_202\bin\api-ms-win-crt-math-l1-1-0.dll
0x000000001f870000 - 0x000000001f875000 	C:\Program Files\Java\jre1.8.0_202\bin\api-ms-win-crt-multibyte-l1-1-0.dll
0x000000001f880000 - 0x000000001f890000 	C:\Program Files\Java\jre1.8.0_202\bin\api-ms-win-crt-private-l1-1-0.dll
0x000000001f890000 - 0x000000001f893000 	C:\Program Files\Java\jre1.8.0_202\bin\api-ms-win-crt-process-l1-1-0.dll
0x000000001f8a0000 - 0x000000001f8a4000 	C:\Program Files\Java\jre1.8.0_202\bin\api-ms-win-crt-runtime-l1-1-0.dll
0x000000001f8b0000 - 0x000000001f8b4000 	C:\Program Files\Java\jre1.8.0_202\bin\api-ms-win-crt-stdio-l1-1-0.dll
0x000000001f8c0000 - 0x000000001f8c4000 	C:\Program Files\Java\jre1.8.0_202\bin\api-ms-win-crt-string-l1-1-0.dll
0x000000001f8d0000 - 0x000000001f8d3000 	C:\Program Files\Java\jre1.8.0_202\bin\api-ms-win-crt-time-l1-1-0.dll
0x000000001f8e0000 - 0x000000001f8e3000 	C:\Program Files\Java\jre1.8.0_202\bin\api-ms-win-crt-utility-l1-1-0.dll
0x00007ffe59b70000 - 0x00007ffe59c66000 	C:\Program Files\Java\jre1.8.0_202\bin\ucrtbase.dll
0x00007ffe8bb40000 - 0x00007ffe8bb56000 	C:\Program Files\Java\jre1.8.0_202\bin\vcruntime140.dll
0x00007ffe59ad0000 - 0x00007ffe59b6c000 	C:\Program Files\Java\jre1.8.0_202\bin\msvcp140.dll
0x00007ffe65a50000 - 0x00007ffe65aa1000 	C:\Program Files\Java\jre1.8.0_202\bin\concrt140.dll
0x00007ffe8b9d0000 - 0x00007ffe8b9f3000 	C:\Program Files\Java\jre1.8.0_202\bin\prism_d3d.dll
0x00007ffe64f00000 - 0x00007ffe6509e000 	C:\WINDOWS\system32\d3d9.dll
0x00007ffe9d760000 - 0x00007ffe9d78e000 	C:\WINDOWS\SYSTEM32\dwmapi.dll
0x00007ffea03b0000 - 0x00007ffea058b000 	C:\WINDOWS\System32\CRYPT32.dll
0x00007ffe9f480000 - 0x00007ffe9f492000 	C:\WINDOWS\System32\MSASN1.dll
0x00007ffe9d690000 - 0x00007ffe9d72c000 	C:\WINDOWS\system32\uxtheme.dll
0x00007ffe2e140000 - 0x00007ffe3113d000 	C:\WINDOWS\System32\DriverStore\FileRepository\k127369.inf_amd64_b8b3c10a6624488c\igd9dxva64.dll
0x00007ffea0970000 - 0x00007ffea0ac5000 	C:\WINDOWS\System32\ole32.dll
0x00007ffea1660000 - 0x00007ffea172b000 	C:\WINDOWS\System32\OLEAUT32.dll
0x00007ffe59a80000 - 0x00007ffe59ac9000 	C:\Program Files\Java\jre1.8.0_202\bin\glass.dll
0x00007ffea1c10000 - 0x00007ffea1d37000 	C:\WINDOWS\System32\COMDLG32.dll
0x00007ffea0d30000 - 0x00007ffea0e9a000 	C:\WINDOWS\System32\MSCTF.dll
0x00007ffe89190000 - 0x00007ffe891a4000 	C:\Program Files\Java\jre1.8.0_202\bin\javafx_font.dll
0x00007ffe8c6c0000 - 0x00007ffe8c9bf000 	C:\WINDOWS\SYSTEM32\dwrite.dll
0x00007ffe8b9b0000 - 0x00007ffe8b9ca000 	C:\Program Files\Java\jre1.8.0_202\bin\net.dll
0x00007ffe8fdf0000 - 0x00007ffe8ffc6000 	C:\WINDOWS\SYSTEM32\urlmon.dll
0x00007ffe8d480000 - 0x00007ffe8d728000 	C:\WINDOWS\SYSTEM32\iertutil.dll
0x00007ffe9ee50000 - 0x00007ffe9ee5c000 	C:\WINDOWS\SYSTEM32\CRYPTBASE.DLL
0x00007ffe9ec80000 - 0x00007ffe9ece7000 	C:\WINDOWS\system32\mswsock.dll
0x00007ffe9ea20000 - 0x00007ffe9eae6000 	C:\WINDOWS\SYSTEM32\DNSAPI.dll
0x00007ffea0630000 - 0x00007ffea0638000 	C:\WINDOWS\System32\NSI.dll
0x00007ffe9e9e0000 - 0x00007ffe9ea1d000 	C:\WINDOWS\SYSTEM32\IPHLPAPI.DLL
0x00007ffe8b400000 - 0x00007ffe8b40a000 	C:\Windows\System32\rasadhlp.dll
0x00007ffe8b650000 - 0x00007ffe8b6c9000 	C:\WINDOWS\System32\fwpuclnt.dll
0x00007ffe9f4d0000 - 0x00007ffe9f4f6000 	C:\WINDOWS\System32\bcrypt.dll
0x00007ffea0780000 - 0x00007ffea0822000 	C:\WINDOWS\System32\clbcatq.dll
0x00007ffe97820000 - 0x00007ffe979d8000 	C:\WINDOWS\SYSTEM32\WindowsCodecs.dll
0x00007ffe6e150000 - 0x00007ffe6e1a6000 	C:\WINDOWS\system32\dataexchange.dll
0x00007ffe99270000 - 0x00007ffe994ee000 	C:\WINDOWS\system32\d3d11.dll
0x00007ffe99ae0000 - 0x00007ffe99ca3000 	C:\WINDOWS\system32\dcomp.dll
0x00007ffe9e250000 - 0x00007ffe9e312000 	C:\WINDOWS\system32\dxgi.dll
0x00007ffe9d790000 - 0x00007ffe9d99d000 	C:\WINDOWS\system32\twinapi.appcore.dll
0x00007ffe9d9a0000 - 0x00007ffe9d9c8000 	C:\WINDOWS\system32\RMCLIENT.dll
0x00007ffe89040000 - 0x00007ffe89073000 	C:\Program Files\Common Files\Microsoft Shared\Ink\rtscom.dll
0x00007ffe8efc0000 - 0x00007ffe8f055000 	C:\WINDOWS\System32\TextInputFramework.dll
0x00007ffe9a020000 - 0x00007ffe9a102000 	C:\WINDOWS\System32\CoreMessaging.dll
0x00007ffe97c90000 - 0x00007ffe97fb2000 	C:\WINDOWS\System32\CoreUIComponents.dll
0x00007ffe9e4c0000 - 0x00007ffe9e4f1000 	C:\WINDOWS\SYSTEM32\ntmarta.dll
0x00007ffe97b30000 - 0x00007ffe97c83000 	C:\WINDOWS\SYSTEM32\wintypes.dll
0x00007ffe8f630000 - 0x00007ffe8f69c000 	C:\WINDOWS\system32\Oleacc.dll
0x00007ffe891c0000 - 0x00007ffe891d2000 	C:\Program Files\Java\jre1.8.0_202\bin\prism_common.dll
0x00007ffe9ddf0000 - 0x00007ffe9dfdd000 	C:\WINDOWS\SYSTEM32\dbghelp.dll

VM Arguments:
jvm_args: -Dfile.encoding=Cp1252 
java_command: application.Main
java_class_path (initial): C:\Users\nope\Desktop\GitRepos\TimerToDo\bin;C:\Users\nope\Desktop\GitRepos\ReferencedLibraries\mysql-connector-java-8.0.15\mysql-connector-java-8.0.15.jar;C:\Users\nope\Desktop\jfoenix-8.0.8.jar;C:\Users\nope\.p2\pool\plugins\org.eclipse.fx.ide.css.jfx8_3.5.0.201902220800.jar
Launcher Type: SUN_STANDARD

Environment Variables:
JAVA_HOME=C:\NVPACK\jdk1.8.0_77
PATH=C:/Program Files/Java/jre1.8.0_202/bin/server;C:/Program Files/Java/jre1.8.0_202/bin;C:/Program Files/Java/jre1.8.0_202/lib/amd64;C:\Program Files\Microsoft MPI\Bin\;C:\Program Files (x86)\Common Files\Oracle\Java\javapath;C:\WINDOWS\system32;C:\WINDOWS;C:\WINDOWS\System32\Wbem;C:\WINDOWS\System32\WindowsPowerShell\v1.0\;C:\WINDOWS\System32\OpenSSH\;C:\Program Files\dotnet\;C:\Program Files\Git\cmd;C:\Program Files (x86)\Microsoft SQL Server\140\Tools\Binn\;C:\Program Files\Microsoft SQL Server\140\Tools\Binn\;C:\Program Files (x86)\Microsoft SQL Server\140\DTS\Binn\;C:\Program Files\Microsoft SQL Server\140\DTS\Binn\;C:\Program Files\Microsoft SQL Server\Client SDK\ODBC\130\Tools\Binn\;C:\Program Files (x86)\Microsoft SQL Server\Client SDK\ODBC\130\Tools\Binn\;C:\Program Files (x86)\Microsoft SQL Server\140\Tools\Binn\ManagementStudio\;C:\Program Files\nodejs\;C:\NVPACK\gradle-2.9\bin;C:\NVPACK\apache-ant-1.8.2\bin;C:\NVPACK\jdk1.8.0_77\bin;C:\NVPACK\android-ndk-r12b;C:\NVPACK\android-sdk-windows\extras\android\support;C:\NVPACK\android-sdk-windows\build-tools;C:\NVPACK\android-sdk-windows\platform-tools;C:\NVPACK\android-sdk-windows\tools;C:\Users\nope\AppData\Local\Microsoft\WindowsApps;C:\Users\nope\IntelliJ IDEA Community Edition 2018.3.4\bin;;C:\Program Files\MySQL\MySQL Server 8.0\bin;;C:\Users\nope\Desktop;
USERNAME=nope
OS=Windows_NT
PROCESSOR_IDENTIFIER=Intel64 Family 6 Model 158 Stepping 9, GenuineIntel



---------------  S Y S T E M  ---------------

OS: Windows 10.0 , 64 bit Build 17763 (10.0.17763.379)

CPU:total 8 (initial active 8) (4 cores per cpu, 2 threads per core) family 6 model 158 stepping 9, cmov, cx8, fxsr, mmx, sse, sse2, sse3, ssse3, sse4.1, sse4.2, popcnt, avx, avx2, aes, clmul, erms, 3dnowpref, lzcnt, ht, tsc, tscinvbit, bmi1, bmi2, adx

Memory: 4k page, physical 16587404k(7035476k free), swap 19203684k(3484352k free)

vm_info: Java HotSpot(TM) 64-Bit Server VM (25.202-b08) for windows-amd64 JRE (1.8.0_202-b08), built on Dec 15 2018 19:54:30 by "java_re" with MS VC++ 10.0 (VS2010)

time: Mon Apr 08 02:48:22 2019
timezone: Eastern Daylight Time
elapsed time: 6 seconds (0d 0h 0m 6s)

