#
# A fatal error has been detected by the Java Runtime Environment:
#
#  EXCEPTION_ACCESS_VIOLATION (0xc0000005) at pc=0x00007ffe616b78b0, pid=7760, tid=0x0000000000000d28
#
# JRE version: Java(TM) SE Runtime Environment (8.0_202-b08) (build 1.8.0_202-b08)
# Java VM: Java HotSpot(TM) 64-Bit Server VM (25.202-b08 mixed mode windows-amd64 compressed oops)
# Problematic frame:
# C  [glass.dll+0x278b0]
#
# Failed to write core dump. Minidumps are not enabled by default on client versions of Windows
#
# If you would like to submit a bug report, please visit:
#   http://bugreport.java.com/bugreport/crash.jsp
#

---------------  T H R E A D  ---------------

Current thread (0x000000001c768000):  VMThread [stack: 0x000000001e450000,0x000000001e550000] [id=3368]

siginfo: ExceptionCode=0xc0000005, reading address 0x0000000000000000

Registers:
RAX=0x0000000000000000, RBX=0x000000001f583468, RCX=0x000000001c768000, RDX=0x000000006e8c24e8
RSP=0x000000001e54f550, RBP=0x0000000000ddddf8, RSI=0x0000000000ddddd0, RDI=0x0000969b4dbc8a57
R8 =0x0000000000010002, R9 =0x0000969b4dbc8a57, R10=0x00000000ffffffff, R11=0x000000001e54f460
R12=0x00007ffe616b48dc, R13=0x0000000002df1658, R14=0x000000001e54f658, R15=0x0000000000ddddd0
RIP=0x00007ffe616b78b0, EFLAGS=0x0000000000010206

Top of Stack: (sp=0x000000001e54f550)
0x000000001e54f550:   0000000000000000 00007ffea004c7eb
0x000000001e54f560:   0000000000dddde0 0000000000000000
0x000000001e54f570:   fffffffffffffffe 00007ffe616b48dc
0x000000001e54f580:   0000000000ddddd8 00007ffea0053e26
0x000000001e54f590:   000033bc2c534c2d 0000000000000000
0x000000001e54f5a0:   0000000000ddddf8 0000000000ddddd0
0x000000001e54f5b0:   fffffffffffffffe 0000000000000001
0x000000001e54f5c0:   0000000000000001 00007ffe61690000
0x000000001e54f5d0:   000000001e54f648 00007ffea0053d4b
0x000000001e54f5e0:   0000000000000000 000000001e54f658
0x000000001e54f5f0:   000000001c5f5400 00007ffea012c130
0x000000001e54f600:   0000000000000000 00007ffea0053d04
0x000000001e54f610:   0000000000000000 0000000000000001
0x000000001e54f620:   000000001f5d19d0 000000001e54f648
0x000000001e54f630:   0000000000000000 00007ffe616b4752
0x000000001e54f640:   00007ffe616cf108 0000000000000002 

Instructions: (pc=0x00007ffe616b78b0)
0x00007ffe616b7890:   40 53 48 83 ec 30 48 c7 44 24 20 fe ff ff ff 48
0x00007ffe616b78a0:   8b 1d 7a 72 01 00 48 85 db 74 16 e8 00 81 ff ff
0x00007ffe616b78b0:   4c 8b 00 48 8b d3 48 8b c8 41 ff 90 b0 00 00 00
0x00007ffe616b78c0:   90 48 83 c4 30 5b c3 cc cc cc cc cc cc cc cc cc 


Register to memory mapping:

RAX=0x0000000000000000 is an unknown value
RBX=0x000000001f583468 is a global jni handle
RCX=0x000000001c768000 is an unknown value
RDX=0x000000006e8c24e8 is an unknown value
RSP=0x000000001e54f550 is an unknown value
RBP=0x0000000000ddddf8 is an unknown value
RSI=0x0000000000ddddd0 is an unknown value
RDI=0x0000969b4dbc8a57 is an unknown value
R8 =0x0000000000010002 is an unknown value
R9 =0x0000969b4dbc8a57 is an unknown value
R10=0x00000000ffffffff is an unknown value
R11=0x000000001e54f460 is an unknown value
R12=0x00007ffe616b48dc is an unknown value
R13=0x0000000002df1658 is an unknown value
R14=0x000000001e54f658 is an unknown value
R15=0x0000000000ddddd0 is an unknown value


Stack: [0x000000001e450000,0x000000001e550000],  sp=0x000000001e54f550,  free space=1021k
Native frames: (J=compiled Java code, j=interpreted, Vv=VM code, C=native code)
C  [glass.dll+0x278b0]
C  [ucrtbase.dll+0x13e26]
C  [ucrtbase.dll+0x13d4b]
C  [ucrtbase.dll+0x13d04]
C  [glass.dll+0x24752]
C  [glass.dll+0x24850]
C  [ntdll.dll+0x48f07]
C  [ntdll.dll+0x435bc]
C  [ntdll.dll+0x66dad]
C  [KERNEL32.DLL+0x1d3ba]
C  [msvcr100.dll+0x20ccd]
V  [jvm.dll+0x214045]
V  [jvm.dll+0x24d5d7]
V  [jvm.dll+0x24c876]
V  [jvm.dll+0x24cd11]
V  [jvm.dll+0x24cf2e]
V  [jvm.dll+0x29fc6a]
C  [msvcr100.dll+0x21d9f]
C  [msvcr100.dll+0x21e3b]
C  [KERNEL32.DLL+0x181f4]
C  [ntdll.dll+0x6a251]

VM_Operation (0x00000000203697f0): Exit, mode: safepoint, requested by thread 0x000000001f4fd800


---------------  P R O C E S S  ---------------

Java Threads: ( => current thread )
  0x000000001fa0c000 JavaThread "Prism Font Disposer" daemon [_thread_blocked, id=7748, stack(0x0000000028ed0000,0x0000000028fd0000)]
  0x000000001fb5b800 JavaThread "mysql-cj-abandoned-connection-cleanup" daemon [_thread_blocked, id=3296, stack(0x00000000285f0000,0x00000000286f0000)]
  0x000000001f5ad000 JavaThread "Thread-3" daemon [_thread_in_native, id=9348, stack(0x0000000026f20000,0x0000000027020000)]
  0x000000001f50f000 JavaThread "JavaFX-Launcher" [_thread_blocked, id=9196, stack(0x0000000027020000,0x0000000027120000)]
  0x000000001f4fd800 JavaThread "JavaFX Application Thread" [_thread_blocked, id=1652, stack(0x0000000020270000,0x0000000020370000)]
  0x000000001f4f3800 JavaThread "Thread-1" daemon [_thread_blocked, id=3672, stack(0x0000000020170000,0x0000000020270000)]
  0x000000001f4b2800 JavaThread "QuantumRenderer-0" daemon [_thread_blocked, id=13104, stack(0x000000001fda0000,0x000000001fea0000)]
  0x000000001e70f800 JavaThread "Service Thread" daemon [_thread_blocked, id=12656, stack(0x000000001f250000,0x000000001f350000)]
  0x000000001e691000 JavaThread "C1 CompilerThread3" daemon [_thread_blocked, id=3804, stack(0x000000001f150000,0x000000001f250000)]
  0x000000001e681800 JavaThread "C2 CompilerThread2" daemon [_thread_blocked, id=7916, stack(0x000000001f050000,0x000000001f150000)]
  0x000000001e67e800 JavaThread "C2 CompilerThread1" daemon [_thread_blocked, id=8640, stack(0x000000001ef50000,0x000000001f050000)]
  0x000000001e67c800 JavaThread "C2 CompilerThread0" daemon [_thread_blocked, id=1752, stack(0x000000001ee50000,0x000000001ef50000)]
  0x0000000002d4d000 JavaThread "Attach Listener" daemon [_thread_blocked, id=11748, stack(0x000000001ed50000,0x000000001ee50000)]
  0x0000000002d4c000 JavaThread "Signal Dispatcher" daemon [_thread_blocked, id=10540, stack(0x000000001ec50000,0x000000001ed50000)]
  0x0000000002d49000 JavaThread "Finalizer" daemon [_thread_blocked, id=10352, stack(0x000000001ea50000,0x000000001eb50000)]
  0x000000001c76d800 JavaThread "Reference Handler" daemon [_thread_blocked, id=924, stack(0x000000001e550000,0x000000001e650000)]
  0x0000000002c52800 JavaThread "main" [_thread_blocked, id=10712, stack(0x0000000002ab0000,0x0000000002bb0000)]

Other Threads:
=>0x000000001c768000 VMThread [stack: 0x000000001e450000,0x000000001e550000] [id=3368]

VM state:at safepoint (shutting down)

VM Mutex/Monitor currently owned by a thread:  ([mutex/lock_event])
[0x0000000002dfd820] Threads_lock - owner thread: 0x000000001c768000

heap address: 0x00000006c2e00000, size: 4050 MB, Compressed Oops mode: Zero based, Oop shift amount: 3
Narrow klass base: 0x0000000000000000, Narrow klass shift: 3
Compressed class space size: 1073741824 Address: 0x00000007c0000000

Heap:
 PSYoungGen      total 75776K, used 65024K [0x000000076ba00000, 0x0000000770e80000, 0x00000007c0000000)
  eden space 65024K, 100% used [0x000000076ba00000,0x000000076f980000,0x000000076f980000)
  from space 10752K, 0% used [0x0000000770400000,0x0000000770400000,0x0000000770e80000)
  to   space 10752K, 0% used [0x000000076f980000,0x000000076f980000,0x0000000770400000)
 ParOldGen       total 173568K, used 0K [0x00000006c2e00000, 0x00000006cd780000, 0x000000076ba00000)
  object space 173568K, 0% used [0x00000006c2e00000,0x00000006c2e00000,0x00000006cd780000)
 Metaspace       used 19969K, capacity 20818K, committed 21120K, reserved 1067008K
  class space    used 2895K, capacity 3087K, committed 3200K, reserved 1048576K

Card table byte_map: [0x00000000121c0000,0x00000000129b0000] byte_map_base: 0x000000000eba9000

Marking Bits: (ParMarkBitMap*) 0x000000006eab5ce0
 Begin Bits: [0x0000000013700000, 0x0000000017648000)
 End Bits:   [0x0000000017648000, 0x000000001b590000)

Polling page: 0x0000000000d60000

CodeCache: size=245760Kb used=6484Kb max_used=6484Kb free=239275Kb
 bounds [0x0000000002e00000, 0x0000000003460000, 0x0000000011e00000]
 total_blobs=2764 nmethods=2096 adapters=580
 compilation: enabled

Compilation events (10 events):
Event: 7.017 Thread 0x000000001e691000 nmethod 2092 0x0000000003452d10 code [0x0000000003452e80, 0x0000000003453268]
Event: 7.023 Thread 0x000000001e691000 2093       3       java.lang.invoke.MethodHandle::asType (28 bytes)
Event: 7.023 Thread 0x000000001e691000 nmethod 2093 0x0000000003456910 code [0x0000000003456a80, 0x0000000003456e08]
Event: 7.023 Thread 0x000000001e691000 2094       3       java.lang.invoke.MethodHandle::asTypeCached (21 bytes)
Event: 7.023 Thread 0x000000001e691000 nmethod 2094 0x0000000003456f10 code [0x0000000003457080, 0x0000000003457270]
Event: 7.023 Thread 0x000000001e691000 2096       3       java.util.concurrent.locks.ReentrantLock$NonfairSync::lock (25 bytes)
Event: 7.024 Thread 0x000000001e691000 nmethod 2096 0x0000000003457310 code [0x00000000034574e0, 0x0000000003457d38]
Event: 7.024 Thread 0x000000001e691000 2095       3       jdk.internal.org.objectweb.asm.ClassWriter::visitEnd (1 bytes)
Event: 7.024 Thread 0x000000001e691000 nmethod 2095 0x0000000003457f90 code [0x00000000034580e0, 0x0000000003458230]
Event: 7.024 Thread 0x000000001e691000 2097       3       java.lang.invoke.Invokers::checkGenericType (16 bytes)

GC Heap History (0 events):
No events

Deoptimization events (10 events):
Event: 3.915 Thread 0x000000001f4fd800 Uncommon trap: reason=class_check action=maybe_recompile pc=0x0000000002f1d380 method=java.lang.String.equals(Ljava/lang/Object;)Z @ 8
Event: 3.915 Thread 0x000000001f4fd800 Uncommon trap: reason=class_check action=maybe_recompile pc=0x0000000002f1d380 method=java.lang.String.equals(Ljava/lang/Object;)Z @ 8
Event: 3.916 Thread 0x000000001f4fd800 Uncommon trap: reason=class_check action=maybe_recompile pc=0x0000000002f1d380 method=java.lang.String.equals(Ljava/lang/Object;)Z @ 8
Event: 3.933 Thread 0x000000001f4fd800 Uncommon trap: reason=unstable_if action=reinterpret pc=0x00000000031764bc method=java.lang.String.regionMatches(ZILjava/lang/String;II)Z @ 123
Event: 4.013 Thread 0x000000001f4fd800 Uncommon trap: reason=unstable_if action=reinterpret pc=0x00000000031ebd2c method=java.lang.ClassLoader.checkName(Ljava/lang/String;)Z @ 20
Event: 6.827 Thread 0x000000001f4fd800 Uncommon trap: reason=unstable_if action=reinterpret pc=0x0000000003249e28 method=jdk.internal.org.objectweb.asm.Type.getArgumentsAndReturnSizes(Ljava/lang/String;)I @ 47
Event: 6.838 Thread 0x000000001f4fd800 Uncommon trap: reason=class_check action=maybe_recompile pc=0x00000000033b60ac method=javafx.scene.Node.updateLocalToParentTransform()V @ 11
Event: 6.854 Thread 0x000000001f4fd800 Uncommon trap: reason=class_check action=maybe_recompile pc=0x00000000033b60ac method=javafx.scene.Node.updateLocalToParentTransform()V @ 11
Event: 6.870 Thread 0x000000001f4fd800 Uncommon trap: reason=class_check action=maybe_recompile pc=0x00000000033b60ac method=javafx.scene.Node.updateLocalToParentTransform()V @ 11
Event: 6.885 Thread 0x000000001f4fd800 Uncommon trap: reason=class_check action=maybe_recompile pc=0x00000000033b60ac method=javafx.scene.Node.updateLocalToParentTransform()V @ 11

Classes redefined (0 events):
No events

Internal exceptions (10 events):
Event: 1.514 Thread 0x000000001f4fd800 Exception <a 'java/lang/ArrayIndexOutOfBoundsException'> (0x000000076d68cc40) thrown at [C:\re\workspace\8-2-build-windows-amd64-cygwin\jdk8u202\12323\hotspot\src\share\vm\runtime\sharedRuntime.cpp, line 605]
Event: 1.514 Thread 0x000000001f4fd800 Exception <a 'java/lang/ArrayIndexOutOfBoundsException'> (0x000000076d68da58) thrown at [C:\re\workspace\8-2-build-windows-amd64-cygwin\jdk8u202\12323\hotspot\src\share\vm\runtime\sharedRuntime.cpp, line 605]
Event: 1.514 Thread 0x000000001f4fd800 Exception <a 'java/lang/ArrayIndexOutOfBoundsException'> (0x000000076d68f2c8) thrown at [C:\re\workspace\8-2-build-windows-amd64-cygwin\jdk8u202\12323\hotspot\src\share\vm\runtime\sharedRuntime.cpp, line 605]
Event: 1.537 Thread 0x000000001f4fd800 Implicit null exception at 0x00000000030ed4d6 to 0x00000000030ed885
Event: 2.662 Thread 0x000000001f4fd800 Exception <a 'java/net/ConnectException': Connection refused: connect> (0x000000076dd59328) thrown at [C:\re\workspace\8-2-build-windows-amd64-cygwin\jdk8u202\12323\hotspot\src\share\vm\prims\jni.cpp, line 736]
Event: 3.663 Thread 0x000000001f4fd800 Exception <a 'java/net/ConnectException': Connection refused: connect> (0x000000076dd59e68) thrown at [C:\re\workspace\8-2-build-windows-amd64-cygwin\jdk8u202\12323\hotspot\src\share\vm\prims\jni.cpp, line 736]
Event: 3.774 Thread 0x000000001f4fd800 Implicit null exception at 0x0000000003100ff5 to 0x0000000003101225
Event: 3.774 Thread 0x000000001f4fd800 Implicit null exception at 0x00000000031df25b to 0x00000000031dfa71
Event: 3.776 Thread 0x000000001f4fd800 Implicit null exception at 0x000000000316452f to 0x0000000003164599
Event: 7.024 Thread 0x000000001e867000 Exception <a 'java/lang/IllegalStateException'> (0x000000076f93af18) thrown at [C:\re\workspace\8-2-build-windows-amd64-cygwin\jdk8u202\12323\hotspot\src\share\vm\prims\jvm.cpp, line 1506]

Events (10 events):
Event: 7.021 loading class java/util/IdentityHashMap$IdentityHashMapIterator
Event: 7.022 loading class java/util/IdentityHashMap$IdentityHashMapIterator done
Event: 7.022 loading class java/util/IdentityHashMap$KeyIterator done
Event: 7.022 Thread 0x000000001e867000 Thread added: 0x000000001e867000
Event: 7.023 loading class com/sun/javafx/tk/quantum/QuantumRenderer
Event: 7.023 loading class com/sun/javafx/tk/quantum/QuantumRenderer done
Event: 7.023 loading class com/sun/javafx/tk/quantum/QuantumToolkit
Event: 7.023 loading class com/sun/javafx/tk/quantum/QuantumToolkit done
Event: 7.024 Thread 0x000000001e867000 Thread exited: 0x000000001e867000
Event: 7.024 Executing VM operation: Exit


Dynamic libraries:
0x00007ff6aada0000 - 0x00007ff6aadd7000 	C:\Program Files\Java\jre1.8.0_202\bin\javaw.exe
0x00007ffea3400000 - 0x00007ffea35ed000 	C:\WINDOWS\SYSTEM32\ntdll.dll
0x00007ffea0ea0000 - 0x00007ffea0f53000 	C:\WINDOWS\System32\KERNEL32.DLL
0x00007ffe9f500000 - 0x00007ffe9f793000 	C:\WINDOWS\System32\KERNELBASE.dll
0x00007ffea0670000 - 0x00007ffea0713000 	C:\WINDOWS\System32\ADVAPI32.dll
0x00007ffea10b0000 - 0x00007ffea114e000 	C:\WINDOWS\System32\msvcrt.dll
0x00007ffea0ad0000 - 0x00007ffea0b6e000 	C:\WINDOWS\System32\sechost.dll
0x00007ffea0830000 - 0x00007ffea0952000 	C:\WINDOWS\System32\RPCRT4.dll
0x00007ffea3230000 - 0x00007ffea33c7000 	C:\WINDOWS\System32\USER32.dll
0x00007ffea02e0000 - 0x00007ffea0300000 	C:\WINDOWS\System32\win32u.dll
0x00007ffea15d0000 - 0x00007ffea15f9000 	C:\WINDOWS\System32\GDI32.dll
0x00007ffea0140000 - 0x00007ffea02da000 	C:\WINDOWS\System32\gdi32full.dll
0x00007ffea0590000 - 0x00007ffea0630000 	C:\WINDOWS\System32\msvcp_win.dll
0x00007ffea0040000 - 0x00007ffea013a000 	C:\WINDOWS\System32\ucrtbase.dll
0x00007ffe8c9d0000 - 0x00007ffe8cc49000 	C:\WINDOWS\WinSxS\amd64_microsoft.windows.common-controls_6595b64144ccf1df_6.0.17763.379_none_05b83be8071c94a1\COMCTL32.dll
0x00007ffea11c0000 - 0x00007ffea14ed000 	C:\WINDOWS\System32\combase.dll
0x00007ffe9f810000 - 0x00007ffe9f88e000 	C:\WINDOWS\System32\bcryptPrimitives.dll
0x00007ffea0640000 - 0x00007ffea066e000 	C:\WINDOWS\System32\IMM32.DLL
0x000000006ddc0000 - 0x000000006de92000 	C:\Program Files\Java\jre1.8.0_202\bin\msvcr100.dll
0x000000006e290000 - 0x000000006eb35000 	C:\Program Files\Java\jre1.8.0_202\bin\server\jvm.dll
0x00007ffea0960000 - 0x00007ffea0968000 	C:\WINDOWS\System32\PSAPI.DLL
0x00007ffe98d00000 - 0x00007ffe98d24000 	C:\WINDOWS\SYSTEM32\WINMM.dll
0x00007ffe971a0000 - 0x00007ffe971aa000 	C:\WINDOWS\SYSTEM32\VERSION.dll
0x00007ffe88410000 - 0x00007ffe88419000 	C:\WINDOWS\SYSTEM32\WSOCK32.dll
0x00007ffea1150000 - 0x00007ffea11bd000 	C:\WINDOWS\System32\WS2_32.dll
0x00007ffe98cd0000 - 0x00007ffe98cfd000 	C:\WINDOWS\SYSTEM32\WINMMBASE.dll
0x00007ffe9f7a0000 - 0x00007ffe9f7ea000 	C:\WINDOWS\System32\cfgmgr32.dll
0x00007ffe98df0000 - 0x00007ffe98dff000 	C:\Program Files\Java\jre1.8.0_202\bin\verify.dll
0x00007ffe8bb10000 - 0x00007ffe8bb39000 	C:\Program Files\Java\jre1.8.0_202\bin\java.dll
0x00007ffe980d0000 - 0x00007ffe980e6000 	C:\Program Files\Java\jre1.8.0_202\bin\zip.dll
0x00007ffea1d40000 - 0x00007ffea3230000 	C:\WINDOWS\System32\SHELL32.dll
0x00007ffea0f60000 - 0x00007ffea1008000 	C:\WINDOWS\System32\shcore.dll
0x00007ffe9f890000 - 0x00007ffe9ffda000 	C:\WINDOWS\System32\windows.storage.dll
0x00007ffe9f4a0000 - 0x00007ffe9f4c4000 	C:\WINDOWS\System32\profapi.dll
0x00007ffe9f420000 - 0x00007ffe9f47d000 	C:\WINDOWS\System32\powrprof.dll
0x00007ffea1570000 - 0x00007ffea15c2000 	C:\WINDOWS\System32\shlwapi.dll
0x00007ffe9f400000 - 0x00007ffe9f411000 	C:\WINDOWS\System32\kernel.appcore.dll
0x00007ffe9f7f0000 - 0x00007ffe9f807000 	C:\WINDOWS\System32\cryptsp.dll
0x0000000002bb0000 - 0x0000000002bb3000 	C:\Program Files\Java\jre1.8.0_202\bin\api-ms-win-core-console-l1-1-0.dll
0x0000000002bc0000 - 0x0000000002bc3000 	C:\Program Files\Java\jre1.8.0_202\bin\api-ms-win-core-datetime-l1-1-0.dll
0x0000000002bd0000 - 0x0000000002bd3000 	C:\Program Files\Java\jre1.8.0_202\bin\api-ms-win-core-debug-l1-1-0.dll
0x0000000002be0000 - 0x0000000002be3000 	C:\Program Files\Java\jre1.8.0_202\bin\api-ms-win-core-errorhandling-l1-1-0.dll
0x0000000002bf0000 - 0x0000000002bf4000 	C:\Program Files\Java\jre1.8.0_202\bin\api-ms-win-core-file-l1-1-0.dll
0x0000000002c00000 - 0x0000000002c03000 	C:\Program Files\Java\jre1.8.0_202\bin\api-ms-win-core-file-l1-2-0.dll
0x0000000002c10000 - 0x0000000002c13000 	C:\Program Files\Java\jre1.8.0_202\bin\api-ms-win-core-file-l2-1-0.dll
0x0000000002c20000 - 0x0000000002c23000 	C:\Program Files\Java\jre1.8.0_202\bin\api-ms-win-core-handle-l1-1-0.dll
0x0000000002c30000 - 0x0000000002c33000 	C:\Program Files\Java\jre1.8.0_202\bin\api-ms-win-core-heap-l1-1-0.dll
0x0000000002d50000 - 0x0000000002d53000 	C:\Program Files\Java\jre1.8.0_202\bin\api-ms-win-core-interlocked-l1-1-0.dll
0x0000000002d60000 - 0x0000000002d63000 	C:\Program Files\Java\jre1.8.0_202\bin\api-ms-win-core-libraryloader-l1-1-0.dll
0x0000000002d70000 - 0x0000000002d73000 	C:\Program Files\Java\jre1.8.0_202\bin\api-ms-win-core-localization-l1-2-0.dll
0x0000000002d80000 - 0x0000000002d83000 	C:\Program Files\Java\jre1.8.0_202\bin\api-ms-win-core-memory-l1-1-0.dll
0x0000000002d90000 - 0x0000000002d93000 	C:\Program Files\Java\jre1.8.0_202\bin\api-ms-win-core-namedpipe-l1-1-0.dll
0x0000000002da0000 - 0x0000000002da3000 	C:\Program Files\Java\jre1.8.0_202\bin\api-ms-win-core-processenvironment-l1-1-0.dll
0x0000000002db0000 - 0x0000000002db3000 	C:\Program Files\Java\jre1.8.0_202\bin\api-ms-win-core-processthreads-l1-1-0.dll
0x0000000002dc0000 - 0x0000000002dc3000 	C:\Program Files\Java\jre1.8.0_202\bin\api-ms-win-core-processthreads-l1-1-1.dll
0x0000000002dd0000 - 0x0000000002dd3000 	C:\Program Files\Java\jre1.8.0_202\bin\api-ms-win-core-profile-l1-1-0.dll
0x0000000002de0000 - 0x0000000002de3000 	C:\Program Files\Java\jre1.8.0_202\bin\api-ms-win-core-rtlsupport-l1-1-0.dll
0x000000001fc50000 - 0x000000001fc53000 	C:\Program Files\Java\jre1.8.0_202\bin\api-ms-win-core-string-l1-1-0.dll
0x000000001fc60000 - 0x000000001fc63000 	C:\Program Files\Java\jre1.8.0_202\bin\api-ms-win-core-synch-l1-1-0.dll
0x000000001fc70000 - 0x000000001fc73000 	C:\Program Files\Java\jre1.8.0_202\bin\api-ms-win-core-synch-l1-2-0.dll
0x000000001fc80000 - 0x000000001fc83000 	C:\Program Files\Java\jre1.8.0_202\bin\api-ms-win-core-sysinfo-l1-1-0.dll
0x000000001fc90000 - 0x000000001fc93000 	C:\Program Files\Java\jre1.8.0_202\bin\api-ms-win-core-timezone-l1-1-0.dll
0x000000001fca0000 - 0x000000001fca3000 	C:\Program Files\Java\jre1.8.0_202\bin\api-ms-win-core-util-l1-1-0.dll
0x000000001fcb0000 - 0x000000001fcb3000 	C:\Program Files\Java\jre1.8.0_202\bin\api-ms-win-crt-conio-l1-1-0.dll
0x000000001fcc0000 - 0x000000001fcc4000 	C:\Program Files\Java\jre1.8.0_202\bin\api-ms-win-crt-convert-l1-1-0.dll
0x000000001fcd0000 - 0x000000001fcd3000 	C:\Program Files\Java\jre1.8.0_202\bin\api-ms-win-crt-environment-l1-1-0.dll
0x000000001fce0000 - 0x000000001fce3000 	C:\Program Files\Java\jre1.8.0_202\bin\api-ms-win-crt-filesystem-l1-1-0.dll
0x000000001fcf0000 - 0x000000001fcf3000 	C:\Program Files\Java\jre1.8.0_202\bin\api-ms-win-crt-heap-l1-1-0.dll
0x000000001fd00000 - 0x000000001fd03000 	C:\Program Files\Java\jre1.8.0_202\bin\api-ms-win-crt-locale-l1-1-0.dll
0x000000001fd10000 - 0x000000001fd15000 	C:\Program Files\Java\jre1.8.0_202\bin\api-ms-win-crt-math-l1-1-0.dll
0x000000001fd20000 - 0x000000001fd25000 	C:\Program Files\Java\jre1.8.0_202\bin\api-ms-win-crt-multibyte-l1-1-0.dll
0x000000001fd30000 - 0x000000001fd40000 	C:\Program Files\Java\jre1.8.0_202\bin\api-ms-win-crt-private-l1-1-0.dll
0x000000001fd40000 - 0x000000001fd43000 	C:\Program Files\Java\jre1.8.0_202\bin\api-ms-win-crt-process-l1-1-0.dll
0x000000001fd50000 - 0x000000001fd54000 	C:\Program Files\Java\jre1.8.0_202\bin\api-ms-win-crt-runtime-l1-1-0.dll
0x000000001fd60000 - 0x000000001fd64000 	C:\Program Files\Java\jre1.8.0_202\bin\api-ms-win-crt-stdio-l1-1-0.dll
0x000000001fd70000 - 0x000000001fd74000 	C:\Program Files\Java\jre1.8.0_202\bin\api-ms-win-crt-string-l1-1-0.dll
0x000000001fd80000 - 0x000000001fd83000 	C:\Program Files\Java\jre1.8.0_202\bin\api-ms-win-crt-time-l1-1-0.dll
0x000000001fd90000 - 0x000000001fd93000 	C:\Program Files\Java\jre1.8.0_202\bin\api-ms-win-crt-utility-l1-1-0.dll
0x00007ffe59c50000 - 0x00007ffe59d46000 	C:\Program Files\Java\jre1.8.0_202\bin\ucrtbase.dll
0x00007ffe8b9c0000 - 0x00007ffe8b9d6000 	C:\Program Files\Java\jre1.8.0_202\bin\vcruntime140.dll
0x00007ffe59bb0000 - 0x00007ffe59c4c000 	C:\Program Files\Java\jre1.8.0_202\bin\msvcp140.dll
0x00007ffe82a70000 - 0x00007ffe82ac1000 	C:\Program Files\Java\jre1.8.0_202\bin\concrt140.dll
0x00007ffe73d30000 - 0x00007ffe73d53000 	C:\Program Files\Java\jre1.8.0_202\bin\prism_d3d.dll
0x00007ffe64f00000 - 0x00007ffe6509e000 	C:\WINDOWS\system32\d3d9.dll
0x00007ffe9d760000 - 0x00007ffe9d78e000 	C:\WINDOWS\SYSTEM32\dwmapi.dll
0x00007ffea03b0000 - 0x00007ffea058b000 	C:\WINDOWS\System32\CRYPT32.dll
0x00007ffe9f480000 - 0x00007ffe9f492000 	C:\WINDOWS\System32\MSASN1.dll
0x00007ffe9d690000 - 0x00007ffe9d72c000 	C:\WINDOWS\system32\uxtheme.dll
0x00007ffe2fc80000 - 0x00007ffe32c7d000 	C:\WINDOWS\System32\DriverStore\FileRepository\k127369.inf_amd64_b8b3c10a6624488c\igd9dxva64.dll
0x00007ffea0970000 - 0x00007ffea0ac5000 	C:\WINDOWS\System32\ole32.dll
0x00007ffea1660000 - 0x00007ffea172b000 	C:\WINDOWS\System32\OLEAUT32.dll
0x00007ffe61690000 - 0x00007ffe616d9000 	C:\Program Files\Java\jre1.8.0_202\bin\glass.dll
0x00007ffea1c10000 - 0x00007ffea1d37000 	C:\WINDOWS\System32\COMDLG32.dll
0x00007ffea0d30000 - 0x00007ffea0e9a000 	C:\WINDOWS\System32\MSCTF.dll
0x00007ffe64c90000 - 0x00007ffe64ca4000 	C:\Program Files\Java\jre1.8.0_202\bin\javafx_font.dll
0x00007ffe8c6c0000 - 0x00007ffe8c9bf000 	C:\WINDOWS\SYSTEM32\dwrite.dll
0x00007ffe8f2b0000 - 0x00007ffe8f2ca000 	C:\Program Files\Java\jre1.8.0_202\bin\net.dll
0x00007ffe8fdf0000 - 0x00007ffe8ffc6000 	C:\WINDOWS\SYSTEM32\urlmon.dll
0x00007ffe8d480000 - 0x00007ffe8d728000 	C:\WINDOWS\SYSTEM32\iertutil.dll
0x00007ffe9ee50000 - 0x00007ffe9ee5c000 	C:\WINDOWS\SYSTEM32\CRYPTBASE.DLL
0x00007ffe9ec80000 - 0x00007ffe9ece7000 	C:\WINDOWS\system32\mswsock.dll
0x00007ffe9ea20000 - 0x00007ffe9eae6000 	C:\WINDOWS\SYSTEM32\DNSAPI.dll
0x00007ffea0630000 - 0x00007ffea0638000 	C:\WINDOWS\System32\NSI.dll
0x00007ffe9e9e0000 - 0x00007ffe9ea1d000 	C:\WINDOWS\SYSTEM32\IPHLPAPI.DLL
0x00007ffe8b400000 - 0x00007ffe8b40a000 	C:\Windows\System32\rasadhlp.dll
0x00007ffe8b650000 - 0x00007ffe8b6c9000 	C:\WINDOWS\System32\fwpuclnt.dll
0x00007ffe9f4d0000 - 0x00007ffe9f4f6000 	C:\WINDOWS\System32\bcrypt.dll
0x00007ffea0780000 - 0x00007ffea0822000 	C:\WINDOWS\System32\clbcatq.dll
0x00007ffe97820000 - 0x00007ffe979d8000 	C:\WINDOWS\SYSTEM32\WindowsCodecs.dll
0x00007ffe6e150000 - 0x00007ffe6e1a6000 	C:\WINDOWS\system32\dataexchange.dll
0x00007ffe99270000 - 0x00007ffe994ee000 	C:\WINDOWS\system32\d3d11.dll
0x00007ffe99ae0000 - 0x00007ffe99ca3000 	C:\WINDOWS\system32\dcomp.dll
0x00007ffe9e250000 - 0x00007ffe9e312000 	C:\WINDOWS\system32\dxgi.dll
0x00007ffe9d790000 - 0x00007ffe9d99d000 	C:\WINDOWS\system32\twinapi.appcore.dll
0x00007ffe9d9a0000 - 0x00007ffe9d9c8000 	C:\WINDOWS\system32\RMCLIENT.dll
0x00007ffe59990000 - 0x00007ffe599c3000 	C:\Program Files\Common Files\Microsoft Shared\Ink\rtscom.dll
0x00007ffe8efc0000 - 0x00007ffe8f055000 	C:\WINDOWS\System32\TextInputFramework.dll
0x00007ffe97c90000 - 0x00007ffe97fb2000 	C:\WINDOWS\System32\CoreUIComponents.dll
0x00007ffe9a020000 - 0x00007ffe9a102000 	C:\WINDOWS\System32\CoreMessaging.dll
0x00007ffe9e4c0000 - 0x00007ffe9e4f1000 	C:\WINDOWS\SYSTEM32\ntmarta.dll
0x00007ffe97b30000 - 0x00007ffe97c83000 	C:\WINDOWS\SYSTEM32\wintypes.dll
0x00007ffe8f630000 - 0x00007ffe8f69c000 	C:\WINDOWS\system32\Oleacc.dll
0x00007ffe61630000 - 0x00007ffe61642000 	C:\Program Files\Java\jre1.8.0_202\bin\prism_common.dll
0x00007ffe9ddf0000 - 0x00007ffe9dfdd000 	C:\WINDOWS\SYSTEM32\dbghelp.dll

VM Arguments:
jvm_args: -Dfile.encoding=Cp1252 
java_command: application.Main
java_class_path (initial): C:\Users\nope\Desktop\GitRepos\TimerToDo\bin;C:\Users\nope\Desktop\GitRepos\ReferencedLibraries\mysql-connector-java-8.0.15\mysql-connector-java-8.0.15.jar;C:\Users\nope\Desktop\jfoenix-8.0.8.jar;C:\Users\nope\.p2\pool\plugins\org.eclipse.fx.ide.css.jfx8_3.5.0.201902220800.jar
Launcher Type: SUN_STANDARD

Environment Variables:
JAVA_HOME=C:\NVPACK\jdk1.8.0_77
PATH=C:/Program Files/Java/jre1.8.0_202/bin/server;C:/Program Files/Java/jre1.8.0_202/bin;C:/Program Files/Java/jre1.8.0_202/lib/amd64;C:\Program Files\Microsoft MPI\Bin\;C:\Program Files (x86)\Common Files\Oracle\Java\javapath;C:\WINDOWS\system32;C:\WINDOWS;C:\WINDOWS\System32\Wbem;C:\WINDOWS\System32\WindowsPowerShell\v1.0\;C:\WINDOWS\System32\OpenSSH\;C:\Program Files\dotnet\;C:\Program Files\Git\cmd;C:\Program Files (x86)\Microsoft SQL Server\140\Tools\Binn\;C:\Program Files\Microsoft SQL Server\140\Tools\Binn\;C:\Program Files (x86)\Microsoft SQL Server\140\DTS\Binn\;C:\Program Files\Microsoft SQL Server\140\DTS\Binn\;C:\Program Files\Microsoft SQL Server\Client SDK\ODBC\130\Tools\Binn\;C:\Program Files (x86)\Microsoft SQL Server\Client SDK\ODBC\130\Tools\Binn\;C:\Program Files (x86)\Microsoft SQL Server\140\Tools\Binn\ManagementStudio\;C:\Program Files\nodejs\;C:\NVPACK\gradle-2.9\bin;C:\NVPACK\apache-ant-1.8.2\bin;C:\NVPACK\jdk1.8.0_77\bin;C:\NVPACK\android-ndk-r12b;C:\NVPACK\android-sdk-windows\extras\android\support;C:\NVPACK\android-sdk-windows\build-tools;C:\NVPACK\android-sdk-windows\platform-tools;C:\NVPACK\android-sdk-windows\tools;C:\Users\nope\AppData\Local\Microsoft\WindowsApps;C:\Users\nope\IntelliJ IDEA Community Edition 2018.3.4\bin;;C:\Program Files\MySQL\MySQL Server 8.0\bin;;C:\Users\nope\Desktop;
USERNAME=nope
OS=Windows_NT
PROCESSOR_IDENTIFIER=Intel64 Family 6 Model 158 Stepping 9, GenuineIntel



---------------  S Y S T E M  ---------------

OS: Windows 10.0 , 64 bit Build 17763 (10.0.17763.379)

CPU:total 8 (initial active 8) (4 cores per cpu, 2 threads per core) family 6 model 158 stepping 9, cmov, cx8, fxsr, mmx, sse, sse2, sse3, ssse3, sse4.1, sse4.2, popcnt, avx, avx2, aes, clmul, erms, 3dnowpref, lzcnt, ht, tsc, tscinvbit, bmi1, bmi2, adx

Memory: 4k page, physical 16587404k(9935556k free), swap 17635980k(8219104k free)

vm_info: Java HotSpot(TM) 64-Bit Server VM (25.202-b08) for windows-amd64 JRE (1.8.0_202-b08), built on Dec 15 2018 19:54:30 by "java_re" with MS VC++ 10.0 (VS2010)

time: Sun Apr 07 07:11:18 2019
timezone: Eastern Daylight Time
elapsed time: 7 seconds (0d 0h 0m 7s)

