#
# A fatal error has been detected by the Java Runtime Environment:
#
#  EXCEPTION_ACCESS_VIOLATION (0xc0000005) at pc=0x00007ffe59aa78b0, pid=2488, tid=0x00000000000049fc
#
# JRE version: Java(TM) SE Runtime Environment (8.0_202-b08) (build 1.8.0_202-b08)
# Java VM: Java HotSpot(TM) 64-Bit Server VM (25.202-b08 mixed mode windows-amd64 compressed oops)
# Problematic frame:
# C  [glass.dll+0x278b0]
#
# Failed to write core dump. Minidumps are not enabled by default on client versions of Windows
#
# If you would like to submit a bug report, please visit:
#   http://bugreport.java.com/bugreport/crash.jsp
#

---------------  T H R E A D  ---------------

Current thread (0x000000001c348800):  VMThread [stack: 0x000000001e020000,0x000000001e120000] [id=18940]

siginfo: ExceptionCode=0xc0000005, reading address 0x0000000000000000

Registers:
RAX=0x0000000000000000, RBX=0x0000000002981fa8, RCX=0x000000001c348800, RDX=0x000000006e8c24e8
RSP=0x000000001e11f770, RBP=0x0000000000a261b8, RSI=0x0000000000a26190, RDI=0x0000399f2f3bba25
R8 =0x0000000000010002, R9 =0x0000399f2f3bba25, R10=0x00000000ffffffff, R11=0x000000001e11f680
R12=0x00007ffe59aa48dc, R13=0x0000000002781658, R14=0x000000001e11f878, R15=0x0000000000a26190
RIP=0x00007ffe59aa78b0, EFLAGS=0x0000000000010202

Top of Stack: (sp=0x000000001e11f770)
0x000000001e11f770:   0000000000000000 00007ffea004c7eb
0x000000001e11f780:   0000000000a261a0 0000000000000000
0x000000001e11f790:   fffffffffffffffe 00007ffe59aa48dc
0x000000001e11f7a0:   0000000000a26198 00007ffea0053e26
0x000000001e11f7b0:   0000f4d0a54fd237 0000000000000000
0x000000001e11f7c0:   0000000000a261b8 0000000000a26190
0x000000001e11f7d0:   fffffffffffffffe 0000000000000001
0x000000001e11f7e0:   0000000000000001 00007ffe59a80000
0x000000001e11f7f0:   000000001e11f868 00007ffea0053d4b
0x000000001e11f800:   0000000000000000 000000001e11f878
0x000000001e11f810:   000000001c1d5400 00007ffea012c130
0x000000001e11f820:   0000000000000000 00007ffea0053d04
0x000000001e11f830:   0000000000000000 0000000000000001
0x000000001e11f840:   00007ffe0000000d 000000001e11f868
0x000000001e11f850:   0000000000000000 00007ffe59aa4752
0x000000001e11f860:   00007ffe59abf108 0000000000000002 

Instructions: (pc=0x00007ffe59aa78b0)
0x00007ffe59aa7890:   40 53 48 83 ec 30 48 c7 44 24 20 fe ff ff ff 48
0x00007ffe59aa78a0:   8b 1d 7a 72 01 00 48 85 db 74 16 e8 00 81 ff ff
0x00007ffe59aa78b0:   4c 8b 00 48 8b d3 48 8b c8 41 ff 90 b0 00 00 00
0x00007ffe59aa78c0:   90 48 83 c4 30 5b c3 cc cc cc cc cc cc cc cc cc 


Register to memory mapping:

RAX=0x0000000000000000 is an unknown value
RBX=0x0000000002981fa8 is a global jni handle
RCX=0x000000001c348800 is an unknown value
RDX=0x000000006e8c24e8 is an unknown value
RSP=0x000000001e11f770 is an unknown value
RBP=0x0000000000a261b8 is an unknown value
RSI=0x0000000000a26190 is an unknown value
RDI=0x0000399f2f3bba25 is an unknown value
R8 =0x0000000000010002 is an unknown value
R9 =0x0000399f2f3bba25 is an unknown value
R10=0x00000000ffffffff is an unknown value
R11=0x000000001e11f680 is an unknown value
R12=0x00007ffe59aa48dc is an unknown value
R13=0x0000000002781658 is an unknown value
R14=0x000000001e11f878 is an unknown value
R15=0x0000000000a26190 is an unknown value


Stack: [0x000000001e020000,0x000000001e120000],  sp=0x000000001e11f770,  free space=1021k
Native frames: (J=compiled Java code, j=interpreted, Vv=VM code, C=native code)
C  [glass.dll+0x278b0]
C  [ucrtbase.dll+0x13e26]
C  [ucrtbase.dll+0x13d4b]
C  [ucrtbase.dll+0x13d04]
C  [glass.dll+0x24752]
C  [glass.dll+0x24850]
C  [ntdll.dll+0x48f07]
C  [ntdll.dll+0x435bc]
C  [ntdll.dll+0x66dad]
C  [KERNEL32.DLL+0x1d3ba]
C  [msvcr100.dll+0x20ccd]
V  [jvm.dll+0x214045]
V  [jvm.dll+0x24d5d7]
V  [jvm.dll+0x24c876]
V  [jvm.dll+0x24cd11]
V  [jvm.dll+0x24cf2e]
V  [jvm.dll+0x29fc6a]
C  [msvcr100.dll+0x21d9f]
C  [msvcr100.dll+0x21e3b]
C  [KERNEL32.DLL+0x181f4]
C  [ntdll.dll+0x6a251]

VM_Operation (0x0000000020038890): Exit, mode: safepoint, requested by thread 0x000000001f094000


---------------  P R O C E S S  ---------------

Java Threads: ( => current thread )
  0x000000001f47e000 JavaThread "mysql-cj-abandoned-connection-cleanup" daemon [_thread_blocked, id=7556, stack(0x000000002a7f0000,0x000000002a8f0000)]
  0x000000001f2dd000 JavaThread "Prism Font Disposer" daemon [_thread_blocked, id=18540, stack(0x0000000029270000,0x0000000029370000)]
  0x000000001f09c000 JavaThread "Thread-3" daemon [_thread_in_native, id=19452, stack(0x0000000026bd0000,0x0000000026cd0000)]
  0x000000001f0b2800 JavaThread "JavaFX-Launcher" [_thread_blocked, id=19228, stack(0x0000000026cd0000,0x0000000026dd0000)]
  0x000000001f094000 JavaThread "JavaFX Application Thread" [_thread_blocked, id=8592, stack(0x000000001ff40000,0x0000000020040000)]
  0x000000001f0ba800 JavaThread "Thread-1" daemon [_thread_blocked, id=18780, stack(0x000000001fe40000,0x000000001ff40000)]
  0x000000001f07e800 JavaThread "QuantumRenderer-0" daemon [_thread_blocked, id=9360, stack(0x000000001fa80000,0x000000001fb80000)]
  0x000000001e2dc000 JavaThread "Service Thread" daemon [_thread_blocked, id=16588, stack(0x000000001ee20000,0x000000001ef20000)]
  0x000000001e264800 JavaThread "C1 CompilerThread3" daemon [_thread_blocked, id=12348, stack(0x000000001ed20000,0x000000001ee20000)]
  0x000000001e25a800 JavaThread "C2 CompilerThread2" daemon [_thread_blocked, id=18236, stack(0x000000001ec20000,0x000000001ed20000)]
  0x000000001e24d800 JavaThread "C2 CompilerThread1" daemon [_thread_blocked, id=18240, stack(0x000000001eb20000,0x000000001ec20000)]
  0x000000001e24b800 JavaThread "C2 CompilerThread0" daemon [_thread_blocked, id=17320, stack(0x000000001ea20000,0x000000001eb20000)]
  0x000000001e249000 JavaThread "Attach Listener" daemon [_thread_blocked, id=7748, stack(0x000000001e920000,0x000000001ea20000)]
  0x000000001e246000 JavaThread "Signal Dispatcher" daemon [_thread_blocked, id=4928, stack(0x000000001e820000,0x000000001e920000)]
  0x000000001e240800 JavaThread "Finalizer" daemon [_thread_blocked, id=17892, stack(0x000000001e620000,0x000000001e720000)]
  0x0000000002987000 JavaThread "Reference Handler" daemon [_thread_blocked, id=16104, stack(0x000000001e120000,0x000000001e220000)]
  0x0000000002892800 JavaThread "main" [_thread_blocked, id=20672, stack(0x0000000002790000,0x0000000002890000)]

Other Threads:
=>0x000000001c348800 VMThread [stack: 0x000000001e020000,0x000000001e120000] [id=18940]

VM state:at safepoint (shutting down)

VM Mutex/Monitor currently owned by a thread:  ([mutex/lock_event])
[0x000000000278da20] Threads_lock - owner thread: 0x000000001c348800

heap address: 0x00000006c2e00000, size: 4050 MB, Compressed Oops mode: Zero based, Oop shift amount: 3
Narrow klass base: 0x0000000000000000, Narrow klass shift: 3
Compressed class space size: 1073741824 Address: 0x00000007c0000000

Heap:
 PSYoungGen      total 75776K, used 27808K [0x000000076ba00000, 0x0000000774e00000, 0x00000007c0000000)
  eden space 65024K, 42% used [0x000000076ba00000,0x000000076d528060,0x000000076f980000)
  from space 10752K, 0% used [0x0000000770400000,0x0000000770400000,0x0000000770e80000)
  to   space 10752K, 0% used [0x000000076f980000,0x000000076f980000,0x0000000770400000)
 ParOldGen       total 80384K, used 9982K [0x00000006c2e00000, 0x00000006c7c80000, 0x000000076ba00000)
  object space 80384K, 12% used [0x00000006c2e00000,0x00000006c37bf8b8,0x00000006c7c80000)
 Metaspace       used 23990K, capacity 24898K, committed 25088K, reserved 1071104K
  class space    used 3304K, capacity 3525K, committed 3584K, reserved 1048576K

Card table byte_map: [0x0000000011d50000,0x0000000012540000] byte_map_base: 0x000000000e739000

Marking Bits: (ParMarkBitMap*) 0x000000006eab5ce0
 Begin Bits: [0x0000000013290000, 0x00000000171d8000)
 End Bits:   [0x00000000171d8000, 0x000000001b120000)

Polling page: 0x0000000002720000

CodeCache: size=245760Kb used=9803Kb max_used=9803Kb free=235956Kb
 bounds [0x0000000002990000, 0x0000000003330000, 0x0000000011990000]
 total_blobs=3906 nmethods=3180 adapters=638
 compilation: enabled

Compilation events (10 events):
Event: 38.958 Thread 0x000000001e264800 nmethod 3176 0x0000000003325c10 code [0x0000000003325d60, 0x0000000003325e90]
Event: 38.958 Thread 0x000000001e264800 3177       3       com.sun.javafx.geom.transform.AffineBase::setTransform (43 bytes)
Event: 38.958 Thread 0x000000001e264800 nmethod 3177 0x0000000003325690 code [0x0000000003325800, 0x0000000003325af8]
Event: 38.958 Thread 0x000000001e264800 3178       3       com.sun.scenario.effect.impl.prism.ps.PPSRenderer::clearImage (10 bytes)
Event: 38.958 Thread 0x000000001e264800 nmethod 3178 0x0000000003328090 code [0x0000000003328240, 0x00000000033289d8]
Event: 38.975 Thread 0x000000001e264800 3179       3       com.sun.javafx.sg.prism.NGCamera::getViewWidth (5 bytes)
Event: 38.975 Thread 0x000000001e264800 nmethod 3179 0x0000000003325350 code [0x00000000033254a0, 0x00000000033255f0]
Event: 38.975 Thread 0x000000001e264800 3180       3       com.sun.javafx.sg.prism.NGCamera::getViewHeight (5 bytes)
Event: 38.975 Thread 0x000000001e264800 nmethod 3180 0x0000000003328d10 code [0x0000000003328e60, 0x0000000003328fb0]
Event: 38.979 Thread 0x000000001e24d800 3181       4       jdk.internal.org.objectweb.asm.ByteVector::put12 (64 bytes)

GC Heap History (6 events):
Event: 5.407 GC heap before
{Heap before GC invocations=1 (full 0):
 PSYoungGen      total 75776K, used 65024K [0x000000076ba00000, 0x0000000770e80000, 0x00000007c0000000)
  eden space 65024K, 100% used [0x000000076ba00000,0x000000076f980000,0x000000076f980000)
  from space 10752K, 0% used [0x0000000770400000,0x0000000770400000,0x0000000770e80000)
  to   space 10752K, 0% used [0x000000076f980000,0x000000076f980000,0x0000000770400000)
 ParOldGen       total 173568K, used 0K [0x00000006c2e00000, 0x00000006cd780000, 0x000000076ba00000)
  object space 173568K, 0% used [0x00000006c2e00000,0x00000006c2e00000,0x00000006cd780000)
 Metaspace       used 20222K, capacity 21060K, committed 21296K, reserved 1067008K
  class space    used 2892K, capacity 3150K, committed 3200K, reserved 1048576K
Event: 5.416 GC heap after
Heap after GC invocations=1 (full 0):
 PSYoungGen      total 75776K, used 10722K [0x000000076ba00000, 0x0000000770e80000, 0x00000007c0000000)
  eden space 65024K, 0% used [0x000000076ba00000,0x000000076ba00000,0x000000076f980000)
  from space 10752K, 99% used [0x000000076f980000,0x00000007703f8ae0,0x0000000770400000)
  to   space 10752K, 0% used [0x0000000770400000,0x0000000770400000,0x0000000770e80000)
 ParOldGen       total 173568K, used 2363K [0x00000006c2e00000, 0x00000006cd780000, 0x000000076ba00000)
  object space 173568K, 1% used [0x00000006c2e00000,0x00000006c304ee50,0x00000006cd780000)
 Metaspace       used 20222K, capacity 21060K, committed 21296K, reserved 1067008K
  class space    used 2892K, capacity 3150K, committed 3200K, reserved 1048576K
}
Event: 5.433 GC heap before
{Heap before GC invocations=2 (full 0):
 PSYoungGen      total 75776K, used 12522K [0x000000076ba00000, 0x0000000770e80000, 0x00000007c0000000)
  eden space 65024K, 2% used [0x000000076ba00000,0x000000076bbc1f88,0x000000076f980000)
  from space 10752K, 99% used [0x000000076f980000,0x00000007703f8ae0,0x0000000770400000)
  to   space 10752K, 0% used [0x0000000770400000,0x0000000770400000,0x0000000770e80000)
 ParOldGen       total 173568K, used 2363K [0x00000006c2e00000, 0x00000006cd780000, 0x000000076ba00000)
  object space 173568K, 1% used [0x00000006c2e00000,0x00000006c304ee50,0x00000006cd780000)
 Metaspace       used 20320K, capacity 21188K, committed 21296K, reserved 1067008K
  class space    used 2908K, capacity 3150K, committed 3200K, reserved 1048576K
Event: 5.442 GC heap after
Heap after GC invocations=2 (full 0):
 PSYoungGen      total 75776K, used 9298K [0x000000076ba00000, 0x0000000774e00000, 0x00000007c0000000)
  eden space 65024K, 0% used [0x000000076ba00000,0x000000076ba00000,0x000000076f980000)
  from space 10752K, 86% used [0x0000000770400000,0x0000000770d14940,0x0000000770e80000)
  to   space 10752K, 0% used [0x000000076f980000,0x000000076f980000,0x0000000770400000)
 ParOldGen       total 173568K, used 4419K [0x00000006c2e00000, 0x00000006cd780000, 0x000000076ba00000)
  object space 173568K, 2% used [0x00000006c2e00000,0x00000006c3250e60,0x00000006cd780000)
 Metaspace       used 20320K, capacity 21188K, committed 21296K, reserved 1067008K
  class space    used 2908K, capacity 3150K, committed 3200K, reserved 1048576K
}
Event: 5.442 GC heap before
{Heap before GC invocations=3 (full 1):
 PSYoungGen      total 75776K, used 9298K [0x000000076ba00000, 0x0000000774e00000, 0x00000007c0000000)
  eden space 65024K, 0% used [0x000000076ba00000,0x000000076ba00000,0x000000076f980000)
  from space 10752K, 86% used [0x0000000770400000,0x0000000770d14940,0x0000000770e80000)
  to   space 10752K, 0% used [0x000000076f980000,0x000000076f980000,0x0000000770400000)
 ParOldGen       total 173568K, used 4419K [0x00000006c2e00000, 0x00000006cd780000, 0x000000076ba00000)
  object space 173568K, 2% used [0x00000006c2e00000,0x00000006c3250e60,0x00000006cd780000)
 Metaspace       used 20320K, capacity 21188K, committed 21296K, reserved 1067008K
  class space    used 2908K, capacity 3150K, committed 3200K, reserved 1048576K
Event: 5.472 GC heap after
Heap after GC invocations=3 (full 1):
 PSYoungGen      total 75776K, used 0K [0x000000076ba00000, 0x0000000774e00000, 0x00000007c0000000)
  eden space 65024K, 0% used [0x000000076ba00000,0x000000076ba00000,0x000000076f980000)
  from space 10752K, 0% used [0x0000000770400000,0x0000000770400000,0x0000000770e80000)
  to   space 10752K, 0% used [0x000000076f980000,0x000000076f980000,0x0000000770400000)
 ParOldGen       total 80384K, used 9982K [0x00000006c2e00000, 0x00000006c7c80000, 0x000000076ba00000)
  object space 80384K, 12% used [0x00000006c2e00000,0x00000006c37bf8b8,0x00000006c7c80000)
 Metaspace       used 20320K, capacity 21188K, committed 21296K, reserved 1067008K
  class space    used 2908K, capacity 3150K, committed 3200K, reserved 1048576K
}

Deoptimization events (10 events):
Event: 5.744 Thread 0x000000001f094000 Uncommon trap: reason=unstable_if action=reinterpret pc=0x0000000002c4d464 method=java.util.zip.ZipFile$ZipEntryIterator.hasNext()Z @ 25
Event: 6.036 Thread 0x000000001f094000 Uncommon trap: reason=unstable_if action=reinterpret pc=0x00000000030e5848 method=java.util.regex.Matcher.reset()Ljava/util/regex/Matcher; @ 47
Event: 6.094 Thread 0x000000001f094000 Uncommon trap: reason=array_check action=maybe_recompile pc=0x0000000003192134 method=com.sun.javafx.css.SimpleSelector.applies(Ljavafx/css/Styleable;[Ljava/util/Set;I)Z @ 37
Event: 6.094 Thread 0x000000001f094000 Uncommon trap: reason=array_check action=maybe_recompile pc=0x0000000003192134 method=com.sun.javafx.css.SimpleSelector.applies(Ljavafx/css/Styleable;[Ljava/util/Set;I)Z @ 37
Event: 6.094 Thread 0x000000001f094000 Uncommon trap: reason=array_check action=maybe_recompile pc=0x0000000003192134 method=com.sun.javafx.css.SimpleSelector.applies(Ljavafx/css/Styleable;[Ljava/util/Set;I)Z @ 37
Event: 6.094 Thread 0x000000001f094000 Uncommon trap: reason=array_check action=maybe_recompile pc=0x0000000003192134 method=com.sun.javafx.css.SimpleSelector.applies(Ljavafx/css/Styleable;[Ljava/util/Set;I)Z @ 37
Event: 6.124 Thread 0x000000001f094000 Uncommon trap: reason=array_check action=maybe_recompile pc=0x00000000031c4e38 method=com.sun.javafx.css.SimpleSelector.applies(Ljavafx/css/Styleable;[Ljava/util/Set;I)Z @ 37
Event: 38.875 Thread 0x000000001f094000 Uncommon trap: reason=class_check action=maybe_recompile pc=0x00000000032efaa0 method=com.sun.javafx.event.CompositeEventHandler.dispatchCapturingEvent(Ljavafx/event/Event;)V @ 12
Event: 38.879 Thread 0x000000001f094000 Uncommon trap: reason=unstable_if action=reinterpret pc=0x0000000003240818 method=javafx.scene.Node.updateLocalToParentTransform()V @ 125
Event: 38.969 Thread 0x000000001f094000 Uncommon trap: reason=class_check action=maybe_recompile pc=0x00000000032efaa0 method=com.sun.javafx.event.CompositeEventHandler.dispatchCapturingEvent(Ljavafx/event/Event;)V @ 12

Classes redefined (0 events):
No events

Internal exceptions (10 events):
Event: 1.171 Thread 0x000000001f094000 Exception <a 'java/lang/NullPointerException'> (0x000000076c9f6660) thrown at [C:\re\workspace\8-2-build-windows-amd64-cygwin\jdk8u202\12323\hotspot\src\share\vm\interpreter\linkResolver.cpp, line 1185]
Event: 1.171 Thread 0x000000001f094000 Exception <a 'java/lang/NullPointerException'> (0x000000076c9f6660) thrown at [C:\re\workspace\8-2-build-windows-amd64-cygwin\jdk8u202\12323\hotspot\src\share\vm\prims\jvm.cpp, line 1506]
Event: 1.204 Thread 0x000000001f094000 Exception <a 'java/lang/ArrayIndexOutOfBoundsException': 58> (0x000000076cc2e608) thrown at [C:\re\workspace\8-2-build-windows-amd64-cygwin\jdk8u202\12323\hotspot\src\share\vm\interpreter\interpreterRuntime.cpp, line 368]
Event: 1.205 Thread 0x000000001f094000 Exception <a 'java/lang/ArrayIndexOutOfBoundsException': 18> (0x000000076cc2f2a8) thrown at [C:\re\workspace\8-2-build-windows-amd64-cygwin\jdk8u202\12323\hotspot\src\share\vm\interpreter\interpreterRuntime.cpp, line 368]
Event: 1.206 Thread 0x000000001f094000 Exception <a 'java/lang/ArrayIndexOutOfBoundsException': 86> (0x000000076cc30650) thrown at [C:\re\workspace\8-2-build-windows-amd64-cygwin\jdk8u202\12323\hotspot\src\share\vm\interpreter\interpreterRuntime.cpp, line 368]
Event: 1.425 Thread 0x000000001f094000 Implicit null exception at 0x0000000002c769b5 to 0x0000000002c76be5
Event: 1.426 Thread 0x000000001f094000 Implicit null exception at 0x0000000002c19aef to 0x0000000002c19b59
Event: 1.552 Thread 0x000000001f094000 Exception <a 'java/io/FileNotFoundException'> (0x000000076db0db38) thrown at [C:\re\workspace\8-2-build-windows-amd64-cygwin\jdk8u202\12323\hotspot\src\share\vm\prims\jni.cpp, line 710]
Event: 5.253 Thread 0x000000001f094000 Implicit null exception at 0x0000000002be8696 to 0x0000000002be8a45
Event: 38.980 Thread 0x000000001f7d2000 Exception <a 'java/lang/IllegalStateException'> (0x000000076d4dcfc0) thrown at [C:\re\workspace\8-2-build-windows-amd64-cygwin\jdk8u202\12323\hotspot\src\share\vm\prims\jvm.cpp, line 1506]

Events (10 events):
Event: 38.978 loading class java/util/IdentityHashMap$IdentityHashMapIterator
Event: 38.978 loading class java/util/IdentityHashMap$IdentityHashMapIterator done
Event: 38.978 loading class java/util/IdentityHashMap$KeyIterator done
Event: 38.978 Thread 0x000000001f7d2000 Thread added: 0x000000001f7d2000
Event: 38.979 loading class com/sun/javafx/tk/quantum/QuantumRenderer
Event: 38.979 loading class com/sun/javafx/tk/quantum/QuantumRenderer done
Event: 38.979 loading class com/sun/javafx/tk/quantum/QuantumToolkit
Event: 38.979 loading class com/sun/javafx/tk/quantum/QuantumToolkit done
Event: 38.980 Thread 0x000000001f7d2000 Thread exited: 0x000000001f7d2000
Event: 38.980 Executing VM operation: Exit


Dynamic libraries:
0x00007ff684080000 - 0x00007ff6840b7000 	C:\Program Files\Java\jre1.8.0_202\bin\javaw.exe
0x00007ffea3400000 - 0x00007ffea35ed000 	C:\WINDOWS\SYSTEM32\ntdll.dll
0x00007ffea0ea0000 - 0x00007ffea0f53000 	C:\WINDOWS\System32\KERNEL32.DLL
0x00007ffe9f500000 - 0x00007ffe9f793000 	C:\WINDOWS\System32\KERNELBASE.dll
0x00007ffea0670000 - 0x00007ffea0713000 	C:\WINDOWS\System32\ADVAPI32.dll
0x00007ffea10b0000 - 0x00007ffea114e000 	C:\WINDOWS\System32\msvcrt.dll
0x00007ffea0ad0000 - 0x00007ffea0b6e000 	C:\WINDOWS\System32\sechost.dll
0x00007ffea0830000 - 0x00007ffea0952000 	C:\WINDOWS\System32\RPCRT4.dll
0x00007ffea3230000 - 0x00007ffea33c7000 	C:\WINDOWS\System32\USER32.dll
0x00007ffea02e0000 - 0x00007ffea0300000 	C:\WINDOWS\System32\win32u.dll
0x00007ffea15d0000 - 0x00007ffea15f9000 	C:\WINDOWS\System32\GDI32.dll
0x00007ffea0140000 - 0x00007ffea02da000 	C:\WINDOWS\System32\gdi32full.dll
0x00007ffea0590000 - 0x00007ffea0630000 	C:\WINDOWS\System32\msvcp_win.dll
0x00007ffea0040000 - 0x00007ffea013a000 	C:\WINDOWS\System32\ucrtbase.dll
0x00007ffe8c9d0000 - 0x00007ffe8cc49000 	C:\WINDOWS\WinSxS\amd64_microsoft.windows.common-controls_6595b64144ccf1df_6.0.17763.379_none_05b83be8071c94a1\COMCTL32.dll
0x00007ffea11c0000 - 0x00007ffea14ed000 	C:\WINDOWS\System32\combase.dll
0x00007ffe9f810000 - 0x00007ffe9f88e000 	C:\WINDOWS\System32\bcryptPrimitives.dll
0x00007ffea0640000 - 0x00007ffea066e000 	C:\WINDOWS\System32\IMM32.DLL
0x000000006ddc0000 - 0x000000006de92000 	C:\Program Files\Java\jre1.8.0_202\bin\msvcr100.dll
0x000000006e290000 - 0x000000006eb35000 	C:\Program Files\Java\jre1.8.0_202\bin\server\jvm.dll
0x00007ffea0960000 - 0x00007ffea0968000 	C:\WINDOWS\System32\PSAPI.DLL
0x00007ffe98d00000 - 0x00007ffe98d24000 	C:\WINDOWS\SYSTEM32\WINMM.dll
0x00007ffe971a0000 - 0x00007ffe971aa000 	C:\WINDOWS\SYSTEM32\VERSION.dll
0x00007ffe88410000 - 0x00007ffe88419000 	C:\WINDOWS\SYSTEM32\WSOCK32.dll
0x00007ffea1150000 - 0x00007ffea11bd000 	C:\WINDOWS\System32\WS2_32.dll
0x00007ffe98cd0000 - 0x00007ffe98cfd000 	C:\WINDOWS\SYSTEM32\WINMMBASE.dll
0x00007ffe9f7a0000 - 0x00007ffe9f7ea000 	C:\WINDOWS\System32\cfgmgr32.dll
0x00007ffe8bc10000 - 0x00007ffe8bc1f000 	C:\Program Files\Java\jre1.8.0_202\bin\verify.dll
0x00007ffe8bb10000 - 0x00007ffe8bb39000 	C:\Program Files\Java\jre1.8.0_202\bin\java.dll
0x00007ffe8bad0000 - 0x00007ffe8bae6000 	C:\Program Files\Java\jre1.8.0_202\bin\zip.dll
0x00007ffea1d40000 - 0x00007ffea3230000 	C:\WINDOWS\System32\SHELL32.dll
0x00007ffea0f60000 - 0x00007ffea1008000 	C:\WINDOWS\System32\shcore.dll
0x00007ffe9f890000 - 0x00007ffe9ffda000 	C:\WINDOWS\System32\windows.storage.dll
0x00007ffe9f4a0000 - 0x00007ffe9f4c4000 	C:\WINDOWS\System32\profapi.dll
0x00007ffe9f420000 - 0x00007ffe9f47d000 	C:\WINDOWS\System32\powrprof.dll
0x00007ffea1570000 - 0x00007ffea15c2000 	C:\WINDOWS\System32\shlwapi.dll
0x00007ffe9f400000 - 0x00007ffe9f411000 	C:\WINDOWS\System32\kernel.appcore.dll
0x00007ffe9f7f0000 - 0x00007ffe9f807000 	C:\WINDOWS\System32\cryptsp.dll
0x0000000002760000 - 0x0000000002763000 	C:\Program Files\Java\jre1.8.0_202\bin\api-ms-win-core-console-l1-1-0.dll
0x0000000002770000 - 0x0000000002773000 	C:\Program Files\Java\jre1.8.0_202\bin\api-ms-win-core-datetime-l1-1-0.dll
0x000000001f820000 - 0x000000001f823000 	C:\Program Files\Java\jre1.8.0_202\bin\api-ms-win-core-debug-l1-1-0.dll
0x000000001f830000 - 0x000000001f833000 	C:\Program Files\Java\jre1.8.0_202\bin\api-ms-win-core-errorhandling-l1-1-0.dll
0x000000001f840000 - 0x000000001f844000 	C:\Program Files\Java\jre1.8.0_202\bin\api-ms-win-core-file-l1-1-0.dll
0x000000001f850000 - 0x000000001f853000 	C:\Program Files\Java\jre1.8.0_202\bin\api-ms-win-core-file-l1-2-0.dll
0x000000001f860000 - 0x000000001f863000 	C:\Program Files\Java\jre1.8.0_202\bin\api-ms-win-core-file-l2-1-0.dll
0x000000001f870000 - 0x000000001f873000 	C:\Program Files\Java\jre1.8.0_202\bin\api-ms-win-core-handle-l1-1-0.dll
0x000000001f880000 - 0x000000001f883000 	C:\Program Files\Java\jre1.8.0_202\bin\api-ms-win-core-heap-l1-1-0.dll
0x000000001f890000 - 0x000000001f893000 	C:\Program Files\Java\jre1.8.0_202\bin\api-ms-win-core-interlocked-l1-1-0.dll
0x000000001f8a0000 - 0x000000001f8a3000 	C:\Program Files\Java\jre1.8.0_202\bin\api-ms-win-core-libraryloader-l1-1-0.dll
0x000000001f8b0000 - 0x000000001f8b3000 	C:\Program Files\Java\jre1.8.0_202\bin\api-ms-win-core-localization-l1-2-0.dll
0x000000001f8c0000 - 0x000000001f8c3000 	C:\Program Files\Java\jre1.8.0_202\bin\api-ms-win-core-memory-l1-1-0.dll
0x000000001f8d0000 - 0x000000001f8d3000 	C:\Program Files\Java\jre1.8.0_202\bin\api-ms-win-core-namedpipe-l1-1-0.dll
0x000000001f8e0000 - 0x000000001f8e3000 	C:\Program Files\Java\jre1.8.0_202\bin\api-ms-win-core-processenvironment-l1-1-0.dll
0x000000001f8f0000 - 0x000000001f8f3000 	C:\Program Files\Java\jre1.8.0_202\bin\api-ms-win-core-processthreads-l1-1-0.dll
0x000000001f900000 - 0x000000001f903000 	C:\Program Files\Java\jre1.8.0_202\bin\api-ms-win-core-processthreads-l1-1-1.dll
0x000000001f910000 - 0x000000001f913000 	C:\Program Files\Java\jre1.8.0_202\bin\api-ms-win-core-profile-l1-1-0.dll
0x000000001f920000 - 0x000000001f923000 	C:\Program Files\Java\jre1.8.0_202\bin\api-ms-win-core-rtlsupport-l1-1-0.dll
0x000000001f930000 - 0x000000001f933000 	C:\Program Files\Java\jre1.8.0_202\bin\api-ms-win-core-string-l1-1-0.dll
0x000000001f940000 - 0x000000001f943000 	C:\Program Files\Java\jre1.8.0_202\bin\api-ms-win-core-synch-l1-1-0.dll
0x000000001f950000 - 0x000000001f953000 	C:\Program Files\Java\jre1.8.0_202\bin\api-ms-win-core-synch-l1-2-0.dll
0x000000001f960000 - 0x000000001f963000 	C:\Program Files\Java\jre1.8.0_202\bin\api-ms-win-core-sysinfo-l1-1-0.dll
0x000000001f970000 - 0x000000001f973000 	C:\Program Files\Java\jre1.8.0_202\bin\api-ms-win-core-timezone-l1-1-0.dll
0x000000001f980000 - 0x000000001f983000 	C:\Program Files\Java\jre1.8.0_202\bin\api-ms-win-core-util-l1-1-0.dll
0x000000001f990000 - 0x000000001f993000 	C:\Program Files\Java\jre1.8.0_202\bin\api-ms-win-crt-conio-l1-1-0.dll
0x000000001f9a0000 - 0x000000001f9a4000 	C:\Program Files\Java\jre1.8.0_202\bin\api-ms-win-crt-convert-l1-1-0.dll
0x000000001f9b0000 - 0x000000001f9b3000 	C:\Program Files\Java\jre1.8.0_202\bin\api-ms-win-crt-environment-l1-1-0.dll
0x000000001f9c0000 - 0x000000001f9c3000 	C:\Program Files\Java\jre1.8.0_202\bin\api-ms-win-crt-filesystem-l1-1-0.dll
0x000000001f9d0000 - 0x000000001f9d3000 	C:\Program Files\Java\jre1.8.0_202\bin\api-ms-win-crt-heap-l1-1-0.dll
0x000000001f9e0000 - 0x000000001f9e3000 	C:\Program Files\Java\jre1.8.0_202\bin\api-ms-win-crt-locale-l1-1-0.dll
0x000000001f9f0000 - 0x000000001f9f5000 	C:\Program Files\Java\jre1.8.0_202\bin\api-ms-win-crt-math-l1-1-0.dll
0x000000001fa00000 - 0x000000001fa05000 	C:\Program Files\Java\jre1.8.0_202\bin\api-ms-win-crt-multibyte-l1-1-0.dll
0x000000001fa10000 - 0x000000001fa20000 	C:\Program Files\Java\jre1.8.0_202\bin\api-ms-win-crt-private-l1-1-0.dll
0x000000001fa20000 - 0x000000001fa23000 	C:\Program Files\Java\jre1.8.0_202\bin\api-ms-win-crt-process-l1-1-0.dll
0x000000001fa30000 - 0x000000001fa34000 	C:\Program Files\Java\jre1.8.0_202\bin\api-ms-win-crt-runtime-l1-1-0.dll
0x000000001fa40000 - 0x000000001fa44000 	C:\Program Files\Java\jre1.8.0_202\bin\api-ms-win-crt-stdio-l1-1-0.dll
0x000000001fa50000 - 0x000000001fa54000 	C:\Program Files\Java\jre1.8.0_202\bin\api-ms-win-crt-string-l1-1-0.dll
0x000000001fa60000 - 0x000000001fa63000 	C:\Program Files\Java\jre1.8.0_202\bin\api-ms-win-crt-time-l1-1-0.dll
0x000000001fa70000 - 0x000000001fa73000 	C:\Program Files\Java\jre1.8.0_202\bin\api-ms-win-crt-utility-l1-1-0.dll
0x00007ffe59b70000 - 0x00007ffe59c66000 	C:\Program Files\Java\jre1.8.0_202\bin\ucrtbase.dll
0x00007ffe8bb40000 - 0x00007ffe8bb56000 	C:\Program Files\Java\jre1.8.0_202\bin\vcruntime140.dll
0x00007ffe59ad0000 - 0x00007ffe59b6c000 	C:\Program Files\Java\jre1.8.0_202\bin\msvcp140.dll
0x00007ffe65a50000 - 0x00007ffe65aa1000 	C:\Program Files\Java\jre1.8.0_202\bin\concrt140.dll
0x00007ffe8b9d0000 - 0x00007ffe8b9f3000 	C:\Program Files\Java\jre1.8.0_202\bin\prism_d3d.dll
0x00007ffe64f00000 - 0x00007ffe6509e000 	C:\WINDOWS\system32\d3d9.dll
0x00007ffe9d760000 - 0x00007ffe9d78e000 	C:\WINDOWS\SYSTEM32\dwmapi.dll
0x00007ffea03b0000 - 0x00007ffea058b000 	C:\WINDOWS\System32\CRYPT32.dll
0x00007ffe9f480000 - 0x00007ffe9f492000 	C:\WINDOWS\System32\MSASN1.dll
0x00007ffe9d690000 - 0x00007ffe9d72c000 	C:\WINDOWS\system32\uxtheme.dll
0x00007ffe2e140000 - 0x00007ffe3113d000 	C:\WINDOWS\System32\DriverStore\FileRepository\k127369.inf_amd64_b8b3c10a6624488c\igd9dxva64.dll
0x00007ffea0970000 - 0x00007ffea0ac5000 	C:\WINDOWS\System32\ole32.dll
0x00007ffea1660000 - 0x00007ffea172b000 	C:\WINDOWS\System32\OLEAUT32.dll
0x00007ffe59a80000 - 0x00007ffe59ac9000 	C:\Program Files\Java\jre1.8.0_202\bin\glass.dll
0x00007ffea1c10000 - 0x00007ffea1d37000 	C:\WINDOWS\System32\COMDLG32.dll
0x00007ffea0d30000 - 0x00007ffea0e9a000 	C:\WINDOWS\System32\MSCTF.dll
0x00007ffe89190000 - 0x00007ffe891a4000 	C:\Program Files\Java\jre1.8.0_202\bin\javafx_font.dll
0x00007ffe8c6c0000 - 0x00007ffe8c9bf000 	C:\WINDOWS\SYSTEM32\dwrite.dll
0x00007ffea0780000 - 0x00007ffea0822000 	C:\WINDOWS\System32\clbcatq.dll
0x00007ffe97820000 - 0x00007ffe979d8000 	C:\WINDOWS\SYSTEM32\WindowsCodecs.dll
0x00007ffe6e150000 - 0x00007ffe6e1a6000 	C:\WINDOWS\system32\dataexchange.dll
0x00007ffe99ae0000 - 0x00007ffe99ca3000 	C:\WINDOWS\system32\dcomp.dll
0x00007ffe99270000 - 0x00007ffe994ee000 	C:\WINDOWS\system32\d3d11.dll
0x00007ffe9e250000 - 0x00007ffe9e312000 	C:\WINDOWS\system32\dxgi.dll
0x00007ffe9d790000 - 0x00007ffe9d99d000 	C:\WINDOWS\system32\twinapi.appcore.dll
0x00007ffe9d9a0000 - 0x00007ffe9d9c8000 	C:\WINDOWS\system32\RMCLIENT.dll
0x00007ffe893d0000 - 0x00007ffe89403000 	C:\Program Files\Common Files\Microsoft Shared\Ink\rtscom.dll
0x00007ffe8efc0000 - 0x00007ffe8f055000 	C:\WINDOWS\System32\TextInputFramework.dll
0x00007ffe9a020000 - 0x00007ffe9a102000 	C:\WINDOWS\System32\CoreMessaging.dll
0x00007ffe97c90000 - 0x00007ffe97fb2000 	C:\WINDOWS\System32\CoreUIComponents.dll
0x00007ffe9e4c0000 - 0x00007ffe9e4f1000 	C:\WINDOWS\SYSTEM32\ntmarta.dll
0x00007ffe97b30000 - 0x00007ffe97c83000 	C:\WINDOWS\SYSTEM32\wintypes.dll
0x00007ffe8f630000 - 0x00007ffe8f69c000 	C:\WINDOWS\system32\Oleacc.dll
0x00007ffe8ba70000 - 0x00007ffe8ba82000 	C:\Program Files\Java\jre1.8.0_202\bin\prism_common.dll
0x00007ffe8b9b0000 - 0x00007ffe8b9ca000 	C:\Program Files\Java\jre1.8.0_202\bin\net.dll
0x00007ffe8fdf0000 - 0x00007ffe8ffc6000 	C:\WINDOWS\SYSTEM32\urlmon.dll
0x00007ffe8d480000 - 0x00007ffe8d728000 	C:\WINDOWS\SYSTEM32\iertutil.dll
0x00007ffe9ee50000 - 0x00007ffe9ee5c000 	C:\WINDOWS\SYSTEM32\CRYPTBASE.DLL
0x00007ffe9ec80000 - 0x00007ffe9ece7000 	C:\WINDOWS\system32\mswsock.dll
0x00007ffe9ea20000 - 0x00007ffe9eae6000 	C:\WINDOWS\SYSTEM32\DNSAPI.dll
0x00007ffea0630000 - 0x00007ffea0638000 	C:\WINDOWS\System32\NSI.dll
0x00007ffe9e9e0000 - 0x00007ffe9ea1d000 	C:\WINDOWS\SYSTEM32\IPHLPAPI.DLL
0x00007ffe8b400000 - 0x00007ffe8b40a000 	C:\Windows\System32\rasadhlp.dll
0x00007ffe8b650000 - 0x00007ffe8b6c9000 	C:\WINDOWS\System32\fwpuclnt.dll
0x00007ffe9f4d0000 - 0x00007ffe9f4f6000 	C:\WINDOWS\System32\bcrypt.dll
0x00007ffe65a20000 - 0x00007ffe65a44000 	C:\Program Files\Java\jre1.8.0_202\bin\sunec.dll
0x00007ffe90630000 - 0x00007ffe90646000 	C:\WINDOWS\SYSTEM32\dhcpcsvc6.DLL
0x00007ffe90ae0000 - 0x00007ffe90afc000 	C:\WINDOWS\SYSTEM32\dhcpcsvc.DLL
0x00007ffe89450000 - 0x00007ffe89462000 	C:\Program Files\Java\jre1.8.0_202\bin\nio.dll
0x00007ffe9e840000 - 0x00007ffe9e873000 	C:\WINDOWS\system32\rsaenh.dll

VM Arguments:
jvm_args: -Dfile.encoding=Cp1252 
java_command: application.Main
java_class_path (initial): C:\Users\nope\Desktop\GitRepos\TimerToDo\bin;C:\Users\nope\Desktop\GitRepos\ReferencedLibraries\mysql-connector-java-8.0.15\mysql-connector-java-8.0.15.jar;C:\Users\nope\Desktop\jfoenix-8.0.8.jar;C:\Users\nope\.p2\pool\plugins\org.eclipse.fx.ide.css.jfx8_3.5.0.201902220800.jar
Launcher Type: SUN_STANDARD

Environment Variables:
JAVA_HOME=C:\NVPACK\jdk1.8.0_77
PATH=C:/Program Files/Java/jre1.8.0_202/bin/server;C:/Program Files/Java/jre1.8.0_202/bin;C:/Program Files/Java/jre1.8.0_202/lib/amd64;C:\Program Files\Microsoft MPI\Bin\;C:\Program Files (x86)\Common Files\Oracle\Java\javapath;C:\WINDOWS\system32;C:\WINDOWS;C:\WINDOWS\System32\Wbem;C:\WINDOWS\System32\WindowsPowerShell\v1.0\;C:\WINDOWS\System32\OpenSSH\;C:\Program Files\dotnet\;C:\Program Files\Git\cmd;C:\Program Files (x86)\Microsoft SQL Server\140\Tools\Binn\;C:\Program Files\Microsoft SQL Server\140\Tools\Binn\;C:\Program Files (x86)\Microsoft SQL Server\140\DTS\Binn\;C:\Program Files\Microsoft SQL Server\140\DTS\Binn\;C:\Program Files\Microsoft SQL Server\Client SDK\ODBC\130\Tools\Binn\;C:\Program Files (x86)\Microsoft SQL Server\Client SDK\ODBC\130\Tools\Binn\;C:\Program Files (x86)\Microsoft SQL Server\140\Tools\Binn\ManagementStudio\;C:\Program Files\nodejs\;C:\NVPACK\gradle-2.9\bin;C:\NVPACK\apache-ant-1.8.2\bin;C:\NVPACK\jdk1.8.0_77\bin;C:\NVPACK\android-ndk-r12b;C:\NVPACK\android-sdk-windows\extras\android\support;C:\NVPACK\android-sdk-windows\build-tools;C:\NVPACK\android-sdk-windows\platform-tools;C:\NVPACK\android-sdk-windows\tools;C:\Users\nope\AppData\Local\Microsoft\WindowsApps;C:\Users\nope\IntelliJ IDEA Community Edition 2018.3.4\bin;;C:\Program Files\MySQL\MySQL Server 8.0\bin;;C:\Users\nope\Desktop;
USERNAME=nope
OS=Windows_NT
PROCESSOR_IDENTIFIER=Intel64 Family 6 Model 158 Stepping 9, GenuineIntel



---------------  S Y S T E M  ---------------

OS: Windows 10.0 , 64 bit Build 17763 (10.0.17763.379)

CPU:total 8 (initial active 8) (4 cores per cpu, 2 threads per core) family 6 model 158 stepping 9, cmov, cx8, fxsr, mmx, sse, sse2, sse3, ssse3, sse4.1, sse4.2, popcnt, avx, avx2, aes, clmul, erms, 3dnowpref, lzcnt, ht, tsc, tscinvbit, bmi1, bmi2, adx

Memory: 4k page, physical 16587404k(8742660k free), swap 18501496k(6202056k free)

vm_info: Java HotSpot(TM) 64-Bit Server VM (25.202-b08) for windows-amd64 JRE (1.8.0_202-b08), built on Dec 15 2018 19:54:30 by "java_re" with MS VC++ 10.0 (VS2010)

time: Mon Apr 08 22:18:56 2019
timezone: Eastern Daylight Time
elapsed time: 39 seconds (0d 0h 0m 39s)

