#
# A fatal error has been detected by the Java Runtime Environment:
#
#  EXCEPTION_ACCESS_VIOLATION (0xc0000005) at pc=0x00007ffed09e78b0, pid=12144, tid=0x0000000000003424
#
# JRE version: Java(TM) SE Runtime Environment (8.0_202-b08) (build 1.8.0_202-b08)
# Java VM: Java HotSpot(TM) 64-Bit Server VM (25.202-b08 mixed mode windows-amd64 compressed oops)
# Problematic frame:
# C  [glass.dll+0x278b0]
#
# Failed to write core dump. Minidumps are not enabled by default on client versions of Windows
#
# If you would like to submit a bug report, please visit:
#   http://bugreport.java.com/bugreport/crash.jsp
#

---------------  T H R E A D  ---------------

Current thread (0x000000001bf48000):  VMThread [stack: 0x000000001dc20000,0x000000001dd20000] [id=13348]

siginfo: ExceptionCode=0xc0000005, reading address 0x0000000000000000

Registers:
RAX=0x0000000000000000, RBX=0x000000001be24398, RCX=0x000000001bf48000, RDX=0x00000000518124e8
RSP=0x000000001dd1f540, RBP=0x0000000000746668, RSI=0x0000000000746640, RDI=0x0000f253b4d1d560
R8 =0x0000000000010002, R9 =0x0000f253b4d1d560, R10=0x00000000ffffffff, R11=0x000000001dd1f450
R12=0x00007ffed09e48dc, R13=0x00000000023b1658, R14=0x000000001dd1f648, R15=0x0000000000746640
RIP=0x00007ffed09e78b0, EFLAGS=0x0000000000010202

Top of Stack: (sp=0x000000001dd1f540)
0x000000001dd1f540:   0000000000000000 00007fff23fac7eb
0x000000001dd1f550:   0000000000746650 0000000000000000
0x000000001dd1f560:   fffffffffffffffe 00007ffed09e48dc
0x000000001dd1f570:   0000000000746648 00007fff23fb3e26
0x000000001dd1f580:   0000bb05b34b63ad 0000000000000000
0x000000001dd1f590:   0000000000746668 0000000000746640
0x000000001dd1f5a0:   fffffffffffffffe 0000000000000001
0x000000001dd1f5b0:   0000000000000001 00007ffed09c0000
0x000000001dd1f5c0:   000000001dd1f638 00007fff23fb3d4b
0x000000001dd1f5d0:   0000000000000000 000000001dd1f648
0x000000001dd1f5e0:   000000001bdd5400 00007fff2408c130
0x000000001dd1f5f0:   0000000000000000 00007fff23fb3d04
0x000000001dd1f600:   0000000000000000 0000000000000001
0x000000001dd1f610:   000000001ecbb110 000000001dd1f638
0x000000001dd1f620:   0000000000000000 00007ffed09e4752
0x000000001dd1f630:   00007ffed09ff108 0000000000000002 

Instructions: (pc=0x00007ffed09e78b0)
0x00007ffed09e7890:   40 53 48 83 ec 30 48 c7 44 24 20 fe ff ff ff 48
0x00007ffed09e78a0:   8b 1d 7a 72 01 00 48 85 db 74 16 e8 00 81 ff ff
0x00007ffed09e78b0:   4c 8b 00 48 8b d3 48 8b c8 41 ff 90 b0 00 00 00
0x00007ffed09e78c0:   90 48 83 c4 30 5b c3 cc cc cc cc cc cc cc cc cc 


Register to memory mapping:

RAX=0x0000000000000000 is an unknown value
RBX=0x000000001be24398 is a global jni handle
RCX=0x000000001bf48000 is an unknown value
RDX=0x00000000518124e8 is an unknown value
RSP=0x000000001dd1f540 is an unknown value
RBP=0x0000000000746668 is an unknown value
RSI=0x0000000000746640 is an unknown value
RDI=0x0000f253b4d1d560 is an unknown value
R8 =0x0000000000010002 is an unknown value
R9 =0x0000f253b4d1d560 is an unknown value
R10=0x00000000ffffffff is an unknown value
R11=0x000000001dd1f450 is an unknown value
R12=0x00007ffed09e48dc is an unknown value
R13=0x00000000023b1658 is an unknown value
R14=0x000000001dd1f648 is an unknown value
R15=0x0000000000746640 is an unknown value


Stack: [0x000000001dc20000,0x000000001dd20000],  sp=0x000000001dd1f540,  free space=1021k
Native frames: (J=compiled Java code, j=interpreted, Vv=VM code, C=native code)
C  [glass.dll+0x278b0]
C  [ucrtbase.dll+0x13e26]
C  [ucrtbase.dll+0x13d4b]
C  [ucrtbase.dll+0x13d04]
C  [glass.dll+0x24752]
C  [glass.dll+0x24850]
C  [ntdll.dll+0x48f07]
C  [ntdll.dll+0x435bc]
C  [ntdll.dll+0x66dad]
C  [KERNEL32.DLL+0x1d3ba]
C  [msvcr100.dll+0x20ccd]
V  [jvm.dll+0x214045]
V  [jvm.dll+0x24d5d7]
V  [jvm.dll+0x24c876]
V  [jvm.dll+0x24cd11]
V  [jvm.dll+0x24cf2e]
V  [jvm.dll+0x29fc6a]
C  [msvcr100.dll+0x21d9f]
C  [msvcr100.dll+0x21e3b]
C  [KERNEL32.DLL+0x181f4]
C  [ntdll.dll+0x6a251]

VM_Operation (0x000000001fc89fe0): Exit, mode: safepoint, requested by thread 0x000000001ec97000


---------------  P R O C E S S  ---------------

Java Threads: ( => current thread )
  0x000000001f2ef800 JavaThread "Prism Font Disposer" daemon [_thread_blocked, id=8500, stack(0x00000000292c0000,0x00000000293c0000)]
  0x000000001efd7000 JavaThread "mysql-cj-abandoned-connection-cleanup" daemon [_thread_blocked, id=14392, stack(0x0000000026ef0000,0x0000000026ff0000)]
  0x000000001ecd1800 JavaThread "Thread-3" daemon [_thread_in_native, id=16220, stack(0x00000000267f0000,0x00000000268f0000)]
  0x000000001ecd4000 JavaThread "JavaFX-Launcher" [_thread_blocked, id=15700, stack(0x00000000268f0000,0x00000000269f0000)]
  0x000000001ec97000 JavaThread "JavaFX Application Thread" [_thread_blocked, id=15580, stack(0x000000001fb90000,0x000000001fc90000)]
  0x000000001ec91800 JavaThread "Thread-1" daemon [_thread_blocked, id=6776, stack(0x000000001fa90000,0x000000001fb90000)]
  0x000000001ec4f000 JavaThread "QuantumRenderer-0" daemon [_thread_blocked, id=9824, stack(0x000000001f6a0000,0x000000001f7a0000)]
  0x000000001ded3800 JavaThread "Service Thread" daemon [_thread_blocked, id=15812, stack(0x000000001ea20000,0x000000001eb20000)]
  0x000000001de59800 JavaThread "C1 CompilerThread3" daemon [_thread_blocked, id=10700, stack(0x000000001e920000,0x000000001ea20000)]
  0x000000001de53800 JavaThread "C2 CompilerThread2" daemon [_thread_blocked, id=9136, stack(0x000000001e820000,0x000000001e920000)]
  0x000000001de53000 JavaThread "C2 CompilerThread1" daemon [_thread_blocked, id=15932, stack(0x000000001e720000,0x000000001e820000)]
  0x000000001de4d800 JavaThread "C2 CompilerThread0" daemon [_thread_blocked, id=12796, stack(0x000000001e620000,0x000000001e720000)]
  0x000000001bf5e000 JavaThread "Attach Listener" daemon [_thread_blocked, id=12988, stack(0x000000001e520000,0x000000001e620000)]
  0x000000001bf5c800 JavaThread "Signal Dispatcher" daemon [_thread_blocked, id=13468, stack(0x000000001e420000,0x000000001e520000)]
  0x000000001de40800 JavaThread "Finalizer" daemon [_thread_blocked, id=4752, stack(0x000000001e220000,0x000000001e320000)]
  0x00000000025d8000 JavaThread "Reference Handler" daemon [_thread_blocked, id=15500, stack(0x000000001dd20000,0x000000001de20000)]
  0x00000000024e2800 JavaThread "main" [_thread_blocked, id=3920, stack(0x00000000023e0000,0x00000000024e0000)]

Other Threads:
=>0x000000001bf48000 VMThread [stack: 0x000000001dc20000,0x000000001dd20000] [id=13348]

VM state:at safepoint (shutting down)

VM Mutex/Monitor currently owned by a thread:  ([mutex/lock_event])
[0x00000000023bd120] Threads_lock - owner thread: 0x000000001bf48000

heap address: 0x00000006c2e00000, size: 4050 MB, Compressed Oops mode: Zero based, Oop shift amount: 3
Narrow klass base: 0x0000000000000000, Narrow klass shift: 3
Compressed class space size: 1073741824 Address: 0x00000007c0000000

Heap:
 PSYoungGen      total 75776K, used 56852K [0x000000076ba00000, 0x0000000770e80000, 0x00000007c0000000)
  eden space 65024K, 87% used [0x000000076ba00000,0x000000076f1852d0,0x000000076f980000)
  from space 10752K, 0% used [0x0000000770400000,0x0000000770400000,0x0000000770e80000)
  to   space 10752K, 0% used [0x000000076f980000,0x000000076f980000,0x0000000770400000)
 ParOldGen       total 173568K, used 0K [0x00000006c2e00000, 0x00000006cd780000, 0x000000076ba00000)
  object space 173568K, 0% used [0x00000006c2e00000,0x00000006c2e00000,0x00000006cd780000)
 Metaspace       used 18434K, capacity 19190K, committed 19456K, reserved 1067008K
  class space    used 2558K, capacity 2769K, committed 2816K, reserved 1048576K

Card table byte_map: [0x00000000119a0000,0x0000000012190000] byte_map_base: 0x000000000e389000

Marking Bits: (ParMarkBitMap*) 0x0000000051a05ce0
 Begin Bits: [0x0000000012ee0000, 0x0000000016e28000)
 End Bits:   [0x0000000016e28000, 0x000000001ad70000)

Polling page: 0x00000000006d0000

CodeCache: size=245760Kb used=5692Kb max_used=5692Kb free=240067Kb
 bounds [0x00000000025e0000, 0x0000000002b80000, 0x00000000115e0000]
 total_blobs=2403 nmethods=1742 adapters=573
 compilation: enabled

Compilation events (10 events):
Event: 5.225 Thread 0x000000001de59800 1740       3       com.sun.javafx.sg.prism.NGGroup::renderForcedContent (47 bytes)
Event: 5.226 Thread 0x000000001de59800 nmethod 1740 0x0000000002b6eb50 code [0x0000000002b6ed00, 0x0000000002b6f2a8]
Event: 5.226 Thread 0x000000001de59800 1737       3       com.sun.javafx.geom.DirtyRegionContainer::getDirtyRegion (7 bytes)
Event: 5.226 Thread 0x000000001de59800 nmethod 1737 0x0000000002b6f450 code [0x0000000002b6f5a0, 0x0000000002b6f730]
Event: 5.226 Thread 0x000000001de59800 1739       3       javafx.scene.layout.Border::isEmpty (30 bytes)
Event: 5.226 Thread 0x000000001de59800 nmethod 1739 0x0000000002b6f810 code [0x0000000002b6f9a0, 0x0000000002b6fd18]
Event: 5.227 Thread 0x000000001de59800 1741       3       sun.util.logging.PlatformLogger$DefaultLoggerProxy::isLoggable (29 bytes)
Event: 5.227 Thread 0x000000001de59800 nmethod 1741 0x0000000002b6fe10 code [0x0000000002b6ffa0, 0x0000000002b704d0]
Event: 5.234 Thread 0x000000001de59800 1742       3       java.lang.invoke.MethodHandles::access$000 (4 bytes)
Event: 5.234 Thread 0x000000001de59800 nmethod 1742 0x0000000002b70690 code [0x0000000002b707e0, 0x0000000002b70910]

GC Heap History (0 events):
No events

Deoptimization events (10 events):
Event: 3.687 Thread 0x000000001ec97000 Uncommon trap: reason=class_check action=maybe_recompile pc=0x0000000002851928 method=java.io.DataInputStream.readShort()S @ 4
Event: 3.687 Thread 0x000000001ec97000 Uncommon trap: reason=class_check action=maybe_recompile pc=0x0000000002851928 method=java.io.DataInputStream.readShort()S @ 4
Event: 3.687 Thread 0x000000001ec97000 Uncommon trap: reason=class_check action=maybe_recompile pc=0x0000000002851928 method=java.io.DataInputStream.readShort()S @ 4
Event: 3.690 Thread 0x000000001ec97000 Uncommon trap: reason=class_check action=maybe_recompile pc=0x00000000026fce40 method=java.lang.String.equals(Ljava/lang/Object;)Z @ 8
Event: 3.690 Thread 0x000000001ec97000 Uncommon trap: reason=class_check action=maybe_recompile pc=0x00000000026fce40 method=java.lang.String.equals(Ljava/lang/Object;)Z @ 8
Event: 3.690 Thread 0x000000001ec97000 Uncommon trap: reason=class_check action=maybe_recompile pc=0x00000000026fce40 method=java.lang.String.equals(Ljava/lang/Object;)Z @ 8
Event: 3.691 Thread 0x000000001ec97000 Uncommon trap: reason=class_check action=maybe_recompile pc=0x00000000026fce40 method=java.lang.String.equals(Ljava/lang/Object;)Z @ 8
Event: 3.704 Thread 0x000000001ec97000 Uncommon trap: reason=unstable_if action=reinterpret pc=0x00000000029343bc method=java.lang.String.regionMatches(ZILjava/lang/String;II)Z @ 123
Event: 3.811 Thread 0x000000001ec97000 Uncommon trap: reason=unstable_if action=reinterpret pc=0x00000000029f27b0 method=jdk.internal.org.objectweb.asm.Type.getArgumentsAndReturnSizes(Ljava/lang/String;)I @ 47
Event: 5.154 Thread 0x000000001ec97000 Uncommon trap: reason=unstable_if action=reinterpret pc=0x0000000002b3fc14 method=javafx.scene.Node.updateLocalToParentTransform()V @ 4

Classes redefined (0 events):
No events

Internal exceptions (10 events):
Event: 1.275 Thread 0x000000001ec97000 Exception <a 'java/lang/ArrayIndexOutOfBoundsException'> (0x000000076d034098) thrown at [C:\re\workspace\8-2-build-windows-amd64-cygwin\jdk8u202\12323\hotspot\src\share\vm\runtime\sharedRuntime.cpp, line 605]
Event: 1.392 Thread 0x000000001ec97000 Exception <a 'java/lang/ArrayIndexOutOfBoundsException'> (0x000000076d67ee48) thrown at [C:\re\workspace\8-2-build-windows-amd64-cygwin\jdk8u202\12323\hotspot\src\share\vm\runtime\sharedRuntime.cpp, line 605]
Event: 1.392 Thread 0x000000001ec97000 Exception <a 'java/lang/ArrayIndexOutOfBoundsException'> (0x000000076d67fc60) thrown at [C:\re\workspace\8-2-build-windows-amd64-cygwin\jdk8u202\12323\hotspot\src\share\vm\runtime\sharedRuntime.cpp, line 605]
Event: 1.392 Thread 0x000000001ec97000 Exception <a 'java/lang/ArrayIndexOutOfBoundsException'> (0x000000076d6814d0) thrown at [C:\re\workspace\8-2-build-windows-amd64-cygwin\jdk8u202\12323\hotspot\src\share\vm\runtime\sharedRuntime.cpp, line 605]
Event: 1.406 Thread 0x000000001ec97000 Implicit null exception at 0x0000000002891854 to 0x0000000002891c15
Event: 2.515 Thread 0x000000001ec97000 Exception <a 'java/net/ConnectException': Connection refused: connect> (0x000000076dd1ddf8) thrown at [C:\re\workspace\8-2-build-windows-amd64-cygwin\jdk8u202\12323\hotspot\src\share\vm\prims\jni.cpp, line 736]
Event: 3.517 Thread 0x000000001ec97000 Exception <a 'java/net/ConnectException': Connection refused: connect> (0x000000076dd1e938) thrown at [C:\re\workspace\8-2-build-windows-amd64-cygwin\jdk8u202\12323\hotspot\src\share\vm\prims\jni.cpp, line 736]
Event: 3.577 Thread 0x000000001ec97000 Implicit null exception at 0x00000000028ba2b5 to 0x00000000028ba4e5
Event: 3.578 Thread 0x000000001ec97000 Implicit null exception at 0x00000000029051ef to 0x0000000002905259
Event: 5.238 Thread 0x000000001f088800 Exception <a 'java/lang/IllegalStateException'> (0x000000076f0464c0) thrown at [C:\re\workspace\8-2-build-windows-amd64-cygwin\jdk8u202\12323\hotspot\src\share\vm\prims\jvm.cpp, line 1506]

Events (10 events):
Event: 5.237 loading class java/util/IdentityHashMap$IdentityHashMapIterator
Event: 5.237 loading class java/util/IdentityHashMap$IdentityHashMapIterator done
Event: 5.237 loading class java/util/IdentityHashMap$KeyIterator done
Event: 5.237 Thread 0x000000001f088800 Thread added: 0x000000001f088800
Event: 5.238 loading class com/sun/javafx/tk/quantum/QuantumRenderer
Event: 5.238 loading class com/sun/javafx/tk/quantum/QuantumRenderer done
Event: 5.238 loading class com/sun/javafx/tk/quantum/QuantumToolkit
Event: 5.238 loading class com/sun/javafx/tk/quantum/QuantumToolkit done
Event: 5.238 Thread 0x000000001f088800 Thread exited: 0x000000001f088800
Event: 5.238 Executing VM operation: Exit


Dynamic libraries:
0x00007ff7197a0000 - 0x00007ff7197d7000 	C:\Program Files\Java\jre1.8.0_202\bin\javaw.exe
0x00007fff27ed0000 - 0x00007fff280bd000 	C:\WINDOWS\SYSTEM32\ntdll.dll
0x00007fff26720000 - 0x00007fff267d3000 	C:\WINDOWS\System32\KERNEL32.DLL
0x00007fff24c40000 - 0x00007fff24ed3000 	C:\WINDOWS\System32\KERNELBASE.dll
0x00007fff25160000 - 0x00007fff25203000 	C:\WINDOWS\System32\ADVAPI32.dll
0x00007fff27e00000 - 0x00007fff27e9e000 	C:\WINDOWS\System32\msvcrt.dll
0x00007fff25210000 - 0x00007fff252ae000 	C:\WINDOWS\System32\sechost.dll
0x00007fff25e30000 - 0x00007fff25f52000 	C:\WINDOWS\System32\RPCRT4.dll
0x00007fff26410000 - 0x00007fff265a7000 	C:\WINDOWS\System32\USER32.dll
0x00007fff24f10000 - 0x00007fff24f30000 	C:\WINDOWS\System32\win32u.dll
0x00007fff26180000 - 0x00007fff261a9000 	C:\WINDOWS\System32\GDI32.dll
0x00007fff24350000 - 0x00007fff244ea000 	C:\WINDOWS\System32\gdi32full.dll
0x00007fff25060000 - 0x00007fff25100000 	C:\WINDOWS\System32\msvcp_win.dll
0x00007fff23fa0000 - 0x00007fff2409a000 	C:\WINDOWS\System32\ucrtbase.dll
0x00007fff16900000 - 0x00007fff16b79000 	C:\WINDOWS\WinSxS\amd64_microsoft.windows.common-controls_6595b64144ccf1df_6.0.17763.379_none_05b83be8071c94a1\COMCTL32.dll
0x00007fff259e0000 - 0x00007fff25d0d000 	C:\WINDOWS\System32\combase.dll
0x00007fff24280000 - 0x00007fff242fe000 	C:\WINDOWS\System32\bcryptPrimitives.dll
0x00007fff261b0000 - 0x00007fff261de000 	C:\WINDOWS\System32\IMM32.DLL
0x0000000051100000 - 0x00000000511d2000 	C:\Program Files\Java\jre1.8.0_202\bin\msvcr100.dll
0x00000000511e0000 - 0x0000000051a85000 	C:\Program Files\Java\jre1.8.0_202\bin\server\jvm.dll
0x00007fff25d10000 - 0x00007fff25d18000 	C:\WINDOWS\System32\PSAPI.DLL
0x00007fff18970000 - 0x00007fff18994000 	C:\WINDOWS\SYSTEM32\WINMM.dll
0x00007fff16bb0000 - 0x00007fff16bb9000 	C:\WINDOWS\SYSTEM32\WSOCK32.dll
0x00007fff1bb30000 - 0x00007fff1bb3a000 	C:\WINDOWS\SYSTEM32\VERSION.dll
0x00007fff26240000 - 0x00007fff262ad000 	C:\WINDOWS\System32\WS2_32.dll
0x00007fff18730000 - 0x00007fff1875d000 	C:\WINDOWS\SYSTEM32\WINMMBASE.dll
0x00007fff24300000 - 0x00007fff2434a000 	C:\WINDOWS\System32\cfgmgr32.dll
0x00007fff1d670000 - 0x00007fff1d67f000 	C:\Program Files\Java\jre1.8.0_202\bin\verify.dll
0x00007fff1c820000 - 0x00007fff1c849000 	C:\Program Files\Java\jre1.8.0_202\bin\java.dll
0x00007fff1d5f0000 - 0x00007fff1d606000 	C:\Program Files\Java\jre1.8.0_202\bin\zip.dll
0x00007fff26910000 - 0x00007fff27e00000 	C:\WINDOWS\System32\SHELL32.dll
0x00007fff25d80000 - 0x00007fff25e28000 	C:\WINDOWS\System32\shcore.dll
0x00007fff244f0000 - 0x00007fff24c3a000 	C:\WINDOWS\System32\windows.storage.dll
0x00007fff23f70000 - 0x00007fff23f94000 	C:\WINDOWS\System32\profapi.dll
0x00007fff23ef0000 - 0x00007fff23f4d000 	C:\WINDOWS\System32\powrprof.dll
0x00007fff261e0000 - 0x00007fff26232000 	C:\WINDOWS\System32\shlwapi.dll
0x00007fff23ed0000 - 0x00007fff23ee1000 	C:\WINDOWS\System32\kernel.appcore.dll
0x00007fff24f30000 - 0x00007fff24f47000 	C:\WINDOWS\System32\cryptsp.dll
0x000000001f420000 - 0x000000001f423000 	C:\Program Files\Java\jre1.8.0_202\bin\api-ms-win-core-console-l1-1-0.dll
0x000000001f430000 - 0x000000001f433000 	C:\Program Files\Java\jre1.8.0_202\bin\api-ms-win-core-datetime-l1-1-0.dll
0x000000001f440000 - 0x000000001f443000 	C:\Program Files\Java\jre1.8.0_202\bin\api-ms-win-core-debug-l1-1-0.dll
0x000000001f450000 - 0x000000001f453000 	C:\Program Files\Java\jre1.8.0_202\bin\api-ms-win-core-errorhandling-l1-1-0.dll
0x000000001f460000 - 0x000000001f464000 	C:\Program Files\Java\jre1.8.0_202\bin\api-ms-win-core-file-l1-1-0.dll
0x000000001f470000 - 0x000000001f473000 	C:\Program Files\Java\jre1.8.0_202\bin\api-ms-win-core-file-l1-2-0.dll
0x000000001f480000 - 0x000000001f483000 	C:\Program Files\Java\jre1.8.0_202\bin\api-ms-win-core-file-l2-1-0.dll
0x000000001f490000 - 0x000000001f493000 	C:\Program Files\Java\jre1.8.0_202\bin\api-ms-win-core-handle-l1-1-0.dll
0x000000001f4a0000 - 0x000000001f4a3000 	C:\Program Files\Java\jre1.8.0_202\bin\api-ms-win-core-heap-l1-1-0.dll
0x000000001f4b0000 - 0x000000001f4b3000 	C:\Program Files\Java\jre1.8.0_202\bin\api-ms-win-core-interlocked-l1-1-0.dll
0x000000001f4c0000 - 0x000000001f4c3000 	C:\Program Files\Java\jre1.8.0_202\bin\api-ms-win-core-libraryloader-l1-1-0.dll
0x000000001f4d0000 - 0x000000001f4d3000 	C:\Program Files\Java\jre1.8.0_202\bin\api-ms-win-core-localization-l1-2-0.dll
0x000000001f4e0000 - 0x000000001f4e3000 	C:\Program Files\Java\jre1.8.0_202\bin\api-ms-win-core-memory-l1-1-0.dll
0x000000001f4f0000 - 0x000000001f4f3000 	C:\Program Files\Java\jre1.8.0_202\bin\api-ms-win-core-namedpipe-l1-1-0.dll
0x000000001f500000 - 0x000000001f503000 	C:\Program Files\Java\jre1.8.0_202\bin\api-ms-win-core-processenvironment-l1-1-0.dll
0x000000001f510000 - 0x000000001f513000 	C:\Program Files\Java\jre1.8.0_202\bin\api-ms-win-core-processthreads-l1-1-0.dll
0x000000001f520000 - 0x000000001f523000 	C:\Program Files\Java\jre1.8.0_202\bin\api-ms-win-core-processthreads-l1-1-1.dll
0x000000001f530000 - 0x000000001f533000 	C:\Program Files\Java\jre1.8.0_202\bin\api-ms-win-core-profile-l1-1-0.dll
0x000000001f540000 - 0x000000001f543000 	C:\Program Files\Java\jre1.8.0_202\bin\api-ms-win-core-rtlsupport-l1-1-0.dll
0x000000001f550000 - 0x000000001f553000 	C:\Program Files\Java\jre1.8.0_202\bin\api-ms-win-core-string-l1-1-0.dll
0x000000001f560000 - 0x000000001f563000 	C:\Program Files\Java\jre1.8.0_202\bin\api-ms-win-core-synch-l1-1-0.dll
0x000000001f570000 - 0x000000001f573000 	C:\Program Files\Java\jre1.8.0_202\bin\api-ms-win-core-synch-l1-2-0.dll
0x000000001f580000 - 0x000000001f583000 	C:\Program Files\Java\jre1.8.0_202\bin\api-ms-win-core-sysinfo-l1-1-0.dll
0x000000001f590000 - 0x000000001f593000 	C:\Program Files\Java\jre1.8.0_202\bin\api-ms-win-core-timezone-l1-1-0.dll
0x000000001f5a0000 - 0x000000001f5a3000 	C:\Program Files\Java\jre1.8.0_202\bin\api-ms-win-core-util-l1-1-0.dll
0x000000001f5b0000 - 0x000000001f5b3000 	C:\Program Files\Java\jre1.8.0_202\bin\api-ms-win-crt-conio-l1-1-0.dll
0x000000001f5c0000 - 0x000000001f5c4000 	C:\Program Files\Java\jre1.8.0_202\bin\api-ms-win-crt-convert-l1-1-0.dll
0x000000001f5d0000 - 0x000000001f5d3000 	C:\Program Files\Java\jre1.8.0_202\bin\api-ms-win-crt-environment-l1-1-0.dll
0x000000001f5e0000 - 0x000000001f5e3000 	C:\Program Files\Java\jre1.8.0_202\bin\api-ms-win-crt-filesystem-l1-1-0.dll
0x000000001f5f0000 - 0x000000001f5f3000 	C:\Program Files\Java\jre1.8.0_202\bin\api-ms-win-crt-heap-l1-1-0.dll
0x000000001f600000 - 0x000000001f603000 	C:\Program Files\Java\jre1.8.0_202\bin\api-ms-win-crt-locale-l1-1-0.dll
0x000000001f610000 - 0x000000001f615000 	C:\Program Files\Java\jre1.8.0_202\bin\api-ms-win-crt-math-l1-1-0.dll
0x000000001f620000 - 0x000000001f625000 	C:\Program Files\Java\jre1.8.0_202\bin\api-ms-win-crt-multibyte-l1-1-0.dll
0x000000001f630000 - 0x000000001f640000 	C:\Program Files\Java\jre1.8.0_202\bin\api-ms-win-crt-private-l1-1-0.dll
0x000000001f640000 - 0x000000001f643000 	C:\Program Files\Java\jre1.8.0_202\bin\api-ms-win-crt-process-l1-1-0.dll
0x000000001f650000 - 0x000000001f654000 	C:\Program Files\Java\jre1.8.0_202\bin\api-ms-win-crt-runtime-l1-1-0.dll
0x000000001f660000 - 0x000000001f664000 	C:\Program Files\Java\jre1.8.0_202\bin\api-ms-win-crt-stdio-l1-1-0.dll
0x000000001f670000 - 0x000000001f674000 	C:\Program Files\Java\jre1.8.0_202\bin\api-ms-win-crt-string-l1-1-0.dll
0x000000001f680000 - 0x000000001f683000 	C:\Program Files\Java\jre1.8.0_202\bin\api-ms-win-crt-time-l1-1-0.dll
0x000000001f690000 - 0x000000001f693000 	C:\Program Files\Java\jre1.8.0_202\bin\api-ms-win-crt-utility-l1-1-0.dll
0x00007ffee5a80000 - 0x00007ffee5b76000 	C:\Program Files\Java\jre1.8.0_202\bin\ucrtbase.dll
0x00007fff18380000 - 0x00007fff18396000 	C:\Program Files\Java\jre1.8.0_202\bin\vcruntime140.dll
0x00007ffee8e90000 - 0x00007ffee8f2c000 	C:\Program Files\Java\jre1.8.0_202\bin\msvcp140.dll
0x00007ffef8bb0000 - 0x00007ffef8c01000 	C:\Program Files\Java\jre1.8.0_202\bin\concrt140.dll
0x00007ffef89d0000 - 0x00007ffef89f3000 	C:\Program Files\Java\jre1.8.0_202\bin\prism_d3d.dll
0x00007ffee73a0000 - 0x00007ffee753e000 	C:\WINDOWS\system32\d3d9.dll
0x00007fff22570000 - 0x00007fff2259e000 	C:\WINDOWS\SYSTEM32\dwmapi.dll
0x00007fff240a0000 - 0x00007fff2427b000 	C:\WINDOWS\System32\CRYPT32.dll
0x00007fff23f50000 - 0x00007fff23f62000 	C:\WINDOWS\System32\MSASN1.dll
0x00007fff1ee70000 - 0x00007fff1ef0c000 	C:\WINDOWS\system32\uxtheme.dll
0x00007ffeba9d0000 - 0x00007ffebd9cd000 	C:\WINDOWS\System32\DriverStore\FileRepository\k127369.inf_amd64_b8b3c10a6624488c\igd9dxva64.dll
0x00007fff262b0000 - 0x00007fff26405000 	C:\WINDOWS\System32\ole32.dll
0x00007fff25f60000 - 0x00007fff2602b000 	C:\WINDOWS\System32\OLEAUT32.dll
0x00007ffed09c0000 - 0x00007ffed0a09000 	C:\Program Files\Java\jre1.8.0_202\bin\glass.dll
0x00007fff267e0000 - 0x00007fff26907000 	C:\WINDOWS\System32\COMDLG32.dll
0x00007fff265b0000 - 0x00007fff2671a000 	C:\WINDOWS\System32\MSCTF.dll
0x00007fff15080000 - 0x00007fff15094000 	C:\Program Files\Java\jre1.8.0_202\bin\javafx_font.dll
0x00007fff0ac10000 - 0x00007fff0af0f000 	C:\WINDOWS\SYSTEM32\dwrite.dll
0x00007fff1ce10000 - 0x00007fff1ce2a000 	C:\Program Files\Java\jre1.8.0_202\bin\net.dll
0x00007fff18c00000 - 0x00007fff18dd6000 	C:\WINDOWS\SYSTEM32\urlmon.dll
0x00007fff17450000 - 0x00007fff176f8000 	C:\WINDOWS\SYSTEM32\iertutil.dll
0x00007fff23920000 - 0x00007fff2392c000 	C:\WINDOWS\SYSTEM32\CRYPTBASE.DLL
0x00007fff23750000 - 0x00007fff237b7000 	C:\WINDOWS\system32\mswsock.dll
0x00007fff234f0000 - 0x00007fff235b6000 	C:\WINDOWS\SYSTEM32\DNSAPI.dll
0x00007fff26090000 - 0x00007fff26098000 	C:\WINDOWS\System32\NSI.dll
0x00007fff234b0000 - 0x00007fff234ed000 	C:\WINDOWS\SYSTEM32\IPHLPAPI.DLL
0x00007fff17dc0000 - 0x00007fff17dca000 	C:\Windows\System32\rasadhlp.dll
0x00007fff17df0000 - 0x00007fff17e69000 	C:\WINDOWS\System32\fwpuclnt.dll
0x00007fff24ee0000 - 0x00007fff24f06000 	C:\WINDOWS\System32\bcrypt.dll
0x00007fff260d0000 - 0x00007fff26172000 	C:\WINDOWS\System32\clbcatq.dll
0x00007fff162e0000 - 0x00007fff16498000 	C:\WINDOWS\SYSTEM32\WindowsCodecs.dll
0x00007ffef2740000 - 0x00007ffef2796000 	C:\WINDOWS\system32\dataexchange.dll
0x00007fff1db10000 - 0x00007fff1dd8e000 	C:\WINDOWS\system32\d3d11.dll
0x00007fff1e390000 - 0x00007fff1e553000 	C:\WINDOWS\system32\dcomp.dll
0x00007fff22c50000 - 0x00007fff22d12000 	C:\WINDOWS\system32\dxgi.dll
0x00007fff22230000 - 0x00007fff2243d000 	C:\WINDOWS\system32\twinapi.appcore.dll
0x00007fff22440000 - 0x00007fff22468000 	C:\WINDOWS\system32\RMCLIENT.dll
0x00007ffecc810000 - 0x00007ffecc843000 	C:\Program Files\Common Files\Microsoft Shared\Ink\rtscom.dll
0x00007fff14bb0000 - 0x00007fff14c45000 	C:\WINDOWS\System32\TextInputFramework.dll
0x00007fff14710000 - 0x00007fff14a32000 	C:\WINDOWS\System32\CoreUIComponents.dll
0x00007fff1e900000 - 0x00007fff1e9e2000 	C:\WINDOWS\System32\CoreMessaging.dll
0x00007fff22f90000 - 0x00007fff22fc1000 	C:\WINDOWS\SYSTEM32\ntmarta.dll
0x00007fff1c650000 - 0x00007fff1c7a3000 	C:\WINDOWS\SYSTEM32\wintypes.dll
0x00007fff0fe20000 - 0x00007fff0fe8c000 	C:\WINDOWS\system32\Oleacc.dll
0x00007fff0b850000 - 0x00007fff0b862000 	C:\Program Files\Java\jre1.8.0_202\bin\prism_common.dll
0x00007fff228b0000 - 0x00007fff22a9d000 	C:\WINDOWS\SYSTEM32\dbghelp.dll

VM Arguments:
jvm_args: -Dfile.encoding=Cp1252 
java_command: application.Main
java_class_path (initial): C:\Users\nope\Desktop\GitRepos\TimerToDo\bin;C:\Users\nope\Desktop\GitRepos\ReferencedLibraries\mysql-connector-java-8.0.15\mysql-connector-java-8.0.15.jar;C:\Users\nope\Desktop\jfoenix-8.0.8.jar;C:\Users\nope\.p2\pool\plugins\org.eclipse.fx.ide.css.jfx8_3.5.0.201902220800.jar
Launcher Type: SUN_STANDARD

Environment Variables:
JAVA_HOME=C:\NVPACK\jdk1.8.0_77
PATH=C:/Program Files/Java/jre1.8.0_202/bin/server;C:/Program Files/Java/jre1.8.0_202/bin;C:/Program Files/Java/jre1.8.0_202/lib/amd64;C:\Program Files\Microsoft MPI\Bin\;C:\Program Files (x86)\Common Files\Oracle\Java\javapath;C:\WINDOWS\system32;C:\WINDOWS;C:\WINDOWS\System32\Wbem;C:\WINDOWS\System32\WindowsPowerShell\v1.0\;C:\WINDOWS\System32\OpenSSH\;C:\Program Files\dotnet\;C:\Program Files\Git\cmd;C:\Program Files (x86)\Microsoft SQL Server\140\Tools\Binn\;C:\Program Files\Microsoft SQL Server\140\Tools\Binn\;C:\Program Files (x86)\Microsoft SQL Server\140\DTS\Binn\;C:\Program Files\Microsoft SQL Server\140\DTS\Binn\;C:\Program Files\Microsoft SQL Server\Client SDK\ODBC\130\Tools\Binn\;C:\Program Files (x86)\Microsoft SQL Server\Client SDK\ODBC\130\Tools\Binn\;C:\Program Files (x86)\Microsoft SQL Server\140\Tools\Binn\ManagementStudio\;C:\Program Files\nodejs\;C:\NVPACK\gradle-2.9\bin;C:\NVPACK\apache-ant-1.8.2\bin;C:\NVPACK\jdk1.8.0_77\bin;C:\NVPACK\android-ndk-r12b;C:\NVPACK\android-sdk-windows\extras\android\support;C:\NVPACK\android-sdk-windows\build-tools;C:\NVPACK\android-sdk-windows\platform-tools;C:\NVPACK\android-sdk-windows\tools;C:\Users\nope\AppData\Local\Microsoft\WindowsApps;C:\Users\nope\IntelliJ IDEA Community Edition 2018.3.4\bin;;C:\Program Files\MySQL\MySQL Server 8.0\bin;;C:\Users\nope\Desktop;
USERNAME=nope
OS=Windows_NT
PROCESSOR_IDENTIFIER=Intel64 Family 6 Model 158 Stepping 9, GenuineIntel



---------------  S Y S T E M  ---------------

OS: Windows 10.0 , 64 bit Build 17763 (10.0.17763.379)

CPU:total 8 (initial active 8) (4 cores per cpu, 2 threads per core) family 6 model 158 stepping 9, cmov, cx8, fxsr, mmx, sse, sse2, sse3, ssse3, sse4.1, sse4.2, popcnt, avx, avx2, aes, clmul, erms, 3dnowpref, lzcnt, ht, tsc, tscinvbit, bmi1, bmi2, adx

Memory: 4k page, physical 16587404k(9415748k free), swap 17635980k(7990888k free)

vm_info: Java HotSpot(TM) 64-Bit Server VM (25.202-b08) for windows-amd64 JRE (1.8.0_202-b08), built on Dec 15 2018 19:54:30 by "java_re" with MS VC++ 10.0 (VS2010)

time: Fri Apr 05 21:40:08 2019
timezone: Eastern Daylight Time
elapsed time: 5 seconds (0d 0h 0m 5s)

