#
# A fatal error has been detected by the Java Runtime Environment:
#
#  EXCEPTION_ACCESS_VIOLATION (0xc0000005) at pc=0x00007ffe59aa78b0, pid=11948, tid=0x000000000000374c
#
# JRE version: Java(TM) SE Runtime Environment (8.0_202-b08) (build 1.8.0_202-b08)
# Java VM: Java HotSpot(TM) 64-Bit Server VM (25.202-b08 mixed mode windows-amd64 compressed oops)
# Problematic frame:
# C  [glass.dll+0x278b0]
#
# Failed to write core dump. Minidumps are not enabled by default on client versions of Windows
#
# If you would like to submit a bug report, please visit:
#   http://bugreport.java.com/bugreport/crash.jsp
#

---------------  T H R E A D  ---------------

Current thread (0x000000001c8d8000):  VMThread [stack: 0x000000001e5b0000,0x000000001e6b0000] [id=14156]

siginfo: ExceptionCode=0xc0000005, reading address 0x0000000000000000

Registers:
RAX=0x0000000000000000, RBX=0x000000001f62a9e8, RCX=0x000000001c8d8000, RDX=0x000000006e8c24e8
RSP=0x000000001e6af520, RBP=0x0000000000ee0b88, RSI=0x0000000000ee0b60, RDI=0x0000361506c8be65
R8 =0x0000000000010002, R9 =0x0000361506c8be65, R10=0x0000000000e000f0, R11=0x0000000000f4fb40
R12=0x00007ffe59aa48dc, R13=0x0000000002d61658, R14=0x000000001e6af628, R15=0x0000000000ee0b60
RIP=0x00007ffe59aa78b0, EFLAGS=0x0000000000010206

Top of Stack: (sp=0x000000001e6af520)
0x000000001e6af520:   0000000000000000 00007ffea004c7eb
0x000000001e6af530:   0000000000ee0b70 0000000000000000
0x000000001e6af540:   fffffffffffffffe 00007ffe59aa48dc
0x000000001e6af550:   0000000000ee0b68 00007ffea0053e26
0x000000001e6af560:   00004372cded10b6 0000000000000000
0x000000001e6af570:   0000000000ee0b88 0000000000ee0b60
0x000000001e6af580:   fffffffffffffffe 0000000000000001
0x000000001e6af590:   0000000000000001 00007ffe59a80000
0x000000001e6af5a0:   000000001e6af618 00007ffea0053d4b
0x000000001e6af5b0:   0000000000000000 000000001e6af628
0x000000001e6af5c0:   000000001c765400 00007ffea012c130
0x000000001e6af5d0:   0000000000000000 00007ffea0053d04
0x000000001e6af5e0:   0000000000000000 0000000000000001
0x000000001e6af5f0:   000000001f708850 000000001e6af618
0x000000001e6af600:   0000000000000000 00007ffe59aa4752
0x000000001e6af610:   00007ffe59abf108 0000000000000002 

Instructions: (pc=0x00007ffe59aa78b0)
0x00007ffe59aa7890:   40 53 48 83 ec 30 48 c7 44 24 20 fe ff ff ff 48
0x00007ffe59aa78a0:   8b 1d 7a 72 01 00 48 85 db 74 16 e8 00 81 ff ff
0x00007ffe59aa78b0:   4c 8b 00 48 8b d3 48 8b c8 41 ff 90 b0 00 00 00
0x00007ffe59aa78c0:   90 48 83 c4 30 5b c3 cc cc cc cc cc cc cc cc cc 


Register to memory mapping:

RAX=0x0000000000000000 is an unknown value
RBX=0x000000001f62a9e8 is a global jni handle
RCX=0x000000001c8d8000 is an unknown value
RDX=0x000000006e8c24e8 is an unknown value
RSP=0x000000001e6af520 is an unknown value
RBP=0x0000000000ee0b88 is an unknown value
RSI=0x0000000000ee0b60 is an unknown value
RDI=0x0000361506c8be65 is an unknown value
R8 =0x0000000000010002 is an unknown value
R9 =0x0000361506c8be65 is an unknown value
R10=0x0000000000e000f0 is an unknown value
R11=0x0000000000f4fb40 is an unknown value
R12=0x00007ffe59aa48dc is an unknown value
R13=0x0000000002d61658 is an unknown value
R14=0x000000001e6af628 is an unknown value
R15=0x0000000000ee0b60 is an unknown value


Stack: [0x000000001e5b0000,0x000000001e6b0000],  sp=0x000000001e6af520,  free space=1021k
Native frames: (J=compiled Java code, j=interpreted, Vv=VM code, C=native code)
C  [glass.dll+0x278b0]
C  [ucrtbase.dll+0x13e26]
C  [ucrtbase.dll+0x13d4b]
C  [ucrtbase.dll+0x13d04]
C  [glass.dll+0x24752]
C  [glass.dll+0x24850]
C  [ntdll.dll+0x48f07]
C  [ntdll.dll+0x435bc]
C  [ntdll.dll+0x66dad]
C  [KERNEL32.DLL+0x1d3ba]
C  [msvcr100.dll+0x20ccd]
V  [jvm.dll+0x214045]
V  [jvm.dll+0x24d5d7]
V  [jvm.dll+0x24c876]
V  [jvm.dll+0x24cd11]
V  [jvm.dll+0x24cf2e]
V  [jvm.dll+0x29fc6a]
C  [msvcr100.dll+0x21d9f]
C  [msvcr100.dll+0x21e3b]
C  [KERNEL32.DLL+0x181f4]
C  [ntdll.dll+0x6a251]

VM_Operation (0x00000000204ca090): Exit, mode: safepoint, requested by thread 0x000000001f64a000


---------------  P R O C E S S  ---------------

Java Threads: ( => current thread )
  0x000000001fcb3800 JavaThread "Prism Font Disposer" daemon [_thread_blocked, id=6864, stack(0x000000002aaa0000,0x000000002aba0000)]
  0x000000001fd47800 JavaThread "mysql-cj-abandoned-connection-cleanup" daemon [_thread_blocked, id=17852, stack(0x00000000286b0000,0x00000000287b0000)]
  0x000000001f68e800 JavaThread "Thread-3" daemon [_thread_in_native, id=3320, stack(0x0000000026fe0000,0x00000000270e0000)]
  0x000000001f68f800 JavaThread "JavaFX-Launcher" [_thread_blocked, id=17380, stack(0x00000000270e0000,0x00000000271e0000)]
  0x000000001f64a000 JavaThread "JavaFX Application Thread" [_thread_blocked, id=17572, stack(0x00000000203d0000,0x00000000204d0000)]
  0x000000001f63e800 JavaThread "Thread-1" daemon [_thread_blocked, id=7280, stack(0x00000000202d0000,0x00000000203d0000)]
  0x000000001f60b800 JavaThread "QuantumRenderer-0" daemon [_thread_blocked, id=17680, stack(0x000000001fef0000,0x000000001fff0000)]
  0x000000001e87b000 JavaThread "Service Thread" daemon [_thread_blocked, id=4276, stack(0x000000001f3b0000,0x000000001f4b0000)]
  0x000000001e7fc800 JavaThread "C1 CompilerThread3" daemon [_thread_blocked, id=3312, stack(0x000000001f2b0000,0x000000001f3b0000)]
  0x000000001e7e4000 JavaThread "C2 CompilerThread2" daemon [_thread_blocked, id=16724, stack(0x000000001f1b0000,0x000000001f2b0000)]
  0x000000001e7dd800 JavaThread "C2 CompilerThread1" daemon [_thread_blocked, id=15576, stack(0x000000001f0b0000,0x000000001f1b0000)]
  0x000000001e7db800 JavaThread "C2 CompilerThread0" daemon [_thread_blocked, id=14512, stack(0x000000001efb0000,0x000000001f0b0000)]
  0x000000001c8ee000 JavaThread "Attach Listener" daemon [_thread_blocked, id=13924, stack(0x000000001eeb0000,0x000000001efb0000)]
  0x000000001c8eb000 JavaThread "Signal Dispatcher" daemon [_thread_blocked, id=3208, stack(0x000000001edb0000,0x000000001eeb0000)]
  0x000000001c8e2800 JavaThread "Finalizer" daemon [_thread_blocked, id=16876, stack(0x000000001ebb0000,0x000000001ecb0000)]
  0x0000000002f69000 JavaThread "Reference Handler" daemon [_thread_blocked, id=16636, stack(0x000000001e6b0000,0x000000001e7b0000)]
  0x0000000002e72800 JavaThread "main" [_thread_blocked, id=9352, stack(0x0000000002d70000,0x0000000002e70000)]

Other Threads:
=>0x000000001c8d8000 VMThread [stack: 0x000000001e5b0000,0x000000001e6b0000] [id=14156]

VM state:at safepoint (shutting down)

VM Mutex/Monitor currently owned by a thread:  ([mutex/lock_event])
[0x0000000002d6db20] Threads_lock - owner thread: 0x000000001c8d8000

heap address: 0x00000006c2e00000, size: 4050 MB, Compressed Oops mode: Zero based, Oop shift amount: 3
Narrow klass base: 0x0000000000000000, Narrow klass shift: 3
Compressed class space size: 1073741824 Address: 0x00000007c0000000

Heap:
 PSYoungGen      total 75776K, used 62155K [0x000000076ba00000, 0x0000000770e80000, 0x00000007c0000000)
  eden space 65024K, 95% used [0x000000076ba00000,0x000000076f6b2db0,0x000000076f980000)
  from space 10752K, 0% used [0x0000000770400000,0x0000000770400000,0x0000000770e80000)
  to   space 10752K, 0% used [0x000000076f980000,0x000000076f980000,0x0000000770400000)
 ParOldGen       total 173568K, used 0K [0x00000006c2e00000, 0x00000006cd780000, 0x000000076ba00000)
  object space 173568K, 0% used [0x00000006c2e00000,0x00000006c2e00000,0x00000006cd780000)
 Metaspace       used 19791K, capacity 20668K, committed 20864K, reserved 1067008K
  class space    used 2892K, capacity 3096K, committed 3200K, reserved 1048576K

Card table byte_map: [0x0000000012330000,0x0000000012b20000] byte_map_base: 0x000000000ed19000

Marking Bits: (ParMarkBitMap*) 0x000000006eab5ce0
 Begin Bits: [0x0000000013870000, 0x00000000177b8000)
 End Bits:   [0x00000000177b8000, 0x000000001b700000)

Polling page: 0x0000000000e40000

CodeCache: size=245760Kb used=6029Kb max_used=6029Kb free=239730Kb
 bounds [0x0000000002f70000, 0x0000000003560000, 0x0000000011f70000]
 total_blobs=2608 nmethods=1936 adapters=584
 compilation: enabled

Compilation events (10 events):
Event: 6.186 Thread 0x000000001e7fc800 nmethod 1931 0x0000000003553610 code [0x0000000003553760, 0x00000000035538b0]
Event: 6.186 Thread 0x000000001e7fc800 1932       3       java.lang.invoke.Invokers::checkGenericType (16 bytes)
Event: 6.186 Thread 0x000000001e7fc800 nmethod 1932 0x0000000003553910 code [0x0000000003553aa0, 0x00000000035540c8]
Event: 6.186 Thread 0x000000001e7fc800 1933       3       java.lang.invoke.Invokers::checkCustomized (20 bytes)
Event: 6.186 Thread 0x000000001e7fc800 nmethod 1933 0x0000000003554290 code [0x0000000003554400, 0x00000000035546a8]
Event: 6.190 Thread 0x000000001e7fc800 1934       3       java.lang.invoke.LambdaForm$DMH/666988784::invokeStatic_L6_L (24 bytes)
Event: 6.190 Thread 0x000000001e7fc800 nmethod 1934 0x0000000003554790 code [0x0000000003554920, 0x0000000003554ed8]
Event: 6.190 Thread 0x000000001e7fc800 1935       3       java.lang.invoke.MethodHandleNatives::linkCallSite (65 bytes)
Event: 6.190 Thread 0x000000001e7fc800 nmethod 1935 0x0000000003555050 code [0x0000000003555200, 0x00000000035557e8]
Event: 6.190 Thread 0x000000001e7fc800 1939       1       com.sun.prism.d3d.D3DResource$D3DRecord::getResource (5 bytes)

GC Heap History (0 events):
No events

Deoptimization events (10 events):
Event: 3.785 Thread 0x000000001f64a000 Uncommon trap: reason=class_check action=maybe_recompile pc=0x000000000308d000 method=java.lang.String.equals(Ljava/lang/Object;)Z @ 8
Event: 3.785 Thread 0x000000001f64a000 Uncommon trap: reason=class_check action=maybe_recompile pc=0x000000000308d000 method=java.lang.String.equals(Ljava/lang/Object;)Z @ 8
Event: 3.786 Thread 0x000000001f64a000 Uncommon trap: reason=bimorphic action=maybe_recompile pc=0x00000000033ac9c8 method=java.util.Collections$UnmodifiableList.get(I)Ljava/lang/Object; @ 5
Event: 3.786 Thread 0x000000001f64a000 Uncommon trap: reason=bimorphic action=maybe_recompile pc=0x00000000033ac9c8 method=java.util.Collections$UnmodifiableList.get(I)Ljava/lang/Object; @ 5
Event: 3.786 Thread 0x000000001f64a000 Uncommon trap: reason=bimorphic action=maybe_recompile pc=0x00000000033ac9c8 method=java.util.Collections$UnmodifiableList.get(I)Ljava/lang/Object; @ 5
Event: 3.789 Thread 0x000000001f64a000 Uncommon trap: reason=class_check action=maybe_recompile pc=0x000000000308d000 method=java.lang.String.equals(Ljava/lang/Object;)Z @ 8
Event: 3.803 Thread 0x000000001f64a000 Uncommon trap: reason=unstable_if action=reinterpret pc=0x00000000032ea87c method=java.lang.String.regionMatches(ZILjava/lang/String;II)Z @ 123
Event: 3.874 Thread 0x000000001f64a000 Uncommon trap: reason=unstable_if action=reinterpret pc=0x00000000033483ac method=java.lang.ClassLoader.checkName(Ljava/lang/String;)Z @ 20
Event: 6.087 Thread 0x000000001f64a000 Uncommon trap: reason=unstable_if action=reinterpret pc=0x00000000033a93e8 method=jdk.internal.org.objectweb.asm.Type.getArgumentsAndReturnSizes(Ljava/lang/String;)I @ 47
Event: 6.091 Thread 0x000000001f64a000 Uncommon trap: reason=unstable_if action=reinterpret pc=0x00000000034d03d4 method=javafx.scene.Node.updateLocalToParentTransform()V @ 4

Classes redefined (0 events):
No events

Internal exceptions (10 events):
Event: 1.439 Thread 0x000000001f64a000 Exception <a 'java/lang/ArrayIndexOutOfBoundsException'> (0x000000076d692958) thrown at [C:\re\workspace\8-2-build-windows-amd64-cygwin\jdk8u202\12323\hotspot\src\share\vm\runtime\sharedRuntime.cpp, line 605]
Event: 1.439 Thread 0x000000001f64a000 Exception <a 'java/lang/ArrayIndexOutOfBoundsException'> (0x000000076d693770) thrown at [C:\re\workspace\8-2-build-windows-amd64-cygwin\jdk8u202\12323\hotspot\src\share\vm\runtime\sharedRuntime.cpp, line 605]
Event: 1.440 Thread 0x000000001f64a000 Exception <a 'java/lang/ArrayIndexOutOfBoundsException'> (0x000000076d694fe0) thrown at [C:\re\workspace\8-2-build-windows-amd64-cygwin\jdk8u202\12323\hotspot\src\share\vm\runtime\sharedRuntime.cpp, line 605]
Event: 1.458 Thread 0x000000001f64a000 Implicit null exception at 0x0000000003256e56 to 0x0000000003257205
Event: 2.567 Thread 0x000000001f64a000 Exception <a 'java/net/ConnectException': Connection refused: connect> (0x000000076dd61848) thrown at [C:\re\workspace\8-2-build-windows-amd64-cygwin\jdk8u202\12323\hotspot\src\share\vm\prims\jni.cpp, line 736]
Event: 3.570 Thread 0x000000001f64a000 Exception <a 'java/net/ConnectException': Connection refused: connect> (0x000000076dd62388) thrown at [C:\re\workspace\8-2-build-windows-amd64-cygwin\jdk8u202\12323\hotspot\src\share\vm\prims\jni.cpp, line 736]
Event: 3.655 Thread 0x000000001f64a000 Implicit null exception at 0x0000000003265835 to 0x0000000003265a65
Event: 3.655 Thread 0x000000001f64a000 Implicit null exception at 0x000000000333fe9b to 0x00000000033406b9
Event: 3.657 Thread 0x000000001f64a000 Implicit null exception at 0x000000000328b16f to 0x000000000328b1d9
Event: 6.190 Thread 0x000000001f9c1000 Exception <a 'java/lang/IllegalStateException'> (0x000000076f573fa0) thrown at [C:\re\workspace\8-2-build-windows-amd64-cygwin\jdk8u202\12323\hotspot\src\share\vm\prims\jvm.cpp, line 1506]

Events (10 events):
Event: 6.189 loading class java/util/IdentityHashMap$IdentityHashMapIterator
Event: 6.189 loading class java/util/IdentityHashMap$IdentityHashMapIterator done
Event: 6.189 loading class java/util/IdentityHashMap$KeyIterator done
Event: 6.189 Thread 0x000000001f9c1000 Thread added: 0x000000001f9c1000
Event: 6.190 loading class com/sun/javafx/tk/quantum/QuantumRenderer
Event: 6.190 loading class com/sun/javafx/tk/quantum/QuantumRenderer done
Event: 6.190 loading class com/sun/javafx/tk/quantum/QuantumToolkit
Event: 6.190 loading class com/sun/javafx/tk/quantum/QuantumToolkit done
Event: 6.190 Thread 0x000000001f9c1000 Thread exited: 0x000000001f9c1000
Event: 6.191 Executing VM operation: Exit


Dynamic libraries:
0x00007ff684080000 - 0x00007ff6840b7000 	C:\Program Files\Java\jre1.8.0_202\bin\javaw.exe
0x00007ffea3400000 - 0x00007ffea35ed000 	C:\WINDOWS\SYSTEM32\ntdll.dll
0x00007ffea0ea0000 - 0x00007ffea0f53000 	C:\WINDOWS\System32\KERNEL32.DLL
0x00007ffe9f500000 - 0x00007ffe9f793000 	C:\WINDOWS\System32\KERNELBASE.dll
0x00007ffea0670000 - 0x00007ffea0713000 	C:\WINDOWS\System32\ADVAPI32.dll
0x00007ffea10b0000 - 0x00007ffea114e000 	C:\WINDOWS\System32\msvcrt.dll
0x00007ffea0ad0000 - 0x00007ffea0b6e000 	C:\WINDOWS\System32\sechost.dll
0x00007ffea0830000 - 0x00007ffea0952000 	C:\WINDOWS\System32\RPCRT4.dll
0x00007ffea3230000 - 0x00007ffea33c7000 	C:\WINDOWS\System32\USER32.dll
0x00007ffea02e0000 - 0x00007ffea0300000 	C:\WINDOWS\System32\win32u.dll
0x00007ffea15d0000 - 0x00007ffea15f9000 	C:\WINDOWS\System32\GDI32.dll
0x00007ffea0140000 - 0x00007ffea02da000 	C:\WINDOWS\System32\gdi32full.dll
0x00007ffea0590000 - 0x00007ffea0630000 	C:\WINDOWS\System32\msvcp_win.dll
0x00007ffea0040000 - 0x00007ffea013a000 	C:\WINDOWS\System32\ucrtbase.dll
0x00007ffe8c9d0000 - 0x00007ffe8cc49000 	C:\WINDOWS\WinSxS\amd64_microsoft.windows.common-controls_6595b64144ccf1df_6.0.17763.379_none_05b83be8071c94a1\COMCTL32.dll
0x00007ffea11c0000 - 0x00007ffea14ed000 	C:\WINDOWS\System32\combase.dll
0x00007ffe9f810000 - 0x00007ffe9f88e000 	C:\WINDOWS\System32\bcryptPrimitives.dll
0x00007ffea0640000 - 0x00007ffea066e000 	C:\WINDOWS\System32\IMM32.DLL
0x000000006ddc0000 - 0x000000006de92000 	C:\Program Files\Java\jre1.8.0_202\bin\msvcr100.dll
0x000000006e290000 - 0x000000006eb35000 	C:\Program Files\Java\jre1.8.0_202\bin\server\jvm.dll
0x00007ffea0960000 - 0x00007ffea0968000 	C:\WINDOWS\System32\PSAPI.DLL
0x00007ffe971a0000 - 0x00007ffe971aa000 	C:\WINDOWS\SYSTEM32\VERSION.dll
0x00007ffe88410000 - 0x00007ffe88419000 	C:\WINDOWS\SYSTEM32\WSOCK32.dll
0x00007ffe98d00000 - 0x00007ffe98d24000 	C:\WINDOWS\SYSTEM32\WINMM.dll
0x00007ffea1150000 - 0x00007ffea11bd000 	C:\WINDOWS\System32\WS2_32.dll
0x00007ffe98cd0000 - 0x00007ffe98cfd000 	C:\WINDOWS\SYSTEM32\WINMMBASE.dll
0x00007ffe9f7a0000 - 0x00007ffe9f7ea000 	C:\WINDOWS\System32\cfgmgr32.dll
0x00007ffe8bc10000 - 0x00007ffe8bc1f000 	C:\Program Files\Java\jre1.8.0_202\bin\verify.dll
0x00007ffe8bb10000 - 0x00007ffe8bb39000 	C:\Program Files\Java\jre1.8.0_202\bin\java.dll
0x00007ffe8bad0000 - 0x00007ffe8bae6000 	C:\Program Files\Java\jre1.8.0_202\bin\zip.dll
0x00007ffea1d40000 - 0x00007ffea3230000 	C:\WINDOWS\System32\SHELL32.dll
0x00007ffea0f60000 - 0x00007ffea1008000 	C:\WINDOWS\System32\shcore.dll
0x00007ffe9f890000 - 0x00007ffe9ffda000 	C:\WINDOWS\System32\windows.storage.dll
0x00007ffe9f4a0000 - 0x00007ffe9f4c4000 	C:\WINDOWS\System32\profapi.dll
0x00007ffe9f420000 - 0x00007ffe9f47d000 	C:\WINDOWS\System32\powrprof.dll
0x00007ffea1570000 - 0x00007ffea15c2000 	C:\WINDOWS\System32\shlwapi.dll
0x00007ffe9f400000 - 0x00007ffe9f411000 	C:\WINDOWS\System32\kernel.appcore.dll
0x00007ffe9f7f0000 - 0x00007ffe9f807000 	C:\WINDOWS\System32\cryptsp.dll
0x00000000013d0000 - 0x00000000013d3000 	C:\Program Files\Java\jre1.8.0_202\bin\api-ms-win-core-console-l1-1-0.dll
0x0000000001480000 - 0x0000000001483000 	C:\Program Files\Java\jre1.8.0_202\bin\api-ms-win-core-datetime-l1-1-0.dll
0x0000000001490000 - 0x0000000001493000 	C:\Program Files\Java\jre1.8.0_202\bin\api-ms-win-core-debug-l1-1-0.dll
0x00000000014a0000 - 0x00000000014a3000 	C:\Program Files\Java\jre1.8.0_202\bin\api-ms-win-core-errorhandling-l1-1-0.dll
0x00000000014b0000 - 0x00000000014b4000 	C:\Program Files\Java\jre1.8.0_202\bin\api-ms-win-core-file-l1-1-0.dll
0x0000000002c70000 - 0x0000000002c73000 	C:\Program Files\Java\jre1.8.0_202\bin\api-ms-win-core-file-l1-2-0.dll
0x0000000002c80000 - 0x0000000002c83000 	C:\Program Files\Java\jre1.8.0_202\bin\api-ms-win-core-file-l2-1-0.dll
0x0000000002c90000 - 0x0000000002c93000 	C:\Program Files\Java\jre1.8.0_202\bin\api-ms-win-core-handle-l1-1-0.dll
0x0000000002ca0000 - 0x0000000002ca3000 	C:\Program Files\Java\jre1.8.0_202\bin\api-ms-win-core-heap-l1-1-0.dll
0x0000000002cb0000 - 0x0000000002cb3000 	C:\Program Files\Java\jre1.8.0_202\bin\api-ms-win-core-interlocked-l1-1-0.dll
0x0000000002cc0000 - 0x0000000002cc3000 	C:\Program Files\Java\jre1.8.0_202\bin\api-ms-win-core-libraryloader-l1-1-0.dll
0x0000000002cd0000 - 0x0000000002cd3000 	C:\Program Files\Java\jre1.8.0_202\bin\api-ms-win-core-localization-l1-2-0.dll
0x0000000002ce0000 - 0x0000000002ce3000 	C:\Program Files\Java\jre1.8.0_202\bin\api-ms-win-core-memory-l1-1-0.dll
0x0000000002cf0000 - 0x0000000002cf3000 	C:\Program Files\Java\jre1.8.0_202\bin\api-ms-win-core-namedpipe-l1-1-0.dll
0x0000000002d00000 - 0x0000000002d03000 	C:\Program Files\Java\jre1.8.0_202\bin\api-ms-win-core-processenvironment-l1-1-0.dll
0x0000000002d10000 - 0x0000000002d13000 	C:\Program Files\Java\jre1.8.0_202\bin\api-ms-win-core-processthreads-l1-1-0.dll
0x0000000002d20000 - 0x0000000002d23000 	C:\Program Files\Java\jre1.8.0_202\bin\api-ms-win-core-processthreads-l1-1-1.dll
0x0000000002d30000 - 0x0000000002d33000 	C:\Program Files\Java\jre1.8.0_202\bin\api-ms-win-core-profile-l1-1-0.dll
0x0000000002d40000 - 0x0000000002d43000 	C:\Program Files\Java\jre1.8.0_202\bin\api-ms-win-core-rtlsupport-l1-1-0.dll
0x0000000002d50000 - 0x0000000002d53000 	C:\Program Files\Java\jre1.8.0_202\bin\api-ms-win-core-string-l1-1-0.dll
0x000000001fdb0000 - 0x000000001fdb3000 	C:\Program Files\Java\jre1.8.0_202\bin\api-ms-win-core-synch-l1-1-0.dll
0x000000001fdc0000 - 0x000000001fdc3000 	C:\Program Files\Java\jre1.8.0_202\bin\api-ms-win-core-synch-l1-2-0.dll
0x000000001fdd0000 - 0x000000001fdd3000 	C:\Program Files\Java\jre1.8.0_202\bin\api-ms-win-core-sysinfo-l1-1-0.dll
0x000000001fde0000 - 0x000000001fde3000 	C:\Program Files\Java\jre1.8.0_202\bin\api-ms-win-core-timezone-l1-1-0.dll
0x000000001fdf0000 - 0x000000001fdf3000 	C:\Program Files\Java\jre1.8.0_202\bin\api-ms-win-core-util-l1-1-0.dll
0x000000001fe00000 - 0x000000001fe03000 	C:\Program Files\Java\jre1.8.0_202\bin\api-ms-win-crt-conio-l1-1-0.dll
0x000000001fe10000 - 0x000000001fe14000 	C:\Program Files\Java\jre1.8.0_202\bin\api-ms-win-crt-convert-l1-1-0.dll
0x000000001fe20000 - 0x000000001fe23000 	C:\Program Files\Java\jre1.8.0_202\bin\api-ms-win-crt-environment-l1-1-0.dll
0x000000001fe30000 - 0x000000001fe33000 	C:\Program Files\Java\jre1.8.0_202\bin\api-ms-win-crt-filesystem-l1-1-0.dll
0x000000001fe40000 - 0x000000001fe43000 	C:\Program Files\Java\jre1.8.0_202\bin\api-ms-win-crt-heap-l1-1-0.dll
0x000000001fe50000 - 0x000000001fe53000 	C:\Program Files\Java\jre1.8.0_202\bin\api-ms-win-crt-locale-l1-1-0.dll
0x000000001fe60000 - 0x000000001fe65000 	C:\Program Files\Java\jre1.8.0_202\bin\api-ms-win-crt-math-l1-1-0.dll
0x000000001fe70000 - 0x000000001fe75000 	C:\Program Files\Java\jre1.8.0_202\bin\api-ms-win-crt-multibyte-l1-1-0.dll
0x000000001fe80000 - 0x000000001fe90000 	C:\Program Files\Java\jre1.8.0_202\bin\api-ms-win-crt-private-l1-1-0.dll
0x000000001fe90000 - 0x000000001fe93000 	C:\Program Files\Java\jre1.8.0_202\bin\api-ms-win-crt-process-l1-1-0.dll
0x000000001fea0000 - 0x000000001fea4000 	C:\Program Files\Java\jre1.8.0_202\bin\api-ms-win-crt-runtime-l1-1-0.dll
0x000000001feb0000 - 0x000000001feb4000 	C:\Program Files\Java\jre1.8.0_202\bin\api-ms-win-crt-stdio-l1-1-0.dll
0x000000001fec0000 - 0x000000001fec4000 	C:\Program Files\Java\jre1.8.0_202\bin\api-ms-win-crt-string-l1-1-0.dll
0x000000001fed0000 - 0x000000001fed3000 	C:\Program Files\Java\jre1.8.0_202\bin\api-ms-win-crt-time-l1-1-0.dll
0x000000001fee0000 - 0x000000001fee3000 	C:\Program Files\Java\jre1.8.0_202\bin\api-ms-win-crt-utility-l1-1-0.dll
0x00007ffe59b70000 - 0x00007ffe59c66000 	C:\Program Files\Java\jre1.8.0_202\bin\ucrtbase.dll
0x00007ffe8bb40000 - 0x00007ffe8bb56000 	C:\Program Files\Java\jre1.8.0_202\bin\vcruntime140.dll
0x00007ffe59ad0000 - 0x00007ffe59b6c000 	C:\Program Files\Java\jre1.8.0_202\bin\msvcp140.dll
0x00007ffe65a50000 - 0x00007ffe65aa1000 	C:\Program Files\Java\jre1.8.0_202\bin\concrt140.dll
0x00007ffe8b9d0000 - 0x00007ffe8b9f3000 	C:\Program Files\Java\jre1.8.0_202\bin\prism_d3d.dll
0x00007ffe64f00000 - 0x00007ffe6509e000 	C:\WINDOWS\system32\d3d9.dll
0x00007ffe9d760000 - 0x00007ffe9d78e000 	C:\WINDOWS\SYSTEM32\dwmapi.dll
0x00007ffea03b0000 - 0x00007ffea058b000 	C:\WINDOWS\System32\CRYPT32.dll
0x00007ffe9f480000 - 0x00007ffe9f492000 	C:\WINDOWS\System32\MSASN1.dll
0x00007ffe9d690000 - 0x00007ffe9d72c000 	C:\WINDOWS\system32\uxtheme.dll
0x00007ffe2e140000 - 0x00007ffe3113d000 	C:\WINDOWS\System32\DriverStore\FileRepository\k127369.inf_amd64_b8b3c10a6624488c\igd9dxva64.dll
0x00007ffea0970000 - 0x00007ffea0ac5000 	C:\WINDOWS\System32\ole32.dll
0x00007ffea1660000 - 0x00007ffea172b000 	C:\WINDOWS\System32\OLEAUT32.dll
0x00007ffe59a80000 - 0x00007ffe59ac9000 	C:\Program Files\Java\jre1.8.0_202\bin\glass.dll
0x00007ffea1c10000 - 0x00007ffea1d37000 	C:\WINDOWS\System32\COMDLG32.dll
0x00007ffea0d30000 - 0x00007ffea0e9a000 	C:\WINDOWS\System32\MSCTF.dll
0x00007ffe89190000 - 0x00007ffe891a4000 	C:\Program Files\Java\jre1.8.0_202\bin\javafx_font.dll
0x00007ffe8c6c0000 - 0x00007ffe8c9bf000 	C:\WINDOWS\SYSTEM32\dwrite.dll
0x00007ffe8b9b0000 - 0x00007ffe8b9ca000 	C:\Program Files\Java\jre1.8.0_202\bin\net.dll
0x00007ffe8fdf0000 - 0x00007ffe8ffc6000 	C:\WINDOWS\SYSTEM32\urlmon.dll
0x00007ffe8d480000 - 0x00007ffe8d728000 	C:\WINDOWS\SYSTEM32\iertutil.dll
0x00007ffe9ee50000 - 0x00007ffe9ee5c000 	C:\WINDOWS\SYSTEM32\CRYPTBASE.DLL
0x00007ffe9ec80000 - 0x00007ffe9ece7000 	C:\WINDOWS\system32\mswsock.dll
0x00007ffe9ea20000 - 0x00007ffe9eae6000 	C:\WINDOWS\SYSTEM32\DNSAPI.dll
0x00007ffea0630000 - 0x00007ffea0638000 	C:\WINDOWS\System32\NSI.dll
0x00007ffe9e9e0000 - 0x00007ffe9ea1d000 	C:\WINDOWS\SYSTEM32\IPHLPAPI.DLL
0x00007ffe8b400000 - 0x00007ffe8b40a000 	C:\Windows\System32\rasadhlp.dll
0x00007ffe8b650000 - 0x00007ffe8b6c9000 	C:\WINDOWS\System32\fwpuclnt.dll
0x00007ffe9f4d0000 - 0x00007ffe9f4f6000 	C:\WINDOWS\System32\bcrypt.dll
0x00007ffea0780000 - 0x00007ffea0822000 	C:\WINDOWS\System32\clbcatq.dll
0x00007ffe97820000 - 0x00007ffe979d8000 	C:\WINDOWS\SYSTEM32\WindowsCodecs.dll
0x00007ffe6e150000 - 0x00007ffe6e1a6000 	C:\WINDOWS\system32\dataexchange.dll
0x00007ffe99ae0000 - 0x00007ffe99ca3000 	C:\WINDOWS\system32\dcomp.dll
0x00007ffe99270000 - 0x00007ffe994ee000 	C:\WINDOWS\system32\d3d11.dll
0x00007ffe9e250000 - 0x00007ffe9e312000 	C:\WINDOWS\system32\dxgi.dll
0x00007ffe9d790000 - 0x00007ffe9d99d000 	C:\WINDOWS\system32\twinapi.appcore.dll
0x00007ffe9d9a0000 - 0x00007ffe9d9c8000 	C:\WINDOWS\system32\RMCLIENT.dll
0x00007ffe61bf0000 - 0x00007ffe61c23000 	C:\Program Files\Common Files\Microsoft Shared\Ink\rtscom.dll
0x00007ffe8efc0000 - 0x00007ffe8f055000 	C:\WINDOWS\System32\TextInputFramework.dll
0x00007ffe9a020000 - 0x00007ffe9a102000 	C:\WINDOWS\System32\CoreMessaging.dll
0x00007ffe97c90000 - 0x00007ffe97fb2000 	C:\WINDOWS\System32\CoreUIComponents.dll
0x00007ffe9e4c0000 - 0x00007ffe9e4f1000 	C:\WINDOWS\SYSTEM32\ntmarta.dll
0x00007ffe97b30000 - 0x00007ffe97c83000 	C:\WINDOWS\SYSTEM32\wintypes.dll
0x00007ffe8f630000 - 0x00007ffe8f69c000 	C:\WINDOWS\system32\Oleacc.dll
0x00007ffe89050000 - 0x00007ffe89062000 	C:\Program Files\Java\jre1.8.0_202\bin\prism_common.dll
0x00007ffe9ddf0000 - 0x00007ffe9dfdd000 	C:\WINDOWS\SYSTEM32\dbghelp.dll

VM Arguments:
jvm_args: -Dfile.encoding=Cp1252 
java_command: application.Main
java_class_path (initial): C:\Users\nope\Desktop\GitRepos\TimerToDo\bin;C:\Users\nope\Desktop\GitRepos\ReferencedLibraries\mysql-connector-java-8.0.15\mysql-connector-java-8.0.15.jar;C:\Users\nope\Desktop\jfoenix-8.0.8.jar;C:\Users\nope\.p2\pool\plugins\org.eclipse.fx.ide.css.jfx8_3.5.0.201902220800.jar
Launcher Type: SUN_STANDARD

Environment Variables:
JAVA_HOME=C:\NVPACK\jdk1.8.0_77
PATH=C:/Program Files/Java/jre1.8.0_202/bin/server;C:/Program Files/Java/jre1.8.0_202/bin;C:/Program Files/Java/jre1.8.0_202/lib/amd64;C:\Program Files\Microsoft MPI\Bin\;C:\Program Files (x86)\Common Files\Oracle\Java\javapath;C:\WINDOWS\system32;C:\WINDOWS;C:\WINDOWS\System32\Wbem;C:\WINDOWS\System32\WindowsPowerShell\v1.0\;C:\WINDOWS\System32\OpenSSH\;C:\Program Files\dotnet\;C:\Program Files\Git\cmd;C:\Program Files (x86)\Microsoft SQL Server\140\Tools\Binn\;C:\Program Files\Microsoft SQL Server\140\Tools\Binn\;C:\Program Files (x86)\Microsoft SQL Server\140\DTS\Binn\;C:\Program Files\Microsoft SQL Server\140\DTS\Binn\;C:\Program Files\Microsoft SQL Server\Client SDK\ODBC\130\Tools\Binn\;C:\Program Files (x86)\Microsoft SQL Server\Client SDK\ODBC\130\Tools\Binn\;C:\Program Files (x86)\Microsoft SQL Server\140\Tools\Binn\ManagementStudio\;C:\Program Files\nodejs\;C:\NVPACK\gradle-2.9\bin;C:\NVPACK\apache-ant-1.8.2\bin;C:\NVPACK\jdk1.8.0_77\bin;C:\NVPACK\android-ndk-r12b;C:\NVPACK\android-sdk-windows\extras\android\support;C:\NVPACK\android-sdk-windows\build-tools;C:\NVPACK\android-sdk-windows\platform-tools;C:\NVPACK\android-sdk-windows\tools;C:\Users\nope\AppData\Local\Microsoft\WindowsApps;C:\Users\nope\IntelliJ IDEA Community Edition 2018.3.4\bin;;C:\Program Files\MySQL\MySQL Server 8.0\bin;;C:\Users\nope\Desktop;
USERNAME=nope
OS=Windows_NT
PROCESSOR_IDENTIFIER=Intel64 Family 6 Model 158 Stepping 9, GenuineIntel



---------------  S Y S T E M  ---------------

OS: Windows 10.0 , 64 bit Build 17763 (10.0.17763.379)

CPU:total 8 (initial active 8) (4 cores per cpu, 2 threads per core) family 6 model 158 stepping 9, cmov, cx8, fxsr, mmx, sse, sse2, sse3, ssse3, sse4.1, sse4.2, popcnt, avx, avx2, aes, clmul, erms, 3dnowpref, lzcnt, ht, tsc, tscinvbit, bmi1, bmi2, adx

Memory: 4k page, physical 16587404k(9523204k free), swap 18592084k(6492176k free)

vm_info: Java HotSpot(TM) 64-Bit Server VM (25.202-b08) for windows-amd64 JRE (1.8.0_202-b08), built on Dec 15 2018 19:54:30 by "java_re" with MS VC++ 10.0 (VS2010)

time: Mon Apr 08 05:48:08 2019
timezone: Eastern Daylight Time
elapsed time: 6 seconds (0d 0h 0m 6s)

