#
# A fatal error has been detected by the Java Runtime Environment:
#
#  EXCEPTION_ACCESS_VIOLATION (0xc0000005) at pc=0x00007ffe59aa78b0, pid=9488, tid=0x000000000000574c
#
# JRE version: Java(TM) SE Runtime Environment (8.0_202-b08) (build 1.8.0_202-b08)
# Java VM: Java HotSpot(TM) 64-Bit Server VM (25.202-b08 mixed mode windows-amd64 compressed oops)
# Problematic frame:
# C  [glass.dll+0x278b0]
#
# Failed to write core dump. Minidumps are not enabled by default on client versions of Windows
#
# If you would like to submit a bug report, please visit:
#   http://bugreport.java.com/bugreport/crash.jsp
#

---------------  T H R E A D  ---------------

Current thread (0x000000001ccf7800):  VMThread [stack: 0x000000001e9d0000,0x000000001ead0000] [id=22348]

siginfo: ExceptionCode=0xc0000005, reading address 0x0000000000000000

Registers:
RAX=0x0000000000000000, RBX=0x000000001fa48ba8, RCX=0x000000001ccf7800, RDX=0x000000006e8c24e8
RSP=0x000000001eacf010, RBP=0x0000000001439198, RSI=0x0000000001439170, RDI=0x0000f937195764c4
R8 =0x0000000000010002, R9 =0x0000f937195764c4, R10=0x00000000ffffffff, R11=0x000000001eacef20
R12=0x00007ffe59aa48dc, R13=0x0000000003101658, R14=0x000000001eacf118, R15=0x0000000001439170
RIP=0x00007ffe59aa78b0, EFLAGS=0x0000000000010202

Top of Stack: (sp=0x000000001eacf010)
0x000000001eacf010:   0000000000000000 00007ffea004c7eb
0x000000001eacf020:   0000000001439180 0000000000000000
0x000000001eacf030:   fffffffffffffffe 00007ffe59aa48dc
0x000000001eacf040:   0000000001439178 00007ffea0053e26
0x000000001eacf050:   00000345e851313e 0000000000000000
0x000000001eacf060:   0000000001439198 0000000001439170
0x000000001eacf070:   fffffffffffffffe 0000000000000001
0x000000001eacf080:   0000000000000001 00007ffe59a80000
0x000000001eacf090:   000000001eacf108 00007ffea0053d4b
0x000000001eacf0a0:   0000000000000000 000000001eacf118
0x000000001eacf0b0:   00000000033398b0 00007ffea012c130
0x000000001eacf0c0:   0000000000000000 00007ffea0053d04
0x000000001eacf0d0:   0000000000000000 0000000000000001
0x000000001eacf0e0:   00007ffe00000001 000000001eacf108
0x000000001eacf0f0:   0000000000000000 00007ffe59aa4752
0x000000001eacf100:   00007ffe59abf108 0000000000000002 

Instructions: (pc=0x00007ffe59aa78b0)
0x00007ffe59aa7890:   40 53 48 83 ec 30 48 c7 44 24 20 fe ff ff ff 48
0x00007ffe59aa78a0:   8b 1d 7a 72 01 00 48 85 db 74 16 e8 00 81 ff ff
0x00007ffe59aa78b0:   4c 8b 00 48 8b d3 48 8b c8 41 ff 90 b0 00 00 00
0x00007ffe59aa78c0:   90 48 83 c4 30 5b c3 cc cc cc cc cc cc cc cc cc 


Register to memory mapping:

RAX=0x0000000000000000 is an unknown value
RBX=0x000000001fa48ba8 is a global jni handle
RCX=0x000000001ccf7800 is an unknown value
RDX=0x000000006e8c24e8 is an unknown value
RSP=0x000000001eacf010 is an unknown value
RBP=0x0000000001439198 is an unknown value
RSI=0x0000000001439170 is an unknown value
RDI=0x0000f937195764c4 is an unknown value
R8 =0x0000000000010002 is an unknown value
R9 =0x0000f937195764c4 is an unknown value
R10=0x00000000ffffffff is an unknown value
R11=0x000000001eacef20 is an unknown value
R12=0x00007ffe59aa48dc is an unknown value
R13=0x0000000003101658 is an unknown value
R14=0x000000001eacf118 is an unknown value
R15=0x0000000001439170 is an unknown value


Stack: [0x000000001e9d0000,0x000000001ead0000],  sp=0x000000001eacf010,  free space=1020k
Native frames: (J=compiled Java code, j=interpreted, Vv=VM code, C=native code)
C  [glass.dll+0x278b0]
C  [ucrtbase.dll+0x13e26]
C  [ucrtbase.dll+0x13d4b]
C  [ucrtbase.dll+0x13d04]
C  [glass.dll+0x24752]
C  [glass.dll+0x24850]
C  [ntdll.dll+0x48f07]
C  [ntdll.dll+0x435bc]
C  [ntdll.dll+0x66dad]
C  [KERNEL32.DLL+0x1d3ba]
C  [msvcr100.dll+0x20ccd]
V  [jvm.dll+0x214045]
V  [jvm.dll+0x24d5d7]
V  [jvm.dll+0x24c876]
V  [jvm.dll+0x24cd11]
V  [jvm.dll+0x24cf2e]
V  [jvm.dll+0x29fc6a]
C  [msvcr100.dll+0x21d9f]
C  [msvcr100.dll+0x21e3b]
C  [KERNEL32.DLL+0x181f4]
C  [ntdll.dll+0x6a251]

VM_Operation (0x0000000020988240): Exit, mode: safepoint, requested by thread 0x000000001fa3d800


---------------  P R O C E S S  ---------------

Java Threads: ( => current thread )
  0x00000000200da000 JavaThread "mysql-cj-abandoned-connection-cleanup" daemon [_thread_blocked, id=22296, stack(0x000000002b100000,0x000000002b200000)]
  0x000000001ff1c800 JavaThread "Prism Font Disposer" daemon [_thread_blocked, id=19148, stack(0x0000000029ba0000,0x0000000029ca0000)]
  0x000000001fa6a800 JavaThread "Thread-3" daemon [_thread_in_native, id=10432, stack(0x00000000274c0000,0x00000000275c0000)]
  0x000000001fa6f000 JavaThread "JavaFX-Launcher" [_thread_blocked, id=7996, stack(0x00000000275c0000,0x00000000276c0000)]
  0x000000001fa3d800 JavaThread "JavaFX Application Thread" [_thread_blocked, id=19616, stack(0x0000000020890000,0x0000000020990000)]
  0x000000001fa37800 JavaThread "Thread-1" daemon [_thread_blocked, id=21856, stack(0x0000000020790000,0x0000000020890000)]
  0x000000001fa0c000 JavaThread "QuantumRenderer-0" daemon [_thread_blocked, id=19960, stack(0x00000000203e0000,0x00000000204e0000)]
  0x000000001ec8a000 JavaThread "Service Thread" daemon [_thread_blocked, id=18804, stack(0x000000001f7d0000,0x000000001f8d0000)]
  0x000000001ec0b000 JavaThread "C1 CompilerThread3" daemon [_thread_blocked, id=19532, stack(0x000000001f6d0000,0x000000001f7d0000)]
  0x000000001ec03000 JavaThread "C2 CompilerThread2" daemon [_thread_blocked, id=23100, stack(0x000000001f5d0000,0x000000001f6d0000)]
  0x000000001ec01000 JavaThread "C2 CompilerThread1" daemon [_thread_blocked, id=21780, stack(0x000000001f4d0000,0x000000001f5d0000)]
  0x000000001ebfb800 JavaThread "C2 CompilerThread0" daemon [_thread_blocked, id=15140, stack(0x000000001f3d0000,0x000000001f4d0000)]
  0x000000001ebf9000 JavaThread "Attach Listener" daemon [_thread_blocked, id=16600, stack(0x000000001f2d0000,0x000000001f3d0000)]
  0x000000001ebf6000 JavaThread "Signal Dispatcher" daemon [_thread_blocked, id=20036, stack(0x000000001f1d0000,0x000000001f2d0000)]
  0x000000001cd03000 JavaThread "Finalizer" daemon [_thread_blocked, id=20720, stack(0x000000001efd0000,0x000000001f0d0000)]
  0x0000000003388000 JavaThread "Reference Handler" daemon [_thread_blocked, id=17632, stack(0x000000001ead0000,0x000000001ebd0000)]
  0x0000000003292800 JavaThread "main" [_thread_blocked, id=22612, stack(0x0000000003190000,0x0000000003290000)]

Other Threads:
=>0x000000001ccf7800 VMThread [stack: 0x000000001e9d0000,0x000000001ead0000] [id=22348]

VM state:at safepoint (shutting down)

VM Mutex/Monitor currently owned by a thread:  ([mutex/lock_event])
[0x000000000310d920] Threads_lock - owner thread: 0x000000001ccf7800

heap address: 0x00000006c2e00000, size: 4050 MB, Compressed Oops mode: Zero based, Oop shift amount: 3
Narrow klass base: 0x0000000000000000, Narrow klass shift: 3
Compressed class space size: 1073741824 Address: 0x00000007c0000000

Heap:
 PSYoungGen      total 75776K, used 26547K [0x000000076ba00000, 0x0000000774e00000, 0x00000007c0000000)
  eden space 65024K, 40% used [0x000000076ba00000,0x000000076d3ecf90,0x000000076f980000)
  from space 10752K, 0% used [0x0000000770400000,0x0000000770400000,0x0000000770e80000)
  to   space 10752K, 0% used [0x000000076f980000,0x000000076f980000,0x0000000770400000)
 ParOldGen       total 81920K, used 10059K [0x00000006c2e00000, 0x00000006c7e00000, 0x000000076ba00000)
  object space 81920K, 12% used [0x00000006c2e00000,0x00000006c37d2dc8,0x00000006c7e00000)
 Metaspace       used 23668K, capacity 24578K, committed 24832K, reserved 1071104K
  class space    used 3297K, capacity 3504K, committed 3584K, reserved 1048576K

Card table byte_map: [0x0000000012750000,0x0000000012f40000] byte_map_base: 0x000000000f139000

Marking Bits: (ParMarkBitMap*) 0x000000006eab5ce0
 Begin Bits: [0x0000000013c90000, 0x0000000017bd8000)
 End Bits:   [0x0000000017bd8000, 0x000000001bb20000)

Polling page: 0x0000000000ff0000

CodeCache: size=245760Kb used=9136Kb max_used=9136Kb free=236623Kb
 bounds [0x0000000003390000, 0x0000000003c90000, 0x0000000012390000]
 total_blobs=3639 nmethods=2919 adapters=632
 compilation: enabled

Compilation events (10 events):
Event: 10.546 Thread 0x000000001ec0b000 2916       3       com.sun.javafx.sg.prism.CacheFilter::v2length (19 bytes)
Event: 10.546 Thread 0x000000001ec0b000 nmethod 2916 0x0000000003c7e450 code [0x0000000003c7e5c0, 0x0000000003c7e790]
Event: 10.546 Thread 0x000000001ec0b000 2913       1       com.sun.javafx.geom.DirtyRegionContainer::size (5 bytes)
Event: 10.546 Thread 0x000000001ec0b000 nmethod 2913 0x0000000003c7e890 code [0x0000000003c7e9e0, 0x0000000003c7eaf0]
Event: 10.546 Thread 0x000000001ec0b000 2917       3       com.sun.prism.impl.BaseGraphics::<init> (150 bytes)
Event: 10.547 Thread 0x000000001ec0b000 nmethod 2917 0x0000000003c7eb50 code [0x0000000003c7ed60, 0x0000000003c7f9d8]
Event: 10.547 Thread 0x000000001ec0b000 2918       3       com.sun.prism.impl.ps.BaseShaderContext::validateTextureOp (15 bytes)
Event: 10.547 Thread 0x000000001ec0b000 nmethod 2918 0x0000000003c7ff50 code [0x0000000003c800c0, 0x0000000003c803c8]
Event: 10.558 Thread 0x000000001ec0b000 2919       3       javafx.scene.Node::notifyAccessibleAttributeChanged (41 bytes)
Event: 10.558 Thread 0x000000001ec0b000 nmethod 2919 0x0000000003c80490 code [0x0000000003c80660, 0x0000000003c81048]

GC Heap History (6 events):
Event: 4.975 GC heap before
{Heap before GC invocations=1 (full 0):
 PSYoungGen      total 75776K, used 65024K [0x000000076ba00000, 0x0000000770e80000, 0x00000007c0000000)
  eden space 65024K, 100% used [0x000000076ba00000,0x000000076f980000,0x000000076f980000)
  from space 10752K, 0% used [0x0000000770400000,0x0000000770400000,0x0000000770e80000)
  to   space 10752K, 0% used [0x000000076f980000,0x000000076f980000,0x0000000770400000)
 ParOldGen       total 173568K, used 0K [0x00000006c2e00000, 0x00000006cd780000, 0x000000076ba00000)
  object space 173568K, 0% used [0x00000006c2e00000,0x00000006c2e00000,0x00000006cd780000)
 Metaspace       used 20059K, capacity 20944K, committed 21120K, reserved 1067008K
  class space    used 2896K, capacity 3129K, committed 3200K, reserved 1048576K
Event: 4.983 GC heap after
Heap after GC invocations=1 (full 0):
 PSYoungGen      total 75776K, used 10730K [0x000000076ba00000, 0x0000000770e80000, 0x00000007c0000000)
  eden space 65024K, 0% used [0x000000076ba00000,0x000000076ba00000,0x000000076f980000)
  from space 10752K, 99% used [0x000000076f980000,0x00000007703fa8e0,0x0000000770400000)
  to   space 10752K, 0% used [0x0000000770400000,0x0000000770400000,0x0000000770e80000)
 ParOldGen       total 173568K, used 1905K [0x00000006c2e00000, 0x00000006cd780000, 0x000000076ba00000)
  object space 173568K, 1% used [0x00000006c2e00000,0x00000006c2fdc408,0x00000006cd780000)
 Metaspace       used 20059K, capacity 20944K, committed 21120K, reserved 1067008K
  class space    used 2896K, capacity 3129K, committed 3200K, reserved 1048576K
}
Event: 5.012 GC heap before
{Heap before GC invocations=2 (full 0):
 PSYoungGen      total 75776K, used 12949K [0x000000076ba00000, 0x0000000770e80000, 0x00000007c0000000)
  eden space 65024K, 3% used [0x000000076ba00000,0x000000076bc2aeb0,0x000000076f980000)
  from space 10752K, 99% used [0x000000076f980000,0x00000007703fa8e0,0x0000000770400000)
  to   space 10752K, 0% used [0x0000000770400000,0x0000000770400000,0x0000000770e80000)
 ParOldGen       total 173568K, used 1905K [0x00000006c2e00000, 0x00000006cd780000, 0x000000076ba00000)
  object space 173568K, 1% used [0x00000006c2e00000,0x00000006c2fdc408,0x00000006cd780000)
 Metaspace       used 20293K, capacity 21168K, committed 21296K, reserved 1067008K
  class space    used 2924K, capacity 3161K, committed 3200K, reserved 1048576K
Event: 5.019 GC heap after
Heap after GC invocations=2 (full 0):
 PSYoungGen      total 75776K, used 9726K [0x000000076ba00000, 0x0000000774e00000, 0x00000007c0000000)
  eden space 65024K, 0% used [0x000000076ba00000,0x000000076ba00000,0x000000076f980000)
  from space 10752K, 90% used [0x0000000770400000,0x0000000770d7f8d0,0x0000000770e80000)
  to   space 10752K, 0% used [0x000000076f980000,0x000000076f980000,0x0000000770400000)
 ParOldGen       total 173568K, used 1913K [0x00000006c2e00000, 0x00000006cd780000, 0x000000076ba00000)
  object space 173568K, 1% used [0x00000006c2e00000,0x00000006c2fde408,0x00000006cd780000)
 Metaspace       used 20293K, capacity 21168K, committed 21296K, reserved 1067008K
  class space    used 2924K, capacity 3161K, committed 3200K, reserved 1048576K
}
Event: 5.019 GC heap before
{Heap before GC invocations=3 (full 1):
 PSYoungGen      total 75776K, used 9726K [0x000000076ba00000, 0x0000000774e00000, 0x00000007c0000000)
  eden space 65024K, 0% used [0x000000076ba00000,0x000000076ba00000,0x000000076f980000)
  from space 10752K, 90% used [0x0000000770400000,0x0000000770d7f8d0,0x0000000770e80000)
  to   space 10752K, 0% used [0x000000076f980000,0x000000076f980000,0x0000000770400000)
 ParOldGen       total 173568K, used 1913K [0x00000006c2e00000, 0x00000006cd780000, 0x000000076ba00000)
  object space 173568K, 1% used [0x00000006c2e00000,0x00000006c2fde408,0x00000006cd780000)
 Metaspace       used 20293K, capacity 21168K, committed 21296K, reserved 1067008K
  class space    used 2924K, capacity 3161K, committed 3200K, reserved 1048576K
Event: 5.047 GC heap after
Heap after GC invocations=3 (full 1):
 PSYoungGen      total 75776K, used 0K [0x000000076ba00000, 0x0000000774e00000, 0x00000007c0000000)
  eden space 65024K, 0% used [0x000000076ba00000,0x000000076ba00000,0x000000076f980000)
  from space 10752K, 0% used [0x0000000770400000,0x0000000770400000,0x0000000770e80000)
  to   space 10752K, 0% used [0x000000076f980000,0x000000076f980000,0x0000000770400000)
 ParOldGen       total 81920K, used 10059K [0x00000006c2e00000, 0x00000006c7e00000, 0x000000076ba00000)
  object space 81920K, 12% used [0x00000006c2e00000,0x00000006c37d2dc8,0x00000006c7e00000)
 Metaspace       used 20293K, capacity 21168K, committed 21296K, reserved 1067008K
  class space    used 2924K, capacity 3161K, committed 3200K, reserved 1048576K
}

Deoptimization events (10 events):
Event: 5.294 Thread 0x000000001fa3d800 Uncommon trap: reason=unstable_if action=reinterpret pc=0x00000000039fa7f4 method=java.io.WinNTFileSystem.normalize(Ljava/lang/String;)Ljava/lang/String; @ 128
Event: 5.299 Thread 0x000000001fa3d800 Uncommon trap: reason=unstable_if action=reinterpret pc=0x0000000003a85eb8 method=java.util.regex.Pattern$BmpCharProperty.match(Ljava/util/regex/Matcher;ILjava/lang/CharSequence;)Z @ 5
Event: 5.300 Thread 0x000000001fa3d800 Uncommon trap: reason=unstable_if action=reinterpret pc=0x000000000396a948 method=java.lang.ref.SoftReference.get()Ljava/lang/Object; @ 17
Event: 5.313 Thread 0x000000001fa3d800 Uncommon trap: reason=unstable_if action=reinterpret pc=0x000000000365d1a4 method=java.util.zip.ZipFile$ZipEntryIterator.hasNext()Z @ 25
Event: 5.598 Thread 0x000000001fa3d800 Uncommon trap: reason=unstable_if action=reinterpret pc=0x0000000003b265d8 method=java.util.regex.Matcher.reset()Ljava/util/regex/Matcher; @ 47
Event: 5.648 Thread 0x000000001fa3d800 Uncommon trap: reason=array_check action=maybe_recompile pc=0x0000000003ba5658 method=com.sun.javafx.css.SimpleSelector.applies(Ljavafx/css/Styleable;[Ljava/util/Set;I)Z @ 37
Event: 5.648 Thread 0x000000001fa3d800 Uncommon trap: reason=array_check action=maybe_recompile pc=0x0000000003ba5658 method=com.sun.javafx.css.SimpleSelector.applies(Ljavafx/css/Styleable;[Ljava/util/Set;I)Z @ 37
Event: 5.648 Thread 0x000000001fa3d800 Uncommon trap: reason=array_check action=maybe_recompile pc=0x0000000003ba5658 method=com.sun.javafx.css.SimpleSelector.applies(Ljavafx/css/Styleable;[Ljava/util/Set;I)Z @ 37
Event: 5.657 Thread 0x000000001fa3d800 Uncommon trap: reason=array_check action=maybe_recompile pc=0x0000000003ba5658 method=com.sun.javafx.css.SimpleSelector.applies(Ljavafx/css/Styleable;[Ljava/util/Set;I)Z @ 37
Event: 10.508 Thread 0x000000001fa3d800 Uncommon trap: reason=array_check action=maybe_recompile pc=0x0000000003c241e4 method=com.sun.javafx.css.SimpleSelector.applies(Ljavafx/css/Styleable;[Ljava/util/Set;I)Z @ 37

Classes redefined (0 events):
No events

Internal exceptions (10 events):
Event: 1.200 Thread 0x000000001fa3d800 Exception <a 'java/lang/ArrayIndexOutOfBoundsException'> (0x000000076cccf088) thrown at [C:\re\workspace\8-2-build-windows-amd64-cygwin\jdk8u202\12323\hotspot\src\share\vm\runtime\sharedRuntime.cpp, line 605]
Event: 1.200 Thread 0x000000001fa3d800 Exception <a 'java/lang/ArrayIndexOutOfBoundsException'> (0x000000076ccd0430) thrown at [C:\re\workspace\8-2-build-windows-amd64-cygwin\jdk8u202\12323\hotspot\src\share\vm\runtime\sharedRuntime.cpp, line 605]
Event: 1.405 Thread 0x000000001fa3d800 Implicit null exception at 0x0000000003691cf5 to 0x0000000003691f1d
Event: 1.532 Thread 0x000000001fa3d800 Exception <a 'java/io/FileNotFoundException'> (0x000000076db12988) thrown at [C:\re\workspace\8-2-build-windows-amd64-cygwin\jdk8u202\12323\hotspot\src\share\vm\prims\jni.cpp, line 710]
Event: 4.824 Thread 0x000000001fa3d800 Exception <a 'java/lang/ArrayIndexOutOfBoundsException': 79> (0x000000076ef92d00) thrown at [C:\re\workspace\8-2-build-windows-amd64-cygwin\jdk8u202\12323\hotspot\src\share\vm\interpreter\interpreterRuntime.cpp, line 368]
Event: 4.824 Thread 0x000000001fa3d800 Exception <a 'java/lang/ArrayIndexOutOfBoundsException': 52> (0x000000076ef93ee8) thrown at [C:\re\workspace\8-2-build-windows-amd64-cygwin\jdk8u202\12323\hotspot\src\share\vm\interpreter\interpreterRuntime.cpp, line 368]
Event: 4.825 Thread 0x000000001fa3d800 Exception <a 'java/lang/ArrayIndexOutOfBoundsException': 114> (0x000000076ef95940) thrown at [C:\re\workspace\8-2-build-windows-amd64-cygwin\jdk8u202\12323\hotspot\src\share\vm\interpreter\interpreterRuntime.cpp, line 368]
Event: 4.843 Thread 0x000000001fa3d800 Implicit null exception at 0x000000000366be99 to 0x000000000366c25d
Event: 4.925 Thread 0x000000001fa3d800 Implicit null exception at 0x00000000039ad486 to 0x00000000039ad531
Event: 10.567 Thread 0x000000002bcf3800 Exception <a 'java/lang/IllegalStateException'> (0x000000076d3a1ef0) thrown at [C:\re\workspace\8-2-build-windows-amd64-cygwin\jdk8u202\12323\hotspot\src\share\vm\prims\jvm.cpp, line 1506]

Events (10 events):
Event: 10.565 loading class java/util/IdentityHashMap$IdentityHashMapIterator
Event: 10.565 loading class java/util/IdentityHashMap$IdentityHashMapIterator done
Event: 10.565 loading class java/util/IdentityHashMap$KeyIterator done
Event: 10.565 Thread 0x000000002bcf3800 Thread added: 0x000000002bcf3800
Event: 10.566 loading class com/sun/javafx/tk/quantum/QuantumRenderer
Event: 10.566 loading class com/sun/javafx/tk/quantum/QuantumRenderer done
Event: 10.566 loading class com/sun/javafx/tk/quantum/QuantumToolkit
Event: 10.566 loading class com/sun/javafx/tk/quantum/QuantumToolkit done
Event: 10.567 Thread 0x000000002bcf3800 Thread exited: 0x000000002bcf3800
Event: 10.567 Executing VM operation: Exit


Dynamic libraries:
0x00007ff684080000 - 0x00007ff6840b7000 	C:\Program Files\Java\jre1.8.0_202\bin\javaw.exe
0x00007ffea3400000 - 0x00007ffea35ed000 	C:\WINDOWS\SYSTEM32\ntdll.dll
0x00007ffea0ea0000 - 0x00007ffea0f53000 	C:\WINDOWS\System32\KERNEL32.DLL
0x00007ffe9f500000 - 0x00007ffe9f793000 	C:\WINDOWS\System32\KERNELBASE.dll
0x00007ffea0670000 - 0x00007ffea0713000 	C:\WINDOWS\System32\ADVAPI32.dll
0x00007ffea10b0000 - 0x00007ffea114e000 	C:\WINDOWS\System32\msvcrt.dll
0x00007ffea0ad0000 - 0x00007ffea0b6e000 	C:\WINDOWS\System32\sechost.dll
0x00007ffea0830000 - 0x00007ffea0952000 	C:\WINDOWS\System32\RPCRT4.dll
0x00007ffea3230000 - 0x00007ffea33c7000 	C:\WINDOWS\System32\USER32.dll
0x00007ffea02e0000 - 0x00007ffea0300000 	C:\WINDOWS\System32\win32u.dll
0x00007ffea15d0000 - 0x00007ffea15f9000 	C:\WINDOWS\System32\GDI32.dll
0x00007ffea0140000 - 0x00007ffea02da000 	C:\WINDOWS\System32\gdi32full.dll
0x00007ffea0590000 - 0x00007ffea0630000 	C:\WINDOWS\System32\msvcp_win.dll
0x00007ffea0040000 - 0x00007ffea013a000 	C:\WINDOWS\System32\ucrtbase.dll
0x00007ffe8c9d0000 - 0x00007ffe8cc49000 	C:\WINDOWS\WinSxS\amd64_microsoft.windows.common-controls_6595b64144ccf1df_6.0.17763.379_none_05b83be8071c94a1\COMCTL32.dll
0x00007ffea11c0000 - 0x00007ffea14ed000 	C:\WINDOWS\System32\combase.dll
0x00007ffe9f810000 - 0x00007ffe9f88e000 	C:\WINDOWS\System32\bcryptPrimitives.dll
0x00007ffea0640000 - 0x00007ffea066e000 	C:\WINDOWS\System32\IMM32.DLL
0x000000006ddc0000 - 0x000000006de92000 	C:\Program Files\Java\jre1.8.0_202\bin\msvcr100.dll
0x000000006e290000 - 0x000000006eb35000 	C:\Program Files\Java\jre1.8.0_202\bin\server\jvm.dll
0x00007ffea0960000 - 0x00007ffea0968000 	C:\WINDOWS\System32\PSAPI.DLL
0x00007ffe88410000 - 0x00007ffe88419000 	C:\WINDOWS\SYSTEM32\WSOCK32.dll
0x00007ffe98d00000 - 0x00007ffe98d24000 	C:\WINDOWS\SYSTEM32\WINMM.dll
0x00007ffe971a0000 - 0x00007ffe971aa000 	C:\WINDOWS\SYSTEM32\VERSION.dll
0x00007ffea1150000 - 0x00007ffea11bd000 	C:\WINDOWS\System32\WS2_32.dll
0x00007ffe98cd0000 - 0x00007ffe98cfd000 	C:\WINDOWS\SYSTEM32\WINMMBASE.dll
0x00007ffe9f7a0000 - 0x00007ffe9f7ea000 	C:\WINDOWS\System32\cfgmgr32.dll
0x00007ffe8bc10000 - 0x00007ffe8bc1f000 	C:\Program Files\Java\jre1.8.0_202\bin\verify.dll
0x00007ffe8bb10000 - 0x00007ffe8bb39000 	C:\Program Files\Java\jre1.8.0_202\bin\java.dll
0x00007ffe8bad0000 - 0x00007ffe8bae6000 	C:\Program Files\Java\jre1.8.0_202\bin\zip.dll
0x00007ffea1d40000 - 0x00007ffea3230000 	C:\WINDOWS\System32\SHELL32.dll
0x00007ffea0f60000 - 0x00007ffea1008000 	C:\WINDOWS\System32\shcore.dll
0x00007ffe9f890000 - 0x00007ffe9ffda000 	C:\WINDOWS\System32\windows.storage.dll
0x00007ffe9f4a0000 - 0x00007ffe9f4c4000 	C:\WINDOWS\System32\profapi.dll
0x00007ffe9f420000 - 0x00007ffe9f47d000 	C:\WINDOWS\System32\powrprof.dll
0x00007ffea1570000 - 0x00007ffea15c2000 	C:\WINDOWS\System32\shlwapi.dll
0x00007ffe9f400000 - 0x00007ffe9f411000 	C:\WINDOWS\System32\kernel.appcore.dll
0x00007ffe9f7f0000 - 0x00007ffe9f807000 	C:\WINDOWS\System32\cryptsp.dll
0x0000000003110000 - 0x0000000003113000 	C:\Program Files\Java\jre1.8.0_202\bin\api-ms-win-core-console-l1-1-0.dll
0x0000000003120000 - 0x0000000003123000 	C:\Program Files\Java\jre1.8.0_202\bin\api-ms-win-core-datetime-l1-1-0.dll
0x0000000003130000 - 0x0000000003133000 	C:\Program Files\Java\jre1.8.0_202\bin\api-ms-win-core-debug-l1-1-0.dll
0x0000000003140000 - 0x0000000003143000 	C:\Program Files\Java\jre1.8.0_202\bin\api-ms-win-core-errorhandling-l1-1-0.dll
0x0000000003150000 - 0x0000000003154000 	C:\Program Files\Java\jre1.8.0_202\bin\api-ms-win-core-file-l1-1-0.dll
0x0000000003160000 - 0x0000000003163000 	C:\Program Files\Java\jre1.8.0_202\bin\api-ms-win-core-file-l1-2-0.dll
0x0000000003170000 - 0x0000000003173000 	C:\Program Files\Java\jre1.8.0_202\bin\api-ms-win-core-file-l2-1-0.dll
0x00000000201d0000 - 0x00000000201d3000 	C:\Program Files\Java\jre1.8.0_202\bin\api-ms-win-core-handle-l1-1-0.dll
0x00000000201e0000 - 0x00000000201e3000 	C:\Program Files\Java\jre1.8.0_202\bin\api-ms-win-core-heap-l1-1-0.dll
0x00000000201f0000 - 0x00000000201f3000 	C:\Program Files\Java\jre1.8.0_202\bin\api-ms-win-core-interlocked-l1-1-0.dll
0x0000000020200000 - 0x0000000020203000 	C:\Program Files\Java\jre1.8.0_202\bin\api-ms-win-core-libraryloader-l1-1-0.dll
0x0000000020210000 - 0x0000000020213000 	C:\Program Files\Java\jre1.8.0_202\bin\api-ms-win-core-localization-l1-2-0.dll
0x0000000020220000 - 0x0000000020223000 	C:\Program Files\Java\jre1.8.0_202\bin\api-ms-win-core-memory-l1-1-0.dll
0x0000000020230000 - 0x0000000020233000 	C:\Program Files\Java\jre1.8.0_202\bin\api-ms-win-core-namedpipe-l1-1-0.dll
0x0000000020240000 - 0x0000000020243000 	C:\Program Files\Java\jre1.8.0_202\bin\api-ms-win-core-processenvironment-l1-1-0.dll
0x0000000020250000 - 0x0000000020253000 	C:\Program Files\Java\jre1.8.0_202\bin\api-ms-win-core-processthreads-l1-1-0.dll
0x0000000020260000 - 0x0000000020263000 	C:\Program Files\Java\jre1.8.0_202\bin\api-ms-win-core-processthreads-l1-1-1.dll
0x0000000020270000 - 0x0000000020273000 	C:\Program Files\Java\jre1.8.0_202\bin\api-ms-win-core-profile-l1-1-0.dll
0x0000000020280000 - 0x0000000020283000 	C:\Program Files\Java\jre1.8.0_202\bin\api-ms-win-core-rtlsupport-l1-1-0.dll
0x0000000020290000 - 0x0000000020293000 	C:\Program Files\Java\jre1.8.0_202\bin\api-ms-win-core-string-l1-1-0.dll
0x00000000202a0000 - 0x00000000202a3000 	C:\Program Files\Java\jre1.8.0_202\bin\api-ms-win-core-synch-l1-1-0.dll
0x00000000202b0000 - 0x00000000202b3000 	C:\Program Files\Java\jre1.8.0_202\bin\api-ms-win-core-synch-l1-2-0.dll
0x00000000202c0000 - 0x00000000202c3000 	C:\Program Files\Java\jre1.8.0_202\bin\api-ms-win-core-sysinfo-l1-1-0.dll
0x00000000202d0000 - 0x00000000202d3000 	C:\Program Files\Java\jre1.8.0_202\bin\api-ms-win-core-timezone-l1-1-0.dll
0x00000000202e0000 - 0x00000000202e3000 	C:\Program Files\Java\jre1.8.0_202\bin\api-ms-win-core-util-l1-1-0.dll
0x00000000202f0000 - 0x00000000202f3000 	C:\Program Files\Java\jre1.8.0_202\bin\api-ms-win-crt-conio-l1-1-0.dll
0x0000000020300000 - 0x0000000020304000 	C:\Program Files\Java\jre1.8.0_202\bin\api-ms-win-crt-convert-l1-1-0.dll
0x0000000020310000 - 0x0000000020313000 	C:\Program Files\Java\jre1.8.0_202\bin\api-ms-win-crt-environment-l1-1-0.dll
0x0000000020320000 - 0x0000000020323000 	C:\Program Files\Java\jre1.8.0_202\bin\api-ms-win-crt-filesystem-l1-1-0.dll
0x0000000020330000 - 0x0000000020333000 	C:\Program Files\Java\jre1.8.0_202\bin\api-ms-win-crt-heap-l1-1-0.dll
0x0000000020340000 - 0x0000000020343000 	C:\Program Files\Java\jre1.8.0_202\bin\api-ms-win-crt-locale-l1-1-0.dll
0x0000000020350000 - 0x0000000020355000 	C:\Program Files\Java\jre1.8.0_202\bin\api-ms-win-crt-math-l1-1-0.dll
0x0000000020360000 - 0x0000000020365000 	C:\Program Files\Java\jre1.8.0_202\bin\api-ms-win-crt-multibyte-l1-1-0.dll
0x0000000020370000 - 0x0000000020380000 	C:\Program Files\Java\jre1.8.0_202\bin\api-ms-win-crt-private-l1-1-0.dll
0x0000000020380000 - 0x0000000020383000 	C:\Program Files\Java\jre1.8.0_202\bin\api-ms-win-crt-process-l1-1-0.dll
0x0000000020390000 - 0x0000000020394000 	C:\Program Files\Java\jre1.8.0_202\bin\api-ms-win-crt-runtime-l1-1-0.dll
0x00000000203a0000 - 0x00000000203a4000 	C:\Program Files\Java\jre1.8.0_202\bin\api-ms-win-crt-stdio-l1-1-0.dll
0x00000000203b0000 - 0x00000000203b4000 	C:\Program Files\Java\jre1.8.0_202\bin\api-ms-win-crt-string-l1-1-0.dll
0x00000000203c0000 - 0x00000000203c3000 	C:\Program Files\Java\jre1.8.0_202\bin\api-ms-win-crt-time-l1-1-0.dll
0x00000000203d0000 - 0x00000000203d3000 	C:\Program Files\Java\jre1.8.0_202\bin\api-ms-win-crt-utility-l1-1-0.dll
0x00007ffe59b70000 - 0x00007ffe59c66000 	C:\Program Files\Java\jre1.8.0_202\bin\ucrtbase.dll
0x00007ffe8bb40000 - 0x00007ffe8bb56000 	C:\Program Files\Java\jre1.8.0_202\bin\vcruntime140.dll
0x00007ffe59ad0000 - 0x00007ffe59b6c000 	C:\Program Files\Java\jre1.8.0_202\bin\msvcp140.dll
0x00007ffe65a50000 - 0x00007ffe65aa1000 	C:\Program Files\Java\jre1.8.0_202\bin\concrt140.dll
0x00007ffe8b9d0000 - 0x00007ffe8b9f3000 	C:\Program Files\Java\jre1.8.0_202\bin\prism_d3d.dll
0x00007ffe64f00000 - 0x00007ffe6509e000 	C:\WINDOWS\system32\d3d9.dll
0x00007ffe9d760000 - 0x00007ffe9d78e000 	C:\WINDOWS\SYSTEM32\dwmapi.dll
0x00007ffea03b0000 - 0x00007ffea058b000 	C:\WINDOWS\System32\CRYPT32.dll
0x00007ffe9f480000 - 0x00007ffe9f492000 	C:\WINDOWS\System32\MSASN1.dll
0x00007ffe9d690000 - 0x00007ffe9d72c000 	C:\WINDOWS\system32\uxtheme.dll
0x00007ffe54120000 - 0x00007ffe542f7000 	C:\WINDOWS\System32\DriverStore\FileRepository\k127369.inf_amd64_b8b3c10a6624488c\igdumdim64.dll
0x00007ffe2e140000 - 0x00007ffe3113d000 	C:\WINDOWS\System32\DriverStore\FileRepository\k127369.inf_amd64_b8b3c10a6624488c\igd9dxva64.dll
0x00007ffea0970000 - 0x00007ffea0ac5000 	C:\WINDOWS\System32\ole32.dll
0x00007ffea1660000 - 0x00007ffea172b000 	C:\WINDOWS\System32\OLEAUT32.dll
0x00007ffe59a80000 - 0x00007ffe59ac9000 	C:\Program Files\Java\jre1.8.0_202\bin\glass.dll
0x00007ffea1c10000 - 0x00007ffea1d37000 	C:\WINDOWS\System32\COMDLG32.dll
0x00007ffea0d30000 - 0x00007ffea0e9a000 	C:\WINDOWS\System32\MSCTF.dll
0x00007ffe92fa0000 - 0x00007ffe94d35000 	C:\WINDOWS\System32\DriverStore\FileRepository\k127369.inf_amd64_b8b3c10a6624488c\igc64.dll
0x00007ffe89190000 - 0x00007ffe891a4000 	C:\Program Files\Java\jre1.8.0_202\bin\javafx_font.dll
0x00007ffe8c6c0000 - 0x00007ffe8c9bf000 	C:\WINDOWS\SYSTEM32\dwrite.dll
0x00007ffea0780000 - 0x00007ffea0822000 	C:\WINDOWS\System32\clbcatq.dll
0x00007ffe97820000 - 0x00007ffe979d8000 	C:\WINDOWS\SYSTEM32\WindowsCodecs.dll
0x00007ffe6e150000 - 0x00007ffe6e1a6000 	C:\WINDOWS\system32\dataexchange.dll
0x00007ffe99270000 - 0x00007ffe994ee000 	C:\WINDOWS\system32\d3d11.dll
0x00007ffe99ae0000 - 0x00007ffe99ca3000 	C:\WINDOWS\system32\dcomp.dll
0x00007ffe9e250000 - 0x00007ffe9e312000 	C:\WINDOWS\system32\dxgi.dll
0x00007ffe9d790000 - 0x00007ffe9d99d000 	C:\WINDOWS\system32\twinapi.appcore.dll
0x00007ffe9d9a0000 - 0x00007ffe9d9c8000 	C:\WINDOWS\system32\RMCLIENT.dll
0x00007ffe891c0000 - 0x00007ffe891f3000 	C:\Program Files\Common Files\Microsoft Shared\Ink\rtscom.dll
0x00007ffe8efc0000 - 0x00007ffe8f055000 	C:\WINDOWS\System32\TextInputFramework.dll
0x00007ffe97c90000 - 0x00007ffe97fb2000 	C:\WINDOWS\System32\CoreUIComponents.dll
0x00007ffe9a020000 - 0x00007ffe9a102000 	C:\WINDOWS\System32\CoreMessaging.dll
0x00007ffe9e4c0000 - 0x00007ffe9e4f1000 	C:\WINDOWS\SYSTEM32\ntmarta.dll
0x00007ffe97b30000 - 0x00007ffe97c83000 	C:\WINDOWS\SYSTEM32\wintypes.dll
0x00007ffe8f630000 - 0x00007ffe8f69c000 	C:\WINDOWS\system32\Oleacc.dll
0x00007ffe8a9e0000 - 0x00007ffe8a9f2000 	C:\Program Files\Java\jre1.8.0_202\bin\prism_common.dll
0x00007ffe8b9b0000 - 0x00007ffe8b9ca000 	C:\Program Files\Java\jre1.8.0_202\bin\net.dll
0x00007ffe8fdf0000 - 0x00007ffe8ffc6000 	C:\WINDOWS\SYSTEM32\urlmon.dll
0x00007ffe8d480000 - 0x00007ffe8d728000 	C:\WINDOWS\SYSTEM32\iertutil.dll
0x00007ffe9ee50000 - 0x00007ffe9ee5c000 	C:\WINDOWS\SYSTEM32\CRYPTBASE.DLL
0x00007ffe9ec80000 - 0x00007ffe9ece7000 	C:\WINDOWS\system32\mswsock.dll
0x00007ffe9ea20000 - 0x00007ffe9eae6000 	C:\WINDOWS\SYSTEM32\DNSAPI.dll
0x00007ffea0630000 - 0x00007ffea0638000 	C:\WINDOWS\System32\NSI.dll
0x00007ffe9e9e0000 - 0x00007ffe9ea1d000 	C:\WINDOWS\SYSTEM32\IPHLPAPI.DLL
0x00007ffe8b400000 - 0x00007ffe8b40a000 	C:\Windows\System32\rasadhlp.dll
0x00007ffe8b650000 - 0x00007ffe8b6c9000 	C:\WINDOWS\System32\fwpuclnt.dll
0x00007ffe9f4d0000 - 0x00007ffe9f4f6000 	C:\WINDOWS\System32\bcrypt.dll
0x00007ffe65a20000 - 0x00007ffe65a44000 	C:\Program Files\Java\jre1.8.0_202\bin\sunec.dll
0x00007ffe90630000 - 0x00007ffe90646000 	C:\WINDOWS\SYSTEM32\dhcpcsvc6.DLL
0x00007ffe90ae0000 - 0x00007ffe90afc000 	C:\WINDOWS\SYSTEM32\dhcpcsvc.DLL

VM Arguments:
jvm_args: -Dfile.encoding=Cp1252 
java_command: application.Main
java_class_path (initial): C:\Users\nope\Desktop\GitRepos\TimerToDo\bin;C:\Users\nope\Desktop\GitRepos\ReferencedLibraries\mysql-connector-java-8.0.15\mysql-connector-java-8.0.15.jar;C:\Users\nope\Desktop\jfoenix-8.0.8.jar;C:\Users\nope\.p2\pool\plugins\org.eclipse.fx.ide.css.jfx8_3.5.0.201902220800.jar
Launcher Type: SUN_STANDARD

Environment Variables:
JAVA_HOME=C:\NVPACK\jdk1.8.0_77
PATH=C:/Program Files/Java/jre1.8.0_202/bin/server;C:/Program Files/Java/jre1.8.0_202/bin;C:/Program Files/Java/jre1.8.0_202/lib/amd64;C:\Program Files\Microsoft MPI\Bin\;C:\Program Files (x86)\Common Files\Oracle\Java\javapath;C:\WINDOWS\system32;C:\WINDOWS;C:\WINDOWS\System32\Wbem;C:\WINDOWS\System32\WindowsPowerShell\v1.0\;C:\WINDOWS\System32\OpenSSH\;C:\Program Files\dotnet\;C:\Program Files\Git\cmd;C:\Program Files (x86)\Microsoft SQL Server\140\Tools\Binn\;C:\Program Files\Microsoft SQL Server\140\Tools\Binn\;C:\Program Files (x86)\Microsoft SQL Server\140\DTS\Binn\;C:\Program Files\Microsoft SQL Server\140\DTS\Binn\;C:\Program Files\Microsoft SQL Server\Client SDK\ODBC\130\Tools\Binn\;C:\Program Files (x86)\Microsoft SQL Server\Client SDK\ODBC\130\Tools\Binn\;C:\Program Files (x86)\Microsoft SQL Server\140\Tools\Binn\ManagementStudio\;C:\Program Files\nodejs\;C:\NVPACK\gradle-2.9\bin;C:\NVPACK\apache-ant-1.8.2\bin;C:\NVPACK\jdk1.8.0_77\bin;C:\NVPACK\android-ndk-r12b;C:\NVPACK\android-sdk-windows\extras\android\support;C:\NVPACK\android-sdk-windows\build-tools;C:\NVPACK\android-sdk-windows\platform-tools;C:\NVPACK\android-sdk-windows\tools;C:\Users\nope\AppData\Local\Microsoft\WindowsApps;C:\Users\nope\IntelliJ IDEA Community Edition 2018.3.4\bin;;C:\Program Files\MySQL\MySQL Server 8.0\bin;;C:\Users\nope\Desktop;
USERNAME=nope
OS=Windows_NT
PROCESSOR_IDENTIFIER=Intel64 Family 6 Model 158 Stepping 9, GenuineIntel



---------------  S Y S T E M  ---------------

OS: Windows 10.0 , 64 bit Build 17763 (10.0.17763.379)

CPU:total 8 (initial active 8) (4 cores per cpu, 2 threads per core) family 6 model 158 stepping 9, cmov, cx8, fxsr, mmx, sse, sse2, sse3, ssse3, sse4.1, sse4.2, popcnt, avx, avx2, aes, clmul, erms, 3dnowpref, lzcnt, ht, tsc, tscinvbit, bmi1, bmi2, adx

Memory: 4k page, physical 16587404k(9145044k free), swap 18501444k(6333916k free)

vm_info: Java HotSpot(TM) 64-Bit Server VM (25.202-b08) for windows-amd64 JRE (1.8.0_202-b08), built on Dec 15 2018 19:54:30 by "java_re" with MS VC++ 10.0 (VS2010)

time: Tue Apr 09 02:33:07 2019
timezone: Eastern Daylight Time
elapsed time: 10 seconds (0d 0h 0m 10s)

