#
# A fatal error has been detected by the Java Runtime Environment:
#
#  EXCEPTION_ACCESS_VIOLATION (0xc0000005) at pc=0x00007ffe59aa78b0, pid=19764, tid=0x0000000000004c74
#
# JRE version: Java(TM) SE Runtime Environment (8.0_202-b08) (build 1.8.0_202-b08)
# Java VM: Java HotSpot(TM) 64-Bit Server VM (25.202-b08 mixed mode windows-amd64 compressed oops)
# Problematic frame:
# C  [glass.dll+0x278b0]
#
# Failed to write core dump. Minidumps are not enabled by default on client versions of Windows
#
# If you would like to submit a bug report, please visit:
#   http://bugreport.java.com/bugreport/crash.jsp
#

---------------  T H R E A D  ---------------

Current thread (0x000000001c9b8000):  VMThread [stack: 0x000000001e680000,0x000000001e780000] [id=19572]

siginfo: ExceptionCode=0xc0000005, reading address 0x0000000000000000

Registers:
RAX=0x0000000000000000, RBX=0x000000001f701c90, RCX=0x000000001c9b8000, RDX=0x000000006e8c24e8
RSP=0x000000001e77eeb0, RBP=0x0000000001248028, RSI=0x0000000001248000, RDI=0x0000c22688debe94
R8 =0x0000000000010002, R9 =0x0000c22688debe94, R10=0x00000000ffffffff, R11=0x000000001e77edc0
R12=0x00007ffe59aa48dc, R13=0x0000000002ff1658, R14=0x000000001e77efb8, R15=0x0000000001248000
RIP=0x00007ffe59aa78b0, EFLAGS=0x0000000000010202

Top of Stack: (sp=0x000000001e77eeb0)
0x000000001e77eeb0:   0000000000000000 00007ffea004c7eb
0x000000001e77eec0:   0000000001248010 0000000000000000
0x000000001e77eed0:   fffffffffffffffe 00007ffe59aa48dc
0x000000001e77eee0:   0000000001248008 00007ffea0053e26
0x000000001e77eef0:   00007c910ceb0ec2 0000000000000000
0x000000001e77ef00:   0000000001248028 0000000001248000
0x000000001e77ef10:   fffffffffffffffe 0000000000000001
0x000000001e77ef20:   0000000000000001 00007ffe59a80000
0x000000001e77ef30:   000000001e77efa8 00007ffea0053d4b
0x000000001e77ef40:   0000000000000000 000000001e77efb8
0x000000001e77ef50:   000000001c845400 00007ffea012c130
0x000000001e77ef60:   0000000000000000 00007ffea0053d04
0x000000001e77ef70:   0000000000000000 0000000000000001
0x000000001e77ef80:   00007ffe0000000d 000000001e77efa8
0x000000001e77ef90:   0000000000000000 00007ffe59aa4752
0x000000001e77efa0:   00007ffe59abf108 0000000000000002 

Instructions: (pc=0x00007ffe59aa78b0)
0x00007ffe59aa7890:   40 53 48 83 ec 30 48 c7 44 24 20 fe ff ff ff 48
0x00007ffe59aa78a0:   8b 1d 7a 72 01 00 48 85 db 74 16 e8 00 81 ff ff
0x00007ffe59aa78b0:   4c 8b 00 48 8b d3 48 8b c8 41 ff 90 b0 00 00 00
0x00007ffe59aa78c0:   90 48 83 c4 30 5b c3 cc cc cc cc cc cc cc cc cc 


Register to memory mapping:

RAX=0x0000000000000000 is an unknown value
RBX=0x000000001f701c90 is a global jni handle
RCX=0x000000001c9b8000 is an unknown value
RDX=0x000000006e8c24e8 is an unknown value
RSP=0x000000001e77eeb0 is an unknown value
RBP=0x0000000001248028 is an unknown value
RSI=0x0000000001248000 is an unknown value
RDI=0x0000c22688debe94 is an unknown value
R8 =0x0000000000010002 is an unknown value
R9 =0x0000c22688debe94 is an unknown value
R10=0x00000000ffffffff is an unknown value
R11=0x000000001e77edc0 is an unknown value
R12=0x00007ffe59aa48dc is an unknown value
R13=0x0000000002ff1658 is an unknown value
R14=0x000000001e77efb8 is an unknown value
R15=0x0000000001248000 is an unknown value


Stack: [0x000000001e680000,0x000000001e780000],  sp=0x000000001e77eeb0,  free space=1019k
Native frames: (J=compiled Java code, j=interpreted, Vv=VM code, C=native code)
C  [glass.dll+0x278b0]
C  [ucrtbase.dll+0x13e26]
C  [ucrtbase.dll+0x13d4b]
C  [ucrtbase.dll+0x13d04]
C  [glass.dll+0x24752]
C  [glass.dll+0x24850]
C  [ntdll.dll+0x48f07]
C  [ntdll.dll+0x435bc]
C  [ntdll.dll+0x66dad]
C  [KERNEL32.DLL+0x1d3ba]
C  [msvcr100.dll+0x20ccd]
V  [jvm.dll+0x214045]
V  [jvm.dll+0x24d5d7]
V  [jvm.dll+0x24c876]
V  [jvm.dll+0x24cd11]
V  [jvm.dll+0x24cf2e]
V  [jvm.dll+0x29fc6a]
C  [msvcr100.dll+0x21d9f]
C  [msvcr100.dll+0x21e3b]
C  [KERNEL32.DLL+0x181f4]
C  [ntdll.dll+0x6a251]

VM_Operation (0x0000000020708520): Exit, mode: safepoint, requested by thread 0x000000001f726000


---------------  P R O C E S S  ---------------

Java Threads: ( => current thread )
  0x000000001f9d3000 JavaThread "mysql-cj-abandoned-connection-cleanup" daemon [_thread_blocked, id=20552, stack(0x000000002aa40000,0x000000002ab40000)]
  0x000000001faa0800 JavaThread "Prism Font Disposer" daemon [_thread_blocked, id=16364, stack(0x00000000298c0000,0x00000000299c0000)]
  0x000000001f75d000 JavaThread "Thread-3" daemon [_thread_in_native, id=21428, stack(0x00000000272b0000,0x00000000273b0000)]
  0x000000001f768800 JavaThread "JavaFX-Launcher" [_thread_blocked, id=17948, stack(0x00000000273b0000,0x00000000274b0000)]
  0x000000001f726000 JavaThread "JavaFX Application Thread" [_thread_blocked, id=8260, stack(0x0000000020610000,0x0000000020710000)]
  0x000000001f719000 JavaThread "Thread-1" daemon [_thread_blocked, id=18292, stack(0x0000000020510000,0x0000000020610000)]
  0x000000001f6e8000 JavaThread "QuantumRenderer-0" daemon [_thread_blocked, id=20040, stack(0x00000000200d0000,0x00000000201d0000)]
  0x000000001e938000 JavaThread "Service Thread" daemon [_thread_blocked, id=20648, stack(0x000000001f480000,0x000000001f580000)]
  0x000000001e8ba800 JavaThread "C1 CompilerThread3" daemon [_thread_blocked, id=21036, stack(0x000000001f380000,0x000000001f480000)]
  0x000000001e8b7800 JavaThread "C2 CompilerThread2" daemon [_thread_blocked, id=18744, stack(0x000000001f280000,0x000000001f380000)]
  0x000000001e8ae000 JavaThread "C2 CompilerThread1" daemon [_thread_blocked, id=13224, stack(0x000000001f180000,0x000000001f280000)]
  0x000000001e8ac000 JavaThread "C2 CompilerThread0" daemon [_thread_blocked, id=10100, stack(0x000000001f080000,0x000000001f180000)]
  0x000000001e8a9000 JavaThread "Attach Listener" daemon [_thread_blocked, id=19480, stack(0x000000001ef80000,0x000000001f080000)]
  0x0000000002fec000 JavaThread "Signal Dispatcher" daemon [_thread_blocked, id=9264, stack(0x000000001ee80000,0x000000001ef80000)]
  0x0000000002fe9000 JavaThread "Finalizer" daemon [_thread_blocked, id=16588, stack(0x000000001ec80000,0x000000001ed80000)]
  0x000000001c9bd800 JavaThread "Reference Handler" daemon [_thread_blocked, id=14784, stack(0x000000001e780000,0x000000001e880000)]
  0x0000000002ef2800 JavaThread "main" [_thread_blocked, id=18480, stack(0x0000000002de0000,0x0000000002ee0000)]

Other Threads:
=>0x000000001c9b8000 VMThread [stack: 0x000000001e680000,0x000000001e780000] [id=19572]

VM state:at safepoint (shutting down)

VM Mutex/Monitor currently owned by a thread:  ([mutex/lock_event])
[0x0000000002ffd8a0] Threads_lock - owner thread: 0x000000001c9b8000

heap address: 0x00000006c2e00000, size: 4050 MB, Compressed Oops mode: Zero based, Oop shift amount: 3
Narrow klass base: 0x0000000000000000, Narrow klass shift: 3
Compressed class space size: 1073741824 Address: 0x00000007c0000000

Heap:
 PSYoungGen      total 75776K, used 26452K [0x000000076ba00000, 0x0000000774e00000, 0x00000007c0000000)
  eden space 65024K, 40% used [0x000000076ba00000,0x000000076d3d5150,0x000000076f980000)
  from space 10752K, 0% used [0x0000000770400000,0x0000000770400000,0x0000000770e80000)
  to   space 10752K, 0% used [0x000000076f980000,0x000000076f980000,0x0000000770400000)
 ParOldGen       total 78336K, used 9928K [0x00000006c2e00000, 0x00000006c7a80000, 0x000000076ba00000)
  object space 78336K, 12% used [0x00000006c2e00000,0x00000006c37b23c8,0x00000006c7a80000)
 Metaspace       used 23771K, capacity 24718K, committed 24832K, reserved 1071104K
  class space    used 3307K, capacity 3535K, committed 3584K, reserved 1048576K

Card table byte_map: [0x00000000123c0000,0x0000000012bb0000] byte_map_base: 0x000000000eda9000

Marking Bits: (ParMarkBitMap*) 0x000000006eab5ce0
 Begin Bits: [0x0000000013900000, 0x0000000017848000)
 End Bits:   [0x0000000017848000, 0x000000001b790000)

Polling page: 0x0000000000df0000

CodeCache: size=245760Kb used=9168Kb max_used=9174Kb free=236591Kb
 bounds [0x0000000003000000, 0x0000000003900000, 0x0000000012000000]
 total_blobs=3679 nmethods=2950 adapters=641
 compilation: enabled

Compilation events (10 events):
Event: 315.679 Thread 0x000000001e8ba800 nmethod 2944 0x00000000038cdc10 code [0x00000000038cdd60, 0x00000000038cdeb0]
Event: 315.681 Thread 0x000000001e8ae000 nmethod 2929 0x00000000038f5810 code [0x00000000038f5b60, 0x00000000038f82d8]
Event: 315.692 Thread 0x000000001e8ba800 2947       3       com.sun.javafx.geom.RectBounds::deriveWithUnion (64 bytes)
Event: 315.693 Thread 0x000000001e8ba800 nmethod 2947 0x00000000038f4990 code [0x00000000038f4b80, 0x00000000038f54f8]
Event: 315.693 Thread 0x000000001e8ba800 2948       3       com.sun.javafx.geom.RectBounds::unionWith (82 bytes)
Event: 315.693 Thread 0x000000001e8ba800 nmethod 2948 0x00000000038f35d0 code [0x00000000038f37c0, 0x00000000038f4618]
Event: 315.693 Thread 0x000000001e8ba800 2949       3       com.sun.javafx.geom.RectBounds::contains (70 bytes)
Event: 315.694 Thread 0x000000001e8ba800 nmethod 2949 0x00000000038f2c10 code [0x00000000038f2da0, 0x00000000038f34b0]
Event: 315.694 Thread 0x000000001e8ba800 2946       3       javafx.scene.Node::hasMirroring (40 bytes)
Event: 315.694 Thread 0x000000001e8ba800 nmethod 2946 0x00000000038f20d0 code [0x00000000038f2280, 0x00000000038f29c8]

GC Heap History (6 events):
Event: 308.278 GC heap before
{Heap before GC invocations=1 (full 0):
 PSYoungGen      total 75776K, used 65024K [0x000000076ba00000, 0x0000000770e80000, 0x00000007c0000000)
  eden space 65024K, 100% used [0x000000076ba00000,0x000000076f980000,0x000000076f980000)
  from space 10752K, 0% used [0x0000000770400000,0x0000000770400000,0x0000000770e80000)
  to   space 10752K, 0% used [0x000000076f980000,0x000000076f980000,0x0000000770400000)
 ParOldGen       total 173568K, used 0K [0x00000006c2e00000, 0x00000006cd780000, 0x000000076ba00000)
  object space 173568K, 0% used [0x00000006c2e00000,0x00000006c2e00000,0x00000006cd780000)
 Metaspace       used 20207K, capacity 21124K, committed 21296K, reserved 1067008K
  class space    used 2895K, capacity 3150K, committed 3200K, reserved 1048576K
Event: 308.288 GC heap after
Heap after GC invocations=1 (full 0):
 PSYoungGen      total 75776K, used 10751K [0x000000076ba00000, 0x0000000770e80000, 0x00000007c0000000)
  eden space 65024K, 0% used [0x000000076ba00000,0x000000076ba00000,0x000000076f980000)
  from space 10752K, 99% used [0x000000076f980000,0x00000007703fffc8,0x0000000770400000)
  to   space 10752K, 0% used [0x0000000770400000,0x0000000770400000,0x0000000770e80000)
 ParOldGen       total 173568K, used 2536K [0x00000006c2e00000, 0x00000006cd780000, 0x000000076ba00000)
  object space 173568K, 1% used [0x00000006c2e00000,0x00000006c307a0c8,0x00000006cd780000)
 Metaspace       used 20207K, capacity 21124K, committed 21296K, reserved 1067008K
  class space    used 2895K, capacity 3150K, committed 3200K, reserved 1048576K
}
Event: 308.307 GC heap before
{Heap before GC invocations=2 (full 0):
 PSYoungGen      total 75776K, used 11853K [0x000000076ba00000, 0x0000000770e80000, 0x00000007c0000000)
  eden space 65024K, 1% used [0x000000076ba00000,0x000000076bb13610,0x000000076f980000)
  from space 10752K, 99% used [0x000000076f980000,0x00000007703fffc8,0x0000000770400000)
  to   space 10752K, 0% used [0x0000000770400000,0x0000000770400000,0x0000000770e80000)
 ParOldGen       total 173568K, used 2536K [0x00000006c2e00000, 0x00000006cd780000, 0x000000076ba00000)
  object space 173568K, 1% used [0x00000006c2e00000,0x00000006c307a0c8,0x00000006cd780000)
 Metaspace       used 20285K, capacity 21188K, committed 21296K, reserved 1067008K
  class space    used 2908K, capacity 3150K, committed 3200K, reserved 1048576K
Event: 308.314 GC heap after
Heap after GC invocations=2 (full 0):
 PSYoungGen      total 75776K, used 10737K [0x000000076ba00000, 0x0000000774e00000, 0x00000007c0000000)
  eden space 65024K, 0% used [0x000000076ba00000,0x000000076ba00000,0x000000076f980000)
  from space 10752K, 99% used [0x0000000770400000,0x0000000770e7c560,0x0000000770e80000)
  to   space 10752K, 0% used [0x000000076f980000,0x000000076f980000,0x0000000770400000)
 ParOldGen       total 173568K, used 3752K [0x00000006c2e00000, 0x00000006cd780000, 0x000000076ba00000)
  object space 173568K, 2% used [0x00000006c2e00000,0x00000006c31aa328,0x00000006cd780000)
 Metaspace       used 20285K, capacity 21188K, committed 21296K, reserved 1067008K
  class space    used 2908K, capacity 3150K, committed 3200K, reserved 1048576K
}
Event: 308.314 GC heap before
{Heap before GC invocations=3 (full 1):
 PSYoungGen      total 75776K, used 10737K [0x000000076ba00000, 0x0000000774e00000, 0x00000007c0000000)
  eden space 65024K, 0% used [0x000000076ba00000,0x000000076ba00000,0x000000076f980000)
  from space 10752K, 99% used [0x0000000770400000,0x0000000770e7c560,0x0000000770e80000)
  to   space 10752K, 0% used [0x000000076f980000,0x000000076f980000,0x0000000770400000)
 ParOldGen       total 173568K, used 3752K [0x00000006c2e00000, 0x00000006cd780000, 0x000000076ba00000)
  object space 173568K, 2% used [0x00000006c2e00000,0x00000006c31aa328,0x00000006cd780000)
 Metaspace       used 20285K, capacity 21188K, committed 21296K, reserved 1067008K
  class space    used 2908K, capacity 3150K, committed 3200K, reserved 1048576K
Event: 308.341 GC heap after
Heap after GC invocations=3 (full 1):
 PSYoungGen      total 75776K, used 0K [0x000000076ba00000, 0x0000000774e00000, 0x00000007c0000000)
  eden space 65024K, 0% used [0x000000076ba00000,0x000000076ba00000,0x000000076f980000)
  from space 10752K, 0% used [0x0000000770400000,0x0000000770400000,0x0000000770e80000)
  to   space 10752K, 0% used [0x000000076f980000,0x000000076f980000,0x0000000770400000)
 ParOldGen       total 78336K, used 9928K [0x00000006c2e00000, 0x00000006c7a80000, 0x000000076ba00000)
  object space 78336K, 12% used [0x00000006c2e00000,0x00000006c37b23c8,0x00000006c7a80000)
 Metaspace       used 20285K, capacity 21188K, committed 21296K, reserved 1067008K
  class space    used 2908K, capacity 3150K, committed 3200K, reserved 1048576K
}

Deoptimization events (10 events):
Event: 308.586 Thread 0x000000001f726000 Uncommon trap: reason=unstable_if action=reinterpret pc=0x00000000032c31ac method=java.util.zip.ZipFile$ZipEntryIterator.hasNext()Z @ 25
Event: 308.597 Thread 0x000000001f726000 Uncommon trap: reason=unstable_if action=reinterpret pc=0x00000000032c876c method=java.util.zip.ZipFile$ZipEntryIterator.hasNext()Z @ 25
Event: 308.805 Thread 0x000000001f726000 Uncommon trap: reason=unstable_if action=reinterpret pc=0x0000000003743654 method=java.math.BigInteger.addOne([IIII)I @ 55
Event: 308.849 Thread 0x000000001f726000 Uncommon trap: reason=unstable_if action=reinterpret pc=0x0000000003730f88 method=java.util.regex.Matcher.reset()Ljava/util/regex/Matcher; @ 47
Event: 308.909 Thread 0x000000001f726000 Uncommon trap: reason=array_check action=maybe_recompile pc=0x00000000037fb7c4 method=com.sun.javafx.css.SimpleSelector.applies(Ljavafx/css/Styleable;[Ljava/util/Set;I)Z @ 37
Event: 308.909 Thread 0x000000001f726000 Uncommon trap: reason=array_check action=maybe_recompile pc=0x00000000037fb7c4 method=com.sun.javafx.css.SimpleSelector.applies(Ljavafx/css/Styleable;[Ljava/util/Set;I)Z @ 37
Event: 308.910 Thread 0x000000001f726000 Uncommon trap: reason=array_check action=maybe_recompile pc=0x00000000037fb7c4 method=com.sun.javafx.css.SimpleSelector.applies(Ljavafx/css/Styleable;[Ljava/util/Set;I)Z @ 37
Event: 308.910 Thread 0x000000001f726000 Uncommon trap: reason=array_check action=maybe_recompile pc=0x00000000037fb7c4 method=com.sun.javafx.css.SimpleSelector.applies(Ljavafx/css/Styleable;[Ljava/util/Set;I)Z @ 37
Event: 315.610 Thread 0x000000001f726000 Uncommon trap: reason=array_check action=maybe_recompile pc=0x0000000003870de8 method=com.sun.javafx.css.SimpleSelector.applies(Ljavafx/css/Styleable;[Ljava/util/Set;I)Z @ 37
Event: 315.612 Thread 0x000000001f726000 Uncommon trap: reason=unstable_if action=reinterpret pc=0x00000000038a2530 method=javafx.scene.Node.updateLocalToParentTransform()V @ 125

Classes redefined (0 events):
No events

Internal exceptions (10 events):
Event: 0.147 Thread 0x0000000002ef2800 Exception <a 'java/lang/NullPointerException'> (0x000000076bd53518) thrown at [C:\re\workspace\8-2-build-windows-amd64-cygwin\jdk8u202\12323\hotspot\src\share\vm\interpreter\linkResolver.cpp, line 1185]
Event: 1.151 Thread 0x000000001f726000 Exception <a 'java/lang/NullPointerException'> (0x000000076c9f6660) thrown at [C:\re\workspace\8-2-build-windows-amd64-cygwin\jdk8u202\12323\hotspot\src\share\vm\interpreter\linkResolver.cpp, line 1185]
Event: 1.151 Thread 0x000000001f726000 Exception <a 'java/lang/NullPointerException'> (0x000000076c9f6660) thrown at [C:\re\workspace\8-2-build-windows-amd64-cygwin\jdk8u202\12323\hotspot\src\share\vm\prims\jvm.cpp, line 1506]
Event: 1.185 Thread 0x000000001f726000 Exception <a 'java/lang/ArrayIndexOutOfBoundsException': 58> (0x000000076cc2e5d8) thrown at [C:\re\workspace\8-2-build-windows-amd64-cygwin\jdk8u202\12323\hotspot\src\share\vm\interpreter\interpreterRuntime.cpp, line 368]
Event: 1.185 Thread 0x000000001f726000 Exception <a 'java/lang/ArrayIndexOutOfBoundsException': 18> (0x000000076cc2f278) thrown at [C:\re\workspace\8-2-build-windows-amd64-cygwin\jdk8u202\12323\hotspot\src\share\vm\interpreter\interpreterRuntime.cpp, line 368]
Event: 1.185 Thread 0x000000001f726000 Exception <a 'java/lang/ArrayIndexOutOfBoundsException': 86> (0x000000076cc30620) thrown at [C:\re\workspace\8-2-build-windows-amd64-cygwin\jdk8u202\12323\hotspot\src\share\vm\interpreter\interpreterRuntime.cpp, line 368]
Event: 1.387 Thread 0x000000001f726000 Implicit null exception at 0x00000000032de7f5 to 0x00000000032dea21
Event: 1.505 Thread 0x000000001f726000 Exception <a 'java/io/FileNotFoundException'> (0x000000076db0db70) thrown at [C:\re\workspace\8-2-build-windows-amd64-cygwin\jdk8u202\12323\hotspot\src\share\vm\prims\jni.cpp, line 710]
Event: 308.112 Thread 0x000000001f726000 Implicit null exception at 0x000000000324e9d6 to 0x000000000324ed85
Event: 315.713 Thread 0x000000002b21f800 Exception <a 'java/lang/IllegalStateException'> (0x000000076d38a0b0) thrown at [C:\re\workspace\8-2-build-windows-amd64-cygwin\jdk8u202\12323\hotspot\src\share\vm\prims\jvm.cpp, line 1506]

Events (10 events):
Event: 315.711 loading class java/util/IdentityHashMap$IdentityHashMapIterator
Event: 315.711 loading class java/util/IdentityHashMap$IdentityHashMapIterator done
Event: 315.711 loading class java/util/IdentityHashMap$KeyIterator done
Event: 315.711 Thread 0x000000002b21f800 Thread added: 0x000000002b21f800
Event: 315.711 loading class com/sun/javafx/tk/quantum/QuantumRenderer
Event: 315.712 loading class com/sun/javafx/tk/quantum/QuantumRenderer done
Event: 315.712 loading class com/sun/javafx/tk/quantum/QuantumToolkit
Event: 315.712 loading class com/sun/javafx/tk/quantum/QuantumToolkit done
Event: 315.713 Thread 0x000000002b21f800 Thread exited: 0x000000002b21f800
Event: 315.713 Executing VM operation: Exit


Dynamic libraries:
0x00007ff684080000 - 0x00007ff6840b7000 	C:\Program Files\Java\jre1.8.0_202\bin\javaw.exe
0x00007ffea3400000 - 0x00007ffea35ed000 	C:\WINDOWS\SYSTEM32\ntdll.dll
0x00007ffea0ea0000 - 0x00007ffea0f53000 	C:\WINDOWS\System32\KERNEL32.DLL
0x00007ffe9f500000 - 0x00007ffe9f793000 	C:\WINDOWS\System32\KERNELBASE.dll
0x00007ffea0670000 - 0x00007ffea0713000 	C:\WINDOWS\System32\ADVAPI32.dll
0x00007ffea10b0000 - 0x00007ffea114e000 	C:\WINDOWS\System32\msvcrt.dll
0x00007ffea0ad0000 - 0x00007ffea0b6e000 	C:\WINDOWS\System32\sechost.dll
0x00007ffea0830000 - 0x00007ffea0952000 	C:\WINDOWS\System32\RPCRT4.dll
0x00007ffea3230000 - 0x00007ffea33c7000 	C:\WINDOWS\System32\USER32.dll
0x00007ffea02e0000 - 0x00007ffea0300000 	C:\WINDOWS\System32\win32u.dll
0x00007ffea15d0000 - 0x00007ffea15f9000 	C:\WINDOWS\System32\GDI32.dll
0x00007ffea0140000 - 0x00007ffea02da000 	C:\WINDOWS\System32\gdi32full.dll
0x00007ffea0590000 - 0x00007ffea0630000 	C:\WINDOWS\System32\msvcp_win.dll
0x00007ffea0040000 - 0x00007ffea013a000 	C:\WINDOWS\System32\ucrtbase.dll
0x00007ffe8c9d0000 - 0x00007ffe8cc49000 	C:\WINDOWS\WinSxS\amd64_microsoft.windows.common-controls_6595b64144ccf1df_6.0.17763.379_none_05b83be8071c94a1\COMCTL32.dll
0x00007ffea11c0000 - 0x00007ffea14ed000 	C:\WINDOWS\System32\combase.dll
0x00007ffe9f810000 - 0x00007ffe9f88e000 	C:\WINDOWS\System32\bcryptPrimitives.dll
0x00007ffea0640000 - 0x00007ffea066e000 	C:\WINDOWS\System32\IMM32.DLL
0x000000006ddc0000 - 0x000000006de92000 	C:\Program Files\Java\jre1.8.0_202\bin\msvcr100.dll
0x000000006e290000 - 0x000000006eb35000 	C:\Program Files\Java\jre1.8.0_202\bin\server\jvm.dll
0x00007ffea0960000 - 0x00007ffea0968000 	C:\WINDOWS\System32\PSAPI.DLL
0x00007ffe88410000 - 0x00007ffe88419000 	C:\WINDOWS\SYSTEM32\WSOCK32.dll
0x00007ffe98d00000 - 0x00007ffe98d24000 	C:\WINDOWS\SYSTEM32\WINMM.dll
0x00007ffe971a0000 - 0x00007ffe971aa000 	C:\WINDOWS\SYSTEM32\VERSION.dll
0x00007ffea1150000 - 0x00007ffea11bd000 	C:\WINDOWS\System32\WS2_32.dll
0x00007ffe98cd0000 - 0x00007ffe98cfd000 	C:\WINDOWS\SYSTEM32\WINMMBASE.dll
0x00007ffe9f7a0000 - 0x00007ffe9f7ea000 	C:\WINDOWS\System32\cfgmgr32.dll
0x00007ffe8bc10000 - 0x00007ffe8bc1f000 	C:\Program Files\Java\jre1.8.0_202\bin\verify.dll
0x00007ffe8bb10000 - 0x00007ffe8bb39000 	C:\Program Files\Java\jre1.8.0_202\bin\java.dll
0x00007ffe8bad0000 - 0x00007ffe8bae6000 	C:\Program Files\Java\jre1.8.0_202\bin\zip.dll
0x00007ffea1d40000 - 0x00007ffea3230000 	C:\WINDOWS\System32\SHELL32.dll
0x00007ffea0f60000 - 0x00007ffea1008000 	C:\WINDOWS\System32\shcore.dll
0x00007ffe9f890000 - 0x00007ffe9ffda000 	C:\WINDOWS\System32\windows.storage.dll
0x00007ffe9f4a0000 - 0x00007ffe9f4c4000 	C:\WINDOWS\System32\profapi.dll
0x00007ffe9f420000 - 0x00007ffe9f47d000 	C:\WINDOWS\System32\powrprof.dll
0x00007ffea1570000 - 0x00007ffea15c2000 	C:\WINDOWS\System32\shlwapi.dll
0x00007ffe9f400000 - 0x00007ffe9f411000 	C:\WINDOWS\System32\kernel.appcore.dll
0x00007ffe9f7f0000 - 0x00007ffe9f807000 	C:\WINDOWS\System32\cryptsp.dll
0x0000000001600000 - 0x0000000001603000 	C:\Program Files\Java\jre1.8.0_202\bin\api-ms-win-core-console-l1-1-0.dll
0x0000000001610000 - 0x0000000001613000 	C:\Program Files\Java\jre1.8.0_202\bin\api-ms-win-core-datetime-l1-1-0.dll
0x0000000001620000 - 0x0000000001623000 	C:\Program Files\Java\jre1.8.0_202\bin\api-ms-win-core-debug-l1-1-0.dll
0x000000001fe80000 - 0x000000001fe83000 	C:\Program Files\Java\jre1.8.0_202\bin\api-ms-win-core-errorhandling-l1-1-0.dll
0x000000001fe90000 - 0x000000001fe94000 	C:\Program Files\Java\jre1.8.0_202\bin\api-ms-win-core-file-l1-1-0.dll
0x000000001fea0000 - 0x000000001fea3000 	C:\Program Files\Java\jre1.8.0_202\bin\api-ms-win-core-file-l1-2-0.dll
0x000000001feb0000 - 0x000000001feb3000 	C:\Program Files\Java\jre1.8.0_202\bin\api-ms-win-core-file-l2-1-0.dll
0x000000001fec0000 - 0x000000001fec3000 	C:\Program Files\Java\jre1.8.0_202\bin\api-ms-win-core-handle-l1-1-0.dll
0x000000001fed0000 - 0x000000001fed3000 	C:\Program Files\Java\jre1.8.0_202\bin\api-ms-win-core-heap-l1-1-0.dll
0x000000001fee0000 - 0x000000001fee3000 	C:\Program Files\Java\jre1.8.0_202\bin\api-ms-win-core-interlocked-l1-1-0.dll
0x000000001fef0000 - 0x000000001fef3000 	C:\Program Files\Java\jre1.8.0_202\bin\api-ms-win-core-libraryloader-l1-1-0.dll
0x000000001ff00000 - 0x000000001ff03000 	C:\Program Files\Java\jre1.8.0_202\bin\api-ms-win-core-localization-l1-2-0.dll
0x000000001ff10000 - 0x000000001ff13000 	C:\Program Files\Java\jre1.8.0_202\bin\api-ms-win-core-memory-l1-1-0.dll
0x000000001ff20000 - 0x000000001ff23000 	C:\Program Files\Java\jre1.8.0_202\bin\api-ms-win-core-namedpipe-l1-1-0.dll
0x000000001ff30000 - 0x000000001ff33000 	C:\Program Files\Java\jre1.8.0_202\bin\api-ms-win-core-processenvironment-l1-1-0.dll
0x000000001ff40000 - 0x000000001ff43000 	C:\Program Files\Java\jre1.8.0_202\bin\api-ms-win-core-processthreads-l1-1-0.dll
0x000000001ff50000 - 0x000000001ff53000 	C:\Program Files\Java\jre1.8.0_202\bin\api-ms-win-core-processthreads-l1-1-1.dll
0x000000001ff60000 - 0x000000001ff63000 	C:\Program Files\Java\jre1.8.0_202\bin\api-ms-win-core-profile-l1-1-0.dll
0x000000001ff70000 - 0x000000001ff73000 	C:\Program Files\Java\jre1.8.0_202\bin\api-ms-win-core-rtlsupport-l1-1-0.dll
0x000000001ff80000 - 0x000000001ff83000 	C:\Program Files\Java\jre1.8.0_202\bin\api-ms-win-core-string-l1-1-0.dll
0x000000001ff90000 - 0x000000001ff93000 	C:\Program Files\Java\jre1.8.0_202\bin\api-ms-win-core-synch-l1-1-0.dll
0x000000001ffa0000 - 0x000000001ffa3000 	C:\Program Files\Java\jre1.8.0_202\bin\api-ms-win-core-synch-l1-2-0.dll
0x000000001ffb0000 - 0x000000001ffb3000 	C:\Program Files\Java\jre1.8.0_202\bin\api-ms-win-core-sysinfo-l1-1-0.dll
0x000000001ffc0000 - 0x000000001ffc3000 	C:\Program Files\Java\jre1.8.0_202\bin\api-ms-win-core-timezone-l1-1-0.dll
0x000000001ffd0000 - 0x000000001ffd3000 	C:\Program Files\Java\jre1.8.0_202\bin\api-ms-win-core-util-l1-1-0.dll
0x000000001ffe0000 - 0x000000001ffe3000 	C:\Program Files\Java\jre1.8.0_202\bin\api-ms-win-crt-conio-l1-1-0.dll
0x000000001fff0000 - 0x000000001fff4000 	C:\Program Files\Java\jre1.8.0_202\bin\api-ms-win-crt-convert-l1-1-0.dll
0x0000000020000000 - 0x0000000020003000 	C:\Program Files\Java\jre1.8.0_202\bin\api-ms-win-crt-environment-l1-1-0.dll
0x0000000020010000 - 0x0000000020013000 	C:\Program Files\Java\jre1.8.0_202\bin\api-ms-win-crt-filesystem-l1-1-0.dll
0x0000000020020000 - 0x0000000020023000 	C:\Program Files\Java\jre1.8.0_202\bin\api-ms-win-crt-heap-l1-1-0.dll
0x0000000020030000 - 0x0000000020033000 	C:\Program Files\Java\jre1.8.0_202\bin\api-ms-win-crt-locale-l1-1-0.dll
0x0000000020040000 - 0x0000000020045000 	C:\Program Files\Java\jre1.8.0_202\bin\api-ms-win-crt-math-l1-1-0.dll
0x0000000020050000 - 0x0000000020055000 	C:\Program Files\Java\jre1.8.0_202\bin\api-ms-win-crt-multibyte-l1-1-0.dll
0x0000000020060000 - 0x0000000020070000 	C:\Program Files\Java\jre1.8.0_202\bin\api-ms-win-crt-private-l1-1-0.dll
0x0000000020070000 - 0x0000000020073000 	C:\Program Files\Java\jre1.8.0_202\bin\api-ms-win-crt-process-l1-1-0.dll
0x0000000020080000 - 0x0000000020084000 	C:\Program Files\Java\jre1.8.0_202\bin\api-ms-win-crt-runtime-l1-1-0.dll
0x0000000020090000 - 0x0000000020094000 	C:\Program Files\Java\jre1.8.0_202\bin\api-ms-win-crt-stdio-l1-1-0.dll
0x00000000200a0000 - 0x00000000200a4000 	C:\Program Files\Java\jre1.8.0_202\bin\api-ms-win-crt-string-l1-1-0.dll
0x00000000200b0000 - 0x00000000200b3000 	C:\Program Files\Java\jre1.8.0_202\bin\api-ms-win-crt-time-l1-1-0.dll
0x00000000200c0000 - 0x00000000200c3000 	C:\Program Files\Java\jre1.8.0_202\bin\api-ms-win-crt-utility-l1-1-0.dll
0x00007ffe59b70000 - 0x00007ffe59c66000 	C:\Program Files\Java\jre1.8.0_202\bin\ucrtbase.dll
0x00007ffe8bb40000 - 0x00007ffe8bb56000 	C:\Program Files\Java\jre1.8.0_202\bin\vcruntime140.dll
0x00007ffe59ad0000 - 0x00007ffe59b6c000 	C:\Program Files\Java\jre1.8.0_202\bin\msvcp140.dll
0x00007ffe65a50000 - 0x00007ffe65aa1000 	C:\Program Files\Java\jre1.8.0_202\bin\concrt140.dll
0x00007ffe8b9d0000 - 0x00007ffe8b9f3000 	C:\Program Files\Java\jre1.8.0_202\bin\prism_d3d.dll
0x00007ffe64f00000 - 0x00007ffe6509e000 	C:\WINDOWS\system32\d3d9.dll
0x00007ffe9d760000 - 0x00007ffe9d78e000 	C:\WINDOWS\SYSTEM32\dwmapi.dll
0x00007ffea03b0000 - 0x00007ffea058b000 	C:\WINDOWS\System32\CRYPT32.dll
0x00007ffe9f480000 - 0x00007ffe9f492000 	C:\WINDOWS\System32\MSASN1.dll
0x00007ffe9d690000 - 0x00007ffe9d72c000 	C:\WINDOWS\system32\uxtheme.dll
0x00007ffe2e140000 - 0x00007ffe3113d000 	C:\WINDOWS\System32\DriverStore\FileRepository\k127369.inf_amd64_b8b3c10a6624488c\igd9dxva64.dll
0x00007ffea0970000 - 0x00007ffea0ac5000 	C:\WINDOWS\System32\ole32.dll
0x00007ffea1660000 - 0x00007ffea172b000 	C:\WINDOWS\System32\OLEAUT32.dll
0x00007ffe59a80000 - 0x00007ffe59ac9000 	C:\Program Files\Java\jre1.8.0_202\bin\glass.dll
0x00007ffea1c10000 - 0x00007ffea1d37000 	C:\WINDOWS\System32\COMDLG32.dll
0x00007ffea0d30000 - 0x00007ffea0e9a000 	C:\WINDOWS\System32\MSCTF.dll
0x00007ffe89190000 - 0x00007ffe891a4000 	C:\Program Files\Java\jre1.8.0_202\bin\javafx_font.dll
0x00007ffe8c6c0000 - 0x00007ffe8c9bf000 	C:\WINDOWS\SYSTEM32\dwrite.dll
0x00007ffea0780000 - 0x00007ffea0822000 	C:\WINDOWS\System32\clbcatq.dll
0x00007ffe97820000 - 0x00007ffe979d8000 	C:\WINDOWS\SYSTEM32\WindowsCodecs.dll
0x00007ffe6e150000 - 0x00007ffe6e1a6000 	C:\WINDOWS\system32\dataexchange.dll
0x00007ffe99270000 - 0x00007ffe994ee000 	C:\WINDOWS\system32\d3d11.dll
0x00007ffe99ae0000 - 0x00007ffe99ca3000 	C:\WINDOWS\system32\dcomp.dll
0x00007ffe9e250000 - 0x00007ffe9e312000 	C:\WINDOWS\system32\dxgi.dll
0x00007ffe9d790000 - 0x00007ffe9d99d000 	C:\WINDOWS\system32\twinapi.appcore.dll
0x00007ffe9d9a0000 - 0x00007ffe9d9c8000 	C:\WINDOWS\system32\RMCLIENT.dll
0x00007ffe89040000 - 0x00007ffe89073000 	C:\Program Files\Common Files\Microsoft Shared\Ink\rtscom.dll
0x00007ffe8efc0000 - 0x00007ffe8f055000 	C:\WINDOWS\System32\TextInputFramework.dll
0x00007ffe9a020000 - 0x00007ffe9a102000 	C:\WINDOWS\System32\CoreMessaging.dll
0x00007ffe97c90000 - 0x00007ffe97fb2000 	C:\WINDOWS\System32\CoreUIComponents.dll
0x00007ffe9e4c0000 - 0x00007ffe9e4f1000 	C:\WINDOWS\SYSTEM32\ntmarta.dll
0x00007ffe97b30000 - 0x00007ffe97c83000 	C:\WINDOWS\SYSTEM32\wintypes.dll
0x00007ffe8f630000 - 0x00007ffe8f69c000 	C:\WINDOWS\system32\Oleacc.dll
0x00007ffe88ed0000 - 0x00007ffe88ee2000 	C:\Program Files\Java\jre1.8.0_202\bin\prism_common.dll
0x00007ffe8b9b0000 - 0x00007ffe8b9ca000 	C:\Program Files\Java\jre1.8.0_202\bin\net.dll
0x00007ffe8fdf0000 - 0x00007ffe8ffc6000 	C:\WINDOWS\SYSTEM32\urlmon.dll
0x00007ffe8d480000 - 0x00007ffe8d728000 	C:\WINDOWS\SYSTEM32\iertutil.dll
0x00007ffe9ee50000 - 0x00007ffe9ee5c000 	C:\WINDOWS\SYSTEM32\CRYPTBASE.DLL
0x00007ffe9ec80000 - 0x00007ffe9ece7000 	C:\WINDOWS\system32\mswsock.dll
0x00007ffe9ea20000 - 0x00007ffe9eae6000 	C:\WINDOWS\SYSTEM32\DNSAPI.dll
0x00007ffea0630000 - 0x00007ffea0638000 	C:\WINDOWS\System32\NSI.dll
0x00007ffe9e9e0000 - 0x00007ffe9ea1d000 	C:\WINDOWS\SYSTEM32\IPHLPAPI.DLL
0x00007ffe8b400000 - 0x00007ffe8b40a000 	C:\Windows\System32\rasadhlp.dll
0x00007ffe8b650000 - 0x00007ffe8b6c9000 	C:\WINDOWS\System32\fwpuclnt.dll
0x00007ffe9f4d0000 - 0x00007ffe9f4f6000 	C:\WINDOWS\System32\bcrypt.dll
0x00007ffe65a20000 - 0x00007ffe65a44000 	C:\Program Files\Java\jre1.8.0_202\bin\sunec.dll
0x00007ffe90630000 - 0x00007ffe90646000 	C:\WINDOWS\SYSTEM32\dhcpcsvc6.DLL
0x00007ffe90ae0000 - 0x00007ffe90afc000 	C:\WINDOWS\SYSTEM32\dhcpcsvc.DLL
0x00007ffe89450000 - 0x00007ffe89462000 	C:\Program Files\Java\jre1.8.0_202\bin\nio.dll
0x00007ffe9e840000 - 0x00007ffe9e873000 	C:\WINDOWS\system32\rsaenh.dll

VM Arguments:
jvm_args: -Dfile.encoding=Cp1252 
java_command: application.Main
java_class_path (initial): C:\Users\nope\Desktop\GitRepos\TimerToDo\bin;C:\Users\nope\Desktop\GitRepos\ReferencedLibraries\mysql-connector-java-8.0.15\mysql-connector-java-8.0.15.jar;C:\Users\nope\Desktop\jfoenix-8.0.8.jar;C:\Users\nope\.p2\pool\plugins\org.eclipse.fx.ide.css.jfx8_3.5.0.201902220800.jar
Launcher Type: SUN_STANDARD

Environment Variables:
JAVA_HOME=C:\NVPACK\jdk1.8.0_77
PATH=C:/Program Files/Java/jre1.8.0_202/bin/server;C:/Program Files/Java/jre1.8.0_202/bin;C:/Program Files/Java/jre1.8.0_202/lib/amd64;C:\Program Files\Microsoft MPI\Bin\;C:\Program Files (x86)\Common Files\Oracle\Java\javapath;C:\WINDOWS\system32;C:\WINDOWS;C:\WINDOWS\System32\Wbem;C:\WINDOWS\System32\WindowsPowerShell\v1.0\;C:\WINDOWS\System32\OpenSSH\;C:\Program Files\dotnet\;C:\Program Files\Git\cmd;C:\Program Files (x86)\Microsoft SQL Server\140\Tools\Binn\;C:\Program Files\Microsoft SQL Server\140\Tools\Binn\;C:\Program Files (x86)\Microsoft SQL Server\140\DTS\Binn\;C:\Program Files\Microsoft SQL Server\140\DTS\Binn\;C:\Program Files\Microsoft SQL Server\Client SDK\ODBC\130\Tools\Binn\;C:\Program Files (x86)\Microsoft SQL Server\Client SDK\ODBC\130\Tools\Binn\;C:\Program Files (x86)\Microsoft SQL Server\140\Tools\Binn\ManagementStudio\;C:\Program Files\nodejs\;C:\NVPACK\gradle-2.9\bin;C:\NVPACK\apache-ant-1.8.2\bin;C:\NVPACK\jdk1.8.0_77\bin;C:\NVPACK\android-ndk-r12b;C:\NVPACK\android-sdk-windows\extras\android\support;C:\NVPACK\android-sdk-windows\build-tools;C:\NVPACK\android-sdk-windows\platform-tools;C:\NVPACK\android-sdk-windows\tools;C:\Users\nope\AppData\Local\Microsoft\WindowsApps;C:\Users\nope\IntelliJ IDEA Community Edition 2018.3.4\bin;;C:\Program Files\MySQL\MySQL Server 8.0\bin;;C:\Users\nope\Desktop;
USERNAME=nope
OS=Windows_NT
PROCESSOR_IDENTIFIER=Intel64 Family 6 Model 158 Stepping 9, GenuineIntel



---------------  S Y S T E M  ---------------

OS: Windows 10.0 , 64 bit Build 17763 (10.0.17763.379)

CPU:total 8 (initial active 8) (4 cores per cpu, 2 threads per core) family 6 model 158 stepping 9, cmov, cx8, fxsr, mmx, sse, sse2, sse3, ssse3, sse4.1, sse4.2, popcnt, avx, avx2, aes, clmul, erms, 3dnowpref, lzcnt, ht, tsc, tscinvbit, bmi1, bmi2, adx

Memory: 4k page, physical 16587404k(9017604k free), swap 18501496k(6445364k free)

vm_info: Java HotSpot(TM) 64-Bit Server VM (25.202-b08) for windows-amd64 JRE (1.8.0_202-b08), built on Dec 15 2018 19:54:30 by "java_re" with MS VC++ 10.0 (VS2010)

time: Mon Apr 08 22:09:19 2019
timezone: Eastern Daylight Time
elapsed time: 316 seconds (0d 0h 5m 16s)

