#
# A fatal error has been detected by the Java Runtime Environment:
#
#  EXCEPTION_ACCESS_VIOLATION (0xc0000005) at pc=0x00007ffd604478b0, pid=15084, tid=0x0000000000003bc8
#
# JRE version: Java(TM) SE Runtime Environment (8.0_202-b08) (build 1.8.0_202-b08)
# Java VM: Java HotSpot(TM) 64-Bit Server VM (25.202-b08 mixed mode windows-amd64 compressed oops)
# Problematic frame:
# C  [glass.dll+0x278b0]
#
# Failed to write core dump. Minidumps are not enabled by default on client versions of Windows
#
# If you would like to submit a bug report, please visit:
#   http://bugreport.java.com/bugreport/crash.jsp
#

---------------  T H R E A D  ---------------

Current thread (0x000000001c848000):  VMThread [stack: 0x000000001e520000,0x000000001e620000] [id=15304]

siginfo: ExceptionCode=0xc0000005, reading address 0x0000000000000000

Registers:
RAX=0x0000000000000000, RBX=0x000000001f56d8f0, RCX=0x000000001c848000, RDX=0x00000000736d24e8
RSP=0x000000001e61ee30, RBP=0x0000000000f572c8, RSI=0x0000000000f572a0, RDI=0x00001e4681931107
R8 =0x0000000000010002, R9 =0x00001e4681931107, R10=0x00000000ffffffff, R11=0x000000001e61ed40
R12=0x00007ffd604448dc, R13=0x0000000001451658, R14=0x000000001e61ef38, R15=0x0000000000f572a0
RIP=0x00007ffd604478b0, EFLAGS=0x0000000000010206

Top of Stack: (sp=0x000000001e61ee30)
0x000000001e61ee30:   0000000000000000 00007ffd70e6c7eb
0x000000001e61ee40:   0000000000f572b0 0000000000000000
0x000000001e61ee50:   fffffffffffffffe 00007ffd604448dc
0x000000001e61ee60:   0000000000f572a8 00007ffd70e73e26
0x000000001e61ee70:   00003dbf0aef5704 0000000000000000
0x000000001e61ee80:   0000000000f572c8 0000000000f572a0
0x000000001e61ee90:   fffffffffffffffe 0000000000000001
0x000000001e61eea0:   0000000000000001 00007ffd60420000
0x000000001e61eeb0:   000000001e61ef28 00007ffd70e73d4b
0x000000001e61eec0:   0000000000000000 000000001e61ef38
0x000000001e61eed0:   0000000002e89980 00007ffd70f4c130
0x000000001e61eee0:   0000000000000000 00007ffd70e73d04
0x000000001e61eef0:   0000000000000000 0000000000000001
0x000000001e61ef00:   000000001f5e33a0 000000001e61ef28
0x000000001e61ef10:   0000000000000000 00007ffd60444752
0x000000001e61ef20:   00007ffd6045f108 0000000000000002 

Instructions: (pc=0x00007ffd604478b0)
0x00007ffd60447890:   40 53 48 83 ec 30 48 c7 44 24 20 fe ff ff ff 48
0x00007ffd604478a0:   8b 1d 7a 72 01 00 48 85 db 74 16 e8 00 81 ff ff
0x00007ffd604478b0:   4c 8b 00 48 8b d3 48 8b c8 41 ff 90 b0 00 00 00
0x00007ffd604478c0:   90 48 83 c4 30 5b c3 cc cc cc cc cc cc cc cc cc 


Register to memory mapping:

RAX=0x0000000000000000 is an unknown value
RBX=0x000000001f56d8f0 is a global jni handle
RCX=0x000000001c848000 is an unknown value
RDX=0x00000000736d24e8 is an unknown value
RSP=0x000000001e61ee30 is an unknown value
RBP=0x0000000000f572c8 is an unknown value
RSI=0x0000000000f572a0 is an unknown value
RDI=0x00001e4681931107 is an unknown value
R8 =0x0000000000010002 is an unknown value
R9 =0x00001e4681931107 is an unknown value
R10=0x00000000ffffffff is an unknown value
R11=0x000000001e61ed40 is an unknown value
R12=0x00007ffd604448dc is an unknown value
R13=0x0000000001451658 is an unknown value
R14=0x000000001e61ef38 is an unknown value
R15=0x0000000000f572a0 is an unknown value


Stack: [0x000000001e520000,0x000000001e620000],  sp=0x000000001e61ee30,  free space=1019k
Native frames: (J=compiled Java code, j=interpreted, Vv=VM code, C=native code)
C  [glass.dll+0x278b0]
C  [ucrtbase.dll+0x13e26]
C  [ucrtbase.dll+0x13d4b]
C  [ucrtbase.dll+0x13d04]
C  [glass.dll+0x24752]
C  [glass.dll+0x24850]
C  [ntdll.dll+0x48f07]
C  [ntdll.dll+0x435bc]
C  [ntdll.dll+0x66dad]
C  [KERNEL32.DLL+0x1d3ba]
C  [msvcr100.dll+0x20ccd]
V  [jvm.dll+0x214045]
V  [jvm.dll+0x24d5d7]
V  [jvm.dll+0x24c876]
V  [jvm.dll+0x24cd11]
V  [jvm.dll+0x24cf2e]
V  [jvm.dll+0x29fc6a]
C  [msvcr100.dll+0x21d9f]
C  [msvcr100.dll+0x21e3b]
C  [KERNEL32.DLL+0x181f4]
C  [ntdll.dll+0x6a251]

VM_Operation (0x0000000020499c30): Exit, mode: safepoint, requested by thread 0x000000001f5a1800


---------------  P R O C E S S  ---------------

Java Threads: ( => current thread )
  0x000000001f9fd000 JavaThread "Prism Font Disposer" daemon [_thread_blocked, id=5452, stack(0x000000002aa90000,0x000000002ab90000)]
  0x000000001fd1d800 JavaThread "mysql-cj-abandoned-connection-cleanup" daemon [_thread_blocked, id=14676, stack(0x0000000028750000,0x0000000028850000)]
  0x000000001f5e6000 JavaThread "Thread-3" daemon [_thread_in_native, id=13328, stack(0x0000000027080000,0x0000000027180000)]
  0x000000001f5bd000 JavaThread "JavaFX-Launcher" [_thread_blocked, id=11848, stack(0x0000000027180000,0x0000000027280000)]
  0x000000001f5a1800 JavaThread "JavaFX Application Thread" [_thread_blocked, id=1560, stack(0x00000000203a0000,0x00000000204a0000)]
  0x000000001f594000 JavaThread "Thread-1" daemon [_thread_blocked, id=7776, stack(0x00000000202a0000,0x00000000203a0000)]
  0x000000001f563000 JavaThread "QuantumRenderer-0" daemon [_thread_blocked, id=15292, stack(0x000000001ff20000,0x0000000020020000)]
  0x000000001e7e4800 JavaThread "Service Thread" daemon [_thread_blocked, id=11664, stack(0x000000001f320000,0x000000001f420000)]
  0x000000001e75a800 JavaThread "C1 CompilerThread3" daemon [_thread_blocked, id=6964, stack(0x000000001f220000,0x000000001f320000)]
  0x000000001e757000 JavaThread "C2 CompilerThread2" daemon [_thread_blocked, id=6584, stack(0x000000001f120000,0x000000001f220000)]
  0x000000001e754000 JavaThread "C2 CompilerThread1" daemon [_thread_blocked, id=8116, stack(0x000000001f020000,0x000000001f120000)]
  0x000000001e74e800 JavaThread "C2 CompilerThread0" daemon [_thread_blocked, id=2456, stack(0x000000001ef20000,0x000000001f020000)]
  0x000000001e74c000 JavaThread "Attach Listener" daemon [_thread_blocked, id=2164, stack(0x000000001ee20000,0x000000001ef20000)]
  0x000000001c85d800 JavaThread "Signal Dispatcher" daemon [_thread_blocked, id=14900, stack(0x000000001ed20000,0x000000001ee20000)]
  0x000000001e740800 JavaThread "Finalizer" daemon [_thread_blocked, id=13372, stack(0x000000001eb20000,0x000000001ec20000)]
  0x0000000002ed8000 JavaThread "Reference Handler" daemon [_thread_blocked, id=12100, stack(0x000000001e620000,0x000000001e720000)]
  0x0000000002de2800 JavaThread "main" [_thread_blocked, id=140, stack(0x0000000002c30000,0x0000000002d30000)]

Other Threads:
=>0x000000001c848000 VMThread [stack: 0x000000001e520000,0x000000001e620000] [id=15304]

VM state:at safepoint (shutting down)

VM Mutex/Monitor currently owned by a thread:  ([mutex/lock_event])
[0x000000000145d1a0] Threads_lock - owner thread: 0x000000001c848000

heap address: 0x00000006c2e00000, size: 4050 MB, Compressed Oops mode: Zero based, Oop shift amount: 3
Narrow klass base: 0x0000000000000000, Narrow klass shift: 3
Compressed class space size: 1073741824 Address: 0x00000007c0000000

Heap:
 PSYoungGen      total 75776K, used 56893K [0x000000076ba00000, 0x0000000770e80000, 0x00000007c0000000)
  eden space 65024K, 87% used [0x000000076ba00000,0x000000076f18f510,0x000000076f980000)
  from space 10752K, 0% used [0x0000000770400000,0x0000000770400000,0x0000000770e80000)
  to   space 10752K, 0% used [0x000000076f980000,0x000000076f980000,0x0000000770400000)
 ParOldGen       total 173568K, used 0K [0x00000006c2e00000, 0x00000006cd780000, 0x000000076ba00000)
  object space 173568K, 0% used [0x00000006c2e00000,0x00000006c2e00000,0x00000006cd780000)
 Metaspace       used 18321K, capacity 19138K, committed 19200K, reserved 1064960K
  class space    used 2557K, capacity 2771K, committed 2816K, reserved 1048576K

Card table byte_map: [0x00000000122a0000,0x0000000012a90000] byte_map_base: 0x000000000ec89000

Marking Bits: (ParMarkBitMap*) 0x00000000738c5ce0
 Begin Bits: [0x00000000137e0000, 0x0000000017728000)
 End Bits:   [0x0000000017728000, 0x000000001b670000)

Polling page: 0x0000000001400000

CodeCache: size=245760Kb used=5250Kb max_used=5250Kb free=240509Kb
 bounds [0x0000000002ee0000, 0x0000000003410000, 0x0000000011ee0000]
 total_blobs=2259 nmethods=1598 adapters=573
 compilation: enabled

Compilation events (10 events):
Event: 16.150 Thread 0x000000001e75a800 1596       3       com.sun.prism.d3d.D3DContext::getContextHandle (5 bytes)
Event: 16.151 Thread 0x000000001e75a800 nmethod 1596 0x00000000033ffa50 code [0x00000000033ffba0, 0x00000000033ffcf0]
Event: 16.151 Thread 0x000000001e75a800 1597       3       com.sun.javafx.geom.transform.AffineBase::updateState2D (210 bytes)
Event: 16.151 Thread 0x000000001e75a800 nmethod 1597 0x00000000033ff010 code [0x00000000033ff1c0, 0x00000000033ff9b0]
Event: 16.151 Thread 0x000000001e75a800 1594       3       com.sun.prism.d3d.D3DRTTexture::getResourceHandle (17 bytes)
Event: 16.151 Thread 0x000000001e75a800 nmethod 1594 0x0000000003401810 code [0x00000000034019c0, 0x00000000034020a8]
Event: 16.151 Thread 0x000000001e75a800 1595       1       com.sun.prism.impl.BaseGraphics::hasPreCullingBits (5 bytes)
Event: 16.151 Thread 0x000000001e75a800 nmethod 1595 0x00000000033fed50 code [0x00000000033feea0, 0x00000000033fefb0]
Event: 16.157 Thread 0x000000001e75a800 1598       3       java.lang.invoke.MethodTypeForm::canonicalizeAll (66 bytes)
Event: 16.157 Thread 0x000000001e75a800 nmethod 1598 0x00000000034022d0 code [0x0000000003402480, 0x0000000003402ab8]

GC Heap History (0 events):
No events

Deoptimization events (10 events):
Event: 3.672 Thread 0x000000001f5a1800 Uncommon trap: reason=class_check action=maybe_recompile pc=0x0000000003183b28 method=java.io.DataInputStream.readShort()S @ 4
Event: 3.672 Thread 0x000000001f5a1800 Uncommon trap: reason=class_check action=maybe_recompile pc=0x0000000003183b28 method=java.io.DataInputStream.readShort()S @ 4
Event: 3.672 Thread 0x000000001f5a1800 Uncommon trap: reason=class_check action=maybe_recompile pc=0x0000000003183b28 method=java.io.DataInputStream.readShort()S @ 4
Event: 3.672 Thread 0x000000001f5a1800 Uncommon trap: reason=class_check action=maybe_recompile pc=0x0000000003183b28 method=java.io.DataInputStream.readShort()S @ 4
Event: 3.675 Thread 0x000000001f5a1800 Uncommon trap: reason=class_check action=maybe_recompile pc=0x0000000002ffec00 method=java.lang.String.equals(Ljava/lang/Object;)Z @ 8
Event: 3.675 Thread 0x000000001f5a1800 Uncommon trap: reason=class_check action=maybe_recompile pc=0x0000000002ffec00 method=java.lang.String.equals(Ljava/lang/Object;)Z @ 8
Event: 3.675 Thread 0x000000001f5a1800 Uncommon trap: reason=class_check action=maybe_recompile pc=0x0000000002ffec00 method=java.lang.String.equals(Ljava/lang/Object;)Z @ 8
Event: 3.676 Thread 0x000000001f5a1800 Uncommon trap: reason=class_check action=maybe_recompile pc=0x0000000002ffec00 method=java.lang.String.equals(Ljava/lang/Object;)Z @ 8
Event: 3.686 Thread 0x000000001f5a1800 Uncommon trap: reason=unstable_if action=reinterpret pc=0x0000000003247abc method=java.lang.String.regionMatches(ZILjava/lang/String;II)Z @ 123
Event: 16.103 Thread 0x000000001f5a1800 Uncommon trap: reason=unstable_if action=reinterpret pc=0x00000000032e3ce8 method=jdk.internal.org.objectweb.asm.Type.getArgumentsAndReturnSizes(Ljava/lang/String;)I @ 47

Classes redefined (0 events):
No events

Internal exceptions (10 events):
Event: 1.280 Thread 0x000000001f5a1800 Exception <a 'java/lang/ArrayIndexOutOfBoundsException'> (0x000000076d0965e8) thrown at [C:\re\workspace\8-2-build-windows-amd64-cygwin\jdk8u202\12323\hotspot\src\share\vm\runtime\sharedRuntime.cpp, line 605]
Event: 1.382 Thread 0x000000001f5a1800 Exception <a 'java/lang/ArrayIndexOutOfBoundsException'> (0x000000076d68ce80) thrown at [C:\re\workspace\8-2-build-windows-amd64-cygwin\jdk8u202\12323\hotspot\src\share\vm\runtime\sharedRuntime.cpp, line 605]
Event: 1.382 Thread 0x000000001f5a1800 Exception <a 'java/lang/ArrayIndexOutOfBoundsException'> (0x000000076d68dc98) thrown at [C:\re\workspace\8-2-build-windows-amd64-cygwin\jdk8u202\12323\hotspot\src\share\vm\runtime\sharedRuntime.cpp, line 605]
Event: 1.382 Thread 0x000000001f5a1800 Exception <a 'java/lang/ArrayIndexOutOfBoundsException'> (0x000000076d68f508) thrown at [C:\re\workspace\8-2-build-windows-amd64-cygwin\jdk8u202\12323\hotspot\src\share\vm\runtime\sharedRuntime.cpp, line 605]
Event: 1.397 Thread 0x000000001f5a1800 Implicit null exception at 0x00000000031b6e14 to 0x00000000031b71d5
Event: 2.504 Thread 0x000000001f5a1800 Exception <a 'java/net/ConnectException': Connection refused: connect> (0x000000076dd30f78) thrown at [C:\re\workspace\8-2-build-windows-amd64-cygwin\jdk8u202\12323\hotspot\src\share\vm\prims\jni.cpp, line 736]
Event: 3.505 Thread 0x000000001f5a1800 Exception <a 'java/net/ConnectException': Connection refused: connect> (0x000000076dd31ab8) thrown at [C:\re\workspace\8-2-build-windows-amd64-cygwin\jdk8u202\12323\hotspot\src\share\vm\prims\jni.cpp, line 736]
Event: 3.562 Thread 0x000000001f5a1800 Implicit null exception at 0x00000000031deab5 to 0x00000000031decdd
Event: 3.564 Thread 0x000000001f5a1800 Implicit null exception at 0x000000000322f72f to 0x000000000322f799
Event: 16.162 Thread 0x000000001fae7800 Exception <a 'java/lang/IllegalStateException'> (0x000000076f050700) thrown at [C:\re\workspace\8-2-build-windows-amd64-cygwin\jdk8u202\12323\hotspot\src\share\vm\prims\jvm.cpp, line 1506]

Events (10 events):
Event: 16.161 loading class java/util/IdentityHashMap$IdentityHashMapIterator
Event: 16.161 loading class java/util/IdentityHashMap$IdentityHashMapIterator done
Event: 16.161 loading class java/util/IdentityHashMap$KeyIterator done
Event: 16.161 Thread 0x000000001fae7800 Thread added: 0x000000001fae7800
Event: 16.162 loading class com/sun/javafx/tk/quantum/QuantumRenderer
Event: 16.162 loading class com/sun/javafx/tk/quantum/QuantumRenderer done
Event: 16.162 loading class com/sun/javafx/tk/quantum/QuantumToolkit
Event: 16.162 loading class com/sun/javafx/tk/quantum/QuantumToolkit done
Event: 16.162 Thread 0x000000001fae7800 Thread exited: 0x000000001fae7800
Event: 16.162 Executing VM operation: Exit


Dynamic libraries:
0x00007ff60ad80000 - 0x00007ff60adb7000 	C:\Program Files\Java\jre1.8.0_202\bin\javaw.exe
0x00007ffd748d0000 - 0x00007ffd74abd000 	C:\WINDOWS\SYSTEM32\ntdll.dll
0x00007ffd71e70000 - 0x00007ffd71f23000 	C:\WINDOWS\System32\KERNEL32.DLL
0x00007ffd70b60000 - 0x00007ffd70df3000 	C:\WINDOWS\System32\KERNELBASE.dll
0x00007ffd74140000 - 0x00007ffd741e3000 	C:\WINDOWS\System32\ADVAPI32.dll
0x00007ffd725f0000 - 0x00007ffd7268e000 	C:\WINDOWS\System32\msvcrt.dll
0x00007ffd74800000 - 0x00007ffd7489e000 	C:\WINDOWS\System32\sechost.dll
0x00007ffd71f30000 - 0x00007ffd72052000 	C:\WINDOWS\System32\RPCRT4.dll
0x00007ffd72450000 - 0x00007ffd725e7000 	C:\WINDOWS\System32\USER32.dll
0x00007ffd709a0000 - 0x00007ffd709c0000 	C:\WINDOWS\System32\win32u.dll
0x00007ffd71de0000 - 0x00007ffd71e09000 	C:\WINDOWS\System32\GDI32.dll
0x00007ffd709c0000 - 0x00007ffd70b5a000 	C:\WINDOWS\System32\gdi32full.dll
0x00007ffd712f0000 - 0x00007ffd71390000 	C:\WINDOWS\System32\msvcp_win.dll
0x00007ffd70e60000 - 0x00007ffd70f5a000 	C:\WINDOWS\System32\ucrtbase.dll
0x00007ffd63450000 - 0x00007ffd636c9000 	C:\WINDOWS\WinSxS\amd64_microsoft.windows.common-controls_6595b64144ccf1df_6.0.17763.379_none_05b83be8071c94a1\COMCTL32.dll
0x00007ffd74360000 - 0x00007ffd7468d000 	C:\WINDOWS\System32\combase.dll
0x00007ffd71270000 - 0x00007ffd712ee000 	C:\WINDOWS\System32\bcryptPrimitives.dll
0x00007ffd71b00000 - 0x00007ffd71b2e000 	C:\WINDOWS\System32\IMM32.DLL
0x0000000072fc0000 - 0x0000000073092000 	C:\Program Files\Java\jre1.8.0_202\bin\msvcr100.dll
0x00000000730a0000 - 0x0000000073945000 	C:\Program Files\Java\jre1.8.0_202\bin\server\jvm.dll
0x00007ffd741f0000 - 0x00007ffd741f8000 	C:\WINDOWS\System32\PSAPI.DLL
0x00007ffd637e0000 - 0x00007ffd637e9000 	C:\WINDOWS\SYSTEM32\WSOCK32.dll
0x00007ffd65690000 - 0x00007ffd656b4000 	C:\WINDOWS\SYSTEM32\WINMM.dll
0x00007ffd688b0000 - 0x00007ffd688ba000 	C:\WINDOWS\SYSTEM32\VERSION.dll
0x00007ffd723d0000 - 0x00007ffd7243d000 	C:\WINDOWS\System32\WS2_32.dll
0x00007ffd65660000 - 0x00007ffd6568d000 	C:\WINDOWS\SYSTEM32\winmmbase.dll
0x00007ffd71040000 - 0x00007ffd7108a000 	C:\WINDOWS\System32\cfgmgr32.dll
0x00007ffd694a0000 - 0x00007ffd694af000 	C:\Program Files\Java\jre1.8.0_202\bin\verify.dll
0x00007ffd64ca0000 - 0x00007ffd64cc9000 	C:\Program Files\Java\jre1.8.0_202\bin\java.dll
0x00007ffd64c80000 - 0x00007ffd64c96000 	C:\Program Files\Java\jre1.8.0_202\bin\zip.dll
0x00007ffd72c50000 - 0x00007ffd74140000 	C:\WINDOWS\System32\SHELL32.dll
0x00007ffd72170000 - 0x00007ffd72218000 	C:\WINDOWS\System32\shcore.dll
0x00007ffd713b0000 - 0x00007ffd71afa000 	C:\WINDOWS\System32\windows.storage.dll
0x00007ffd70910000 - 0x00007ffd70934000 	C:\WINDOWS\System32\profapi.dll
0x00007ffd70940000 - 0x00007ffd7099d000 	C:\WINDOWS\System32\powrprof.dll
0x00007ffd72110000 - 0x00007ffd72162000 	C:\WINDOWS\System32\shlwapi.dll
0x00007ffd708f0000 - 0x00007ffd70901000 	C:\WINDOWS\System32\kernel.appcore.dll
0x00007ffd71390000 - 0x00007ffd713a7000 	C:\WINDOWS\System32\cryptsp.dll
0x0000000001440000 - 0x0000000001443000 	C:\Program Files\Java\jre1.8.0_202\bin\api-ms-win-core-console-l1-1-0.dll
0x0000000001460000 - 0x0000000001463000 	C:\Program Files\Java\jre1.8.0_202\bin\api-ms-win-core-datetime-l1-1-0.dll
0x0000000001470000 - 0x0000000001473000 	C:\Program Files\Java\jre1.8.0_202\bin\api-ms-win-core-debug-l1-1-0.dll
0x0000000002d80000 - 0x0000000002d83000 	C:\Program Files\Java\jre1.8.0_202\bin\api-ms-win-core-errorhandling-l1-1-0.dll
0x0000000002d90000 - 0x0000000002d94000 	C:\Program Files\Java\jre1.8.0_202\bin\api-ms-win-core-file-l1-1-0.dll
0x0000000002da0000 - 0x0000000002da3000 	C:\Program Files\Java\jre1.8.0_202\bin\api-ms-win-core-file-l1-2-0.dll
0x0000000002db0000 - 0x0000000002db3000 	C:\Program Files\Java\jre1.8.0_202\bin\api-ms-win-core-file-l2-1-0.dll
0x0000000002dc0000 - 0x0000000002dc3000 	C:\Program Files\Java\jre1.8.0_202\bin\api-ms-win-core-handle-l1-1-0.dll
0x000000001fd20000 - 0x000000001fd23000 	C:\Program Files\Java\jre1.8.0_202\bin\api-ms-win-core-heap-l1-1-0.dll
0x000000001fd30000 - 0x000000001fd33000 	C:\Program Files\Java\jre1.8.0_202\bin\api-ms-win-core-interlocked-l1-1-0.dll
0x000000001fd40000 - 0x000000001fd43000 	C:\Program Files\Java\jre1.8.0_202\bin\api-ms-win-core-libraryloader-l1-1-0.dll
0x000000001fd50000 - 0x000000001fd53000 	C:\Program Files\Java\jre1.8.0_202\bin\api-ms-win-core-localization-l1-2-0.dll
0x000000001fd60000 - 0x000000001fd63000 	C:\Program Files\Java\jre1.8.0_202\bin\api-ms-win-core-memory-l1-1-0.dll
0x000000001fd70000 - 0x000000001fd73000 	C:\Program Files\Java\jre1.8.0_202\bin\api-ms-win-core-namedpipe-l1-1-0.dll
0x000000001fd80000 - 0x000000001fd83000 	C:\Program Files\Java\jre1.8.0_202\bin\api-ms-win-core-processenvironment-l1-1-0.dll
0x000000001fd90000 - 0x000000001fd93000 	C:\Program Files\Java\jre1.8.0_202\bin\api-ms-win-core-processthreads-l1-1-0.dll
0x000000001fda0000 - 0x000000001fda3000 	C:\Program Files\Java\jre1.8.0_202\bin\api-ms-win-core-processthreads-l1-1-1.dll
0x000000001fdb0000 - 0x000000001fdb3000 	C:\Program Files\Java\jre1.8.0_202\bin\api-ms-win-core-profile-l1-1-0.dll
0x000000001fdc0000 - 0x000000001fdc3000 	C:\Program Files\Java\jre1.8.0_202\bin\api-ms-win-core-rtlsupport-l1-1-0.dll
0x000000001fdd0000 - 0x000000001fdd3000 	C:\Program Files\Java\jre1.8.0_202\bin\api-ms-win-core-string-l1-1-0.dll
0x000000001fde0000 - 0x000000001fde3000 	C:\Program Files\Java\jre1.8.0_202\bin\api-ms-win-core-synch-l1-1-0.dll
0x000000001fdf0000 - 0x000000001fdf3000 	C:\Program Files\Java\jre1.8.0_202\bin\api-ms-win-core-synch-l1-2-0.dll
0x000000001fe00000 - 0x000000001fe03000 	C:\Program Files\Java\jre1.8.0_202\bin\api-ms-win-core-sysinfo-l1-1-0.dll
0x000000001fe10000 - 0x000000001fe13000 	C:\Program Files\Java\jre1.8.0_202\bin\api-ms-win-core-timezone-l1-1-0.dll
0x000000001fe20000 - 0x000000001fe23000 	C:\Program Files\Java\jre1.8.0_202\bin\api-ms-win-core-util-l1-1-0.dll
0x000000001fe30000 - 0x000000001fe33000 	C:\Program Files\Java\jre1.8.0_202\bin\api-ms-win-crt-conio-l1-1-0.dll
0x000000001fe40000 - 0x000000001fe44000 	C:\Program Files\Java\jre1.8.0_202\bin\api-ms-win-crt-convert-l1-1-0.dll
0x000000001fe50000 - 0x000000001fe53000 	C:\Program Files\Java\jre1.8.0_202\bin\api-ms-win-crt-environment-l1-1-0.dll
0x000000001fe60000 - 0x000000001fe63000 	C:\Program Files\Java\jre1.8.0_202\bin\api-ms-win-crt-filesystem-l1-1-0.dll
0x000000001fe70000 - 0x000000001fe73000 	C:\Program Files\Java\jre1.8.0_202\bin\api-ms-win-crt-heap-l1-1-0.dll
0x000000001fe80000 - 0x000000001fe83000 	C:\Program Files\Java\jre1.8.0_202\bin\api-ms-win-crt-locale-l1-1-0.dll
0x000000001fe90000 - 0x000000001fe95000 	C:\Program Files\Java\jre1.8.0_202\bin\api-ms-win-crt-math-l1-1-0.dll
0x000000001fea0000 - 0x000000001fea5000 	C:\Program Files\Java\jre1.8.0_202\bin\api-ms-win-crt-multibyte-l1-1-0.dll
0x000000001feb0000 - 0x000000001fec0000 	C:\Program Files\Java\jre1.8.0_202\bin\api-ms-win-crt-private-l1-1-0.dll
0x000000001fec0000 - 0x000000001fec3000 	C:\Program Files\Java\jre1.8.0_202\bin\api-ms-win-crt-process-l1-1-0.dll
0x000000001fed0000 - 0x000000001fed4000 	C:\Program Files\Java\jre1.8.0_202\bin\api-ms-win-crt-runtime-l1-1-0.dll
0x000000001fee0000 - 0x000000001fee4000 	C:\Program Files\Java\jre1.8.0_202\bin\api-ms-win-crt-stdio-l1-1-0.dll
0x000000001fef0000 - 0x000000001fef4000 	C:\Program Files\Java\jre1.8.0_202\bin\api-ms-win-crt-string-l1-1-0.dll
0x000000001ff00000 - 0x000000001ff03000 	C:\Program Files\Java\jre1.8.0_202\bin\api-ms-win-crt-time-l1-1-0.dll
0x000000001ff10000 - 0x000000001ff13000 	C:\Program Files\Java\jre1.8.0_202\bin\api-ms-win-crt-utility-l1-1-0.dll
0x00007ffd4b8c0000 - 0x00007ffd4b9b6000 	C:\Program Files\Java\jre1.8.0_202\bin\ucrtbase.dll
0x00007ffd64a90000 - 0x00007ffd64aa6000 	C:\Program Files\Java\jre1.8.0_202\bin\vcruntime140.dll
0x00007ffd4b820000 - 0x00007ffd4b8bc000 	C:\Program Files\Java\jre1.8.0_202\bin\msvcp140.dll
0x00007ffd64a30000 - 0x00007ffd64a81000 	C:\Program Files\Java\jre1.8.0_202\bin\concrt140.dll
0x00007ffd649c0000 - 0x00007ffd649e3000 	C:\Program Files\Java\jre1.8.0_202\bin\prism_d3d.dll
0x00007ffd350d0000 - 0x00007ffd3526e000 	C:\WINDOWS\system32\d3d9.dll
0x00007ffd6ec30000 - 0x00007ffd6ec5e000 	C:\WINDOWS\SYSTEM32\dwmapi.dll
0x00007ffd71090000 - 0x00007ffd7126b000 	C:\WINDOWS\System32\CRYPT32.dll
0x00007ffd708d0000 - 0x00007ffd708e2000 	C:\WINDOWS\System32\MSASN1.dll
0x00007ffd6eb60000 - 0x00007ffd6ebfc000 	C:\WINDOWS\system32\uxtheme.dll
0x00007ffd06d60000 - 0x00007ffd09d5d000 	C:\WINDOWS\System32\DriverStore\FileRepository\k127369.inf_amd64_b8b3c10a6624488c\igd9dxva64.dll
0x00007ffd74200000 - 0x00007ffd74355000 	C:\WINDOWS\System32\ole32.dll
0x00007ffd71d00000 - 0x00007ffd71dcb000 	C:\WINDOWS\System32\OLEAUT32.dll
0x00007ffd60420000 - 0x00007ffd60469000 	C:\Program Files\Java\jre1.8.0_202\bin\glass.dll
0x00007ffd71b30000 - 0x00007ffd71c57000 	C:\WINDOWS\System32\COMDLG32.dll
0x00007ffd74690000 - 0x00007ffd747fa000 	C:\WINDOWS\System32\MSCTF.dll
0x00007ffd64b70000 - 0x00007ffd64b84000 	C:\Program Files\Java\jre1.8.0_202\bin\javafx_font.dll
0x00007ffd4f680000 - 0x00007ffd4f97f000 	C:\WINDOWS\SYSTEM32\dwrite.dll
0x00007ffd64c60000 - 0x00007ffd64c7a000 	C:\Program Files\Java\jre1.8.0_202\bin\net.dll
0x00007ffd65f20000 - 0x00007ffd660f6000 	C:\WINDOWS\SYSTEM32\urlmon.dll
0x00007ffd65070000 - 0x00007ffd65318000 	C:\WINDOWS\SYSTEM32\iertutil.dll
0x00007ffd70320000 - 0x00007ffd7032c000 	C:\WINDOWS\SYSTEM32\CRYPTBASE.DLL
0x00007ffd70150000 - 0x00007ffd701b7000 	C:\WINDOWS\system32\mswsock.dll
0x00007ffd6fef0000 - 0x00007ffd6ffb6000 	C:\WINDOWS\SYSTEM32\DNSAPI.dll
0x00007ffd71dd0000 - 0x00007ffd71dd8000 	C:\WINDOWS\System32\NSI.dll
0x00007ffd6feb0000 - 0x00007ffd6feed000 	C:\WINDOWS\SYSTEM32\IPHLPAPI.DLL
0x00007ffd64510000 - 0x00007ffd6451a000 	C:\Windows\System32\rasadhlp.dll
0x00007ffd64540000 - 0x00007ffd645b9000 	C:\WINDOWS\System32\fwpuclnt.dll
0x00007ffd71010000 - 0x00007ffd71036000 	C:\WINDOWS\System32\bcrypt.dll
0x00007ffd72060000 - 0x00007ffd72102000 	C:\WINDOWS\System32\clbcatq.dll
0x00007ffd62310000 - 0x00007ffd624c8000 	C:\WINDOWS\SYSTEM32\WindowsCodecs.dll
0x00007ffd3f050000 - 0x00007ffd3f0a6000 	C:\WINDOWS\system32\dataexchange.dll
0x00007ffd6a760000 - 0x00007ffd6a9de000 	C:\WINDOWS\system32\d3d11.dll
0x00007ffd6afa0000 - 0x00007ffd6b163000 	C:\WINDOWS\system32\dcomp.dll
0x00007ffd6f650000 - 0x00007ffd6f712000 	C:\WINDOWS\system32\dxgi.dll
0x00007ffd6ec60000 - 0x00007ffd6ee6d000 	C:\WINDOWS\system32\twinapi.appcore.dll
0x00007ffd6ee70000 - 0x00007ffd6ee98000 	C:\WINDOWS\system32\RMCLIENT.dll
0x00007ffd64b30000 - 0x00007ffd64b63000 	C:\Program Files\Common Files\Microsoft Shared\Ink\rtscom.dll
0x00007ffd5fa80000 - 0x00007ffd5fb15000 	C:\WINDOWS\System32\TextInputFramework.dll
0x00007ffd5f5d0000 - 0x00007ffd5f8f2000 	C:\WINDOWS\System32\CoreUIComponents.dll
0x00007ffd6b570000 - 0x00007ffd6b652000 	C:\WINDOWS\System32\CoreMessaging.dll
0x00007ffd6f990000 - 0x00007ffd6f9c1000 	C:\WINDOWS\SYSTEM32\ntmarta.dll
0x00007ffd691f0000 - 0x00007ffd69343000 	C:\WINDOWS\SYSTEM32\wintypes.dll
0x00007ffd5be00000 - 0x00007ffd5be6c000 	C:\WINDOWS\system32\Oleacc.dll
0x00007ffd60490000 - 0x00007ffd604a2000 	C:\Program Files\Java\jre1.8.0_202\bin\prism_common.dll
0x00007ffd6f2c0000 - 0x00007ffd6f4ad000 	C:\WINDOWS\SYSTEM32\dbghelp.dll

VM Arguments:
jvm_args: -Dfile.encoding=Cp1252 
java_command: application.Main
java_class_path (initial): C:\Users\nope\Desktop\GitRepos\TimerToDo\bin;C:\Users\nope\Desktop\GitRepos\ReferencedLibraries\mysql-connector-java-8.0.15\mysql-connector-java-8.0.15.jar;C:\Users\nope\Desktop\jfoenix-8.0.8.jar;C:\Users\nope\.p2\pool\plugins\org.eclipse.fx.ide.css.jfx8_3.5.0.201902220800.jar
Launcher Type: SUN_STANDARD

Environment Variables:
JAVA_HOME=C:\NVPACK\jdk1.8.0_77
PATH=C:/Program Files/Java/jre1.8.0_202/bin/server;C:/Program Files/Java/jre1.8.0_202/bin;C:/Program Files/Java/jre1.8.0_202/lib/amd64;C:\Program Files\Microsoft MPI\Bin\;C:\Program Files (x86)\Common Files\Oracle\Java\javapath;C:\WINDOWS\system32;C:\WINDOWS;C:\WINDOWS\System32\Wbem;C:\WINDOWS\System32\WindowsPowerShell\v1.0\;C:\WINDOWS\System32\OpenSSH\;C:\Program Files\dotnet\;C:\Program Files\Git\cmd;C:\Program Files (x86)\Microsoft SQL Server\140\Tools\Binn\;C:\Program Files\Microsoft SQL Server\140\Tools\Binn\;C:\Program Files (x86)\Microsoft SQL Server\140\DTS\Binn\;C:\Program Files\Microsoft SQL Server\140\DTS\Binn\;C:\Program Files\Microsoft SQL Server\Client SDK\ODBC\130\Tools\Binn\;C:\Program Files (x86)\Microsoft SQL Server\Client SDK\ODBC\130\Tools\Binn\;C:\Program Files (x86)\Microsoft SQL Server\140\Tools\Binn\ManagementStudio\;C:\Program Files\nodejs\;C:\NVPACK\gradle-2.9\bin;C:\NVPACK\apache-ant-1.8.2\bin;C:\NVPACK\jdk1.8.0_77\bin;C:\NVPACK\android-ndk-r12b;C:\NVPACK\android-sdk-windows\extras\android\support;C:\NVPACK\android-sdk-windows\build-tools;C:\NVPACK\android-sdk-windows\platform-tools;C:\NVPACK\android-sdk-windows\tools;C:\Users\nope\AppData\Local\Microsoft\WindowsApps;C:\Users\nope\IntelliJ IDEA Community Edition 2018.3.4\bin;;C:\Program Files\MySQL\MySQL Server 8.0\bin;;C:\Users\nope\Desktop;
USERNAME=nope
OS=Windows_NT
PROCESSOR_IDENTIFIER=Intel64 Family 6 Model 158 Stepping 9, GenuineIntel



---------------  S Y S T E M  ---------------

OS: Windows 10.0 , 64 bit Build 17763 (10.0.17763.379)

CPU:total 8 (initial active 8) (4 cores per cpu, 2 threads per core) family 6 model 158 stepping 9, cmov, cx8, fxsr, mmx, sse, sse2, sse3, ssse3, sse4.1, sse4.2, popcnt, avx, avx2, aes, clmul, erms, 3dnowpref, lzcnt, ht, tsc, tscinvbit, bmi1, bmi2, adx

Memory: 4k page, physical 16587404k(9536764k free), swap 17635980k(7173584k free)

vm_info: Java HotSpot(TM) 64-Bit Server VM (25.202-b08) for windows-amd64 JRE (1.8.0_202-b08), built on Dec 15 2018 19:54:30 by "java_re" with MS VC++ 10.0 (VS2010)

time: Sat Apr 06 08:46:32 2019
timezone: Eastern Daylight Time
elapsed time: 16 seconds (0d 0h 0m 16s)

