#
# A fatal error has been detected by the Java Runtime Environment:
#
#  EXCEPTION_ACCESS_VIOLATION (0xc0000005) at pc=0x00007ffef89d78b0, pid=15812, tid=0x0000000000001ed8
#
# JRE version: Java(TM) SE Runtime Environment (8.0_202-b08) (build 1.8.0_202-b08)
# Java VM: Java HotSpot(TM) 64-Bit Server VM (25.202-b08 mixed mode windows-amd64 compressed oops)
# Problematic frame:
# C  [glass.dll+0x278b0]
#
# Failed to write core dump. Minidumps are not enabled by default on client versions of Windows
#
# If you would like to submit a bug report, please visit:
#   http://bugreport.java.com/bugreport/crash.jsp
#

---------------  T H R E A D  ---------------

Current thread (0x000000001c448000):  VMThread [stack: 0x000000001e120000,0x000000001e220000] [id=7896]

siginfo: ExceptionCode=0xc0000005, reading address 0x0000000000000000

Registers:
RAX=0x0000000000000000, RBX=0x000000001f15ea10, RCX=0x000000001c448000, RDX=0x00000000518124e8
RSP=0x000000001e21f4b0, RBP=0x0000000000a77c98, RSI=0x0000000000a77c70, RDI=0x0000f4564d344a72
R8 =0x0000000000010002, R9 =0x0000f4564d344a72, R10=0x00000000ffffffff, R11=0x000000001e21f3c0
R12=0x00007ffef89d48dc, R13=0x00000000027e1658, R14=0x000000001e21f5b8, R15=0x0000000000a77c70
RIP=0x00007ffef89d78b0, EFLAGS=0x0000000000010202

Top of Stack: (sp=0x000000001e21f4b0)
0x000000001e21f4b0:   0000000000000000 00007fff23fac7eb
0x000000001e21f4c0:   0000000000a77c80 0000000000000000
0x000000001e21f4d0:   fffffffffffffffe 00007ffef89d48dc
0x000000001e21f4e0:   0000000000a77c78 00007fff23fb3e26
0x000000001e21f4f0:   0000c565674a98c5 0000000000000000
0x000000001e21f500:   0000000000a77c98 0000000000a77c70
0x000000001e21f510:   fffffffffffffffe 0000000000000001
0x000000001e21f520:   0000000000000001 00007ffef89b0000
0x000000001e21f530:   000000001e21f5a8 00007fff23fb3d4b
0x000000001e21f540:   0000000000000000 000000001e21f5b8
0x000000001e21f550:   000000001c2d5400 00007fff2408c130
0x000000001e21f560:   0000000000000000 00007fff23fb3d04
0x000000001e21f570:   0000000000000000 0000000000000001
0x000000001e21f580:   000000001f265970 000000001e21f5a8
0x000000001e21f590:   0000000000000000 00007ffef89d4752
0x000000001e21f5a0:   00007ffef89ef108 0000000000000002 

Instructions: (pc=0x00007ffef89d78b0)
0x00007ffef89d7890:   40 53 48 83 ec 30 48 c7 44 24 20 fe ff ff ff 48
0x00007ffef89d78a0:   8b 1d 7a 72 01 00 48 85 db 74 16 e8 00 81 ff ff
0x00007ffef89d78b0:   4c 8b 00 48 8b d3 48 8b c8 41 ff 90 b0 00 00 00
0x00007ffef89d78c0:   90 48 83 c4 30 5b c3 cc cc cc cc cc cc cc cc cc 


Register to memory mapping:

RAX=0x0000000000000000 is an unknown value
RBX=0x000000001f15ea10 is a global jni handle
RCX=0x000000001c448000 is an unknown value
RDX=0x00000000518124e8 is an unknown value
RSP=0x000000001e21f4b0 is an unknown value
RBP=0x0000000000a77c98 is an unknown value
RSI=0x0000000000a77c70 is an unknown value
RDI=0x0000f4564d344a72 is an unknown value
R8 =0x0000000000010002 is an unknown value
R9 =0x0000f4564d344a72 is an unknown value
R10=0x00000000ffffffff is an unknown value
R11=0x000000001e21f3c0 is an unknown value
R12=0x00007ffef89d48dc is an unknown value
R13=0x00000000027e1658 is an unknown value
R14=0x000000001e21f5b8 is an unknown value
R15=0x0000000000a77c70 is an unknown value


Stack: [0x000000001e120000,0x000000001e220000],  sp=0x000000001e21f4b0,  free space=1021k
Native frames: (J=compiled Java code, j=interpreted, Vv=VM code, C=native code)
C  [glass.dll+0x278b0]
C  [ucrtbase.dll+0x13e26]
C  [ucrtbase.dll+0x13d4b]
C  [ucrtbase.dll+0x13d04]
C  [glass.dll+0x24752]
C  [glass.dll+0x24850]
C  [ntdll.dll+0x48f07]
C  [ntdll.dll+0x435bc]
C  [ntdll.dll+0x66dad]
C  [KERNEL32.DLL+0x1d3ba]
C  [msvcr100.dll+0x20ccd]
V  [jvm.dll+0x214045]
V  [jvm.dll+0x24d5d7]
V  [jvm.dll+0x24c876]
V  [jvm.dll+0x24cd11]
V  [jvm.dll+0x24cf2e]
V  [jvm.dll+0x29fc6a]
C  [msvcr100.dll+0x21d9f]
C  [msvcr100.dll+0x21e3b]
C  [KERNEL32.DLL+0x181f4]
C  [ntdll.dll+0x6a251]

VM_Operation (0x0000000020109ba0): Exit, mode: safepoint, requested by thread 0x000000001f18f000


---------------  P R O C E S S  ---------------

Java Threads: ( => current thread )
  0x000000001f7ce800 JavaThread "Prism Font Disposer" daemon [_thread_blocked, id=14224, stack(0x0000000029670000,0x0000000029770000)]
  0x000000001f383800 JavaThread "mysql-cj-abandoned-connection-cleanup" daemon [_thread_blocked, id=16108, stack(0x0000000027360000,0x0000000027460000)]
  0x000000001f1c9800 JavaThread "Thread-3" daemon [_thread_in_native, id=12952, stack(0x0000000026c60000,0x0000000026d60000)]
  0x000000001f21c800 JavaThread "JavaFX-Launcher" [_thread_blocked, id=5060, stack(0x0000000026d60000,0x0000000026e60000)]
  0x000000001f18f000 JavaThread "JavaFX Application Thread" [_thread_blocked, id=15760, stack(0x0000000020010000,0x0000000020110000)]
  0x000000001f184800 JavaThread "Thread-1" daemon [_thread_blocked, id=13140, stack(0x000000001ff10000,0x0000000020010000)]
  0x000000001f15d800 JavaThread "QuantumRenderer-0" daemon [_thread_blocked, id=11996, stack(0x000000001faf0000,0x000000001fbf0000)]
  0x000000001e3db000 JavaThread "Service Thread" daemon [_thread_blocked, id=13348, stack(0x000000001ef20000,0x000000001f020000)]
  0x000000001e359000 JavaThread "C1 CompilerThread3" daemon [_thread_blocked, id=1776, stack(0x000000001ee20000,0x000000001ef20000)]
  0x000000001e352800 JavaThread "C2 CompilerThread2" daemon [_thread_blocked, id=16272, stack(0x000000001ed20000,0x000000001ee20000)]
  0x000000001e34e800 JavaThread "C2 CompilerThread1" daemon [_thread_blocked, id=13024, stack(0x000000001ec20000,0x000000001ed20000)]
  0x000000001e34d000 JavaThread "C2 CompilerThread0" daemon [_thread_blocked, id=8308, stack(0x000000001eb20000,0x000000001ec20000)]
  0x000000001e34a000 JavaThread "Attach Listener" daemon [_thread_blocked, id=6884, stack(0x000000001ea20000,0x000000001eb20000)]
  0x000000001c45c000 JavaThread "Signal Dispatcher" daemon [_thread_blocked, id=10220, stack(0x000000001e920000,0x000000001ea20000)]
  0x000000001c452800 JavaThread "Finalizer" daemon [_thread_blocked, id=8244, stack(0x000000001e720000,0x000000001e820000)]
  0x0000000002ad9000 JavaThread "Reference Handler" daemon [_thread_blocked, id=15800, stack(0x000000001e220000,0x000000001e320000)]
  0x00000000029e2800 JavaThread "main" [_thread_blocked, id=14624, stack(0x00000000028e0000,0x00000000029e0000)]

Other Threads:
=>0x000000001c448000 VMThread [stack: 0x000000001e120000,0x000000001e220000] [id=7896]

VM state:at safepoint (shutting down)

VM Mutex/Monitor currently owned by a thread:  ([mutex/lock_event])
[0x00000000027eda20] Threads_lock - owner thread: 0x000000001c448000

heap address: 0x00000006c2e00000, size: 4050 MB, Compressed Oops mode: Zero based, Oop shift amount: 3
Narrow klass base: 0x0000000000000000, Narrow klass shift: 3
Compressed class space size: 1073741824 Address: 0x00000007c0000000

Heap:
 PSYoungGen      total 75776K, used 56852K [0x000000076ba00000, 0x0000000770e80000, 0x00000007c0000000)
  eden space 65024K, 87% used [0x000000076ba00000,0x000000076f1852e0,0x000000076f980000)
  from space 10752K, 0% used [0x0000000770400000,0x0000000770400000,0x0000000770e80000)
  to   space 10752K, 0% used [0x000000076f980000,0x000000076f980000,0x0000000770400000)
 ParOldGen       total 173568K, used 0K [0x00000006c2e00000, 0x00000006cd780000, 0x000000076ba00000)
  object space 173568K, 0% used [0x00000006c2e00000,0x00000006c2e00000,0x00000006cd780000)
 Metaspace       used 18376K, capacity 19124K, committed 19200K, reserved 1064960K
  class space    used 2557K, capacity 2768K, committed 2816K, reserved 1048576K

Card table byte_map: [0x0000000011ea0000,0x0000000012690000] byte_map_base: 0x000000000e889000

Marking Bits: (ParMarkBitMap*) 0x0000000051a05ce0
 Begin Bits: [0x00000000133e0000, 0x0000000017328000)
 End Bits:   [0x0000000017328000, 0x000000001b270000)

Polling page: 0x0000000000a00000

CodeCache: size=245760Kb used=5553Kb max_used=5553Kb free=240206Kb
 bounds [0x0000000002ae0000, 0x0000000003050000, 0x0000000011ae0000]
 total_blobs=2367 nmethods=1706 adapters=573
 compilation: enabled

Compilation events (10 events):
Event: 5.369 Thread 0x000000001e359000 1703       3       java.util.concurrent.CopyOnWriteArrayList::isEmpty (13 bytes)
Event: 5.369 Thread 0x000000001e359000 nmethod 1703 0x000000000303e990 code [0x000000000303eb00, 0x000000000303edb0]
Event: 5.369 Thread 0x000000001e359000 1702       3       sun.util.logging.PlatformLogger$DefaultLoggerProxy::isLoggable (29 bytes)
Event: 5.370 Thread 0x000000001e359000 nmethod 1702 0x000000000303e090 code [0x000000000303e220, 0x000000000303e750]
Event: 5.370 Thread 0x000000001e359000 1704       1       javafx.scene.layout.CornerRadii::isUniform (5 bytes)
Event: 5.370 Thread 0x000000001e359000 nmethod 1704 0x0000000003040c90 code [0x0000000003040de0, 0x0000000003040ef0]
Event: 5.373 Thread 0x000000001e359000 1705       3       javafx.stage.Window::buildEventDispatchChain (32 bytes)
Event: 5.373 Thread 0x000000001e359000 nmethod 1705 0x0000000003040590 code [0x0000000003040720, 0x0000000003040b38]
Event: 5.375 Thread 0x000000001e359000 1706       3       java.lang.invoke.MethodHandles::access$000 (4 bytes)
Event: 5.375 Thread 0x000000001e359000 nmethod 1706 0x0000000003040290 code [0x00000000030403e0, 0x0000000003040510]

GC Heap History (0 events):
No events

Deoptimization events (10 events):
Event: 3.635 Thread 0x000000001f18f000 Uncommon trap: reason=class_check action=maybe_recompile pc=0x0000000002d5d4a8 method=java.io.DataInputStream.readShort()S @ 4
Event: 3.635 Thread 0x000000001f18f000 Uncommon trap: reason=class_check action=maybe_recompile pc=0x0000000002d5d4a8 method=java.io.DataInputStream.readShort()S @ 4
Event: 3.635 Thread 0x000000001f18f000 Uncommon trap: reason=class_check action=maybe_recompile pc=0x0000000002d5d4a8 method=java.io.DataInputStream.readShort()S @ 4
Event: 3.638 Thread 0x000000001f18f000 Uncommon trap: reason=class_check action=maybe_recompile pc=0x0000000002bfce00 method=java.lang.String.equals(Ljava/lang/Object;)Z @ 8
Event: 3.638 Thread 0x000000001f18f000 Uncommon trap: reason=class_check action=maybe_recompile pc=0x0000000002bfce00 method=java.lang.String.equals(Ljava/lang/Object;)Z @ 8
Event: 3.638 Thread 0x000000001f18f000 Uncommon trap: reason=class_check action=maybe_recompile pc=0x0000000002bfce00 method=java.lang.String.equals(Ljava/lang/Object;)Z @ 8
Event: 3.639 Thread 0x000000001f18f000 Uncommon trap: reason=class_check action=maybe_recompile pc=0x0000000002bfce00 method=java.lang.String.equals(Ljava/lang/Object;)Z @ 8
Event: 3.651 Thread 0x000000001f18f000 Uncommon trap: reason=unstable_if action=reinterpret pc=0x0000000002e3083c method=java.lang.String.regionMatches(ZILjava/lang/String;II)Z @ 123
Event: 3.771 Thread 0x000000001f18f000 Uncommon trap: reason=unstable_if action=reinterpret pc=0x0000000002ed0668 method=jdk.internal.org.objectweb.asm.Type.getArgumentsAndReturnSizes(Ljava/lang/String;)I @ 47
Event: 5.307 Thread 0x000000001f18f000 Uncommon trap: reason=unstable_if action=reinterpret pc=0x00000000030290d4 method=javafx.scene.Node.updateLocalToParentTransform()V @ 4

Classes redefined (0 events):
No events

Internal exceptions (10 events):
Event: 1.252 Thread 0x000000001f18f000 Exception <a 'java/lang/ArrayIndexOutOfBoundsException'> (0x000000076d034100) thrown at [C:\re\workspace\8-2-build-windows-amd64-cygwin\jdk8u202\12323\hotspot\src\share\vm\runtime\sharedRuntime.cpp, line 605]
Event: 1.352 Thread 0x000000001f18f000 Exception <a 'java/lang/ArrayIndexOutOfBoundsException'> (0x000000076d67ee08) thrown at [C:\re\workspace\8-2-build-windows-amd64-cygwin\jdk8u202\12323\hotspot\src\share\vm\runtime\sharedRuntime.cpp, line 605]
Event: 1.352 Thread 0x000000001f18f000 Exception <a 'java/lang/ArrayIndexOutOfBoundsException'> (0x000000076d67fc20) thrown at [C:\re\workspace\8-2-build-windows-amd64-cygwin\jdk8u202\12323\hotspot\src\share\vm\runtime\sharedRuntime.cpp, line 605]
Event: 1.352 Thread 0x000000001f18f000 Exception <a 'java/lang/ArrayIndexOutOfBoundsException'> (0x000000076d681490) thrown at [C:\re\workspace\8-2-build-windows-amd64-cygwin\jdk8u202\12323\hotspot\src\share\vm\runtime\sharedRuntime.cpp, line 605]
Event: 1.366 Thread 0x000000001f18f000 Implicit null exception at 0x0000000002d8bb56 to 0x0000000002d8bf05
Event: 2.473 Thread 0x000000001f18f000 Exception <a 'java/net/ConnectException': Connection refused: connect> (0x000000076dd1ddd0) thrown at [C:\re\workspace\8-2-build-windows-amd64-cygwin\jdk8u202\12323\hotspot\src\share\vm\prims\jni.cpp, line 736]
Event: 3.475 Thread 0x000000001f18f000 Exception <a 'java/net/ConnectException': Connection refused: connect> (0x000000076dd1e910) thrown at [C:\re\workspace\8-2-build-windows-amd64-cygwin\jdk8u202\12323\hotspot\src\share\vm\prims\jni.cpp, line 736]
Event: 3.531 Thread 0x000000001f18f000 Implicit null exception at 0x0000000002dbd135 to 0x0000000002dbd365
Event: 3.532 Thread 0x000000001f18f000 Implicit null exception at 0x0000000002d69fef to 0x0000000002d6a059
Event: 5.378 Thread 0x000000001f4c6800 Exception <a 'java/lang/IllegalStateException'> (0x000000076f0464d0) thrown at [C:\re\workspace\8-2-build-windows-amd64-cygwin\jdk8u202\12323\hotspot\src\share\vm\prims\jvm.cpp, line 1506]

Events (10 events):
Event: 5.377 loading class java/util/IdentityHashMap$IdentityHashMapIterator
Event: 5.377 loading class java/util/IdentityHashMap$IdentityHashMapIterator done
Event: 5.377 loading class java/util/IdentityHashMap$KeyIterator done
Event: 5.377 Thread 0x000000001f4c6800 Thread added: 0x000000001f4c6800
Event: 5.378 loading class com/sun/javafx/tk/quantum/QuantumRenderer
Event: 5.378 loading class com/sun/javafx/tk/quantum/QuantumRenderer done
Event: 5.378 loading class com/sun/javafx/tk/quantum/QuantumToolkit
Event: 5.378 loading class com/sun/javafx/tk/quantum/QuantumToolkit done
Event: 5.378 Thread 0x000000001f4c6800 Thread exited: 0x000000001f4c6800
Event: 5.378 Executing VM operation: Exit


Dynamic libraries:
0x00007ff7197a0000 - 0x00007ff7197d7000 	C:\Program Files\Java\jre1.8.0_202\bin\javaw.exe
0x00007fff27ed0000 - 0x00007fff280bd000 	C:\WINDOWS\SYSTEM32\ntdll.dll
0x00007fff26720000 - 0x00007fff267d3000 	C:\WINDOWS\System32\KERNEL32.DLL
0x00007fff24c40000 - 0x00007fff24ed3000 	C:\WINDOWS\System32\KERNELBASE.dll
0x00007fff25160000 - 0x00007fff25203000 	C:\WINDOWS\System32\ADVAPI32.dll
0x00007fff27e00000 - 0x00007fff27e9e000 	C:\WINDOWS\System32\msvcrt.dll
0x00007fff25210000 - 0x00007fff252ae000 	C:\WINDOWS\System32\sechost.dll
0x00007fff25e30000 - 0x00007fff25f52000 	C:\WINDOWS\System32\RPCRT4.dll
0x00007fff26410000 - 0x00007fff265a7000 	C:\WINDOWS\System32\USER32.dll
0x00007fff24f10000 - 0x00007fff24f30000 	C:\WINDOWS\System32\win32u.dll
0x00007fff26180000 - 0x00007fff261a9000 	C:\WINDOWS\System32\GDI32.dll
0x00007fff24350000 - 0x00007fff244ea000 	C:\WINDOWS\System32\gdi32full.dll
0x00007fff25060000 - 0x00007fff25100000 	C:\WINDOWS\System32\msvcp_win.dll
0x00007fff23fa0000 - 0x00007fff2409a000 	C:\WINDOWS\System32\ucrtbase.dll
0x00007fff16900000 - 0x00007fff16b79000 	C:\WINDOWS\WinSxS\amd64_microsoft.windows.common-controls_6595b64144ccf1df_6.0.17763.379_none_05b83be8071c94a1\COMCTL32.dll
0x00007fff259e0000 - 0x00007fff25d0d000 	C:\WINDOWS\System32\combase.dll
0x00007fff24280000 - 0x00007fff242fe000 	C:\WINDOWS\System32\bcryptPrimitives.dll
0x00007fff261b0000 - 0x00007fff261de000 	C:\WINDOWS\System32\IMM32.DLL
0x0000000051100000 - 0x00000000511d2000 	C:\Program Files\Java\jre1.8.0_202\bin\msvcr100.dll
0x00000000511e0000 - 0x0000000051a85000 	C:\Program Files\Java\jre1.8.0_202\bin\server\jvm.dll
0x00007fff25d10000 - 0x00007fff25d18000 	C:\WINDOWS\System32\PSAPI.DLL
0x00007fff16bb0000 - 0x00007fff16bb9000 	C:\WINDOWS\SYSTEM32\WSOCK32.dll
0x00007fff1bb30000 - 0x00007fff1bb3a000 	C:\WINDOWS\SYSTEM32\VERSION.dll
0x00007fff18970000 - 0x00007fff18994000 	C:\WINDOWS\SYSTEM32\WINMM.dll
0x00007fff26240000 - 0x00007fff262ad000 	C:\WINDOWS\System32\WS2_32.dll
0x00007fff18730000 - 0x00007fff1875d000 	C:\WINDOWS\SYSTEM32\WINMMBASE.dll
0x00007fff24300000 - 0x00007fff2434a000 	C:\WINDOWS\System32\cfgmgr32.dll
0x00007fff1d670000 - 0x00007fff1d67f000 	C:\Program Files\Java\jre1.8.0_202\bin\verify.dll
0x00007fff1c820000 - 0x00007fff1c849000 	C:\Program Files\Java\jre1.8.0_202\bin\java.dll
0x00007fff1d5f0000 - 0x00007fff1d606000 	C:\Program Files\Java\jre1.8.0_202\bin\zip.dll
0x00007fff26910000 - 0x00007fff27e00000 	C:\WINDOWS\System32\SHELL32.dll
0x00007fff25d80000 - 0x00007fff25e28000 	C:\WINDOWS\System32\shcore.dll
0x00007fff244f0000 - 0x00007fff24c3a000 	C:\WINDOWS\System32\windows.storage.dll
0x00007fff23f70000 - 0x00007fff23f94000 	C:\WINDOWS\System32\profapi.dll
0x00007fff23ef0000 - 0x00007fff23f4d000 	C:\WINDOWS\System32\powrprof.dll
0x00007fff261e0000 - 0x00007fff26232000 	C:\WINDOWS\System32\shlwapi.dll
0x00007fff23ed0000 - 0x00007fff23ee1000 	C:\WINDOWS\System32\kernel.appcore.dll
0x00007fff24f30000 - 0x00007fff24f47000 	C:\WINDOWS\System32\cryptsp.dll
0x00000000027c0000 - 0x00000000027c3000 	C:\Program Files\Java\jre1.8.0_202\bin\api-ms-win-core-console-l1-1-0.dll
0x00000000027d0000 - 0x00000000027d3000 	C:\Program Files\Java\jre1.8.0_202\bin\api-ms-win-core-datetime-l1-1-0.dll
0x0000000002840000 - 0x0000000002843000 	C:\Program Files\Java\jre1.8.0_202\bin\api-ms-win-core-debug-l1-1-0.dll
0x0000000002850000 - 0x0000000002853000 	C:\Program Files\Java\jre1.8.0_202\bin\api-ms-win-core-errorhandling-l1-1-0.dll
0x0000000002860000 - 0x0000000002864000 	C:\Program Files\Java\jre1.8.0_202\bin\api-ms-win-core-file-l1-1-0.dll
0x0000000002870000 - 0x0000000002873000 	C:\Program Files\Java\jre1.8.0_202\bin\api-ms-win-core-file-l1-2-0.dll
0x0000000002880000 - 0x0000000002883000 	C:\Program Files\Java\jre1.8.0_202\bin\api-ms-win-core-file-l2-1-0.dll
0x0000000002890000 - 0x0000000002893000 	C:\Program Files\Java\jre1.8.0_202\bin\api-ms-win-core-handle-l1-1-0.dll
0x00000000028a0000 - 0x00000000028a3000 	C:\Program Files\Java\jre1.8.0_202\bin\api-ms-win-core-heap-l1-1-0.dll
0x00000000028b0000 - 0x00000000028b3000 	C:\Program Files\Java\jre1.8.0_202\bin\api-ms-win-core-interlocked-l1-1-0.dll
0x00000000028c0000 - 0x00000000028c3000 	C:\Program Files\Java\jre1.8.0_202\bin\api-ms-win-core-libraryloader-l1-1-0.dll
0x000000001f920000 - 0x000000001f923000 	C:\Program Files\Java\jre1.8.0_202\bin\api-ms-win-core-localization-l1-2-0.dll
0x000000001f930000 - 0x000000001f933000 	C:\Program Files\Java\jre1.8.0_202\bin\api-ms-win-core-memory-l1-1-0.dll
0x000000001f940000 - 0x000000001f943000 	C:\Program Files\Java\jre1.8.0_202\bin\api-ms-win-core-namedpipe-l1-1-0.dll
0x000000001f950000 - 0x000000001f953000 	C:\Program Files\Java\jre1.8.0_202\bin\api-ms-win-core-processenvironment-l1-1-0.dll
0x000000001f960000 - 0x000000001f963000 	C:\Program Files\Java\jre1.8.0_202\bin\api-ms-win-core-processthreads-l1-1-0.dll
0x000000001f970000 - 0x000000001f973000 	C:\Program Files\Java\jre1.8.0_202\bin\api-ms-win-core-processthreads-l1-1-1.dll
0x000000001f980000 - 0x000000001f983000 	C:\Program Files\Java\jre1.8.0_202\bin\api-ms-win-core-profile-l1-1-0.dll
0x000000001f990000 - 0x000000001f993000 	C:\Program Files\Java\jre1.8.0_202\bin\api-ms-win-core-rtlsupport-l1-1-0.dll
0x000000001f9a0000 - 0x000000001f9a3000 	C:\Program Files\Java\jre1.8.0_202\bin\api-ms-win-core-string-l1-1-0.dll
0x000000001f9b0000 - 0x000000001f9b3000 	C:\Program Files\Java\jre1.8.0_202\bin\api-ms-win-core-synch-l1-1-0.dll
0x000000001f9c0000 - 0x000000001f9c3000 	C:\Program Files\Java\jre1.8.0_202\bin\api-ms-win-core-synch-l1-2-0.dll
0x000000001f9d0000 - 0x000000001f9d3000 	C:\Program Files\Java\jre1.8.0_202\bin\api-ms-win-core-sysinfo-l1-1-0.dll
0x000000001f9e0000 - 0x000000001f9e3000 	C:\Program Files\Java\jre1.8.0_202\bin\api-ms-win-core-timezone-l1-1-0.dll
0x000000001f9f0000 - 0x000000001f9f3000 	C:\Program Files\Java\jre1.8.0_202\bin\api-ms-win-core-util-l1-1-0.dll
0x000000001fa00000 - 0x000000001fa03000 	C:\Program Files\Java\jre1.8.0_202\bin\api-ms-win-crt-conio-l1-1-0.dll
0x000000001fa10000 - 0x000000001fa14000 	C:\Program Files\Java\jre1.8.0_202\bin\api-ms-win-crt-convert-l1-1-0.dll
0x000000001fa20000 - 0x000000001fa23000 	C:\Program Files\Java\jre1.8.0_202\bin\api-ms-win-crt-environment-l1-1-0.dll
0x000000001fa30000 - 0x000000001fa33000 	C:\Program Files\Java\jre1.8.0_202\bin\api-ms-win-crt-filesystem-l1-1-0.dll
0x000000001fa40000 - 0x000000001fa43000 	C:\Program Files\Java\jre1.8.0_202\bin\api-ms-win-crt-heap-l1-1-0.dll
0x000000001fa50000 - 0x000000001fa53000 	C:\Program Files\Java\jre1.8.0_202\bin\api-ms-win-crt-locale-l1-1-0.dll
0x000000001fa60000 - 0x000000001fa65000 	C:\Program Files\Java\jre1.8.0_202\bin\api-ms-win-crt-math-l1-1-0.dll
0x000000001fa70000 - 0x000000001fa75000 	C:\Program Files\Java\jre1.8.0_202\bin\api-ms-win-crt-multibyte-l1-1-0.dll
0x000000001fa80000 - 0x000000001fa90000 	C:\Program Files\Java\jre1.8.0_202\bin\api-ms-win-crt-private-l1-1-0.dll
0x000000001fa90000 - 0x000000001fa93000 	C:\Program Files\Java\jre1.8.0_202\bin\api-ms-win-crt-process-l1-1-0.dll
0x000000001faa0000 - 0x000000001faa4000 	C:\Program Files\Java\jre1.8.0_202\bin\api-ms-win-crt-runtime-l1-1-0.dll
0x000000001fab0000 - 0x000000001fab4000 	C:\Program Files\Java\jre1.8.0_202\bin\api-ms-win-crt-stdio-l1-1-0.dll
0x000000001fac0000 - 0x000000001fac4000 	C:\Program Files\Java\jre1.8.0_202\bin\api-ms-win-crt-string-l1-1-0.dll
0x000000001fad0000 - 0x000000001fad3000 	C:\Program Files\Java\jre1.8.0_202\bin\api-ms-win-crt-time-l1-1-0.dll
0x000000001fae0000 - 0x000000001fae3000 	C:\Program Files\Java\jre1.8.0_202\bin\api-ms-win-crt-utility-l1-1-0.dll
0x00007ffee5a80000 - 0x00007ffee5b76000 	C:\Program Files\Java\jre1.8.0_202\bin\ucrtbase.dll
0x00007fff182f0000 - 0x00007fff18306000 	C:\Program Files\Java\jre1.8.0_202\bin\vcruntime140.dll
0x00007ffed7b20000 - 0x00007ffed7bbc000 	C:\Program Files\Java\jre1.8.0_202\bin\msvcp140.dll
0x00007ffef8bb0000 - 0x00007ffef8c01000 	C:\Program Files\Java\jre1.8.0_202\bin\concrt140.dll
0x00007fff182c0000 - 0x00007fff182e3000 	C:\Program Files\Java\jre1.8.0_202\bin\prism_d3d.dll
0x00007ffee73a0000 - 0x00007ffee753e000 	C:\WINDOWS\system32\d3d9.dll
0x00007fff22570000 - 0x00007fff2259e000 	C:\WINDOWS\SYSTEM32\dwmapi.dll
0x00007fff240a0000 - 0x00007fff2427b000 	C:\WINDOWS\System32\CRYPT32.dll
0x00007fff23f50000 - 0x00007fff23f62000 	C:\WINDOWS\System32\MSASN1.dll
0x00007fff1ee70000 - 0x00007fff1ef0c000 	C:\WINDOWS\system32\uxtheme.dll
0x00007ffeba9d0000 - 0x00007ffebd9cd000 	C:\WINDOWS\System32\DriverStore\FileRepository\k127369.inf_amd64_b8b3c10a6624488c\igd9dxva64.dll
0x00007fff262b0000 - 0x00007fff26405000 	C:\WINDOWS\System32\ole32.dll
0x00007fff25f60000 - 0x00007fff2602b000 	C:\WINDOWS\System32\OLEAUT32.dll
0x00007ffef89b0000 - 0x00007ffef89f9000 	C:\Program Files\Java\jre1.8.0_202\bin\glass.dll
0x00007fff267e0000 - 0x00007fff26907000 	C:\WINDOWS\System32\COMDLG32.dll
0x00007fff265b0000 - 0x00007fff2671a000 	C:\WINDOWS\System32\MSCTF.dll
0x00007fff15080000 - 0x00007fff15094000 	C:\Program Files\Java\jre1.8.0_202\bin\javafx_font.dll
0x00007fff0ac10000 - 0x00007fff0af0f000 	C:\WINDOWS\SYSTEM32\dwrite.dll
0x00007fff1ce10000 - 0x00007fff1ce2a000 	C:\Program Files\Java\jre1.8.0_202\bin\net.dll
0x00007fff18c00000 - 0x00007fff18dd6000 	C:\WINDOWS\SYSTEM32\urlmon.dll
0x00007fff17450000 - 0x00007fff176f8000 	C:\WINDOWS\SYSTEM32\iertutil.dll
0x00007fff23920000 - 0x00007fff2392c000 	C:\WINDOWS\SYSTEM32\CRYPTBASE.DLL
0x00007fff23750000 - 0x00007fff237b7000 	C:\WINDOWS\system32\mswsock.dll
0x00007fff234f0000 - 0x00007fff235b6000 	C:\WINDOWS\SYSTEM32\DNSAPI.dll
0x00007fff26090000 - 0x00007fff26098000 	C:\WINDOWS\System32\NSI.dll
0x00007fff234b0000 - 0x00007fff234ed000 	C:\WINDOWS\SYSTEM32\IPHLPAPI.DLL
0x00007fff17dc0000 - 0x00007fff17dca000 	C:\Windows\System32\rasadhlp.dll
0x00007fff17df0000 - 0x00007fff17e69000 	C:\WINDOWS\System32\fwpuclnt.dll
0x00007fff24ee0000 - 0x00007fff24f06000 	C:\WINDOWS\System32\bcrypt.dll
0x00007fff260d0000 - 0x00007fff26172000 	C:\WINDOWS\System32\clbcatq.dll
0x00007fff162e0000 - 0x00007fff16498000 	C:\WINDOWS\SYSTEM32\WindowsCodecs.dll
0x00007ffef2740000 - 0x00007ffef2796000 	C:\WINDOWS\system32\dataexchange.dll
0x00007fff1db10000 - 0x00007fff1dd8e000 	C:\WINDOWS\system32\d3d11.dll
0x00007fff1e390000 - 0x00007fff1e553000 	C:\WINDOWS\system32\dcomp.dll
0x00007fff22c50000 - 0x00007fff22d12000 	C:\WINDOWS\system32\dxgi.dll
0x00007fff22230000 - 0x00007fff2243d000 	C:\WINDOWS\system32\twinapi.appcore.dll
0x00007fff22440000 - 0x00007fff22468000 	C:\WINDOWS\system32\RMCLIENT.dll
0x00007ffee8e80000 - 0x00007ffee8eb3000 	C:\Program Files\Common Files\Microsoft Shared\Ink\rtscom.dll
0x00007fff14bb0000 - 0x00007fff14c45000 	C:\WINDOWS\System32\TextInputFramework.dll
0x00007fff1e900000 - 0x00007fff1e9e2000 	C:\WINDOWS\System32\CoreMessaging.dll
0x00007fff14710000 - 0x00007fff14a32000 	C:\WINDOWS\System32\CoreUIComponents.dll
0x00007fff22f90000 - 0x00007fff22fc1000 	C:\WINDOWS\SYSTEM32\ntmarta.dll
0x00007fff1c650000 - 0x00007fff1c7a3000 	C:\WINDOWS\SYSTEM32\wintypes.dll
0x00007fff0fe20000 - 0x00007fff0fe8c000 	C:\WINDOWS\system32\Oleacc.dll
0x00007fff0b850000 - 0x00007fff0b862000 	C:\Program Files\Java\jre1.8.0_202\bin\prism_common.dll
0x00007fff228b0000 - 0x00007fff22a9d000 	C:\WINDOWS\SYSTEM32\dbghelp.dll

VM Arguments:
jvm_args: -Dfile.encoding=Cp1252 
java_command: application.Main
java_class_path (initial): C:\Users\nope\Desktop\GitRepos\TimerToDo\bin;C:\Users\nope\Desktop\GitRepos\ReferencedLibraries\mysql-connector-java-8.0.15\mysql-connector-java-8.0.15.jar;C:\Users\nope\Desktop\jfoenix-8.0.8.jar;C:\Users\nope\.p2\pool\plugins\org.eclipse.fx.ide.css.jfx8_3.5.0.201902220800.jar
Launcher Type: SUN_STANDARD

Environment Variables:
JAVA_HOME=C:\NVPACK\jdk1.8.0_77
PATH=C:/Program Files/Java/jre1.8.0_202/bin/server;C:/Program Files/Java/jre1.8.0_202/bin;C:/Program Files/Java/jre1.8.0_202/lib/amd64;C:\Program Files\Microsoft MPI\Bin\;C:\Program Files (x86)\Common Files\Oracle\Java\javapath;C:\WINDOWS\system32;C:\WINDOWS;C:\WINDOWS\System32\Wbem;C:\WINDOWS\System32\WindowsPowerShell\v1.0\;C:\WINDOWS\System32\OpenSSH\;C:\Program Files\dotnet\;C:\Program Files\Git\cmd;C:\Program Files (x86)\Microsoft SQL Server\140\Tools\Binn\;C:\Program Files\Microsoft SQL Server\140\Tools\Binn\;C:\Program Files (x86)\Microsoft SQL Server\140\DTS\Binn\;C:\Program Files\Microsoft SQL Server\140\DTS\Binn\;C:\Program Files\Microsoft SQL Server\Client SDK\ODBC\130\Tools\Binn\;C:\Program Files (x86)\Microsoft SQL Server\Client SDK\ODBC\130\Tools\Binn\;C:\Program Files (x86)\Microsoft SQL Server\140\Tools\Binn\ManagementStudio\;C:\Program Files\nodejs\;C:\NVPACK\gradle-2.9\bin;C:\NVPACK\apache-ant-1.8.2\bin;C:\NVPACK\jdk1.8.0_77\bin;C:\NVPACK\android-ndk-r12b;C:\NVPACK\android-sdk-windows\extras\android\support;C:\NVPACK\android-sdk-windows\build-tools;C:\NVPACK\android-sdk-windows\platform-tools;C:\NVPACK\android-sdk-windows\tools;C:\Users\nope\AppData\Local\Microsoft\WindowsApps;C:\Users\nope\IntelliJ IDEA Community Edition 2018.3.4\bin;;C:\Program Files\MySQL\MySQL Server 8.0\bin;;C:\Users\nope\Desktop;
USERNAME=nope
OS=Windows_NT
PROCESSOR_IDENTIFIER=Intel64 Family 6 Model 158 Stepping 9, GenuineIntel



---------------  S Y S T E M  ---------------

OS: Windows 10.0 , 64 bit Build 17763 (10.0.17763.379)

CPU:total 8 (initial active 8) (4 cores per cpu, 2 threads per core) family 6 model 158 stepping 9, cmov, cx8, fxsr, mmx, sse, sse2, sse3, ssse3, sse4.1, sse4.2, popcnt, avx, avx2, aes, clmul, erms, 3dnowpref, lzcnt, ht, tsc, tscinvbit, bmi1, bmi2, adx

Memory: 4k page, physical 16587404k(9329120k free), swap 17635980k(7866408k free)

vm_info: Java HotSpot(TM) 64-Bit Server VM (25.202-b08) for windows-amd64 JRE (1.8.0_202-b08), built on Dec 15 2018 19:54:30 by "java_re" with MS VC++ 10.0 (VS2010)

time: Fri Apr 05 21:57:43 2019
timezone: Eastern Daylight Time
elapsed time: 5 seconds (0d 0h 0m 5s)

