#
# A fatal error has been detected by the Java Runtime Environment:
#
#  EXCEPTION_ACCESS_VIOLATION (0xc0000005) at pc=0x00007ffe59aa78b0, pid=13512, tid=0x0000000000004428
#
# JRE version: Java(TM) SE Runtime Environment (8.0_202-b08) (build 1.8.0_202-b08)
# Java VM: Java HotSpot(TM) 64-Bit Server VM (25.202-b08 mixed mode windows-amd64 compressed oops)
# Problematic frame:
# C  [glass.dll+0x278b0]
#
# Failed to write core dump. Minidumps are not enabled by default on client versions of Windows
#
# If you would like to submit a bug report, please visit:
#   http://bugreport.java.com/bugreport/crash.jsp
#

---------------  T H R E A D  ---------------

Current thread (0x000000001c8a8000):  VMThread [stack: 0x000000001e570000,0x000000001e670000] [id=17448]

siginfo: ExceptionCode=0xc0000005, reading address 0x0000000000000000

Registers:
RAX=0x0000000000000000, RBX=0x0000000002f30c88, RCX=0x000000001c8a8000, RDX=0x000000006e8c24e8
RSP=0x000000001e66f040, RBP=0x00000000010dffb8, RSI=0x00000000010dff90, RDI=0x00000de75ede9f5a
R8 =0x0000000000010002, R9 =0x00000de75ede9f5a, R10=0x00000000ffffffff, R11=0x000000001e66ef50
R12=0x00007ffe59aa48dc, R13=0x0000000001011658, R14=0x000000001e66f148, R15=0x00000000010dff90
RIP=0x00007ffe59aa78b0, EFLAGS=0x0000000000010202

Top of Stack: (sp=0x000000001e66f040)
0x000000001e66f040:   0000000000000000 00007ffea004c7eb
0x000000001e66f050:   00000000010dffa0 0000000000000000
0x000000001e66f060:   fffffffffffffffe 00007ffe59aa48dc
0x000000001e66f070:   00000000010dff98 00007ffea0053e26
0x000000001e66f080:   000072703b7e31b1 0000000000000000
0x000000001e66f090:   00000000010dffb8 00000000010dff90
0x000000001e66f0a0:   fffffffffffffffe 0000000000000001
0x000000001e66f0b0:   0000000000000001 00007ffe59a80000
0x000000001e66f0c0:   000000001e66f138 00007ffea0053d4b
0x000000001e66f0d0:   0000000000000000 000000001e66f148
0x000000001e66f0e0:   0000000002ee98b0 00007ffea012c130
0x000000001e66f0f0:   0000000000000000 00007ffea0053d04
0x000000001e66f100:   0000000000000000 0000000000000001
0x000000001e66f110:   000000001f6302a0 000000001e66f138
0x000000001e66f120:   0000000000000000 00007ffe59aa4752
0x000000001e66f130:   00007ffe59abf108 0000000000000002 

Instructions: (pc=0x00007ffe59aa78b0)
0x00007ffe59aa7890:   40 53 48 83 ec 30 48 c7 44 24 20 fe ff ff ff 48
0x00007ffe59aa78a0:   8b 1d 7a 72 01 00 48 85 db 74 16 e8 00 81 ff ff
0x00007ffe59aa78b0:   4c 8b 00 48 8b d3 48 8b c8 41 ff 90 b0 00 00 00
0x00007ffe59aa78c0:   90 48 83 c4 30 5b c3 cc cc cc cc cc cc cc cc cc 


Register to memory mapping:

RAX=0x0000000000000000 is an unknown value
RBX=0x0000000002f30c88 is a global jni handle
RCX=0x000000001c8a8000 is an unknown value
RDX=0x000000006e8c24e8 is an unknown value
RSP=0x000000001e66f040 is an unknown value
RBP=0x00000000010dffb8 is an unknown value
RSI=0x00000000010dff90 is an unknown value
RDI=0x00000de75ede9f5a is an unknown value
R8 =0x0000000000010002 is an unknown value
R9 =0x00000de75ede9f5a is an unknown value
R10=0x00000000ffffffff is an unknown value
R11=0x000000001e66ef50 is an unknown value
R12=0x00007ffe59aa48dc is an unknown value
R13=0x0000000001011658 is an unknown value
R14=0x000000001e66f148 is an unknown value
R15=0x00000000010dff90 is an unknown value


Stack: [0x000000001e570000,0x000000001e670000],  sp=0x000000001e66f040,  free space=1020k
Native frames: (J=compiled Java code, j=interpreted, Vv=VM code, C=native code)
C  [glass.dll+0x278b0]
C  [ucrtbase.dll+0x13e26]
C  [ucrtbase.dll+0x13d4b]
C  [ucrtbase.dll+0x13d04]
C  [glass.dll+0x24752]
C  [glass.dll+0x24850]
C  [ntdll.dll+0x48f07]
C  [ntdll.dll+0x435bc]
C  [ntdll.dll+0x66dad]
C  [KERNEL32.DLL+0x1d3ba]
C  [msvcr100.dll+0x20ccd]
V  [jvm.dll+0x214045]
V  [jvm.dll+0x24d5d7]
V  [jvm.dll+0x24c876]
V  [jvm.dll+0x24cd11]
V  [jvm.dll+0x24cf2e]
V  [jvm.dll+0x29fc6a]
C  [msvcr100.dll+0x21d9f]
C  [msvcr100.dll+0x21e3b]
C  [KERNEL32.DLL+0x181f4]
C  [ntdll.dll+0x6a251]

VM_Operation (0x00000000205498f0): Exit, mode: safepoint, requested by thread 0x000000001f601800


---------------  P R O C E S S  ---------------

Java Threads: ( => current thread )
  0x000000001fd3d000 JavaThread "Prism Font Disposer" daemon [_thread_blocked, id=17856, stack(0x000000002aad0000,0x000000002abd0000)]
  0x000000001f800000 JavaThread "mysql-cj-abandoned-connection-cleanup" daemon [_thread_blocked, id=17688, stack(0x00000000287a0000,0x00000000288a0000)]
  0x000000001f680000 JavaThread "Thread-3" daemon [_thread_in_native, id=17576, stack(0x00000000270d0000,0x00000000271d0000)]
  0x000000001f5cf800 JavaThread "JavaFX-Launcher" [_thread_blocked, id=9248, stack(0x00000000271d0000,0x00000000272d0000)]
  0x000000001f601800 JavaThread "JavaFX Application Thread" [_thread_blocked, id=5204, stack(0x0000000020450000,0x0000000020550000)]
  0x000000001f5fb000 JavaThread "Thread-1" daemon [_thread_blocked, id=11236, stack(0x0000000020350000,0x0000000020450000)]
  0x000000001f5ab000 JavaThread "QuantumRenderer-0" daemon [_thread_blocked, id=18256, stack(0x000000001ff80000,0x0000000020080000)]
  0x000000001e829800 JavaThread "Service Thread" daemon [_thread_blocked, id=4808, stack(0x000000001f370000,0x000000001f470000)]
  0x000000001e7ab000 JavaThread "C1 CompilerThread3" daemon [_thread_blocked, id=524, stack(0x000000001f270000,0x000000001f370000)]
  0x000000001e7a2800 JavaThread "C2 CompilerThread2" daemon [_thread_blocked, id=15192, stack(0x000000001f170000,0x000000001f270000)]
  0x000000001e79e800 JavaThread "C2 CompilerThread1" daemon [_thread_blocked, id=17788, stack(0x000000001f070000,0x000000001f170000)]
  0x000000001e79c800 JavaThread "C2 CompilerThread0" daemon [_thread_blocked, id=12976, stack(0x000000001ef70000,0x000000001f070000)]
  0x000000001e79a000 JavaThread "Attach Listener" daemon [_thread_blocked, id=18068, stack(0x000000001ee70000,0x000000001ef70000)]
  0x000000001c8bc000 JavaThread "Signal Dispatcher" daemon [_thread_blocked, id=3348, stack(0x000000001ed70000,0x000000001ee70000)]
  0x000000001c8b3000 JavaThread "Finalizer" daemon [_thread_blocked, id=9768, stack(0x000000001eb70000,0x000000001ec70000)]
  0x0000000002f38000 JavaThread "Reference Handler" daemon [_thread_blocked, id=17920, stack(0x000000001e670000,0x000000001e770000)]
  0x0000000002e42800 JavaThread "main" [_thread_blocked, id=9352, stack(0x0000000002d40000,0x0000000002e40000)]

Other Threads:
=>0x000000001c8a8000 VMThread [stack: 0x000000001e570000,0x000000001e670000] [id=17448]

VM state:at safepoint (shutting down)

VM Mutex/Monitor currently owned by a thread:  ([mutex/lock_event])
[0x000000000101d6a0] Threads_lock - owner thread: 0x000000001c8a8000

heap address: 0x00000006c2e00000, size: 4050 MB, Compressed Oops mode: Zero based, Oop shift amount: 3
Narrow klass base: 0x0000000000000000, Narrow klass shift: 3
Compressed class space size: 1073741824 Address: 0x00000007c0000000

Heap:
 PSYoungGen      total 75776K, used 62121K [0x000000076ba00000, 0x0000000770e80000, 0x00000007c0000000)
  eden space 65024K, 95% used [0x000000076ba00000,0x000000076f6aa6b8,0x000000076f980000)
  from space 10752K, 0% used [0x0000000770400000,0x0000000770400000,0x0000000770e80000)
  to   space 10752K, 0% used [0x000000076f980000,0x000000076f980000,0x0000000770400000)
 ParOldGen       total 173568K, used 0K [0x00000006c2e00000, 0x00000006cd780000, 0x000000076ba00000)
  object space 173568K, 0% used [0x00000006c2e00000,0x00000006c2e00000,0x00000006cd780000)
 Metaspace       used 19813K, capacity 20716K, committed 20864K, reserved 1067008K
  class space    used 2899K, capacity 3096K, committed 3200K, reserved 1048576K

Card table byte_map: [0x0000000012300000,0x0000000012af0000] byte_map_base: 0x000000000ece9000

Marking Bits: (ParMarkBitMap*) 0x000000006eab5ce0
 Begin Bits: [0x0000000013840000, 0x0000000017788000)
 End Bits:   [0x0000000017788000, 0x000000001b6d0000)

Polling page: 0x0000000000ff0000

CodeCache: size=245760Kb used=5996Kb max_used=5997Kb free=239763Kb
 bounds [0x0000000002f40000, 0x0000000003520000, 0x0000000011f40000]
 total_blobs=2587 nmethods=1915 adapters=584
 compilation: enabled

Compilation events (10 events):
Event: 5.300 Thread 0x000000001e7ab000 nmethod 1911 0x000000000351cc10 code [0x000000000351cd60, 0x000000000351ceb0]
Event: 5.300 Thread 0x000000001e7ab000 1912       3       java.lang.invoke.Invokers::checkGenericType (16 bytes)
Event: 5.300 Thread 0x000000001e7ab000 nmethod 1912 0x000000000351c290 code [0x000000000351c420, 0x000000000351ca48]
Event: 5.300 Thread 0x000000001e7ab000 1913       3       java.lang.invoke.Invokers::checkCustomized (20 bytes)
Event: 5.300 Thread 0x000000001e7ab000 nmethod 1913 0x000000000351bd90 code [0x000000000351bf00, 0x000000000351c1a8]
Event: 5.302 Thread 0x000000001e7ab000 1914       3       java.lang.invoke.LambdaForm$DMH/666988784::invokeStatic_L6_L (24 bytes)
Event: 5.302 Thread 0x000000001e7ab000 nmethod 1914 0x000000000351b4d0 code [0x000000000351b660, 0x000000000351bc18]
Event: 5.302 Thread 0x000000001e7ab000 1915       3       java.util.concurrent.locks.AbstractQueuedSynchronizer::release (33 bytes)
Event: 5.303 Thread 0x000000001e7ab000 nmethod 1915 0x000000000351af50 code [0x000000000351b0c0, 0x000000000351b3d8]
Event: 5.303 Thread 0x000000001e7ab000 1919       3       jdk.internal.org.objectweb.asm.ClassWriter::toByteArray (1289 bytes)

GC Heap History (0 events):
No events

Deoptimization events (10 events):
Event: 3.179 Thread 0x000000001f601800 Uncommon trap: reason=class_check action=maybe_recompile pc=0x000000000305bf40 method=java.lang.String.equals(Ljava/lang/Object;)Z @ 8
Event: 3.179 Thread 0x000000001f601800 Uncommon trap: reason=class_check action=maybe_recompile pc=0x000000000305bf40 method=java.lang.String.equals(Ljava/lang/Object;)Z @ 8
Event: 3.180 Thread 0x000000001f601800 Uncommon trap: reason=bimorphic action=maybe_recompile pc=0x00000000033778c8 method=java.util.Collections$UnmodifiableList.get(I)Ljava/lang/Object; @ 5
Event: 3.180 Thread 0x000000001f601800 Uncommon trap: reason=bimorphic action=maybe_recompile pc=0x00000000033778c8 method=java.util.Collections$UnmodifiableList.get(I)Ljava/lang/Object; @ 5
Event: 3.180 Thread 0x000000001f601800 Uncommon trap: reason=bimorphic action=maybe_recompile pc=0x00000000033778c8 method=java.util.Collections$UnmodifiableList.get(I)Ljava/lang/Object; @ 5
Event: 3.181 Thread 0x000000001f601800 Uncommon trap: reason=class_check action=maybe_recompile pc=0x000000000305bf40 method=java.lang.String.equals(Ljava/lang/Object;)Z @ 8
Event: 3.194 Thread 0x000000001f601800 Uncommon trap: reason=unstable_if action=reinterpret pc=0x00000000032af2bc method=java.lang.String.regionMatches(ZILjava/lang/String;II)Z @ 123
Event: 3.289 Thread 0x000000001f601800 Uncommon trap: reason=unstable_if action=reinterpret pc=0x0000000003321a2c method=java.lang.ClassLoader.checkName(Ljava/lang/String;)Z @ 20
Event: 5.206 Thread 0x000000001f601800 Uncommon trap: reason=unstable_if action=reinterpret pc=0x0000000003379868 method=jdk.internal.org.objectweb.asm.Type.getArgumentsAndReturnSizes(Ljava/lang/String;)I @ 47
Event: 5.210 Thread 0x000000001f601800 Uncommon trap: reason=unstable_if action=reinterpret pc=0x00000000034c17d4 method=javafx.scene.Node.updateLocalToParentTransform()V @ 4

Classes redefined (0 events):
No events

Internal exceptions (10 events):
Event: 0.776 Thread 0x000000001f601800 Exception <a 'java/lang/ArrayIndexOutOfBoundsException'> (0x000000076d68cc70) thrown at [C:\re\workspace\8-2-build-windows-amd64-cygwin\jdk8u202\12323\hotspot\src\share\vm\runtime\sharedRuntime.cpp, line 605]
Event: 0.776 Thread 0x000000001f601800 Exception <a 'java/lang/ArrayIndexOutOfBoundsException'> (0x000000076d68da88) thrown at [C:\re\workspace\8-2-build-windows-amd64-cygwin\jdk8u202\12323\hotspot\src\share\vm\runtime\sharedRuntime.cpp, line 605]
Event: 0.777 Thread 0x000000001f601800 Exception <a 'java/lang/ArrayIndexOutOfBoundsException'> (0x000000076d68f2f8) thrown at [C:\re\workspace\8-2-build-windows-amd64-cygwin\jdk8u202\12323\hotspot\src\share\vm\runtime\sharedRuntime.cpp, line 605]
Event: 0.799 Thread 0x000000001f601800 Implicit null exception at 0x000000000322f696 to 0x000000000322fa45
Event: 1.936 Thread 0x000000001f601800 Exception <a 'java/net/ConnectException': Connection refused: connect> (0x000000076dd59328) thrown at [C:\re\workspace\8-2-build-windows-amd64-cygwin\jdk8u202\12323\hotspot\src\share\vm\prims\jni.cpp, line 736]
Event: 2.939 Thread 0x000000001f601800 Exception <a 'java/net/ConnectException': Connection refused: connect> (0x000000076dd59e68) thrown at [C:\re\workspace\8-2-build-windows-amd64-cygwin\jdk8u202\12323\hotspot\src\share\vm\prims\jni.cpp, line 736]
Event: 3.035 Thread 0x000000001f601800 Implicit null exception at 0x000000000325faf5 to 0x000000000325fd21
Event: 3.035 Thread 0x000000001f601800 Implicit null exception at 0x000000000330cc5b to 0x000000000330d479
Event: 3.037 Thread 0x000000001f601800 Implicit null exception at 0x000000000329daaf to 0x000000000329db19
Event: 5.303 Thread 0x0000000027701800 Exception <a 'java/lang/IllegalStateException'> (0x000000076f56b8a8) thrown at [C:\re\workspace\8-2-build-windows-amd64-cygwin\jdk8u202\12323\hotspot\src\share\vm\prims\jvm.cpp, line 1506]

Events (10 events):
Event: 5.301 loading class java/util/IdentityHashMap$IdentityHashMapIterator
Event: 5.301 loading class java/util/IdentityHashMap$IdentityHashMapIterator done
Event: 5.301 loading class java/util/IdentityHashMap$KeyIterator done
Event: 5.302 Thread 0x0000000027701800 Thread added: 0x0000000027701800
Event: 5.302 loading class com/sun/javafx/tk/quantum/QuantumRenderer
Event: 5.302 loading class com/sun/javafx/tk/quantum/QuantumRenderer done
Event: 5.302 loading class com/sun/javafx/tk/quantum/QuantumToolkit
Event: 5.302 loading class com/sun/javafx/tk/quantum/QuantumToolkit done
Event: 5.303 Thread 0x0000000027701800 Thread exited: 0x0000000027701800
Event: 5.303 Executing VM operation: Exit


Dynamic libraries:
0x00007ff684080000 - 0x00007ff6840b7000 	C:\Program Files\Java\jre1.8.0_202\bin\javaw.exe
0x00007ffea3400000 - 0x00007ffea35ed000 	C:\WINDOWS\SYSTEM32\ntdll.dll
0x00007ffea0ea0000 - 0x00007ffea0f53000 	C:\WINDOWS\System32\KERNEL32.DLL
0x00007ffe9f500000 - 0x00007ffe9f793000 	C:\WINDOWS\System32\KERNELBASE.dll
0x00007ffea0670000 - 0x00007ffea0713000 	C:\WINDOWS\System32\ADVAPI32.dll
0x00007ffea10b0000 - 0x00007ffea114e000 	C:\WINDOWS\System32\msvcrt.dll
0x00007ffea0ad0000 - 0x00007ffea0b6e000 	C:\WINDOWS\System32\sechost.dll
0x00007ffea0830000 - 0x00007ffea0952000 	C:\WINDOWS\System32\RPCRT4.dll
0x00007ffea3230000 - 0x00007ffea33c7000 	C:\WINDOWS\System32\USER32.dll
0x00007ffea02e0000 - 0x00007ffea0300000 	C:\WINDOWS\System32\win32u.dll
0x00007ffea15d0000 - 0x00007ffea15f9000 	C:\WINDOWS\System32\GDI32.dll
0x00007ffea0140000 - 0x00007ffea02da000 	C:\WINDOWS\System32\gdi32full.dll
0x00007ffea0590000 - 0x00007ffea0630000 	C:\WINDOWS\System32\msvcp_win.dll
0x00007ffea0040000 - 0x00007ffea013a000 	C:\WINDOWS\System32\ucrtbase.dll
0x00007ffe8c9d0000 - 0x00007ffe8cc49000 	C:\WINDOWS\WinSxS\amd64_microsoft.windows.common-controls_6595b64144ccf1df_6.0.17763.379_none_05b83be8071c94a1\COMCTL32.dll
0x00007ffea11c0000 - 0x00007ffea14ed000 	C:\WINDOWS\System32\combase.dll
0x00007ffe9f810000 - 0x00007ffe9f88e000 	C:\WINDOWS\System32\bcryptPrimitives.dll
0x00007ffea0640000 - 0x00007ffea066e000 	C:\WINDOWS\System32\IMM32.DLL
0x000000006ddc0000 - 0x000000006de92000 	C:\Program Files\Java\jre1.8.0_202\bin\msvcr100.dll
0x000000006e290000 - 0x000000006eb35000 	C:\Program Files\Java\jre1.8.0_202\bin\server\jvm.dll
0x00007ffea0960000 - 0x00007ffea0968000 	C:\WINDOWS\System32\PSAPI.DLL
0x00007ffe98d00000 - 0x00007ffe98d24000 	C:\WINDOWS\SYSTEM32\WINMM.dll
0x00007ffe88410000 - 0x00007ffe88419000 	C:\WINDOWS\SYSTEM32\WSOCK32.dll
0x00007ffe971a0000 - 0x00007ffe971aa000 	C:\WINDOWS\SYSTEM32\VERSION.dll
0x00007ffea1150000 - 0x00007ffea11bd000 	C:\WINDOWS\System32\WS2_32.dll
0x00007ffe98cd0000 - 0x00007ffe98cfd000 	C:\WINDOWS\SYSTEM32\WINMMBASE.dll
0x00007ffe9f7a0000 - 0x00007ffe9f7ea000 	C:\WINDOWS\System32\cfgmgr32.dll
0x00007ffe8bc10000 - 0x00007ffe8bc1f000 	C:\Program Files\Java\jre1.8.0_202\bin\verify.dll
0x00007ffe8bb10000 - 0x00007ffe8bb39000 	C:\Program Files\Java\jre1.8.0_202\bin\java.dll
0x00007ffe8bad0000 - 0x00007ffe8bae6000 	C:\Program Files\Java\jre1.8.0_202\bin\zip.dll
0x00007ffea1d40000 - 0x00007ffea3230000 	C:\WINDOWS\System32\SHELL32.dll
0x00007ffea0f60000 - 0x00007ffea1008000 	C:\WINDOWS\System32\shcore.dll
0x00007ffe9f890000 - 0x00007ffe9ffda000 	C:\WINDOWS\System32\windows.storage.dll
0x00007ffe9f4a0000 - 0x00007ffe9f4c4000 	C:\WINDOWS\System32\profapi.dll
0x00007ffe9f420000 - 0x00007ffe9f47d000 	C:\WINDOWS\System32\powrprof.dll
0x00007ffea1570000 - 0x00007ffea15c2000 	C:\WINDOWS\System32\shlwapi.dll
0x00007ffe9f400000 - 0x00007ffe9f411000 	C:\WINDOWS\System32\kernel.appcore.dll
0x00007ffe9f7f0000 - 0x00007ffe9f807000 	C:\WINDOWS\System32\cryptsp.dll
0x0000000001520000 - 0x0000000001523000 	C:\Program Files\Java\jre1.8.0_202\bin\api-ms-win-core-console-l1-1-0.dll
0x0000000001530000 - 0x0000000001533000 	C:\Program Files\Java\jre1.8.0_202\bin\api-ms-win-core-datetime-l1-1-0.dll
0x0000000001540000 - 0x0000000001543000 	C:\Program Files\Java\jre1.8.0_202\bin\api-ms-win-core-debug-l1-1-0.dll
0x0000000001550000 - 0x0000000001553000 	C:\Program Files\Java\jre1.8.0_202\bin\api-ms-win-core-errorhandling-l1-1-0.dll
0x0000000001560000 - 0x0000000001564000 	C:\Program Files\Java\jre1.8.0_202\bin\api-ms-win-core-file-l1-1-0.dll
0x0000000001570000 - 0x0000000001573000 	C:\Program Files\Java\jre1.8.0_202\bin\api-ms-win-core-file-l1-2-0.dll
0x0000000001580000 - 0x0000000001583000 	C:\Program Files\Java\jre1.8.0_202\bin\api-ms-win-core-file-l2-1-0.dll
0x000000001fd70000 - 0x000000001fd73000 	C:\Program Files\Java\jre1.8.0_202\bin\api-ms-win-core-handle-l1-1-0.dll
0x000000001fd80000 - 0x000000001fd83000 	C:\Program Files\Java\jre1.8.0_202\bin\api-ms-win-core-heap-l1-1-0.dll
0x000000001fd90000 - 0x000000001fd93000 	C:\Program Files\Java\jre1.8.0_202\bin\api-ms-win-core-interlocked-l1-1-0.dll
0x000000001fda0000 - 0x000000001fda3000 	C:\Program Files\Java\jre1.8.0_202\bin\api-ms-win-core-libraryloader-l1-1-0.dll
0x000000001fdb0000 - 0x000000001fdb3000 	C:\Program Files\Java\jre1.8.0_202\bin\api-ms-win-core-localization-l1-2-0.dll
0x000000001fdc0000 - 0x000000001fdc3000 	C:\Program Files\Java\jre1.8.0_202\bin\api-ms-win-core-memory-l1-1-0.dll
0x000000001fdd0000 - 0x000000001fdd3000 	C:\Program Files\Java\jre1.8.0_202\bin\api-ms-win-core-namedpipe-l1-1-0.dll
0x000000001fde0000 - 0x000000001fde3000 	C:\Program Files\Java\jre1.8.0_202\bin\api-ms-win-core-processenvironment-l1-1-0.dll
0x000000001fdf0000 - 0x000000001fdf3000 	C:\Program Files\Java\jre1.8.0_202\bin\api-ms-win-core-processthreads-l1-1-0.dll
0x000000001fe00000 - 0x000000001fe03000 	C:\Program Files\Java\jre1.8.0_202\bin\api-ms-win-core-processthreads-l1-1-1.dll
0x000000001fe10000 - 0x000000001fe13000 	C:\Program Files\Java\jre1.8.0_202\bin\api-ms-win-core-profile-l1-1-0.dll
0x000000001fe20000 - 0x000000001fe23000 	C:\Program Files\Java\jre1.8.0_202\bin\api-ms-win-core-rtlsupport-l1-1-0.dll
0x000000001fe30000 - 0x000000001fe33000 	C:\Program Files\Java\jre1.8.0_202\bin\api-ms-win-core-string-l1-1-0.dll
0x000000001fe40000 - 0x000000001fe43000 	C:\Program Files\Java\jre1.8.0_202\bin\api-ms-win-core-synch-l1-1-0.dll
0x000000001fe50000 - 0x000000001fe53000 	C:\Program Files\Java\jre1.8.0_202\bin\api-ms-win-core-synch-l1-2-0.dll
0x000000001fe60000 - 0x000000001fe63000 	C:\Program Files\Java\jre1.8.0_202\bin\api-ms-win-core-sysinfo-l1-1-0.dll
0x000000001fe70000 - 0x000000001fe73000 	C:\Program Files\Java\jre1.8.0_202\bin\api-ms-win-core-timezone-l1-1-0.dll
0x000000001fe80000 - 0x000000001fe83000 	C:\Program Files\Java\jre1.8.0_202\bin\api-ms-win-core-util-l1-1-0.dll
0x000000001fe90000 - 0x000000001fe93000 	C:\Program Files\Java\jre1.8.0_202\bin\api-ms-win-crt-conio-l1-1-0.dll
0x000000001fea0000 - 0x000000001fea4000 	C:\Program Files\Java\jre1.8.0_202\bin\api-ms-win-crt-convert-l1-1-0.dll
0x000000001feb0000 - 0x000000001feb3000 	C:\Program Files\Java\jre1.8.0_202\bin\api-ms-win-crt-environment-l1-1-0.dll
0x000000001fec0000 - 0x000000001fec3000 	C:\Program Files\Java\jre1.8.0_202\bin\api-ms-win-crt-filesystem-l1-1-0.dll
0x000000001fed0000 - 0x000000001fed3000 	C:\Program Files\Java\jre1.8.0_202\bin\api-ms-win-crt-heap-l1-1-0.dll
0x000000001fee0000 - 0x000000001fee3000 	C:\Program Files\Java\jre1.8.0_202\bin\api-ms-win-crt-locale-l1-1-0.dll
0x000000001fef0000 - 0x000000001fef5000 	C:\Program Files\Java\jre1.8.0_202\bin\api-ms-win-crt-math-l1-1-0.dll
0x000000001ff00000 - 0x000000001ff05000 	C:\Program Files\Java\jre1.8.0_202\bin\api-ms-win-crt-multibyte-l1-1-0.dll
0x000000001ff10000 - 0x000000001ff20000 	C:\Program Files\Java\jre1.8.0_202\bin\api-ms-win-crt-private-l1-1-0.dll
0x000000001ff20000 - 0x000000001ff23000 	C:\Program Files\Java\jre1.8.0_202\bin\api-ms-win-crt-process-l1-1-0.dll
0x000000001ff30000 - 0x000000001ff34000 	C:\Program Files\Java\jre1.8.0_202\bin\api-ms-win-crt-runtime-l1-1-0.dll
0x000000001ff40000 - 0x000000001ff44000 	C:\Program Files\Java\jre1.8.0_202\bin\api-ms-win-crt-stdio-l1-1-0.dll
0x000000001ff50000 - 0x000000001ff54000 	C:\Program Files\Java\jre1.8.0_202\bin\api-ms-win-crt-string-l1-1-0.dll
0x000000001ff60000 - 0x000000001ff63000 	C:\Program Files\Java\jre1.8.0_202\bin\api-ms-win-crt-time-l1-1-0.dll
0x000000001ff70000 - 0x000000001ff73000 	C:\Program Files\Java\jre1.8.0_202\bin\api-ms-win-crt-utility-l1-1-0.dll
0x00007ffe59b70000 - 0x00007ffe59c66000 	C:\Program Files\Java\jre1.8.0_202\bin\ucrtbase.dll
0x00007ffe8bb40000 - 0x00007ffe8bb56000 	C:\Program Files\Java\jre1.8.0_202\bin\vcruntime140.dll
0x00007ffe59ad0000 - 0x00007ffe59b6c000 	C:\Program Files\Java\jre1.8.0_202\bin\msvcp140.dll
0x00007ffe65a50000 - 0x00007ffe65aa1000 	C:\Program Files\Java\jre1.8.0_202\bin\concrt140.dll
0x00007ffe8b9d0000 - 0x00007ffe8b9f3000 	C:\Program Files\Java\jre1.8.0_202\bin\prism_d3d.dll
0x00007ffe64f00000 - 0x00007ffe6509e000 	C:\WINDOWS\system32\d3d9.dll
0x00007ffe9d760000 - 0x00007ffe9d78e000 	C:\WINDOWS\SYSTEM32\dwmapi.dll
0x00007ffea03b0000 - 0x00007ffea058b000 	C:\WINDOWS\System32\CRYPT32.dll
0x00007ffe9f480000 - 0x00007ffe9f492000 	C:\WINDOWS\System32\MSASN1.dll
0x00007ffe9d690000 - 0x00007ffe9d72c000 	C:\WINDOWS\system32\uxtheme.dll
0x00007ffe2e140000 - 0x00007ffe3113d000 	C:\WINDOWS\System32\DriverStore\FileRepository\k127369.inf_amd64_b8b3c10a6624488c\igd9dxva64.dll
0x00007ffea0970000 - 0x00007ffea0ac5000 	C:\WINDOWS\System32\ole32.dll
0x00007ffea1660000 - 0x00007ffea172b000 	C:\WINDOWS\System32\OLEAUT32.dll
0x00007ffe59a80000 - 0x00007ffe59ac9000 	C:\Program Files\Java\jre1.8.0_202\bin\glass.dll
0x00007ffea1c10000 - 0x00007ffea1d37000 	C:\WINDOWS\System32\COMDLG32.dll
0x00007ffea0d30000 - 0x00007ffea0e9a000 	C:\WINDOWS\System32\MSCTF.dll
0x00007ffe89190000 - 0x00007ffe891a4000 	C:\Program Files\Java\jre1.8.0_202\bin\javafx_font.dll
0x00007ffe8c6c0000 - 0x00007ffe8c9bf000 	C:\WINDOWS\SYSTEM32\dwrite.dll
0x00007ffe8b9b0000 - 0x00007ffe8b9ca000 	C:\Program Files\Java\jre1.8.0_202\bin\net.dll
0x00007ffe8fdf0000 - 0x00007ffe8ffc6000 	C:\WINDOWS\SYSTEM32\urlmon.dll
0x00007ffe8d480000 - 0x00007ffe8d728000 	C:\WINDOWS\SYSTEM32\iertutil.dll
0x00007ffe9ee50000 - 0x00007ffe9ee5c000 	C:\WINDOWS\SYSTEM32\CRYPTBASE.DLL
0x00007ffe9ec80000 - 0x00007ffe9ece7000 	C:\WINDOWS\system32\mswsock.dll
0x00007ffe9ea20000 - 0x00007ffe9eae6000 	C:\WINDOWS\SYSTEM32\DNSAPI.dll
0x00007ffea0630000 - 0x00007ffea0638000 	C:\WINDOWS\System32\NSI.dll
0x00007ffe9e9e0000 - 0x00007ffe9ea1d000 	C:\WINDOWS\SYSTEM32\IPHLPAPI.DLL
0x00007ffe8b400000 - 0x00007ffe8b40a000 	C:\Windows\System32\rasadhlp.dll
0x00007ffe8b650000 - 0x00007ffe8b6c9000 	C:\WINDOWS\System32\fwpuclnt.dll
0x00007ffe9f4d0000 - 0x00007ffe9f4f6000 	C:\WINDOWS\System32\bcrypt.dll
0x00007ffea0780000 - 0x00007ffea0822000 	C:\WINDOWS\System32\clbcatq.dll
0x00007ffe97820000 - 0x00007ffe979d8000 	C:\WINDOWS\SYSTEM32\WindowsCodecs.dll
0x00007ffe6e150000 - 0x00007ffe6e1a6000 	C:\WINDOWS\system32\dataexchange.dll
0x00007ffe99270000 - 0x00007ffe994ee000 	C:\WINDOWS\system32\d3d11.dll
0x00007ffe99ae0000 - 0x00007ffe99ca3000 	C:\WINDOWS\system32\dcomp.dll
0x00007ffe9e250000 - 0x00007ffe9e312000 	C:\WINDOWS\system32\dxgi.dll
0x00007ffe9d790000 - 0x00007ffe9d99d000 	C:\WINDOWS\system32\twinapi.appcore.dll
0x00007ffe9d9a0000 - 0x00007ffe9d9c8000 	C:\WINDOWS\system32\RMCLIENT.dll
0x00007ffe53eb0000 - 0x00007ffe53ee3000 	C:\Program Files\Common Files\Microsoft Shared\Ink\rtscom.dll
0x00007ffe8efc0000 - 0x00007ffe8f055000 	C:\WINDOWS\System32\TextInputFramework.dll
0x00007ffe97c90000 - 0x00007ffe97fb2000 	C:\WINDOWS\System32\CoreUIComponents.dll
0x00007ffe9a020000 - 0x00007ffe9a102000 	C:\WINDOWS\System32\CoreMessaging.dll
0x00007ffe9e4c0000 - 0x00007ffe9e4f1000 	C:\WINDOWS\SYSTEM32\ntmarta.dll
0x00007ffe97b30000 - 0x00007ffe97c83000 	C:\WINDOWS\SYSTEM32\wintypes.dll
0x00007ffe8f630000 - 0x00007ffe8f69c000 	C:\WINDOWS\system32\Oleacc.dll
0x00007ffe5d330000 - 0x00007ffe5d342000 	C:\Program Files\Java\jre1.8.0_202\bin\prism_common.dll
0x00007ffe9ddf0000 - 0x00007ffe9dfdd000 	C:\WINDOWS\SYSTEM32\dbghelp.dll

VM Arguments:
jvm_args: -Dfile.encoding=Cp1252 
java_command: application.Main
java_class_path (initial): C:\Users\nope\Desktop\GitRepos\TimerToDo\bin;C:\Users\nope\Desktop\GitRepos\ReferencedLibraries\mysql-connector-java-8.0.15\mysql-connector-java-8.0.15.jar;C:\Users\nope\Desktop\jfoenix-8.0.8.jar;C:\Users\nope\.p2\pool\plugins\org.eclipse.fx.ide.css.jfx8_3.5.0.201902220800.jar
Launcher Type: SUN_STANDARD

Environment Variables:
JAVA_HOME=C:\NVPACK\jdk1.8.0_77
PATH=C:/Program Files/Java/jre1.8.0_202/bin/server;C:/Program Files/Java/jre1.8.0_202/bin;C:/Program Files/Java/jre1.8.0_202/lib/amd64;C:\Program Files\Microsoft MPI\Bin\;C:\Program Files (x86)\Common Files\Oracle\Java\javapath;C:\WINDOWS\system32;C:\WINDOWS;C:\WINDOWS\System32\Wbem;C:\WINDOWS\System32\WindowsPowerShell\v1.0\;C:\WINDOWS\System32\OpenSSH\;C:\Program Files\dotnet\;C:\Program Files\Git\cmd;C:\Program Files (x86)\Microsoft SQL Server\140\Tools\Binn\;C:\Program Files\Microsoft SQL Server\140\Tools\Binn\;C:\Program Files (x86)\Microsoft SQL Server\140\DTS\Binn\;C:\Program Files\Microsoft SQL Server\140\DTS\Binn\;C:\Program Files\Microsoft SQL Server\Client SDK\ODBC\130\Tools\Binn\;C:\Program Files (x86)\Microsoft SQL Server\Client SDK\ODBC\130\Tools\Binn\;C:\Program Files (x86)\Microsoft SQL Server\140\Tools\Binn\ManagementStudio\;C:\Program Files\nodejs\;C:\NVPACK\gradle-2.9\bin;C:\NVPACK\apache-ant-1.8.2\bin;C:\NVPACK\jdk1.8.0_77\bin;C:\NVPACK\android-ndk-r12b;C:\NVPACK\android-sdk-windows\extras\android\support;C:\NVPACK\android-sdk-windows\build-tools;C:\NVPACK\android-sdk-windows\platform-tools;C:\NVPACK\android-sdk-windows\tools;C:\Users\nope\AppData\Local\Microsoft\WindowsApps;C:\Users\nope\IntelliJ IDEA Community Edition 2018.3.4\bin;;C:\Program Files\MySQL\MySQL Server 8.0\bin;;C:\Users\nope\Desktop;
USERNAME=nope
OS=Windows_NT
PROCESSOR_IDENTIFIER=Intel64 Family 6 Model 158 Stepping 9, GenuineIntel



---------------  S Y S T E M  ---------------

OS: Windows 10.0 , 64 bit Build 17763 (10.0.17763.379)

CPU:total 8 (initial active 8) (4 cores per cpu, 2 threads per core) family 6 model 158 stepping 9, cmov, cx8, fxsr, mmx, sse, sse2, sse3, ssse3, sse4.1, sse4.2, popcnt, avx, avx2, aes, clmul, erms, 3dnowpref, lzcnt, ht, tsc, tscinvbit, bmi1, bmi2, adx

Memory: 4k page, physical 16587404k(7102008k free), swap 19980644k(3706720k free)

vm_info: Java HotSpot(TM) 64-Bit Server VM (25.202-b08) for windows-amd64 JRE (1.8.0_202-b08), built on Dec 15 2018 19:54:30 by "java_re" with MS VC++ 10.0 (VS2010)

time: Mon Apr 08 03:43:50 2019
timezone: Eastern Daylight Time
elapsed time: 5 seconds (0d 0h 0m 5s)

