#
# A fatal error has been detected by the Java Runtime Environment:
#
#  EXCEPTION_ACCESS_VIOLATION (0xc0000005) at pc=0x00007ffe59aa78b0, pid=19320, tid=0x0000000000004b50
#
# JRE version: Java(TM) SE Runtime Environment (8.0_202-b08) (build 1.8.0_202-b08)
# Java VM: Java HotSpot(TM) 64-Bit Server VM (25.202-b08 mixed mode windows-amd64 compressed oops)
# Problematic frame:
# C  [glass.dll+0x278b0]
#
# Failed to write core dump. Minidumps are not enabled by default on client versions of Windows
#
# If you would like to submit a bug report, please visit:
#   http://bugreport.java.com/bugreport/crash.jsp
#

---------------  T H R E A D  ---------------

Current thread (0x000000001c907800):  VMThread [stack: 0x000000001e610000,0x000000001e710000] [id=19280]

siginfo: ExceptionCode=0xc0000005, reading address 0x0000000000000000

Registers:
RAX=0x0000000000000000, RBX=0x000000001c7e4af8, RCX=0x000000001c907800, RDX=0x000000006e8c24e8
RSP=0x000000001e70f350, RBP=0x00000000010faeb8, RSI=0x00000000010fae90, RDI=0x0000718bfa2a41ce
R8 =0x0000000000010002, R9 =0x0000718bfa2a41ce, R10=0x00000000ffffffff, R11=0x000000001e70f160
R12=0x00007ffe59aa48dc, R13=0x0000000002d91658, R14=0x000000001e70f458, R15=0x00000000010fae90
RIP=0x00007ffe59aa78b0, EFLAGS=0x0000000000010206

Top of Stack: (sp=0x000000001e70f350)
0x000000001e70f350:   0000000000000000 00007ffea004c7eb
0x000000001e70f360:   00000000010faea0 0000000000000000
0x000000001e70f370:   fffffffffffffffe 000000020000001c
0x000000001e70f380:   00000000010fae98 00007ffea0053e26
0x000000001e70f390:   00004e87985fb7f3 0000000000000000
0x000000001e70f3a0:   00000000010faeb8 00000000010fae90
0x000000001e70f3b0:   fffffffffffffffe 0000000000000001
0x000000001e70f3c0:   0000000000000001 00007ffe59a80000
0x000000001e70f3d0:   000000001e70f448 00007ffea0053d4b
0x000000001e70f3e0:   0000000000000000 000000001e70f458
0x000000001e70f3f0:   000000001c795400 00007ffea012c130
0x000000001e70f400:   0000000000000000 00007ffea0053d04
0x000000001e70f410:   0000000000000000 0000000000000001
0x000000001e70f420:   00007ffe0000000d 000000001e70f448
0x000000001e70f430:   0000000000000000 00007ffe59aa4752
0x000000001e70f440:   00007ffe59abf108 0000000000000002 

Instructions: (pc=0x00007ffe59aa78b0)
0x00007ffe59aa7890:   40 53 48 83 ec 30 48 c7 44 24 20 fe ff ff ff 48
0x00007ffe59aa78a0:   8b 1d 7a 72 01 00 48 85 db 74 16 e8 00 81 ff ff
0x00007ffe59aa78b0:   4c 8b 00 48 8b d3 48 8b c8 41 ff 90 b0 00 00 00
0x00007ffe59aa78c0:   90 48 83 c4 30 5b c3 cc cc cc cc cc cc cc cc cc 


Register to memory mapping:

RAX=0x0000000000000000 is an unknown value
RBX=0x000000001c7e4af8 is a global jni handle
RCX=0x000000001c907800 is an unknown value
RDX=0x000000006e8c24e8 is an unknown value
RSP=0x000000001e70f350 is an unknown value
RBP=0x00000000010faeb8 is an unknown value
RSI=0x00000000010fae90 is an unknown value
RDI=0x0000718bfa2a41ce is an unknown value
R8 =0x0000000000010002 is an unknown value
R9 =0x0000718bfa2a41ce is an unknown value
R10=0x00000000ffffffff is an unknown value
R11=0x000000001e70f160 is an unknown value
R12=0x00007ffe59aa48dc is an unknown value
R13=0x0000000002d91658 is an unknown value
R14=0x000000001e70f458 is an unknown value
R15=0x00000000010fae90 is an unknown value


Stack: [0x000000001e610000,0x000000001e710000],  sp=0x000000001e70f350,  free space=1020k
Native frames: (J=compiled Java code, j=interpreted, Vv=VM code, C=native code)
C  [glass.dll+0x278b0]
C  [ucrtbase.dll+0x13e26]
C  [ucrtbase.dll+0x13d4b]
C  [ucrtbase.dll+0x13d04]
C  [glass.dll+0x24752]
C  [glass.dll+0x24850]
C  [ntdll.dll+0x48f07]
C  [ntdll.dll+0x435bc]
C  [ntdll.dll+0x66dad]
C  [KERNEL32.DLL+0x1d3ba]
C  [msvcr100.dll+0x20ccd]
V  [jvm.dll+0x214045]
V  [jvm.dll+0x24d5d7]
V  [jvm.dll+0x24c876]
V  [jvm.dll+0x24cd11]
V  [jvm.dll+0x24cf2e]
V  [jvm.dll+0x29fc6a]
C  [msvcr100.dll+0x21d9f]
C  [msvcr100.dll+0x21e3b]
C  [KERNEL32.DLL+0x181f4]
C  [ntdll.dll+0x6a251]

VM_Operation (0x00000000205e87f0): Exit, mode: safepoint, requested by thread 0x000000001f6ce000


---------------  P R O C E S S  ---------------

Java Threads: ( => current thread )
  0x000000001fc8e800 JavaThread "mysql-cj-abandoned-connection-cleanup" daemon [_thread_blocked, id=9444, stack(0x000000002ada0000,0x000000002aea0000)]
  0x000000001fb09800 JavaThread "Prism Font Disposer" daemon [_thread_blocked, id=13256, stack(0x0000000029820000,0x0000000029920000)]
  0x000000001f75d000 JavaThread "Thread-3" daemon [_thread_in_native, id=23324, stack(0x0000000027180000,0x0000000027280000)]
  0x000000001f706000 JavaThread "JavaFX-Launcher" [_thread_blocked, id=19816, stack(0x0000000027280000,0x0000000027380000)]
  0x000000001f6ce000 JavaThread "JavaFX Application Thread" [_thread_blocked, id=8132, stack(0x00000000204f0000,0x00000000205f0000)]
  0x000000001f6c3800 JavaThread "Thread-1" daemon [_thread_blocked, id=18072, stack(0x00000000203f0000,0x00000000204f0000)]
  0x000000001f68d000 JavaThread "QuantumRenderer-0" daemon [_thread_blocked, id=2728, stack(0x0000000020010000,0x0000000020110000)]
  0x000000001e8d0000 JavaThread "Service Thread" daemon [_thread_blocked, id=16588, stack(0x000000001f410000,0x000000001f510000)]
  0x000000001e852800 JavaThread "C1 CompilerThread3" daemon [_thread_blocked, id=18596, stack(0x000000001f310000,0x000000001f410000)]
  0x000000001e84c800 JavaThread "C2 CompilerThread2" daemon [_thread_blocked, id=19056, stack(0x000000001f210000,0x000000001f310000)]
  0x000000001e846000 JavaThread "C2 CompilerThread1" daemon [_thread_blocked, id=23376, stack(0x000000001f110000,0x000000001f210000)]
  0x000000001e83a800 JavaThread "C2 CompilerThread0" daemon [_thread_blocked, id=21100, stack(0x000000001f010000,0x000000001f110000)]
  0x000000001e837800 JavaThread "Attach Listener" daemon [_thread_blocked, id=22984, stack(0x000000001ef10000,0x000000001f010000)]
  0x000000001e834000 JavaThread "Signal Dispatcher" daemon [_thread_blocked, id=3200, stack(0x000000001ee10000,0x000000001ef10000)]
  0x000000001c913000 JavaThread "Finalizer" daemon [_thread_blocked, id=19048, stack(0x000000001ec10000,0x000000001ed10000)]
  0x0000000002f97000 JavaThread "Reference Handler" daemon [_thread_blocked, id=23452, stack(0x000000001e710000,0x000000001e810000)]
  0x0000000002ea2800 JavaThread "main" [_thread_blocked, id=8908, stack(0x0000000002da0000,0x0000000002ea0000)]

Other Threads:
=>0x000000001c907800 VMThread [stack: 0x000000001e610000,0x000000001e710000] [id=19280]

VM state:at safepoint (shutting down)

VM Mutex/Monitor currently owned by a thread:  ([mutex/lock_event])
[0x0000000002d9d5a0] Threads_lock - owner thread: 0x000000001c907800

heap address: 0x00000006c2e00000, size: 4050 MB, Compressed Oops mode: Zero based, Oop shift amount: 3
Narrow klass base: 0x0000000000000000, Narrow klass shift: 3
Compressed class space size: 1073741824 Address: 0x00000007c0000000

Heap:
 PSYoungGen      total 75776K, used 62479K [0x000000076ba00000, 0x0000000770e80000, 0x00000007c0000000)
  eden space 65024K, 96% used [0x000000076ba00000,0x000000076f703f08,0x000000076f980000)
  from space 10752K, 0% used [0x000000076f980000,0x000000076f980000,0x0000000770400000)
  to   space 10752K, 0% used [0x0000000770400000,0x0000000770400000,0x0000000770e80000)
 ParOldGen       total 77824K, used 10482K [0x00000006c2e00000, 0x00000006c7a00000, 0x000000076ba00000)
  object space 77824K, 13% used [0x00000006c2e00000,0x00000006c383c8b8,0x00000006c7a00000)
 Metaspace       used 24815K, capacity 25814K, committed 25984K, reserved 1071104K
  class space    used 3351K, capacity 3592K, committed 3712K, reserved 1048576K

Card table byte_map: [0x0000000012360000,0x0000000012b50000] byte_map_base: 0x000000000ed49000

Marking Bits: (ParMarkBitMap*) 0x000000006eab5ce0
 Begin Bits: [0x00000000138a0000, 0x00000000177e8000)
 End Bits:   [0x00000000177e8000, 0x000000001b730000)

Polling page: 0x0000000000bf0000

CodeCache: size=245760Kb used=12344Kb max_used=12351Kb free=233415Kb
 bounds [0x0000000002fa0000, 0x0000000003bc0000, 0x0000000011fa0000]
 total_blobs=4584 nmethods=3853 adapters=642
 compilation: enabled

Compilation events (10 events):
Event: 1510.041 Thread 0x000000001e84c800 4080       4       javafx.scene.Node::updateLocalToParentTransform (442 bytes)
Event: 1510.042 Thread 0x000000001e852800 4081       3       com.sun.prism.impl.BaseGraphics::transform (13 bytes)
Event: 1510.042 Thread 0x000000001e852800 nmethod 4081 0x0000000003bb32d0 code [0x0000000003bb3440, 0x0000000003bb3618]
Event: 1510.058 Thread 0x000000001e852800 4082       3       java.lang.Math::signum (23 bytes)
Event: 1510.058 Thread 0x000000001e852800 nmethod 4082 0x0000000003bb2cd0 code [0x0000000003bb2e40, 0x0000000003bb31d0]
Event: 1510.058 Thread 0x000000001e852800 4083       3       java.lang.Math::copySign (21 bytes)
Event: 1510.058 Thread 0x000000001e852800 nmethod 4083 0x0000000003bb2950 code [0x0000000003bb2aa0, 0x0000000003bb2c50]
Event: 1510.064 Thread 0x000000001e84c800 nmethod 4080 0x0000000003bbb2d0 code [0x0000000003bbb720, 0x0000000003bbcb20]
Event: 1510.073 Thread 0x000000001e852800 4084       3       com.sun.javafx.util.Logging::getInputLogger (18 bytes)
Event: 1510.074 Thread 0x000000001e852800 nmethod 4084 0x0000000003bbaed0 code [0x0000000003bbb040, 0x0000000003bbb228]

GC Heap History (4 events):
Event: 8.429 GC heap before
{Heap before GC invocations=1 (full 0):
 PSYoungGen      total 75776K, used 64649K [0x000000076ba00000, 0x0000000770e80000, 0x00000007c0000000)
  eden space 65024K, 99% used [0x000000076ba00000,0x000000076f922658,0x000000076f980000)
  from space 10752K, 0% used [0x0000000770400000,0x0000000770400000,0x0000000770e80000)
  to   space 10752K, 0% used [0x000000076f980000,0x000000076f980000,0x0000000770400000)
 ParOldGen       total 173568K, used 0K [0x00000006c2e00000, 0x00000006cd780000, 0x000000076ba00000)
  object space 173568K, 0% used [0x00000006c2e00000,0x00000006c2e00000,0x00000006cd780000)
 Metaspace       used 20255K, capacity 21128K, committed 21296K, reserved 1067008K
  class space    used 2905K, capacity 3123K, committed 3200K, reserved 1048576K
Event: 8.439 GC heap after
Heap after GC invocations=1 (full 0):
 PSYoungGen      total 75776K, used 10736K [0x000000076ba00000, 0x0000000770e80000, 0x00000007c0000000)
  eden space 65024K, 0% used [0x000000076ba00000,0x000000076ba00000,0x000000076f980000)
  from space 10752K, 99% used [0x000000076f980000,0x00000007703fc060,0x0000000770400000)
  to   space 10752K, 0% used [0x0000000770400000,0x0000000770400000,0x0000000770e80000)
 ParOldGen       total 173568K, used 1970K [0x00000006c2e00000, 0x00000006cd780000, 0x000000076ba00000)
  object space 173568K, 1% used [0x00000006c2e00000,0x00000006c2fec8e8,0x00000006cd780000)
 Metaspace       used 20255K, capacity 21128K, committed 21296K, reserved 1067008K
  class space    used 2905K, capacity 3123K, committed 3200K, reserved 1048576K
}
Event: 8.439 GC heap before
{Heap before GC invocations=2 (full 1):
 PSYoungGen      total 75776K, used 10736K [0x000000076ba00000, 0x0000000770e80000, 0x00000007c0000000)
  eden space 65024K, 0% used [0x000000076ba00000,0x000000076ba00000,0x000000076f980000)
  from space 10752K, 99% used [0x000000076f980000,0x00000007703fc060,0x0000000770400000)
  to   space 10752K, 0% used [0x0000000770400000,0x0000000770400000,0x0000000770e80000)
 ParOldGen       total 173568K, used 1970K [0x00000006c2e00000, 0x00000006cd780000, 0x000000076ba00000)
  object space 173568K, 1% used [0x00000006c2e00000,0x00000006c2fec8e8,0x00000006cd780000)
 Metaspace       used 20255K, capacity 21128K, committed 21296K, reserved 1067008K
  class space    used 2905K, capacity 3123K, committed 3200K, reserved 1048576K
Event: 8.475 GC heap after
Heap after GC invocations=2 (full 1):
 PSYoungGen      total 75776K, used 0K [0x000000076ba00000, 0x0000000770e80000, 0x00000007c0000000)
  eden space 65024K, 0% used [0x000000076ba00000,0x000000076ba00000,0x000000076f980000)
  from space 10752K, 0% used [0x000000076f980000,0x000000076f980000,0x0000000770400000)
  to   space 10752K, 0% used [0x0000000770400000,0x0000000770400000,0x0000000770e80000)
 ParOldGen       total 77824K, used 10482K [0x00000006c2e00000, 0x00000006c7a00000, 0x000000076ba00000)
  object space 77824K, 13% used [0x00000006c2e00000,0x00000006c383c8b8,0x00000006c7a00000)
 Metaspace       used 20255K, capacity 21128K, committed 21296K, reserved 1067008K
  class space    used 2905K, capacity 3123K, committed 3200K, reserved 1048576K
}

Deoptimization events (10 events):
Event: 1507.356 Thread 0x000000001f6ce000 Uncommon trap: reason=class_check action=maybe_recompile pc=0x00000000036baefc method=java.util.regex.Pattern$Curly.match(Ljava/util/regex/Matcher;ILjava/lang/CharSequence;)Z @ 19
Event: 1507.461 Thread 0x000000001f6ce000 Uncommon trap: reason=array_check action=maybe_recompile pc=0x0000000003b24458 method=com.sun.javafx.css.CompoundSelector.applies(Ljavafx/css/Styleable;[Ljava/util/Set;I)Z @ 128
Event: 1507.461 Thread 0x000000001f6ce000 Uncommon trap: reason=array_check action=maybe_recompile pc=0x0000000003b24458 method=com.sun.javafx.css.CompoundSelector.applies(Ljavafx/css/Styleable;[Ljava/util/Set;I)Z @ 128
Event: 1507.462 Thread 0x000000001f6ce000 Uncommon trap: reason=array_check action=maybe_recompile pc=0x0000000003b24458 method=com.sun.javafx.css.CompoundSelector.applies(Ljavafx/css/Styleable;[Ljava/util/Set;I)Z @ 128
Event: 1507.462 Thread 0x000000001f6ce000 Uncommon trap: reason=array_check action=maybe_recompile pc=0x0000000003b24458 method=com.sun.javafx.css.CompoundSelector.applies(Ljavafx/css/Styleable;[Ljava/util/Set;I)Z @ 128
Event: 1509.981 Thread 0x000000001f6ce000 Uncommon trap: reason=class_check action=maybe_recompile pc=0x00000000038d2514 method=com.sun.javafx.event.CompositeEventHandler.dispatchCapturingEvent(Ljavafx/event/Event;)V @ 12
Event: 1509.984 Thread 0x000000001f6ce000 Uncommon trap: reason=class_check action=maybe_recompile pc=0x00000000038d8f18 method=com.sun.javafx.event.CompositeEventHandler.dispatchBubblingEvent(Ljavafx/event/Event;)V @ 12
Event: 1510.010 Thread 0x000000001f6ce000 Uncommon trap: reason=class_check action=maybe_recompile pc=0x00000000034bf6ac method=javafx.scene.Node.updateLocalToParentTransform()V @ 209
Event: 1510.026 Thread 0x000000001f6ce000 Uncommon trap: reason=class_check action=maybe_recompile pc=0x00000000034bf6ac method=javafx.scene.Node.updateLocalToParentTransform()V @ 209
Event: 1510.073 Thread 0x000000001f6ce000 Uncommon trap: reason=class_check action=maybe_recompile pc=0x00000000038d2514 method=com.sun.javafx.event.CompositeEventHandler.dispatchCapturingEvent(Ljavafx/event/Event;)V @ 12

Classes redefined (0 events):
No events

Internal exceptions (10 events):
Event: 0.698 Thread 0x000000001f6ce000 Exception <a 'java/lang/ArrayIndexOutOfBoundsException'> (0x000000076cccd038) thrown at [C:\re\workspace\8-2-build-windows-amd64-cygwin\jdk8u202\12323\hotspot\src\share\vm\runtime\sharedRuntime.cpp, line 605]
Event: 0.698 Thread 0x000000001f6ce000 Exception <a 'java/lang/ArrayIndexOutOfBoundsException'> (0x000000076ccce3e0) thrown at [C:\re\workspace\8-2-build-windows-amd64-cygwin\jdk8u202\12323\hotspot\src\share\vm\runtime\sharedRuntime.cpp, line 605]
Event: 0.985 Thread 0x000000001f6ce000 Implicit null exception at 0x00000000032b5c75 to 0x00000000032b5e9d
Event: 0.987 Thread 0x000000001f6ce000 Implicit null exception at 0x0000000003293fef to 0x0000000003294059
Event: 1.145 Thread 0x000000001f6ce000 Exception <a 'java/io/FileNotFoundException'> (0x000000076db118d8) thrown at [C:\re\workspace\8-2-build-windows-amd64-cygwin\jdk8u202\12323\hotspot\src\share\vm\prims\jni.cpp, line 710]
Event: 8.176 Thread 0x000000001f6ce000 Exception <a 'java/lang/ArrayIndexOutOfBoundsException': 79> (0x000000076ef18800) thrown at [C:\re\workspace\8-2-build-windows-amd64-cygwin\jdk8u202\12323\hotspot\src\share\vm\interpreter\interpreterRuntime.cpp, line 368]
Event: 8.176 Thread 0x000000001f6ce000 Exception <a 'java/lang/ArrayIndexOutOfBoundsException': 52> (0x000000076ef199e8) thrown at [C:\re\workspace\8-2-build-windows-amd64-cygwin\jdk8u202\12323\hotspot\src\share\vm\interpreter\interpreterRuntime.cpp, line 368]
Event: 8.176 Thread 0x000000001f6ce000 Exception <a 'java/lang/ArrayIndexOutOfBoundsException': 114> (0x000000076ef1b628) thrown at [C:\re\workspace\8-2-build-windows-amd64-cygwin\jdk8u202\12323\hotspot\src\share\vm\interpreter\interpreterRuntime.cpp, line 368]
Event: 8.207 Thread 0x000000001f6ce000 Implicit null exception at 0x00000000031f8f16 to 0x00000000031f92c5
Event: 1510.083 Thread 0x000000001f764000 Exception <a 'java/lang/IllegalStateException'> (0x000000076f6c9280) thrown at [C:\re\workspace\8-2-build-windows-amd64-cygwin\jdk8u202\12323\hotspot\src\share\vm\prims\jvm.cpp, line 1506]

Events (10 events):
Event: 1510.082 loading class java/util/IdentityHashMap$IdentityHashMapIterator
Event: 1510.082 loading class java/util/IdentityHashMap$IdentityHashMapIterator done
Event: 1510.082 loading class java/util/IdentityHashMap$KeyIterator done
Event: 1510.082 Thread 0x000000001f764000 Thread added: 0x000000001f764000
Event: 1510.083 loading class com/sun/javafx/tk/quantum/QuantumRenderer
Event: 1510.083 loading class com/sun/javafx/tk/quantum/QuantumRenderer done
Event: 1510.083 loading class com/sun/javafx/tk/quantum/QuantumToolkit
Event: 1510.083 loading class com/sun/javafx/tk/quantum/QuantumToolkit done
Event: 1510.083 Thread 0x000000001f764000 Thread exited: 0x000000001f764000
Event: 1510.084 Executing VM operation: Exit


Dynamic libraries:
0x00007ff684080000 - 0x00007ff6840b7000 	C:\Program Files\Java\jre1.8.0_202\bin\javaw.exe
0x00007ffea3400000 - 0x00007ffea35ed000 	C:\WINDOWS\SYSTEM32\ntdll.dll
0x00007ffea0ea0000 - 0x00007ffea0f53000 	C:\WINDOWS\System32\KERNEL32.DLL
0x00007ffe9f500000 - 0x00007ffe9f793000 	C:\WINDOWS\System32\KERNELBASE.dll
0x00007ffea0670000 - 0x00007ffea0713000 	C:\WINDOWS\System32\ADVAPI32.dll
0x00007ffea10b0000 - 0x00007ffea114e000 	C:\WINDOWS\System32\msvcrt.dll
0x00007ffea0ad0000 - 0x00007ffea0b6e000 	C:\WINDOWS\System32\sechost.dll
0x00007ffea0830000 - 0x00007ffea0952000 	C:\WINDOWS\System32\RPCRT4.dll
0x00007ffea3230000 - 0x00007ffea33c7000 	C:\WINDOWS\System32\USER32.dll
0x00007ffea02e0000 - 0x00007ffea0300000 	C:\WINDOWS\System32\win32u.dll
0x00007ffea15d0000 - 0x00007ffea15f9000 	C:\WINDOWS\System32\GDI32.dll
0x00007ffea0140000 - 0x00007ffea02da000 	C:\WINDOWS\System32\gdi32full.dll
0x00007ffea0590000 - 0x00007ffea0630000 	C:\WINDOWS\System32\msvcp_win.dll
0x00007ffea0040000 - 0x00007ffea013a000 	C:\WINDOWS\System32\ucrtbase.dll
0x00007ffe8c9d0000 - 0x00007ffe8cc49000 	C:\WINDOWS\WinSxS\amd64_microsoft.windows.common-controls_6595b64144ccf1df_6.0.17763.379_none_05b83be8071c94a1\COMCTL32.dll
0x00007ffea11c0000 - 0x00007ffea14ed000 	C:\WINDOWS\System32\combase.dll
0x00007ffe9f810000 - 0x00007ffe9f88e000 	C:\WINDOWS\System32\bcryptPrimitives.dll
0x00007ffea0640000 - 0x00007ffea066e000 	C:\WINDOWS\System32\IMM32.DLL
0x000000006ddc0000 - 0x000000006de92000 	C:\Program Files\Java\jre1.8.0_202\bin\msvcr100.dll
0x000000006e290000 - 0x000000006eb35000 	C:\Program Files\Java\jre1.8.0_202\bin\server\jvm.dll
0x00007ffea0960000 - 0x00007ffea0968000 	C:\WINDOWS\System32\PSAPI.DLL
0x00007ffe88410000 - 0x00007ffe88419000 	C:\WINDOWS\SYSTEM32\WSOCK32.dll
0x00007ffe98d00000 - 0x00007ffe98d24000 	C:\WINDOWS\SYSTEM32\WINMM.dll
0x00007ffe971a0000 - 0x00007ffe971aa000 	C:\WINDOWS\SYSTEM32\VERSION.dll
0x00007ffea1150000 - 0x00007ffea11bd000 	C:\WINDOWS\System32\WS2_32.dll
0x00007ffe98cd0000 - 0x00007ffe98cfd000 	C:\WINDOWS\SYSTEM32\WINMMBASE.dll
0x00007ffe9f7a0000 - 0x00007ffe9f7ea000 	C:\WINDOWS\System32\cfgmgr32.dll
0x00007ffe8bc10000 - 0x00007ffe8bc1f000 	C:\Program Files\Java\jre1.8.0_202\bin\verify.dll
0x00007ffe8bb10000 - 0x00007ffe8bb39000 	C:\Program Files\Java\jre1.8.0_202\bin\java.dll
0x00007ffe8bad0000 - 0x00007ffe8bae6000 	C:\Program Files\Java\jre1.8.0_202\bin\zip.dll
0x00007ffea1d40000 - 0x00007ffea3230000 	C:\WINDOWS\System32\SHELL32.dll
0x00007ffea0f60000 - 0x00007ffea1008000 	C:\WINDOWS\System32\shcore.dll
0x00007ffe9f890000 - 0x00007ffe9ffda000 	C:\WINDOWS\System32\windows.storage.dll
0x00007ffe9f4a0000 - 0x00007ffe9f4c4000 	C:\WINDOWS\System32\profapi.dll
0x00007ffe9f420000 - 0x00007ffe9f47d000 	C:\WINDOWS\System32\powrprof.dll
0x00007ffea1570000 - 0x00007ffea15c2000 	C:\WINDOWS\System32\shlwapi.dll
0x00007ffe9f400000 - 0x00007ffe9f411000 	C:\WINDOWS\System32\kernel.appcore.dll
0x00007ffe9f7f0000 - 0x00007ffe9f807000 	C:\WINDOWS\System32\cryptsp.dll
0x0000000002c30000 - 0x0000000002c33000 	C:\Program Files\Java\jre1.8.0_202\bin\api-ms-win-core-console-l1-1-0.dll
0x0000000002c40000 - 0x0000000002c43000 	C:\Program Files\Java\jre1.8.0_202\bin\api-ms-win-core-datetime-l1-1-0.dll
0x0000000002c50000 - 0x0000000002c53000 	C:\Program Files\Java\jre1.8.0_202\bin\api-ms-win-core-debug-l1-1-0.dll
0x0000000002d40000 - 0x0000000002d43000 	C:\Program Files\Java\jre1.8.0_202\bin\api-ms-win-core-errorhandling-l1-1-0.dll
0x0000000002d50000 - 0x0000000002d54000 	C:\Program Files\Java\jre1.8.0_202\bin\api-ms-win-core-file-l1-1-0.dll
0x0000000002d60000 - 0x0000000002d63000 	C:\Program Files\Java\jre1.8.0_202\bin\api-ms-win-core-file-l1-2-0.dll
0x0000000002d70000 - 0x0000000002d73000 	C:\Program Files\Java\jre1.8.0_202\bin\api-ms-win-core-file-l2-1-0.dll
0x0000000002d80000 - 0x0000000002d83000 	C:\Program Files\Java\jre1.8.0_202\bin\api-ms-win-core-handle-l1-1-0.dll
0x000000001fe10000 - 0x000000001fe13000 	C:\Program Files\Java\jre1.8.0_202\bin\api-ms-win-core-heap-l1-1-0.dll
0x000000001fe20000 - 0x000000001fe23000 	C:\Program Files\Java\jre1.8.0_202\bin\api-ms-win-core-interlocked-l1-1-0.dll
0x000000001fe30000 - 0x000000001fe33000 	C:\Program Files\Java\jre1.8.0_202\bin\api-ms-win-core-libraryloader-l1-1-0.dll
0x000000001fe40000 - 0x000000001fe43000 	C:\Program Files\Java\jre1.8.0_202\bin\api-ms-win-core-localization-l1-2-0.dll
0x000000001fe50000 - 0x000000001fe53000 	C:\Program Files\Java\jre1.8.0_202\bin\api-ms-win-core-memory-l1-1-0.dll
0x000000001fe60000 - 0x000000001fe63000 	C:\Program Files\Java\jre1.8.0_202\bin\api-ms-win-core-namedpipe-l1-1-0.dll
0x000000001fe70000 - 0x000000001fe73000 	C:\Program Files\Java\jre1.8.0_202\bin\api-ms-win-core-processenvironment-l1-1-0.dll
0x000000001fe80000 - 0x000000001fe83000 	C:\Program Files\Java\jre1.8.0_202\bin\api-ms-win-core-processthreads-l1-1-0.dll
0x000000001fe90000 - 0x000000001fe93000 	C:\Program Files\Java\jre1.8.0_202\bin\api-ms-win-core-processthreads-l1-1-1.dll
0x000000001fea0000 - 0x000000001fea3000 	C:\Program Files\Java\jre1.8.0_202\bin\api-ms-win-core-profile-l1-1-0.dll
0x000000001feb0000 - 0x000000001feb3000 	C:\Program Files\Java\jre1.8.0_202\bin\api-ms-win-core-rtlsupport-l1-1-0.dll
0x000000001fec0000 - 0x000000001fec3000 	C:\Program Files\Java\jre1.8.0_202\bin\api-ms-win-core-string-l1-1-0.dll
0x000000001fed0000 - 0x000000001fed3000 	C:\Program Files\Java\jre1.8.0_202\bin\api-ms-win-core-synch-l1-1-0.dll
0x000000001fee0000 - 0x000000001fee3000 	C:\Program Files\Java\jre1.8.0_202\bin\api-ms-win-core-synch-l1-2-0.dll
0x000000001fef0000 - 0x000000001fef3000 	C:\Program Files\Java\jre1.8.0_202\bin\api-ms-win-core-sysinfo-l1-1-0.dll
0x000000001ff00000 - 0x000000001ff03000 	C:\Program Files\Java\jre1.8.0_202\bin\api-ms-win-core-timezone-l1-1-0.dll
0x000000001ff10000 - 0x000000001ff13000 	C:\Program Files\Java\jre1.8.0_202\bin\api-ms-win-core-util-l1-1-0.dll
0x000000001ff20000 - 0x000000001ff23000 	C:\Program Files\Java\jre1.8.0_202\bin\api-ms-win-crt-conio-l1-1-0.dll
0x000000001ff30000 - 0x000000001ff34000 	C:\Program Files\Java\jre1.8.0_202\bin\api-ms-win-crt-convert-l1-1-0.dll
0x000000001ff40000 - 0x000000001ff43000 	C:\Program Files\Java\jre1.8.0_202\bin\api-ms-win-crt-environment-l1-1-0.dll
0x000000001ff50000 - 0x000000001ff53000 	C:\Program Files\Java\jre1.8.0_202\bin\api-ms-win-crt-filesystem-l1-1-0.dll
0x000000001ff60000 - 0x000000001ff63000 	C:\Program Files\Java\jre1.8.0_202\bin\api-ms-win-crt-heap-l1-1-0.dll
0x000000001ff70000 - 0x000000001ff73000 	C:\Program Files\Java\jre1.8.0_202\bin\api-ms-win-crt-locale-l1-1-0.dll
0x000000001ff80000 - 0x000000001ff85000 	C:\Program Files\Java\jre1.8.0_202\bin\api-ms-win-crt-math-l1-1-0.dll
0x000000001ff90000 - 0x000000001ff95000 	C:\Program Files\Java\jre1.8.0_202\bin\api-ms-win-crt-multibyte-l1-1-0.dll
0x000000001ffa0000 - 0x000000001ffb0000 	C:\Program Files\Java\jre1.8.0_202\bin\api-ms-win-crt-private-l1-1-0.dll
0x000000001ffb0000 - 0x000000001ffb3000 	C:\Program Files\Java\jre1.8.0_202\bin\api-ms-win-crt-process-l1-1-0.dll
0x000000001ffc0000 - 0x000000001ffc4000 	C:\Program Files\Java\jre1.8.0_202\bin\api-ms-win-crt-runtime-l1-1-0.dll
0x000000001ffd0000 - 0x000000001ffd4000 	C:\Program Files\Java\jre1.8.0_202\bin\api-ms-win-crt-stdio-l1-1-0.dll
0x000000001ffe0000 - 0x000000001ffe4000 	C:\Program Files\Java\jre1.8.0_202\bin\api-ms-win-crt-string-l1-1-0.dll
0x000000001fff0000 - 0x000000001fff3000 	C:\Program Files\Java\jre1.8.0_202\bin\api-ms-win-crt-time-l1-1-0.dll
0x0000000020000000 - 0x0000000020003000 	C:\Program Files\Java\jre1.8.0_202\bin\api-ms-win-crt-utility-l1-1-0.dll
0x00007ffe59b70000 - 0x00007ffe59c66000 	C:\Program Files\Java\jre1.8.0_202\bin\ucrtbase.dll
0x00007ffe8bb40000 - 0x00007ffe8bb56000 	C:\Program Files\Java\jre1.8.0_202\bin\vcruntime140.dll
0x00007ffe59ad0000 - 0x00007ffe59b6c000 	C:\Program Files\Java\jre1.8.0_202\bin\msvcp140.dll
0x00007ffe65a50000 - 0x00007ffe65aa1000 	C:\Program Files\Java\jre1.8.0_202\bin\concrt140.dll
0x00007ffe8b9d0000 - 0x00007ffe8b9f3000 	C:\Program Files\Java\jre1.8.0_202\bin\prism_d3d.dll
0x00007ffe64f00000 - 0x00007ffe6509e000 	C:\WINDOWS\system32\d3d9.dll
0x00007ffe9d760000 - 0x00007ffe9d78e000 	C:\WINDOWS\SYSTEM32\dwmapi.dll
0x00007ffea03b0000 - 0x00007ffea058b000 	C:\WINDOWS\System32\CRYPT32.dll
0x00007ffe9f480000 - 0x00007ffe9f492000 	C:\WINDOWS\System32\MSASN1.dll
0x00007ffe9d690000 - 0x00007ffe9d72c000 	C:\WINDOWS\system32\uxtheme.dll
0x00007ffe2e140000 - 0x00007ffe3113d000 	C:\WINDOWS\System32\DriverStore\FileRepository\k127369.inf_amd64_b8b3c10a6624488c\igd9dxva64.dll
0x00007ffea0970000 - 0x00007ffea0ac5000 	C:\WINDOWS\System32\ole32.dll
0x00007ffea1660000 - 0x00007ffea172b000 	C:\WINDOWS\System32\OLEAUT32.dll
0x00007ffe59a80000 - 0x00007ffe59ac9000 	C:\Program Files\Java\jre1.8.0_202\bin\glass.dll
0x00007ffea1c10000 - 0x00007ffea1d37000 	C:\WINDOWS\System32\COMDLG32.dll
0x00007ffea0d30000 - 0x00007ffea0e9a000 	C:\WINDOWS\System32\MSCTF.dll
0x00007ffe89190000 - 0x00007ffe891a4000 	C:\Program Files\Java\jre1.8.0_202\bin\javafx_font.dll
0x00007ffe8c6c0000 - 0x00007ffe8c9bf000 	C:\WINDOWS\SYSTEM32\dwrite.dll
0x00007ffea0780000 - 0x00007ffea0822000 	C:\WINDOWS\System32\clbcatq.dll
0x00007ffe97820000 - 0x00007ffe979d8000 	C:\WINDOWS\SYSTEM32\WindowsCodecs.dll
0x00007ffe6e150000 - 0x00007ffe6e1a6000 	C:\WINDOWS\system32\dataexchange.dll
0x00007ffe99ae0000 - 0x00007ffe99ca3000 	C:\WINDOWS\system32\dcomp.dll
0x00007ffe99270000 - 0x00007ffe994ee000 	C:\WINDOWS\system32\d3d11.dll
0x00007ffe9e250000 - 0x00007ffe9e312000 	C:\WINDOWS\system32\dxgi.dll
0x00007ffe9d790000 - 0x00007ffe9d99d000 	C:\WINDOWS\system32\twinapi.appcore.dll
0x00007ffe9d9a0000 - 0x00007ffe9d9c8000 	C:\WINDOWS\system32\RMCLIENT.dll
0x00007ffe53f40000 - 0x00007ffe53f73000 	C:\Program Files\Common Files\Microsoft Shared\Ink\rtscom.dll
0x00007ffe8efc0000 - 0x00007ffe8f055000 	C:\WINDOWS\System32\TextInputFramework.dll
0x00007ffe9a020000 - 0x00007ffe9a102000 	C:\WINDOWS\System32\CoreMessaging.dll
0x00007ffe97c90000 - 0x00007ffe97fb2000 	C:\WINDOWS\System32\CoreUIComponents.dll
0x00007ffe9e4c0000 - 0x00007ffe9e4f1000 	C:\WINDOWS\SYSTEM32\ntmarta.dll
0x00007ffe97b30000 - 0x00007ffe97c83000 	C:\WINDOWS\SYSTEM32\wintypes.dll
0x00007ffe8f630000 - 0x00007ffe8f69c000 	C:\WINDOWS\system32\Oleacc.dll
0x00007ffe53f20000 - 0x00007ffe53f32000 	C:\Program Files\Java\jre1.8.0_202\bin\prism_common.dll
0x00007ffe8b9b0000 - 0x00007ffe8b9ca000 	C:\Program Files\Java\jre1.8.0_202\bin\net.dll
0x00007ffe8fdf0000 - 0x00007ffe8ffc6000 	C:\WINDOWS\SYSTEM32\urlmon.dll
0x00007ffe8d480000 - 0x00007ffe8d728000 	C:\WINDOWS\SYSTEM32\iertutil.dll
0x00007ffe9ee50000 - 0x00007ffe9ee5c000 	C:\WINDOWS\SYSTEM32\CRYPTBASE.DLL
0x00007ffe9ec80000 - 0x00007ffe9ece7000 	C:\WINDOWS\system32\mswsock.dll
0x00007ffe9ea20000 - 0x00007ffe9eae6000 	C:\WINDOWS\SYSTEM32\DNSAPI.dll
0x00007ffea0630000 - 0x00007ffea0638000 	C:\WINDOWS\System32\NSI.dll
0x00007ffe9e9e0000 - 0x00007ffe9ea1d000 	C:\WINDOWS\SYSTEM32\IPHLPAPI.DLL
0x00007ffe8b400000 - 0x00007ffe8b40a000 	C:\Windows\System32\rasadhlp.dll
0x00007ffe8b650000 - 0x00007ffe8b6c9000 	C:\WINDOWS\System32\fwpuclnt.dll
0x00007ffe9f4d0000 - 0x00007ffe9f4f6000 	C:\WINDOWS\System32\bcrypt.dll
0x00007ffe65a20000 - 0x00007ffe65a44000 	C:\Program Files\Java\jre1.8.0_202\bin\sunec.dll
0x00007ffe90630000 - 0x00007ffe90646000 	C:\WINDOWS\SYSTEM32\dhcpcsvc6.DLL
0x00007ffe90ae0000 - 0x00007ffe90afc000 	C:\WINDOWS\SYSTEM32\dhcpcsvc.DLL
0x00007ffe89450000 - 0x00007ffe89462000 	C:\Program Files\Java\jre1.8.0_202\bin\nio.dll
0x00007ffe9e840000 - 0x00007ffe9e873000 	C:\WINDOWS\system32\rsaenh.dll

VM Arguments:
jvm_args: -Dfile.encoding=Cp1252 
java_command: application.Main
java_class_path (initial): C:\Users\nope\Desktop\GitRepos\TimerToDo\bin;C:\Users\nope\Desktop\GitRepos\ReferencedLibraries\mysql-connector-java-8.0.15\mysql-connector-java-8.0.15.jar;C:\Users\nope\Desktop\jfoenix-8.0.8.jar;C:\Users\nope\.p2\pool\plugins\org.eclipse.fx.ide.css.jfx8_3.5.0.201902220800.jar
Launcher Type: SUN_STANDARD

Environment Variables:
JAVA_HOME=C:\NVPACK\jdk1.8.0_77
PATH=C:/Program Files/Java/jre1.8.0_202/bin/server;C:/Program Files/Java/jre1.8.0_202/bin;C:/Program Files/Java/jre1.8.0_202/lib/amd64;C:\Program Files\Microsoft MPI\Bin\;C:\Program Files (x86)\Common Files\Oracle\Java\javapath;C:\WINDOWS\system32;C:\WINDOWS;C:\WINDOWS\System32\Wbem;C:\WINDOWS\System32\WindowsPowerShell\v1.0\;C:\WINDOWS\System32\OpenSSH\;C:\Program Files\dotnet\;C:\Program Files\Git\cmd;C:\Program Files (x86)\Microsoft SQL Server\140\Tools\Binn\;C:\Program Files\Microsoft SQL Server\140\Tools\Binn\;C:\Program Files (x86)\Microsoft SQL Server\140\DTS\Binn\;C:\Program Files\Microsoft SQL Server\140\DTS\Binn\;C:\Program Files\Microsoft SQL Server\Client SDK\ODBC\130\Tools\Binn\;C:\Program Files (x86)\Microsoft SQL Server\Client SDK\ODBC\130\Tools\Binn\;C:\Program Files (x86)\Microsoft SQL Server\140\Tools\Binn\ManagementStudio\;C:\Program Files\nodejs\;C:\NVPACK\gradle-2.9\bin;C:\NVPACK\apache-ant-1.8.2\bin;C:\NVPACK\jdk1.8.0_77\bin;C:\NVPACK\android-ndk-r12b;C:\NVPACK\android-sdk-windows\extras\android\support;C:\NVPACK\android-sdk-windows\build-tools;C:\NVPACK\android-sdk-windows\platform-tools;C:\NVPACK\android-sdk-windows\tools;C:\Users\nope\AppData\Local\Microsoft\WindowsApps;C:\Users\nope\IntelliJ IDEA Community Edition 2018.3.4\bin;;C:\Program Files\MySQL\MySQL Server 8.0\bin;;C:\Users\nope\Desktop;
USERNAME=nope
OS=Windows_NT
PROCESSOR_IDENTIFIER=Intel64 Family 6 Model 158 Stepping 9, GenuineIntel



---------------  S Y S T E M  ---------------

OS: Windows 10.0 , 64 bit Build 17763 (10.0.17763.379)

CPU:total 8 (initial active 8) (4 cores per cpu, 2 threads per core) family 6 model 158 stepping 9, cmov, cx8, fxsr, mmx, sse, sse2, sse3, ssse3, sse4.1, sse4.2, popcnt, avx, avx2, aes, clmul, erms, 3dnowpref, lzcnt, ht, tsc, tscinvbit, bmi1, bmi2, adx

Memory: 4k page, physical 16587404k(6308384k free), swap 21230648k(4110720k free)

vm_info: Java HotSpot(TM) 64-Bit Server VM (25.202-b08) for windows-amd64 JRE (1.8.0_202-b08), built on Dec 15 2018 19:54:30 by "java_re" with MS VC++ 10.0 (VS2010)

time: Tue Apr 09 04:33:24 2019
timezone: Eastern Daylight Time
elapsed time: 1510 seconds (0d 0h 25m 10s)

