#
# A fatal error has been detected by the Java Runtime Environment:
#
#  EXCEPTION_ACCESS_VIOLATION (0xc0000005) at pc=0x00007ffe59aa78b0, pid=18360, tid=0x00000000000045a8
#
# JRE version: Java(TM) SE Runtime Environment (8.0_202-b08) (build 1.8.0_202-b08)
# Java VM: Java HotSpot(TM) 64-Bit Server VM (25.202-b08 mixed mode windows-amd64 compressed oops)
# Problematic frame:
# C  [glass.dll+0x278b0]
#
# Failed to write core dump. Minidumps are not enabled by default on client versions of Windows
#
# If you would like to submit a bug report, please visit:
#   http://bugreport.java.com/bugreport/crash.jsp
#

---------------  T H R E A D  ---------------

Current thread (0x000000001c658000):  VMThread [stack: 0x000000001e320000,0x000000001e420000] [id=17832]

siginfo: ExceptionCode=0xc0000005, reading address 0x0000000000000000

Registers:
RAX=0x0000000000000000, RBX=0x0000000002c15fa0, RCX=0x000000001c658000, RDX=0x000000006e8c24e8
RSP=0x000000001e41f690, RBP=0x0000000000eca7a8, RSI=0x0000000000eca780, RDI=0x00002efed2f674ef
R8 =0x0000000000010002, R9 =0x00002efed2f674ef, R10=0x00000000ffffffff, R11=0x000000001e41f5a0
R12=0x00007ffe59aa48dc, R13=0x0000000002bb1658, R14=0x000000001e41f798, R15=0x0000000000eca780
RIP=0x00007ffe59aa78b0, EFLAGS=0x0000000000010206

Top of Stack: (sp=0x000000001e41f690)
0x000000001e41f690:   0000000000000000 00007ffea004c7eb
0x000000001e41f6a0:   0000000000eca790 0000000000000000
0x000000001e41f6b0:   fffffffffffffffe 00007ffe59aa48dc
0x000000001e41f6c0:   0000000000eca788 00007ffea0053e26
0x000000001e41f6d0:   0000b0d7af70956e 0000000000000000
0x000000001e41f6e0:   0000000000eca7a8 0000000000eca780
0x000000001e41f6f0:   fffffffffffffffe 0000000000000001
0x000000001e41f700:   0000000000000001 00007ffe59a80000
0x000000001e41f710:   000000001e41f788 00007ffea0053d4b
0x000000001e41f720:   0000000000000000 000000001e41f798
0x000000001e41f730:   0000000002c99880 00007ffea012c130
0x000000001e41f740:   0000000000000000 00007ffea0053d04
0x000000001e41f750:   0000000000000000 0000000000000001
0x000000001e41f760:   00007ffe0000000d 000000001e41f788
0x000000001e41f770:   0000000000000000 00007ffe59aa4752
0x000000001e41f780:   00007ffe59abf108 0000000000000002 

Instructions: (pc=0x00007ffe59aa78b0)
0x00007ffe59aa7890:   40 53 48 83 ec 30 48 c7 44 24 20 fe ff ff ff 48
0x00007ffe59aa78a0:   8b 1d 7a 72 01 00 48 85 db 74 16 e8 00 81 ff ff
0x00007ffe59aa78b0:   4c 8b 00 48 8b d3 48 8b c8 41 ff 90 b0 00 00 00
0x00007ffe59aa78c0:   90 48 83 c4 30 5b c3 cc cc cc cc cc cc cc cc cc 


Register to memory mapping:

RAX=0x0000000000000000 is an unknown value
RBX=0x0000000002c15fa0 is a global jni handle
RCX=0x000000001c658000 is an unknown value
RDX=0x000000006e8c24e8 is an unknown value
RSP=0x000000001e41f690 is an unknown value
RBP=0x0000000000eca7a8 is an unknown value
RSI=0x0000000000eca780 is an unknown value
RDI=0x00002efed2f674ef is an unknown value
R8 =0x0000000000010002 is an unknown value
R9 =0x00002efed2f674ef is an unknown value
R10=0x00000000ffffffff is an unknown value
R11=0x000000001e41f5a0 is an unknown value
R12=0x00007ffe59aa48dc is an unknown value
R13=0x0000000002bb1658 is an unknown value
R14=0x000000001e41f798 is an unknown value
R15=0x0000000000eca780 is an unknown value


Stack: [0x000000001e320000,0x000000001e420000],  sp=0x000000001e41f690,  free space=1021k
Native frames: (J=compiled Java code, j=interpreted, Vv=VM code, C=native code)
C  [glass.dll+0x278b0]
C  [ucrtbase.dll+0x13e26]
C  [ucrtbase.dll+0x13d4b]
C  [ucrtbase.dll+0x13d04]
C  [glass.dll+0x24752]
C  [glass.dll+0x24850]
C  [ntdll.dll+0x48f07]
C  [ntdll.dll+0x435bc]
C  [ntdll.dll+0x66dad]
C  [KERNEL32.DLL+0x1d3ba]
C  [msvcr100.dll+0x20ccd]
V  [jvm.dll+0x214045]
V  [jvm.dll+0x24d5d7]
V  [jvm.dll+0x24c876]
V  [jvm.dll+0x24cd11]
V  [jvm.dll+0x24cf2e]
V  [jvm.dll+0x29fc6a]
C  [msvcr100.dll+0x21d9f]
C  [msvcr100.dll+0x21e3b]
C  [KERNEL32.DLL+0x181f4]
C  [ntdll.dll+0x6a251]

VM_Operation (0x0000000020348100): Exit, mode: safepoint, requested by thread 0x000000001f3cb000


---------------  P R O C E S S  ---------------

Java Threads: ( => current thread )
  0x000000001fb1d800 JavaThread "mysql-cj-abandoned-connection-cleanup" daemon [_thread_blocked, id=15208, stack(0x000000002bae0000,0x000000002bbe0000)]
  0x000000001f87c800 JavaThread "Prism Font Disposer" daemon [_thread_blocked, id=2656, stack(0x000000002a560000,0x000000002a660000)]
  0x000000001f46e000 JavaThread "Thread-3" daemon [_thread_in_native, id=13420, stack(0x0000000026e30000,0x0000000026f30000)]
  0x000000001f46f800 JavaThread "JavaFX-Launcher" [_thread_blocked, id=14484, stack(0x0000000026f30000,0x0000000027030000)]
  0x000000001f3cb000 JavaThread "JavaFX Application Thread" [_thread_blocked, id=17436, stack(0x0000000020250000,0x0000000020350000)]
  0x000000001f3bf000 JavaThread "Thread-1" daemon [_thread_blocked, id=18152, stack(0x0000000020150000,0x0000000020250000)]
  0x000000001f398000 JavaThread "QuantumRenderer-0" daemon [_thread_blocked, id=16540, stack(0x000000001fd70000,0x000000001fe70000)]
  0x000000001e5e5800 JavaThread "Service Thread" daemon [_thread_blocked, id=14800, stack(0x000000001f120000,0x000000001f220000)]
  0x000000001e56b000 JavaThread "C1 CompilerThread3" daemon [_thread_blocked, id=14476, stack(0x000000001f020000,0x000000001f120000)]
  0x000000001e555800 JavaThread "C2 CompilerThread2" daemon [_thread_blocked, id=10760, stack(0x000000001ef20000,0x000000001f020000)]
  0x000000001e553000 JavaThread "C2 CompilerThread1" daemon [_thread_blocked, id=16876, stack(0x000000001ee20000,0x000000001ef20000)]
  0x000000001e551000 JavaThread "C2 CompilerThread0" daemon [_thread_blocked, id=2756, stack(0x000000001ed20000,0x000000001ee20000)]
  0x000000001e54a000 JavaThread "Attach Listener" daemon [_thread_blocked, id=3212, stack(0x000000001ec20000,0x000000001ed20000)]
  0x000000001c66c000 JavaThread "Signal Dispatcher" daemon [_thread_blocked, id=15128, stack(0x000000001eb20000,0x000000001ec20000)]
  0x000000001c65f800 JavaThread "Finalizer" daemon [_thread_blocked, id=18408, stack(0x000000001e920000,0x000000001ea20000)]
  0x000000001c65d800 JavaThread "Reference Handler" daemon [_thread_blocked, id=8868, stack(0x000000001e420000,0x000000001e520000)]
  0x0000000002bf2800 JavaThread "main" [_thread_blocked, id=5492, stack(0x0000000002ab0000,0x0000000002bb0000)]

Other Threads:
=>0x000000001c658000 VMThread [stack: 0x000000001e320000,0x000000001e420000] [id=17832]

VM state:at safepoint (shutting down)

VM Mutex/Monitor currently owned by a thread:  ([mutex/lock_event])
[0x0000000002bbd820] Threads_lock - owner thread: 0x000000001c658000

heap address: 0x00000006c2e00000, size: 4050 MB, Compressed Oops mode: Zero based, Oop shift amount: 3
Narrow klass base: 0x0000000000000000, Narrow klass shift: 3
Compressed class space size: 1073741824 Address: 0x00000007c0000000

Heap:
 PSYoungGen      total 75776K, used 33706K [0x000000076ba00000, 0x0000000774e00000, 0x00000007c0000000)
  eden space 65024K, 51% used [0x000000076ba00000,0x000000076daeaa08,0x000000076f980000)
  from space 10752K, 0% used [0x0000000770400000,0x0000000770400000,0x0000000770e80000)
  to   space 10752K, 0% used [0x000000076f980000,0x000000076f980000,0x0000000770400000)
 ParOldGen       total 82944K, used 10032K [0x00000006c2e00000, 0x00000006c7f00000, 0x000000076ba00000)
  object space 82944K, 12% used [0x00000006c2e00000,0x00000006c37cc280,0x00000006c7f00000)
 Metaspace       used 23889K, capacity 24860K, committed 25088K, reserved 1071104K
  class space    used 3295K, capacity 3530K, committed 3584K, reserved 1048576K

Card table byte_map: [0x00000000120b0000,0x00000000128a0000] byte_map_base: 0x000000000ea99000

Marking Bits: (ParMarkBitMap*) 0x000000006eab5ce0
 Begin Bits: [0x00000000135f0000, 0x0000000017538000)
 End Bits:   [0x0000000017538000, 0x000000001b480000)

Polling page: 0x0000000001260000

CodeCache: size=245760Kb used=10020Kb max_used=10029Kb free=235739Kb
 bounds [0x0000000002cf0000, 0x00000000036d0000, 0x0000000011cf0000]
 total_blobs=3935 nmethods=3219 adapters=628
 compilation: enabled

Compilation events (10 events):
Event: 10.175 Thread 0x000000001e56b000 nmethod 3215 0x00000000036b9c50 code [0x00000000036b9de0, 0x00000000036ba1c8]
Event: 10.187 Thread 0x000000001e56b000 3217       3       com.sun.javafx.geom.BoxBounds::isEmpty (42 bytes)
Event: 10.187 Thread 0x000000001e56b000 nmethod 3217 0x00000000036ba350 code [0x00000000036ba4a0, 0x00000000036ba750]
Event: 10.187 Thread 0x000000001e56b000 3216       3       com.sun.javafx.geom.transform.AffineBase::transform2DBounds (576 bytes)
Event: 10.190 Thread 0x000000001e56b000 nmethod 3216 0x00000000036ba7d0 code [0x00000000036bab40, 0x00000000036be0b8]
Event: 10.201 Thread 0x000000001e555800 3218       4       java.util.EnumMap$EnumMapIterator::hasNext (64 bytes)
Event: 10.203 Thread 0x000000001e555800 nmethod 3218 0x00000000036c2210 code [0x00000000036c2360, 0x00000000036c2458]
Event: 10.210 Thread 0x000000001e56b000 3219       3       java.lang.invoke.LambdaForm$DMH/666988784::invokeStatic_L6_L (24 bytes)
Event: 10.210 Thread 0x000000001e56b000 nmethod 3219 0x00000000036c1950 code [0x00000000036c1ae0, 0x00000000036c2098]
Event: 10.210 Thread 0x000000001e56b000 3220   !   3       java.util.concurrent.locks.AbstractQueuedSynchronizer::acquireQueued (93 bytes)

GC Heap History (6 events):
Event: 3.231 GC heap before
{Heap before GC invocations=1 (full 0):
 PSYoungGen      total 75776K, used 65024K [0x000000076ba00000, 0x0000000770e80000, 0x00000007c0000000)
  eden space 65024K, 100% used [0x000000076ba00000,0x000000076f980000,0x000000076f980000)
  from space 10752K, 0% used [0x0000000770400000,0x0000000770400000,0x0000000770e80000)
  to   space 10752K, 0% used [0x000000076f980000,0x000000076f980000,0x0000000770400000)
 ParOldGen       total 173568K, used 0K [0x00000006c2e00000, 0x00000006cd780000, 0x000000076ba00000)
  object space 173568K, 0% used [0x00000006c2e00000,0x00000006c2e00000,0x00000006cd780000)
 Metaspace       used 20074K, capacity 20910K, committed 21120K, reserved 1067008K
  class space    used 2909K, capacity 3145K, committed 3200K, reserved 1048576K
Event: 3.240 GC heap after
Heap after GC invocations=1 (full 0):
 PSYoungGen      total 75776K, used 10738K [0x000000076ba00000, 0x0000000770e80000, 0x00000007c0000000)
  eden space 65024K, 0% used [0x000000076ba00000,0x000000076ba00000,0x000000076f980000)
  from space 10752K, 99% used [0x000000076f980000,0x00000007703fcaf0,0x0000000770400000)
  to   space 10752K, 0% used [0x0000000770400000,0x0000000770400000,0x0000000770e80000)
 ParOldGen       total 173568K, used 2851K [0x00000006c2e00000, 0x00000006cd780000, 0x000000076ba00000)
  object space 173568K, 1% used [0x00000006c2e00000,0x00000006c30c8cc0,0x00000006cd780000)
 Metaspace       used 20074K, capacity 20910K, committed 21120K, reserved 1067008K
  class space    used 2909K, capacity 3145K, committed 3200K, reserved 1048576K
}
Event: 3.256 GC heap before
{Heap before GC invocations=2 (full 0):
 PSYoungGen      total 75776K, used 12484K [0x000000076ba00000, 0x0000000770e80000, 0x00000007c0000000)
  eden space 65024K, 2% used [0x000000076ba00000,0x000000076bbb47a0,0x000000076f980000)
  from space 10752K, 99% used [0x000000076f980000,0x00000007703fcaf0,0x0000000770400000)
  to   space 10752K, 0% used [0x0000000770400000,0x0000000770400000,0x0000000770e80000)
 ParOldGen       total 173568K, used 2851K [0x00000006c2e00000, 0x00000006cd780000, 0x000000076ba00000)
  object space 173568K, 1% used [0x00000006c2e00000,0x00000006c30c8cc0,0x00000006cd780000)
 Metaspace       used 20344K, capacity 21198K, committed 21296K, reserved 1067008K
  class space    used 2939K, capacity 3177K, committed 3200K, reserved 1048576K
Event: 3.261 GC heap after
Heap after GC invocations=2 (full 0):
 PSYoungGen      total 75776K, used 8848K [0x000000076ba00000, 0x0000000774e00000, 0x00000007c0000000)
  eden space 65024K, 0% used [0x000000076ba00000,0x000000076ba00000,0x000000076f980000)
  from space 10752K, 82% used [0x0000000770400000,0x0000000770ca4070,0x0000000770e80000)
  to   space 10752K, 0% used [0x000000076f980000,0x000000076f980000,0x0000000770400000)
 ParOldGen       total 173568K, used 2859K [0x00000006c2e00000, 0x00000006cd780000, 0x000000076ba00000)
  object space 173568K, 1% used [0x00000006c2e00000,0x00000006c30cacc0,0x00000006cd780000)
 Metaspace       used 20344K, capacity 21198K, committed 21296K, reserved 1067008K
  class space    used 2939K, capacity 3177K, committed 3200K, reserved 1048576K
}
Event: 3.262 GC heap before
{Heap before GC invocations=3 (full 1):
 PSYoungGen      total 75776K, used 8848K [0x000000076ba00000, 0x0000000774e00000, 0x00000007c0000000)
  eden space 65024K, 0% used [0x000000076ba00000,0x000000076ba00000,0x000000076f980000)
  from space 10752K, 82% used [0x0000000770400000,0x0000000770ca4070,0x0000000770e80000)
  to   space 10752K, 0% used [0x000000076f980000,0x000000076f980000,0x0000000770400000)
 ParOldGen       total 173568K, used 2859K [0x00000006c2e00000, 0x00000006cd780000, 0x000000076ba00000)
  object space 173568K, 1% used [0x00000006c2e00000,0x00000006c30cacc0,0x00000006cd780000)
 Metaspace       used 20344K, capacity 21198K, committed 21296K, reserved 1067008K
  class space    used 2939K, capacity 3177K, committed 3200K, reserved 1048576K
Event: 3.289 GC heap after
Heap after GC invocations=3 (full 1):
 PSYoungGen      total 75776K, used 0K [0x000000076ba00000, 0x0000000774e00000, 0x00000007c0000000)
  eden space 65024K, 0% used [0x000000076ba00000,0x000000076ba00000,0x000000076f980000)
  from space 10752K, 0% used [0x0000000770400000,0x0000000770400000,0x0000000770e80000)
  to   space 10752K, 0% used [0x000000076f980000,0x000000076f980000,0x0000000770400000)
 ParOldGen       total 82944K, used 10032K [0x00000006c2e00000, 0x00000006c7f00000, 0x000000076ba00000)
  object space 82944K, 12% used [0x00000006c2e00000,0x00000006c37cc280,0x00000006c7f00000)
 Metaspace       used 20344K, capacity 21198K, committed 21296K, reserved 1067008K
  class space    used 2939K, capacity 3177K, committed 3200K, reserved 1048576K
}

Deoptimization events (10 events):
Event: 3.539 Thread 0x000000001f3cb000 Uncommon trap: reason=unstable_if action=reinterpret pc=0x0000000002fbaeac method=java.util.zip.ZipFile$ZipEntryIterator.hasNext()Z @ 25
Event: 3.548 Thread 0x000000001f3cb000 Uncommon trap: reason=unstable_if action=reinterpret pc=0x0000000002fc2f6c method=java.util.zip.ZipFile$ZipEntryIterator.hasNext()Z @ 25
Event: 3.818 Thread 0x000000001f3cb000 Uncommon trap: reason=unstable_if action=reinterpret pc=0x00000000033d4fc8 method=java.util.regex.Matcher.reset()Ljava/util/regex/Matcher; @ 47
Event: 3.892 Thread 0x000000001f3cb000 Uncommon trap: reason=array_check action=maybe_recompile pc=0x000000000349386c method=com.sun.javafx.css.SimpleSelector.applies(Ljavafx/css/Styleable;[Ljava/util/Set;I)Z @ 37
Event: 3.892 Thread 0x000000001f3cb000 Uncommon trap: reason=array_check action=maybe_recompile pc=0x000000000349386c method=com.sun.javafx.css.SimpleSelector.applies(Ljavafx/css/Styleable;[Ljava/util/Set;I)Z @ 37
Event: 3.892 Thread 0x000000001f3cb000 Uncommon trap: reason=array_check action=maybe_recompile pc=0x000000000349386c method=com.sun.javafx.css.SimpleSelector.applies(Ljavafx/css/Styleable;[Ljava/util/Set;I)Z @ 37
Event: 3.892 Thread 0x000000001f3cb000 Uncommon trap: reason=array_check action=maybe_recompile pc=0x000000000349386c method=com.sun.javafx.css.SimpleSelector.applies(Ljavafx/css/Styleable;[Ljava/util/Set;I)Z @ 37
Event: 7.952 Thread 0x000000001f3cb000 Uncommon trap: reason=array_check action=maybe_recompile pc=0x0000000003501224 method=com.sun.javafx.css.SimpleSelector.applies(Ljavafx/css/Styleable;[Ljava/util/Set;I)Z @ 37
Event: 8.095 Thread 0x000000001f3cb000 Uncommon trap: reason=unstable_if action=reinterpret pc=0x0000000003390f60 method=java.util.Arrays.equals([B[B)Z @ 2
Event: 8.095 Thread 0x000000001f3cb000 Uncommon trap: reason=class_check action=maybe_recompile pc=0x000000000336c6bc method=java.util.regex.Pattern$Curly.match(Ljava/util/regex/Matcher;ILjava/lang/CharSequence;)Z @ 19

Classes redefined (0 events):
No events

Internal exceptions (10 events):
Event: 0.153 Thread 0x0000000002bf2800 Exception <a 'java/lang/NullPointerException'> (0x000000076bd53488) thrown at [C:\re\workspace\8-2-build-windows-amd64-cygwin\jdk8u202\12323\hotspot\src\share\vm\interpreter\linkResolver.cpp, line 1185]
Event: 1.165 Thread 0x000000001f3cb000 Exception <a 'java/lang/NullPointerException'> (0x000000076c9efce8) thrown at [C:\re\workspace\8-2-build-windows-amd64-cygwin\jdk8u202\12323\hotspot\src\share\vm\interpreter\linkResolver.cpp, line 1185]
Event: 1.165 Thread 0x000000001f3cb000 Exception <a 'java/lang/NullPointerException'> (0x000000076c9efce8) thrown at [C:\re\workspace\8-2-build-windows-amd64-cygwin\jdk8u202\12323\hotspot\src\share\vm\prims\jvm.cpp, line 1506]
Event: 1.197 Thread 0x000000001f3cb000 Exception <a 'java/lang/ArrayIndexOutOfBoundsException': 58> (0x000000076cc27c30) thrown at [C:\re\workspace\8-2-build-windows-amd64-cygwin\jdk8u202\12323\hotspot\src\share\vm\interpreter\interpreterRuntime.cpp, line 368]
Event: 1.198 Thread 0x000000001f3cb000 Exception <a 'java/lang/ArrayIndexOutOfBoundsException': 18> (0x000000076cc288d0) thrown at [C:\re\workspace\8-2-build-windows-amd64-cygwin\jdk8u202\12323\hotspot\src\share\vm\interpreter\interpreterRuntime.cpp, line 368]
Event: 1.198 Thread 0x000000001f3cb000 Exception <a 'java/lang/ArrayIndexOutOfBoundsException': 86> (0x000000076cc29c78) thrown at [C:\re\workspace\8-2-build-windows-amd64-cygwin\jdk8u202\12323\hotspot\src\share\vm\interpreter\interpreterRuntime.cpp, line 368]
Event: 1.415 Thread 0x000000001f3cb000 Implicit null exception at 0x0000000002fda7b5 to 0x0000000002fda9e5
Event: 1.537 Thread 0x000000001f3cb000 Exception <a 'java/io/FileNotFoundException'> (0x000000076db0d158) thrown at [C:\re\workspace\8-2-build-windows-amd64-cygwin\jdk8u202\12323\hotspot\src\share\vm\prims\jni.cpp, line 710]
Event: 3.083 Thread 0x000000001f3cb000 Implicit null exception at 0x0000000002f3c116 to 0x0000000002f3c4c5
Event: 10.211 Thread 0x000000001e566800 Exception <a 'java/lang/IllegalStateException'> (0x000000076da9f968) thrown at [C:\re\workspace\8-2-build-windows-amd64-cygwin\jdk8u202\12323\hotspot\src\share\vm\prims\jvm.cpp, line 1506]

Events (10 events):
Event: 10.209 loading class java/util/IdentityHashMap$IdentityHashMapIterator
Event: 10.209 loading class java/util/IdentityHashMap$IdentityHashMapIterator done
Event: 10.209 loading class java/util/IdentityHashMap$KeyIterator done
Event: 10.209 Thread 0x000000001e566800 Thread added: 0x000000001e566800
Event: 10.210 loading class com/sun/javafx/tk/quantum/QuantumRenderer
Event: 10.210 loading class com/sun/javafx/tk/quantum/QuantumRenderer done
Event: 10.211 loading class com/sun/javafx/tk/quantum/QuantumToolkit
Event: 10.211 loading class com/sun/javafx/tk/quantum/QuantumToolkit done
Event: 10.211 Thread 0x000000001e566800 Thread exited: 0x000000001e566800
Event: 10.211 Executing VM operation: Exit


Dynamic libraries:
0x00007ff684080000 - 0x00007ff6840b7000 	C:\Program Files\Java\jre1.8.0_202\bin\javaw.exe
0x00007ffea3400000 - 0x00007ffea35ed000 	C:\WINDOWS\SYSTEM32\ntdll.dll
0x00007ffea0ea0000 - 0x00007ffea0f53000 	C:\WINDOWS\System32\KERNEL32.DLL
0x00007ffe9f500000 - 0x00007ffe9f793000 	C:\WINDOWS\System32\KERNELBASE.dll
0x00007ffea0670000 - 0x00007ffea0713000 	C:\WINDOWS\System32\ADVAPI32.dll
0x00007ffea10b0000 - 0x00007ffea114e000 	C:\WINDOWS\System32\msvcrt.dll
0x00007ffea0ad0000 - 0x00007ffea0b6e000 	C:\WINDOWS\System32\sechost.dll
0x00007ffea0830000 - 0x00007ffea0952000 	C:\WINDOWS\System32\RPCRT4.dll
0x00007ffea3230000 - 0x00007ffea33c7000 	C:\WINDOWS\System32\USER32.dll
0x00007ffea02e0000 - 0x00007ffea0300000 	C:\WINDOWS\System32\win32u.dll
0x00007ffea15d0000 - 0x00007ffea15f9000 	C:\WINDOWS\System32\GDI32.dll
0x00007ffea0140000 - 0x00007ffea02da000 	C:\WINDOWS\System32\gdi32full.dll
0x00007ffea0590000 - 0x00007ffea0630000 	C:\WINDOWS\System32\msvcp_win.dll
0x00007ffea0040000 - 0x00007ffea013a000 	C:\WINDOWS\System32\ucrtbase.dll
0x00007ffe8c9d0000 - 0x00007ffe8cc49000 	C:\WINDOWS\WinSxS\amd64_microsoft.windows.common-controls_6595b64144ccf1df_6.0.17763.379_none_05b83be8071c94a1\COMCTL32.dll
0x00007ffea11c0000 - 0x00007ffea14ed000 	C:\WINDOWS\System32\combase.dll
0x00007ffe9f810000 - 0x00007ffe9f88e000 	C:\WINDOWS\System32\bcryptPrimitives.dll
0x00007ffea0640000 - 0x00007ffea066e000 	C:\WINDOWS\System32\IMM32.DLL
0x000000006ddc0000 - 0x000000006de92000 	C:\Program Files\Java\jre1.8.0_202\bin\msvcr100.dll
0x000000006e290000 - 0x000000006eb35000 	C:\Program Files\Java\jre1.8.0_202\bin\server\jvm.dll
0x00007ffea0960000 - 0x00007ffea0968000 	C:\WINDOWS\System32\PSAPI.DLL
0x00007ffe98d00000 - 0x00007ffe98d24000 	C:\WINDOWS\SYSTEM32\WINMM.dll
0x00007ffe88410000 - 0x00007ffe88419000 	C:\WINDOWS\SYSTEM32\WSOCK32.dll
0x00007ffe971a0000 - 0x00007ffe971aa000 	C:\WINDOWS\SYSTEM32\VERSION.dll
0x00007ffea1150000 - 0x00007ffea11bd000 	C:\WINDOWS\System32\WS2_32.dll
0x00007ffe98cd0000 - 0x00007ffe98cfd000 	C:\WINDOWS\SYSTEM32\WINMMBASE.dll
0x00007ffe9f7a0000 - 0x00007ffe9f7ea000 	C:\WINDOWS\System32\cfgmgr32.dll
0x00007ffe8bc10000 - 0x00007ffe8bc1f000 	C:\Program Files\Java\jre1.8.0_202\bin\verify.dll
0x00007ffe8bb10000 - 0x00007ffe8bb39000 	C:\Program Files\Java\jre1.8.0_202\bin\java.dll
0x00007ffe8bad0000 - 0x00007ffe8bae6000 	C:\Program Files\Java\jre1.8.0_202\bin\zip.dll
0x00007ffea1d40000 - 0x00007ffea3230000 	C:\WINDOWS\System32\SHELL32.dll
0x00007ffea0f60000 - 0x00007ffea1008000 	C:\WINDOWS\System32\shcore.dll
0x00007ffe9f890000 - 0x00007ffe9ffda000 	C:\WINDOWS\System32\windows.storage.dll
0x00007ffe9f4a0000 - 0x00007ffe9f4c4000 	C:\WINDOWS\System32\profapi.dll
0x00007ffe9f420000 - 0x00007ffe9f47d000 	C:\WINDOWS\System32\powrprof.dll
0x00007ffea1570000 - 0x00007ffea15c2000 	C:\WINDOWS\System32\shlwapi.dll
0x00007ffe9f400000 - 0x00007ffe9f411000 	C:\WINDOWS\System32\kernel.appcore.dll
0x00007ffe9f7f0000 - 0x00007ffe9f807000 	C:\WINDOWS\System32\cryptsp.dll
0x00000000012f0000 - 0x00000000012f3000 	C:\Program Files\Java\jre1.8.0_202\bin\api-ms-win-core-console-l1-1-0.dll
0x0000000002bc0000 - 0x0000000002bc3000 	C:\Program Files\Java\jre1.8.0_202\bin\api-ms-win-core-datetime-l1-1-0.dll
0x0000000002bd0000 - 0x0000000002bd3000 	C:\Program Files\Java\jre1.8.0_202\bin\api-ms-win-core-debug-l1-1-0.dll
0x000000001fb20000 - 0x000000001fb23000 	C:\Program Files\Java\jre1.8.0_202\bin\api-ms-win-core-errorhandling-l1-1-0.dll
0x000000001fb30000 - 0x000000001fb34000 	C:\Program Files\Java\jre1.8.0_202\bin\api-ms-win-core-file-l1-1-0.dll
0x000000001fb40000 - 0x000000001fb43000 	C:\Program Files\Java\jre1.8.0_202\bin\api-ms-win-core-file-l1-2-0.dll
0x000000001fb50000 - 0x000000001fb53000 	C:\Program Files\Java\jre1.8.0_202\bin\api-ms-win-core-file-l2-1-0.dll
0x000000001fb60000 - 0x000000001fb63000 	C:\Program Files\Java\jre1.8.0_202\bin\api-ms-win-core-handle-l1-1-0.dll
0x000000001fb70000 - 0x000000001fb73000 	C:\Program Files\Java\jre1.8.0_202\bin\api-ms-win-core-heap-l1-1-0.dll
0x000000001fb80000 - 0x000000001fb83000 	C:\Program Files\Java\jre1.8.0_202\bin\api-ms-win-core-interlocked-l1-1-0.dll
0x000000001fb90000 - 0x000000001fb93000 	C:\Program Files\Java\jre1.8.0_202\bin\api-ms-win-core-libraryloader-l1-1-0.dll
0x000000001fba0000 - 0x000000001fba3000 	C:\Program Files\Java\jre1.8.0_202\bin\api-ms-win-core-localization-l1-2-0.dll
0x000000001fbb0000 - 0x000000001fbb3000 	C:\Program Files\Java\jre1.8.0_202\bin\api-ms-win-core-memory-l1-1-0.dll
0x000000001fbc0000 - 0x000000001fbc3000 	C:\Program Files\Java\jre1.8.0_202\bin\api-ms-win-core-namedpipe-l1-1-0.dll
0x000000001fbd0000 - 0x000000001fbd3000 	C:\Program Files\Java\jre1.8.0_202\bin\api-ms-win-core-processenvironment-l1-1-0.dll
0x000000001fbe0000 - 0x000000001fbe3000 	C:\Program Files\Java\jre1.8.0_202\bin\api-ms-win-core-processthreads-l1-1-0.dll
0x000000001fbf0000 - 0x000000001fbf3000 	C:\Program Files\Java\jre1.8.0_202\bin\api-ms-win-core-processthreads-l1-1-1.dll
0x000000001fc00000 - 0x000000001fc03000 	C:\Program Files\Java\jre1.8.0_202\bin\api-ms-win-core-profile-l1-1-0.dll
0x000000001fc10000 - 0x000000001fc13000 	C:\Program Files\Java\jre1.8.0_202\bin\api-ms-win-core-rtlsupport-l1-1-0.dll
0x000000001fc20000 - 0x000000001fc23000 	C:\Program Files\Java\jre1.8.0_202\bin\api-ms-win-core-string-l1-1-0.dll
0x000000001fc30000 - 0x000000001fc33000 	C:\Program Files\Java\jre1.8.0_202\bin\api-ms-win-core-synch-l1-1-0.dll
0x000000001fc40000 - 0x000000001fc43000 	C:\Program Files\Java\jre1.8.0_202\bin\api-ms-win-core-synch-l1-2-0.dll
0x000000001fc50000 - 0x000000001fc53000 	C:\Program Files\Java\jre1.8.0_202\bin\api-ms-win-core-sysinfo-l1-1-0.dll
0x000000001fc60000 - 0x000000001fc63000 	C:\Program Files\Java\jre1.8.0_202\bin\api-ms-win-core-timezone-l1-1-0.dll
0x000000001fc70000 - 0x000000001fc73000 	C:\Program Files\Java\jre1.8.0_202\bin\api-ms-win-core-util-l1-1-0.dll
0x000000001fc80000 - 0x000000001fc83000 	C:\Program Files\Java\jre1.8.0_202\bin\api-ms-win-crt-conio-l1-1-0.dll
0x000000001fc90000 - 0x000000001fc94000 	C:\Program Files\Java\jre1.8.0_202\bin\api-ms-win-crt-convert-l1-1-0.dll
0x000000001fca0000 - 0x000000001fca3000 	C:\Program Files\Java\jre1.8.0_202\bin\api-ms-win-crt-environment-l1-1-0.dll
0x000000001fcb0000 - 0x000000001fcb3000 	C:\Program Files\Java\jre1.8.0_202\bin\api-ms-win-crt-filesystem-l1-1-0.dll
0x000000001fcc0000 - 0x000000001fcc3000 	C:\Program Files\Java\jre1.8.0_202\bin\api-ms-win-crt-heap-l1-1-0.dll
0x000000001fcd0000 - 0x000000001fcd3000 	C:\Program Files\Java\jre1.8.0_202\bin\api-ms-win-crt-locale-l1-1-0.dll
0x000000001fce0000 - 0x000000001fce5000 	C:\Program Files\Java\jre1.8.0_202\bin\api-ms-win-crt-math-l1-1-0.dll
0x000000001fcf0000 - 0x000000001fcf5000 	C:\Program Files\Java\jre1.8.0_202\bin\api-ms-win-crt-multibyte-l1-1-0.dll
0x000000001fd00000 - 0x000000001fd10000 	C:\Program Files\Java\jre1.8.0_202\bin\api-ms-win-crt-private-l1-1-0.dll
0x000000001fd10000 - 0x000000001fd13000 	C:\Program Files\Java\jre1.8.0_202\bin\api-ms-win-crt-process-l1-1-0.dll
0x000000001fd20000 - 0x000000001fd24000 	C:\Program Files\Java\jre1.8.0_202\bin\api-ms-win-crt-runtime-l1-1-0.dll
0x000000001fd30000 - 0x000000001fd34000 	C:\Program Files\Java\jre1.8.0_202\bin\api-ms-win-crt-stdio-l1-1-0.dll
0x000000001fd40000 - 0x000000001fd44000 	C:\Program Files\Java\jre1.8.0_202\bin\api-ms-win-crt-string-l1-1-0.dll
0x000000001fd50000 - 0x000000001fd53000 	C:\Program Files\Java\jre1.8.0_202\bin\api-ms-win-crt-time-l1-1-0.dll
0x000000001fd60000 - 0x000000001fd63000 	C:\Program Files\Java\jre1.8.0_202\bin\api-ms-win-crt-utility-l1-1-0.dll
0x00007ffe59b70000 - 0x00007ffe59c66000 	C:\Program Files\Java\jre1.8.0_202\bin\ucrtbase.dll
0x00007ffe8bb40000 - 0x00007ffe8bb56000 	C:\Program Files\Java\jre1.8.0_202\bin\vcruntime140.dll
0x00007ffe59ad0000 - 0x00007ffe59b6c000 	C:\Program Files\Java\jre1.8.0_202\bin\msvcp140.dll
0x00007ffe65a50000 - 0x00007ffe65aa1000 	C:\Program Files\Java\jre1.8.0_202\bin\concrt140.dll
0x00007ffe8b9d0000 - 0x00007ffe8b9f3000 	C:\Program Files\Java\jre1.8.0_202\bin\prism_d3d.dll
0x00007ffe64f00000 - 0x00007ffe6509e000 	C:\WINDOWS\system32\d3d9.dll
0x00007ffe9d760000 - 0x00007ffe9d78e000 	C:\WINDOWS\SYSTEM32\dwmapi.dll
0x00007ffea03b0000 - 0x00007ffea058b000 	C:\WINDOWS\System32\CRYPT32.dll
0x00007ffe9f480000 - 0x00007ffe9f492000 	C:\WINDOWS\System32\MSASN1.dll
0x00007ffe9d690000 - 0x00007ffe9d72c000 	C:\WINDOWS\system32\uxtheme.dll
0x00007ffe2e140000 - 0x00007ffe3113d000 	C:\WINDOWS\System32\DriverStore\FileRepository\k127369.inf_amd64_b8b3c10a6624488c\igd9dxva64.dll
0x00007ffea0970000 - 0x00007ffea0ac5000 	C:\WINDOWS\System32\ole32.dll
0x00007ffea1660000 - 0x00007ffea172b000 	C:\WINDOWS\System32\OLEAUT32.dll
0x00007ffe59a80000 - 0x00007ffe59ac9000 	C:\Program Files\Java\jre1.8.0_202\bin\glass.dll
0x00007ffea1c10000 - 0x00007ffea1d37000 	C:\WINDOWS\System32\COMDLG32.dll
0x00007ffea0d30000 - 0x00007ffea0e9a000 	C:\WINDOWS\System32\MSCTF.dll
0x00007ffe89190000 - 0x00007ffe891a4000 	C:\Program Files\Java\jre1.8.0_202\bin\javafx_font.dll
0x00007ffe8c6c0000 - 0x00007ffe8c9bf000 	C:\WINDOWS\SYSTEM32\dwrite.dll
0x00007ffea0780000 - 0x00007ffea0822000 	C:\WINDOWS\System32\clbcatq.dll
0x00007ffe97820000 - 0x00007ffe979d8000 	C:\WINDOWS\SYSTEM32\WindowsCodecs.dll
0x00007ffe6e150000 - 0x00007ffe6e1a6000 	C:\WINDOWS\system32\dataexchange.dll
0x00007ffe99270000 - 0x00007ffe994ee000 	C:\WINDOWS\system32\d3d11.dll
0x00007ffe99ae0000 - 0x00007ffe99ca3000 	C:\WINDOWS\system32\dcomp.dll
0x00007ffe9e250000 - 0x00007ffe9e312000 	C:\WINDOWS\system32\dxgi.dll
0x00007ffe9d790000 - 0x00007ffe9d99d000 	C:\WINDOWS\system32\twinapi.appcore.dll
0x00007ffe9d9a0000 - 0x00007ffe9d9c8000 	C:\WINDOWS\system32\RMCLIENT.dll
0x00007ffe54490000 - 0x00007ffe544c3000 	C:\Program Files\Common Files\Microsoft Shared\Ink\rtscom.dll
0x00007ffe8efc0000 - 0x00007ffe8f055000 	C:\WINDOWS\System32\TextInputFramework.dll
0x00007ffe9a020000 - 0x00007ffe9a102000 	C:\WINDOWS\System32\CoreMessaging.dll
0x00007ffe97c90000 - 0x00007ffe97fb2000 	C:\WINDOWS\System32\CoreUIComponents.dll
0x00007ffe9e4c0000 - 0x00007ffe9e4f1000 	C:\WINDOWS\SYSTEM32\ntmarta.dll
0x00007ffe97b30000 - 0x00007ffe97c83000 	C:\WINDOWS\SYSTEM32\wintypes.dll
0x00007ffe8f630000 - 0x00007ffe8f69c000 	C:\WINDOWS\system32\Oleacc.dll
0x00007ffe5d330000 - 0x00007ffe5d342000 	C:\Program Files\Java\jre1.8.0_202\bin\prism_common.dll
0x00007ffe8b9b0000 - 0x00007ffe8b9ca000 	C:\Program Files\Java\jre1.8.0_202\bin\net.dll
0x00007ffe8fdf0000 - 0x00007ffe8ffc6000 	C:\WINDOWS\SYSTEM32\urlmon.dll
0x00007ffe8d480000 - 0x00007ffe8d728000 	C:\WINDOWS\SYSTEM32\iertutil.dll
0x00007ffe9ee50000 - 0x00007ffe9ee5c000 	C:\WINDOWS\SYSTEM32\CRYPTBASE.DLL
0x00007ffe9ec80000 - 0x00007ffe9ece7000 	C:\WINDOWS\system32\mswsock.dll
0x00007ffe9ea20000 - 0x00007ffe9eae6000 	C:\WINDOWS\SYSTEM32\DNSAPI.dll
0x00007ffea0630000 - 0x00007ffea0638000 	C:\WINDOWS\System32\NSI.dll
0x00007ffe9e9e0000 - 0x00007ffe9ea1d000 	C:\WINDOWS\SYSTEM32\IPHLPAPI.DLL
0x00007ffe8b400000 - 0x00007ffe8b40a000 	C:\Windows\System32\rasadhlp.dll
0x00007ffe8b650000 - 0x00007ffe8b6c9000 	C:\WINDOWS\System32\fwpuclnt.dll
0x00007ffe9f4d0000 - 0x00007ffe9f4f6000 	C:\WINDOWS\System32\bcrypt.dll
0x00007ffe65a20000 - 0x00007ffe65a44000 	C:\Program Files\Java\jre1.8.0_202\bin\sunec.dll
0x00007ffe90630000 - 0x00007ffe90646000 	C:\WINDOWS\SYSTEM32\dhcpcsvc6.DLL
0x00007ffe90ae0000 - 0x00007ffe90afc000 	C:\WINDOWS\SYSTEM32\dhcpcsvc.DLL
0x00007ffe89450000 - 0x00007ffe89462000 	C:\Program Files\Java\jre1.8.0_202\bin\nio.dll
0x00007ffe9e840000 - 0x00007ffe9e873000 	C:\WINDOWS\system32\rsaenh.dll

VM Arguments:
jvm_args: -Dfile.encoding=Cp1252 
java_command: application.Main
java_class_path (initial): C:\Users\nope\Desktop\GitRepos\TimerToDo\bin;C:\Users\nope\Desktop\GitRepos\ReferencedLibraries\mysql-connector-java-8.0.15\mysql-connector-java-8.0.15.jar;C:\Users\nope\Desktop\jfoenix-8.0.8.jar;C:\Users\nope\.p2\pool\plugins\org.eclipse.fx.ide.css.jfx8_3.5.0.201902220800.jar
Launcher Type: SUN_STANDARD

Environment Variables:
JAVA_HOME=C:\NVPACK\jdk1.8.0_77
PATH=C:/Program Files/Java/jre1.8.0_202/bin/server;C:/Program Files/Java/jre1.8.0_202/bin;C:/Program Files/Java/jre1.8.0_202/lib/amd64;C:\Program Files\Microsoft MPI\Bin\;C:\Program Files (x86)\Common Files\Oracle\Java\javapath;C:\WINDOWS\system32;C:\WINDOWS;C:\WINDOWS\System32\Wbem;C:\WINDOWS\System32\WindowsPowerShell\v1.0\;C:\WINDOWS\System32\OpenSSH\;C:\Program Files\dotnet\;C:\Program Files\Git\cmd;C:\Program Files (x86)\Microsoft SQL Server\140\Tools\Binn\;C:\Program Files\Microsoft SQL Server\140\Tools\Binn\;C:\Program Files (x86)\Microsoft SQL Server\140\DTS\Binn\;C:\Program Files\Microsoft SQL Server\140\DTS\Binn\;C:\Program Files\Microsoft SQL Server\Client SDK\ODBC\130\Tools\Binn\;C:\Program Files (x86)\Microsoft SQL Server\Client SDK\ODBC\130\Tools\Binn\;C:\Program Files (x86)\Microsoft SQL Server\140\Tools\Binn\ManagementStudio\;C:\Program Files\nodejs\;C:\NVPACK\gradle-2.9\bin;C:\NVPACK\apache-ant-1.8.2\bin;C:\NVPACK\jdk1.8.0_77\bin;C:\NVPACK\android-ndk-r12b;C:\NVPACK\android-sdk-windows\extras\android\support;C:\NVPACK\android-sdk-windows\build-tools;C:\NVPACK\android-sdk-windows\platform-tools;C:\NVPACK\android-sdk-windows\tools;C:\Users\nope\AppData\Local\Microsoft\WindowsApps;C:\Users\nope\IntelliJ IDEA Community Edition 2018.3.4\bin;;C:\Program Files\MySQL\MySQL Server 8.0\bin;;C:\Users\nope\Desktop;
USERNAME=nope
OS=Windows_NT
PROCESSOR_IDENTIFIER=Intel64 Family 6 Model 158 Stepping 9, GenuineIntel



---------------  S Y S T E M  ---------------

OS: Windows 10.0 , 64 bit Build 17763 (10.0.17763.379)

CPU:total 8 (initial active 8) (4 cores per cpu, 2 threads per core) family 6 model 158 stepping 9, cmov, cx8, fxsr, mmx, sse, sse2, sse3, ssse3, sse4.1, sse4.2, popcnt, avx, avx2, aes, clmul, erms, 3dnowpref, lzcnt, ht, tsc, tscinvbit, bmi1, bmi2, adx

Memory: 4k page, physical 16587404k(8917772k free), swap 18592084k(4950084k free)

vm_info: Java HotSpot(TM) 64-Bit Server VM (25.202-b08) for windows-amd64 JRE (1.8.0_202-b08), built on Dec 15 2018 19:54:30 by "java_re" with MS VC++ 10.0 (VS2010)

time: Mon Apr 08 09:02:26 2019
timezone: Eastern Daylight Time
elapsed time: 10 seconds (0d 0h 0m 10s)

