#
# A fatal error has been detected by the Java Runtime Environment:
#
#  EXCEPTION_ACCESS_VIOLATION (0xc0000005) at pc=0x00007ffe59aa78b0, pid=12860, tid=0x0000000000003b6c
#
# JRE version: Java(TM) SE Runtime Environment (8.0_202-b08) (build 1.8.0_202-b08)
# Java VM: Java HotSpot(TM) 64-Bit Server VM (25.202-b08 mixed mode windows-amd64 compressed oops)
# Problematic frame:
# C  [glass.dll+0x278b0]
#
# Failed to write core dump. Minidumps are not enabled by default on client versions of Windows
#
# If you would like to submit a bug report, please visit:
#   http://bugreport.java.com/bugreport/crash.jsp
#

---------------  T H R E A D  ---------------

Current thread (0x000000001c888000):  VMThread [stack: 0x000000001e560000,0x000000001e660000] [id=15212]

siginfo: ExceptionCode=0xc0000005, reading address 0x0000000000000000

Registers:
RAX=0x0000000000000000, RBX=0x000000001fdcc038, RCX=0x000000001c888000, RDX=0x000000006e8c24e8
RSP=0x000000001e65ef10, RBP=0x00000000010640f8, RSI=0x00000000010640d0, RDI=0x00001fa22b0bf7e3
R8 =0x0000000000010002, R9 =0x00001fa22b0bf7e3, R10=0x00000000ffffffff, R11=0x000000001e65ee20
R12=0x00007ffe59aa48dc, R13=0x0000000002dc1658, R14=0x000000001e65f018, R15=0x00000000010640d0
RIP=0x00007ffe59aa78b0, EFLAGS=0x0000000000010202

Top of Stack: (sp=0x000000001e65ef10)
0x000000001e65ef10:   0000000000000000 00007ffea004c7eb
0x000000001e65ef20:   00000000010640e0 0000000000000000
0x000000001e65ef30:   fffffffffffffffe 00007ffe59aa48dc
0x000000001e65ef40:   00000000010640d8 00007ffea0053e26
0x000000001e65ef50:   000022422b693e05 0000000000000000
0x000000001e65ef60:   00000000010640f8 00000000010640d0
0x000000001e65ef70:   fffffffffffffffe 0000000000000001
0x000000001e65ef80:   0000000000000001 00007ffe59a80000
0x000000001e65ef90:   000000001e65f008 00007ffea0053d4b
0x000000001e65efa0:   0000000000000000 000000001e65f018
0x000000001e65efb0:   0000000002e79880 00007ffea012c130
0x000000001e65efc0:   0000000000000000 00007ffea0053d04
0x000000001e65efd0:   0000000000000000 0000000000000001
0x000000001e65efe0:   00007ffe0000000d 000000001e65f008
0x000000001e65eff0:   0000000000000000 00007ffe59aa4752
0x000000001e65f000:   00007ffe59abf108 0000000000000002 

Instructions: (pc=0x00007ffe59aa78b0)
0x00007ffe59aa7890:   40 53 48 83 ec 30 48 c7 44 24 20 fe ff ff ff 48
0x00007ffe59aa78a0:   8b 1d 7a 72 01 00 48 85 db 74 16 e8 00 81 ff ff
0x00007ffe59aa78b0:   4c 8b 00 48 8b d3 48 8b c8 41 ff 90 b0 00 00 00
0x00007ffe59aa78c0:   90 48 83 c4 30 5b c3 cc cc cc cc cc cc cc cc cc 


Register to memory mapping:

RAX=0x0000000000000000 is an unknown value
RBX=0x000000001fdcc038 is a global jni handle
RCX=0x000000001c888000 is an unknown value
RDX=0x000000006e8c24e8 is an unknown value
RSP=0x000000001e65ef10 is an unknown value
RBP=0x00000000010640f8 is an unknown value
RSI=0x00000000010640d0 is an unknown value
RDI=0x00001fa22b0bf7e3 is an unknown value
R8 =0x0000000000010002 is an unknown value
R9 =0x00001fa22b0bf7e3 is an unknown value
R10=0x00000000ffffffff is an unknown value
R11=0x000000001e65ee20 is an unknown value
R12=0x00007ffe59aa48dc is an unknown value
R13=0x0000000002dc1658 is an unknown value
R14=0x000000001e65f018 is an unknown value
R15=0x00000000010640d0 is an unknown value


Stack: [0x000000001e560000,0x000000001e660000],  sp=0x000000001e65ef10,  free space=1019k
Native frames: (J=compiled Java code, j=interpreted, Vv=VM code, C=native code)
C  [glass.dll+0x278b0]
C  [ucrtbase.dll+0x13e26]
C  [ucrtbase.dll+0x13d4b]
C  [ucrtbase.dll+0x13d04]
C  [glass.dll+0x24752]
C  [glass.dll+0x24850]
C  [ntdll.dll+0x48f07]
C  [ntdll.dll+0x435bc]
C  [ntdll.dll+0x66dad]
C  [KERNEL32.DLL+0x1d3ba]
C  [msvcr100.dll+0x20ccd]
V  [jvm.dll+0x214045]
V  [jvm.dll+0x24d5d7]
V  [jvm.dll+0x24c876]
V  [jvm.dll+0x24cd11]
V  [jvm.dll+0x24cf2e]
V  [jvm.dll+0x29fc6a]
C  [msvcr100.dll+0x21d9f]
C  [msvcr100.dll+0x21e3b]
C  [KERNEL32.DLL+0x181f4]
C  [ntdll.dll+0x6a251]

VM_Operation (0x00000000205783b0): Exit, mode: safepoint, requested by thread 0x000000001f7ea800


---------------  P R O C E S S  ---------------

Java Threads: ( => current thread )
  0x000000001fe65000 JavaThread "mysql-cj-abandoned-connection-cleanup" daemon [_thread_blocked, id=16140, stack(0x000000002aee0000,0x000000002afe0000)]
  0x000000001f9b9000 JavaThread "Prism Font Disposer" daemon [_thread_blocked, id=10396, stack(0x00000000297a0000,0x00000000298a0000)]
  0x000000001f870000 JavaThread "Thread-3" daemon [_thread_in_native, id=3368, stack(0x00000000270c0000,0x00000000271c0000)]
  0x000000001f7ef000 JavaThread "JavaFX-Launcher" [_thread_blocked, id=15416, stack(0x00000000271c0000,0x00000000272c0000)]
  0x000000001f7ea800 JavaThread "JavaFX Application Thread" [_thread_blocked, id=15980, stack(0x0000000020480000,0x0000000020580000)]
  0x000000001f7d3800 JavaThread "Thread-1" daemon [_thread_blocked, id=14052, stack(0x0000000020380000,0x0000000020480000)]
  0x000000001eb24800 JavaThread "QuantumRenderer-0" daemon [_thread_blocked, id=16456, stack(0x000000001ffd0000,0x00000000200d0000)]
  0x000000001e81f800 JavaThread "Service Thread" daemon [_thread_blocked, id=17844, stack(0x000000001f360000,0x000000001f460000)]
  0x000000001e7a9800 JavaThread "C1 CompilerThread3" daemon [_thread_blocked, id=14576, stack(0x000000001f260000,0x000000001f360000)]
  0x000000001e794800 JavaThread "C2 CompilerThread2" daemon [_thread_blocked, id=13256, stack(0x000000001f160000,0x000000001f260000)]
  0x000000001e792000 JavaThread "C2 CompilerThread1" daemon [_thread_blocked, id=17380, stack(0x000000001f060000,0x000000001f160000)]
  0x000000001e790000 JavaThread "C2 CompilerThread0" daemon [_thread_blocked, id=17584, stack(0x000000001ef60000,0x000000001f060000)]
  0x000000001e789000 JavaThread "Attach Listener" daemon [_thread_blocked, id=4864, stack(0x000000001ee60000,0x000000001ef60000)]
  0x000000001e786000 JavaThread "Signal Dispatcher" daemon [_thread_blocked, id=17084, stack(0x000000001ed60000,0x000000001ee60000)]
  0x000000001e780800 JavaThread "Finalizer" daemon [_thread_blocked, id=11220, stack(0x000000001eb60000,0x000000001ec60000)]
  0x000000001c88d800 JavaThread "Reference Handler" daemon [_thread_blocked, id=8492, stack(0x000000001e660000,0x000000001e760000)]
  0x0000000002dd2800 JavaThread "main" [_thread_blocked, id=18164, stack(0x0000000002c80000,0x0000000002d80000)]

Other Threads:
=>0x000000001c888000 VMThread [stack: 0x000000001e560000,0x000000001e660000] [id=15212]

VM state:at safepoint (shutting down)

VM Mutex/Monitor currently owned by a thread:  ([mutex/lock_event])
[0x0000000002dcdc20] Threads_lock - owner thread: 0x000000001c888000

heap address: 0x00000006c2e00000, size: 4050 MB, Compressed Oops mode: Zero based, Oop shift amount: 3
Narrow klass base: 0x0000000000000000, Narrow klass shift: 3
Compressed class space size: 1073741824 Address: 0x00000007c0000000

Heap:
 PSYoungGen      total 75776K, used 1621K [0x000000076ba00000, 0x0000000770e80000, 0x00000007c0000000)
  eden space 65024K, 2% used [0x000000076ba00000,0x000000076bb95758,0x000000076f980000)
  from space 10752K, 0% used [0x0000000770400000,0x0000000770400000,0x0000000770e80000)
  to   space 10752K, 0% used [0x000000076f980000,0x000000076f980000,0x0000000770400000)
 ParOldGen       total 76800K, used 9561K [0x00000006c2e00000, 0x00000006c7900000, 0x000000076ba00000)
  object space 76800K, 12% used [0x00000006c2e00000,0x00000006c3756638,0x00000006c7900000)
 Metaspace       used 20368K, capacity 21276K, committed 21552K, reserved 1067008K
  class space    used 2931K, capacity 3168K, committed 3200K, reserved 1048576K

Card table byte_map: [0x0000000012290000,0x0000000012a80000] byte_map_base: 0x000000000ec79000

Marking Bits: (ParMarkBitMap*) 0x000000006eab5ce0
 Begin Bits: [0x00000000137d0000, 0x0000000017718000)
 End Bits:   [0x0000000017718000, 0x000000001b660000)

Polling page: 0x0000000002c20000

CodeCache: size=245760Kb used=7374Kb max_used=7374Kb free=238385Kb
 bounds [0x0000000002ed0000, 0x0000000003610000, 0x0000000011ed0000]
 total_blobs=3066 nmethods=2391 adapters=587
 compilation: enabled

Compilation events (10 events):
Event: 7.351 Thread 0x000000001e7a9800 nmethod 2388 0x0000000003603cd0 code [0x0000000003603e20, 0x0000000003604010]
Event: 7.351 Thread 0x000000001e7a9800 2385       3       java.util.WeakHashMap$EntrySet::iterator (13 bytes)
Event: 7.351 Thread 0x000000001e7a9800 nmethod 2385 0x0000000003603750 code [0x00000000036038c0, 0x0000000003603ba8]
Event: 7.351 Thread 0x000000001e7a9800 2389       3       com.sun.prism.impl.ps.BaseShaderGraphics::len (39 bytes)
Event: 7.351 Thread 0x000000001e7a9800 nmethod 2389 0x0000000003603110 code [0x0000000003603280, 0x0000000003603690]
Event: 7.353 Thread 0x000000001e7a9800 2390       3       com.sun.javafx.scene.input.PickResultChooser::processOffer (146 bytes)
Event: 7.354 Thread 0x000000001e7a9800 nmethod 2390 0x0000000003605550 code [0x0000000003605760, 0x00000000036064e8]
Event: 7.364 Thread 0x000000001e7a9800 2391       3       java.lang.invoke.LambdaForm$DMH/666988784::invokeStatic_L6_L (24 bytes)
Event: 7.409 Thread 0x000000001e7a9800 nmethod 2391 0x0000000003602850 code [0x00000000036029e0, 0x0000000003602f98]
Event: 7.410 Thread 0x000000001e7a9800 2392       3       java.lang.invoke.MethodHandles$Lookup::getDirectMethodForConstant (70 bytes)

GC Heap History (6 events):
Event: 5.470 GC heap before
{Heap before GC invocations=1 (full 0):
 PSYoungGen      total 75776K, used 65024K [0x000000076ba00000, 0x0000000770e80000, 0x00000007c0000000)
  eden space 65024K, 100% used [0x000000076ba00000,0x000000076f980000,0x000000076f980000)
  from space 10752K, 0% used [0x0000000770400000,0x0000000770400000,0x0000000770e80000)
  to   space 10752K, 0% used [0x000000076f980000,0x000000076f980000,0x0000000770400000)
 ParOldGen       total 173568K, used 0K [0x00000006c2e00000, 0x00000006cd780000, 0x000000076ba00000)
  object space 173568K, 0% used [0x00000006c2e00000,0x00000006c2e00000,0x00000006cd780000)
 Metaspace       used 19829K, capacity 20698K, committed 20864K, reserved 1067008K
  class space    used 2886K, capacity 3115K, committed 3200K, reserved 1048576K
Event: 5.480 GC heap after
Heap after GC invocations=1 (full 0):
 PSYoungGen      total 75776K, used 10722K [0x000000076ba00000, 0x0000000770e80000, 0x00000007c0000000)
  eden space 65024K, 0% used [0x000000076ba00000,0x000000076ba00000,0x000000076f980000)
  from space 10752K, 99% used [0x000000076f980000,0x00000007703f8b00,0x0000000770400000)
  to   space 10752K, 0% used [0x0000000770400000,0x0000000770400000,0x0000000770e80000)
 ParOldGen       total 173568K, used 1546K [0x00000006c2e00000, 0x00000006cd780000, 0x000000076ba00000)
  object space 173568K, 0% used [0x00000006c2e00000,0x00000006c2f82af8,0x00000006cd780000)
 Metaspace       used 19829K, capacity 20698K, committed 20864K, reserved 1067008K
  class space    used 2886K, capacity 3115K, committed 3200K, reserved 1048576K
}
Event: 7.364 GC heap before
{Heap before GC invocations=2 (full 0):
 PSYoungGen      total 75776K, used 17889K [0x000000076ba00000, 0x0000000770e80000, 0x00000007c0000000)
  eden space 65024K, 11% used [0x000000076ba00000,0x000000076c0ffc38,0x000000076f980000)
  from space 10752K, 99% used [0x000000076f980000,0x00000007703f8b00,0x0000000770400000)
  to   space 10752K, 0% used [0x0000000770400000,0x0000000770400000,0x0000000770e80000)
 ParOldGen       total 173568K, used 1546K [0x00000006c2e00000, 0x00000006cd780000, 0x000000076ba00000)
  object space 173568K, 0% used [0x00000006c2e00000,0x00000006c2f82af8,0x00000006cd780000)
 Metaspace       used 20361K, capacity 21260K, committed 21296K, reserved 1067008K
  class space    used 2929K, capacity 3166K, committed 3200K, reserved 1048576K
Event: 7.370 GC heap after
Heap after GC invocations=2 (full 0):
 PSYoungGen      total 75776K, used 9221K [0x000000076ba00000, 0x0000000770e80000, 0x00000007c0000000)
  eden space 65024K, 0% used [0x000000076ba00000,0x000000076ba00000,0x000000076f980000)
  from space 10752K, 85% used [0x0000000770400000,0x0000000770d01540,0x0000000770e80000)
  to   space 10752K, 0% used [0x000000076f980000,0x000000076f980000,0x0000000770400000)
 ParOldGen       total 173568K, used 1554K [0x00000006c2e00000, 0x00000006cd780000, 0x000000076ba00000)
  object space 173568K, 0% used [0x00000006c2e00000,0x00000006c2f84af8,0x00000006cd780000)
 Metaspace       used 20361K, capacity 21260K, committed 21296K, reserved 1067008K
  class space    used 2929K, capacity 3166K, committed 3200K, reserved 1048576K
}
Event: 7.370 GC heap before
{Heap before GC invocations=3 (full 1):
 PSYoungGen      total 75776K, used 9221K [0x000000076ba00000, 0x0000000770e80000, 0x00000007c0000000)
  eden space 65024K, 0% used [0x000000076ba00000,0x000000076ba00000,0x000000076f980000)
  from space 10752K, 85% used [0x0000000770400000,0x0000000770d01540,0x0000000770e80000)
  to   space 10752K, 0% used [0x000000076f980000,0x000000076f980000,0x0000000770400000)
 ParOldGen       total 173568K, used 1554K [0x00000006c2e00000, 0x00000006cd780000, 0x000000076ba00000)
  object space 173568K, 0% used [0x00000006c2e00000,0x00000006c2f84af8,0x00000006cd780000)
 Metaspace       used 20361K, capacity 21260K, committed 21296K, reserved 1067008K
  class space    used 2929K, capacity 3166K, committed 3200K, reserved 1048576K
Event: 7.409 GC heap after
Heap after GC invocations=3 (full 1):
 PSYoungGen      total 75776K, used 0K [0x000000076ba00000, 0x0000000770e80000, 0x00000007c0000000)
  eden space 65024K, 0% used [0x000000076ba00000,0x000000076ba00000,0x000000076f980000)
  from space 10752K, 0% used [0x0000000770400000,0x0000000770400000,0x0000000770e80000)
  to   space 10752K, 0% used [0x000000076f980000,0x000000076f980000,0x0000000770400000)
 ParOldGen       total 76800K, used 9561K [0x00000006c2e00000, 0x00000006c7900000, 0x000000076ba00000)
  object space 76800K, 12% used [0x00000006c2e00000,0x00000006c3756638,0x00000006c7900000)
 Metaspace       used 20361K, capacity 21260K, committed 21296K, reserved 1067008K
  class space    used 2929K, capacity 3166K, committed 3200K, reserved 1048576K
}

Deoptimization events (10 events):
Event: 3.334 Thread 0x000000001f7ea800 Uncommon trap: reason=unstable_if action=reinterpret pc=0x000000000312a19c method=java.lang.AbstractStringBuilder.append(Ljava/lang/String;)Ljava/lang/AbstractStringBuilder; @ 1
Event: 3.437 Thread 0x000000001f7ea800 Uncommon trap: reason=predicate action=maybe_recompile pc=0x0000000003485eb8 method=sun.net.www.ParseUtil.encodePath(Ljava/lang/String;Z)Ljava/lang/String; @ 36
Event: 5.480 Thread 0x000000001f7ea800 Uncommon trap: reason=unstable_if action=reinterpret pc=0x0000000003401f2c method=java.lang.ref.SoftReference.get()Ljava/lang/Object; @ 17
Event: 5.481 Thread 0x000000001f7ea800 Uncommon trap: reason=unstable_if action=reinterpret pc=0x00000000033d4258 method=java.lang.ref.SoftReference.get()Ljava/lang/Object; @ 17
Event: 5.484 Thread 0x000000001e780800 Uncommon trap: reason=unstable_if action=reinterpret pc=0x000000000346cadc method=java.lang.ref.ReferenceQueue.poll()Ljava/lang/ref/Reference; @ 4
Event: 5.538 Thread 0x000000001f7ea800 Uncommon trap: reason=array_check action=maybe_recompile pc=0x00000000034e3000 method=com.sun.javafx.css.SimpleSelector.applies(Ljavafx/css/Styleable;[Ljava/util/Set;I)Z @ 37
Event: 5.538 Thread 0x000000001f7ea800 Uncommon trap: reason=array_check action=maybe_recompile pc=0x00000000034e3000 method=com.sun.javafx.css.SimpleSelector.applies(Ljavafx/css/Styleable;[Ljava/util/Set;I)Z @ 37
Event: 5.538 Thread 0x000000001f7ea800 Uncommon trap: reason=array_check action=maybe_recompile pc=0x00000000034e3000 method=com.sun.javafx.css.SimpleSelector.applies(Ljavafx/css/Styleable;[Ljava/util/Set;I)Z @ 37
Event: 5.538 Thread 0x000000001f7ea800 Uncommon trap: reason=array_check action=maybe_recompile pc=0x00000000034e3000 method=com.sun.javafx.css.SimpleSelector.applies(Ljavafx/css/Styleable;[Ljava/util/Set;I)Z @ 37
Event: 7.272 Thread 0x000000001f7ea800 Uncommon trap: reason=array_check action=maybe_recompile pc=0x000000000355a0a0 method=com.sun.javafx.css.SimpleSelector.applies(Ljavafx/css/Styleable;[Ljava/util/Set;I)Z @ 37

Classes redefined (0 events):
No events

Internal exceptions (10 events):
Event: 1.210 Thread 0x000000001f7ea800 Exception <a 'java/lang/ArrayIndexOutOfBoundsException': 58> (0x000000076cc269a0) thrown at [C:\re\workspace\8-2-build-windows-amd64-cygwin\jdk8u202\12323\hotspot\src\share\vm\interpreter\interpreterRuntime.cpp, line 368]
Event: 1.211 Thread 0x000000001f7ea800 Exception <a 'java/lang/ArrayIndexOutOfBoundsException': 18> (0x000000076cc27640) thrown at [C:\re\workspace\8-2-build-windows-amd64-cygwin\jdk8u202\12323\hotspot\src\share\vm\interpreter\interpreterRuntime.cpp, line 368]
Event: 1.211 Thread 0x000000001f7ea800 Exception <a 'java/lang/ArrayIndexOutOfBoundsException': 86> (0x000000076cc289e8) thrown at [C:\re\workspace\8-2-build-windows-amd64-cygwin\jdk8u202\12323\hotspot\src\share\vm\interpreter\interpreterRuntime.cpp, line 368]
Event: 1.429 Thread 0x000000001f7ea800 Implicit null exception at 0x00000000031bc3b5 to 0x00000000031bc5e1
Event: 1.431 Thread 0x000000001f7ea800 Implicit null exception at 0x00000000031c4f2f to 0x00000000031c4f99
Event: 1.550 Thread 0x000000001f7ea800 Exception <a 'java/io/FileNotFoundException'> (0x000000076db0c918) thrown at [C:\re\workspace\8-2-build-windows-amd64-cygwin\jdk8u202\12323\hotspot\src\share\vm\prims\jni.cpp, line 710]
Event: 3.334 Thread 0x000000001f7ea800 Implicit null exception at 0x0000000003129dd6 to 0x000000000312a185
Event: 4.439 Thread 0x000000001f7ea800 Exception <a 'java/net/ConnectException': Connection refused: connect> (0x000000076f6d62d8) thrown at [C:\re\workspace\8-2-build-windows-amd64-cygwin\jdk8u202\12323\hotspot\src\share\vm\prims\jni.cpp, line 736]
Event: 5.440 Thread 0x000000001f7ea800 Exception <a 'java/net/ConnectException': Connection refused: connect> (0x000000076f6d7000) thrown at [C:\re\workspace\8-2-build-windows-amd64-cygwin\jdk8u202\12323\hotspot\src\share\vm\prims\jni.cpp, line 736]
Event: 7.413 Thread 0x000000001fbca800 Exception <a 'java/lang/IllegalStateException'> (0x000000076ba04788) thrown at [C:\re\workspace\8-2-build-windows-amd64-cygwin\jdk8u202\12323\hotspot\src\share\vm\prims\jvm.cpp, line 1506]

Events (10 events):
Event: 7.411 Executing VM operation: RevokeBias
Event: 7.411 Executing VM operation: RevokeBias done
Event: 7.411 Executing VM operation: RevokeBias
Event: 7.412 Executing VM operation: RevokeBias done
Event: 7.412 Executing VM operation: RevokeBias
Event: 7.412 loading class com/sun/javafx/tk/quantum/QuantumToolkit
Event: 7.412 loading class com/sun/javafx/tk/quantum/QuantumToolkit done
Event: 7.412 Executing VM operation: RevokeBias done
Event: 7.413 Thread 0x000000001fbca800 Thread exited: 0x000000001fbca800
Event: 7.413 Executing VM operation: Exit


Dynamic libraries:
0x00007ff684080000 - 0x00007ff6840b7000 	C:\Program Files\Java\jre1.8.0_202\bin\javaw.exe
0x00007ffea3400000 - 0x00007ffea35ed000 	C:\WINDOWS\SYSTEM32\ntdll.dll
0x00007ffea0ea0000 - 0x00007ffea0f53000 	C:\WINDOWS\System32\KERNEL32.DLL
0x00007ffe9f500000 - 0x00007ffe9f793000 	C:\WINDOWS\System32\KERNELBASE.dll
0x00007ffea0670000 - 0x00007ffea0713000 	C:\WINDOWS\System32\ADVAPI32.dll
0x00007ffea10b0000 - 0x00007ffea114e000 	C:\WINDOWS\System32\msvcrt.dll
0x00007ffea0ad0000 - 0x00007ffea0b6e000 	C:\WINDOWS\System32\sechost.dll
0x00007ffea0830000 - 0x00007ffea0952000 	C:\WINDOWS\System32\RPCRT4.dll
0x00007ffea3230000 - 0x00007ffea33c7000 	C:\WINDOWS\System32\USER32.dll
0x00007ffea02e0000 - 0x00007ffea0300000 	C:\WINDOWS\System32\win32u.dll
0x00007ffea15d0000 - 0x00007ffea15f9000 	C:\WINDOWS\System32\GDI32.dll
0x00007ffea0140000 - 0x00007ffea02da000 	C:\WINDOWS\System32\gdi32full.dll
0x00007ffea0590000 - 0x00007ffea0630000 	C:\WINDOWS\System32\msvcp_win.dll
0x00007ffea0040000 - 0x00007ffea013a000 	C:\WINDOWS\System32\ucrtbase.dll
0x00007ffe8c9d0000 - 0x00007ffe8cc49000 	C:\WINDOWS\WinSxS\amd64_microsoft.windows.common-controls_6595b64144ccf1df_6.0.17763.379_none_05b83be8071c94a1\COMCTL32.dll
0x00007ffea11c0000 - 0x00007ffea14ed000 	C:\WINDOWS\System32\combase.dll
0x00007ffe9f810000 - 0x00007ffe9f88e000 	C:\WINDOWS\System32\bcryptPrimitives.dll
0x00007ffea0640000 - 0x00007ffea066e000 	C:\WINDOWS\System32\IMM32.DLL
0x000000006ddc0000 - 0x000000006de92000 	C:\Program Files\Java\jre1.8.0_202\bin\msvcr100.dll
0x000000006e290000 - 0x000000006eb35000 	C:\Program Files\Java\jre1.8.0_202\bin\server\jvm.dll
0x00007ffea0960000 - 0x00007ffea0968000 	C:\WINDOWS\System32\PSAPI.DLL
0x00007ffe88410000 - 0x00007ffe88419000 	C:\WINDOWS\SYSTEM32\WSOCK32.dll
0x00007ffe971a0000 - 0x00007ffe971aa000 	C:\WINDOWS\SYSTEM32\VERSION.dll
0x00007ffe98d00000 - 0x00007ffe98d24000 	C:\WINDOWS\SYSTEM32\WINMM.dll
0x00007ffea1150000 - 0x00007ffea11bd000 	C:\WINDOWS\System32\WS2_32.dll
0x00007ffe98cd0000 - 0x00007ffe98cfd000 	C:\WINDOWS\SYSTEM32\winmmbase.dll
0x00007ffe9f7a0000 - 0x00007ffe9f7ea000 	C:\WINDOWS\System32\cfgmgr32.dll
0x00007ffe8bc10000 - 0x00007ffe8bc1f000 	C:\Program Files\Java\jre1.8.0_202\bin\verify.dll
0x00007ffe8bb10000 - 0x00007ffe8bb39000 	C:\Program Files\Java\jre1.8.0_202\bin\java.dll
0x00007ffe8bad0000 - 0x00007ffe8bae6000 	C:\Program Files\Java\jre1.8.0_202\bin\zip.dll
0x00007ffea1d40000 - 0x00007ffea3230000 	C:\WINDOWS\System32\SHELL32.dll
0x00007ffea0f60000 - 0x00007ffea1008000 	C:\WINDOWS\System32\shcore.dll
0x00007ffe9f890000 - 0x00007ffe9ffda000 	C:\WINDOWS\System32\windows.storage.dll
0x00007ffe9f4a0000 - 0x00007ffe9f4c4000 	C:\WINDOWS\System32\profapi.dll
0x00007ffe9f420000 - 0x00007ffe9f47d000 	C:\WINDOWS\System32\powrprof.dll
0x00007ffea1570000 - 0x00007ffea15c2000 	C:\WINDOWS\System32\shlwapi.dll
0x00007ffe9f400000 - 0x00007ffe9f411000 	C:\WINDOWS\System32\kernel.appcore.dll
0x00007ffe9f7f0000 - 0x00007ffe9f807000 	C:\WINDOWS\System32\cryptsp.dll
0x0000000002db0000 - 0x0000000002db3000 	C:\Program Files\Java\jre1.8.0_202\bin\api-ms-win-core-console-l1-1-0.dll
0x000000001f560000 - 0x000000001f563000 	C:\Program Files\Java\jre1.8.0_202\bin\api-ms-win-core-datetime-l1-1-0.dll
0x000000001f570000 - 0x000000001f573000 	C:\Program Files\Java\jre1.8.0_202\bin\api-ms-win-core-debug-l1-1-0.dll
0x000000001f580000 - 0x000000001f583000 	C:\Program Files\Java\jre1.8.0_202\bin\api-ms-win-core-errorhandling-l1-1-0.dll
0x000000001f590000 - 0x000000001f594000 	C:\Program Files\Java\jre1.8.0_202\bin\api-ms-win-core-file-l1-1-0.dll
0x000000001f5a0000 - 0x000000001f5a3000 	C:\Program Files\Java\jre1.8.0_202\bin\api-ms-win-core-file-l1-2-0.dll
0x000000001f5b0000 - 0x000000001f5b3000 	C:\Program Files\Java\jre1.8.0_202\bin\api-ms-win-core-file-l2-1-0.dll
0x000000001f5c0000 - 0x000000001f5c3000 	C:\Program Files\Java\jre1.8.0_202\bin\api-ms-win-core-handle-l1-1-0.dll
0x000000001f5d0000 - 0x000000001f5d3000 	C:\Program Files\Java\jre1.8.0_202\bin\api-ms-win-core-heap-l1-1-0.dll
0x000000001f5e0000 - 0x000000001f5e3000 	C:\Program Files\Java\jre1.8.0_202\bin\api-ms-win-core-interlocked-l1-1-0.dll
0x000000001f5f0000 - 0x000000001f5f3000 	C:\Program Files\Java\jre1.8.0_202\bin\api-ms-win-core-libraryloader-l1-1-0.dll
0x000000001f600000 - 0x000000001f603000 	C:\Program Files\Java\jre1.8.0_202\bin\api-ms-win-core-localization-l1-2-0.dll
0x000000001f610000 - 0x000000001f613000 	C:\Program Files\Java\jre1.8.0_202\bin\api-ms-win-core-memory-l1-1-0.dll
0x000000001f620000 - 0x000000001f623000 	C:\Program Files\Java\jre1.8.0_202\bin\api-ms-win-core-namedpipe-l1-1-0.dll
0x000000001f630000 - 0x000000001f633000 	C:\Program Files\Java\jre1.8.0_202\bin\api-ms-win-core-processenvironment-l1-1-0.dll
0x000000001f640000 - 0x000000001f643000 	C:\Program Files\Java\jre1.8.0_202\bin\api-ms-win-core-processthreads-l1-1-0.dll
0x000000001f650000 - 0x000000001f653000 	C:\Program Files\Java\jre1.8.0_202\bin\api-ms-win-core-processthreads-l1-1-1.dll
0x000000001f660000 - 0x000000001f663000 	C:\Program Files\Java\jre1.8.0_202\bin\api-ms-win-core-profile-l1-1-0.dll
0x000000001f670000 - 0x000000001f673000 	C:\Program Files\Java\jre1.8.0_202\bin\api-ms-win-core-rtlsupport-l1-1-0.dll
0x000000001f680000 - 0x000000001f683000 	C:\Program Files\Java\jre1.8.0_202\bin\api-ms-win-core-string-l1-1-0.dll
0x000000001f690000 - 0x000000001f693000 	C:\Program Files\Java\jre1.8.0_202\bin\api-ms-win-core-synch-l1-1-0.dll
0x000000001f6a0000 - 0x000000001f6a3000 	C:\Program Files\Java\jre1.8.0_202\bin\api-ms-win-core-synch-l1-2-0.dll
0x000000001f6b0000 - 0x000000001f6b3000 	C:\Program Files\Java\jre1.8.0_202\bin\api-ms-win-core-sysinfo-l1-1-0.dll
0x000000001f6c0000 - 0x000000001f6c3000 	C:\Program Files\Java\jre1.8.0_202\bin\api-ms-win-core-timezone-l1-1-0.dll
0x000000001f6d0000 - 0x000000001f6d3000 	C:\Program Files\Java\jre1.8.0_202\bin\api-ms-win-core-util-l1-1-0.dll
0x000000001f6e0000 - 0x000000001f6e3000 	C:\Program Files\Java\jre1.8.0_202\bin\api-ms-win-crt-conio-l1-1-0.dll
0x000000001f6f0000 - 0x000000001f6f4000 	C:\Program Files\Java\jre1.8.0_202\bin\api-ms-win-crt-convert-l1-1-0.dll
0x000000001f700000 - 0x000000001f703000 	C:\Program Files\Java\jre1.8.0_202\bin\api-ms-win-crt-environment-l1-1-0.dll
0x000000001f710000 - 0x000000001f713000 	C:\Program Files\Java\jre1.8.0_202\bin\api-ms-win-crt-filesystem-l1-1-0.dll
0x000000001f720000 - 0x000000001f723000 	C:\Program Files\Java\jre1.8.0_202\bin\api-ms-win-crt-heap-l1-1-0.dll
0x000000001f730000 - 0x000000001f733000 	C:\Program Files\Java\jre1.8.0_202\bin\api-ms-win-crt-locale-l1-1-0.dll
0x000000001f740000 - 0x000000001f745000 	C:\Program Files\Java\jre1.8.0_202\bin\api-ms-win-crt-math-l1-1-0.dll
0x000000001f750000 - 0x000000001f755000 	C:\Program Files\Java\jre1.8.0_202\bin\api-ms-win-crt-multibyte-l1-1-0.dll
0x000000001f760000 - 0x000000001f770000 	C:\Program Files\Java\jre1.8.0_202\bin\api-ms-win-crt-private-l1-1-0.dll
0x000000001f770000 - 0x000000001f773000 	C:\Program Files\Java\jre1.8.0_202\bin\api-ms-win-crt-process-l1-1-0.dll
0x000000001f780000 - 0x000000001f784000 	C:\Program Files\Java\jre1.8.0_202\bin\api-ms-win-crt-runtime-l1-1-0.dll
0x000000001f790000 - 0x000000001f794000 	C:\Program Files\Java\jre1.8.0_202\bin\api-ms-win-crt-stdio-l1-1-0.dll
0x000000001f7a0000 - 0x000000001f7a4000 	C:\Program Files\Java\jre1.8.0_202\bin\api-ms-win-crt-string-l1-1-0.dll
0x000000001f7b0000 - 0x000000001f7b3000 	C:\Program Files\Java\jre1.8.0_202\bin\api-ms-win-crt-time-l1-1-0.dll
0x000000001f7c0000 - 0x000000001f7c3000 	C:\Program Files\Java\jre1.8.0_202\bin\api-ms-win-crt-utility-l1-1-0.dll
0x00007ffe59b70000 - 0x00007ffe59c66000 	C:\Program Files\Java\jre1.8.0_202\bin\ucrtbase.dll
0x00007ffe8bb40000 - 0x00007ffe8bb56000 	C:\Program Files\Java\jre1.8.0_202\bin\vcruntime140.dll
0x00007ffe59ad0000 - 0x00007ffe59b6c000 	C:\Program Files\Java\jre1.8.0_202\bin\msvcp140.dll
0x00007ffe65a50000 - 0x00007ffe65aa1000 	C:\Program Files\Java\jre1.8.0_202\bin\concrt140.dll
0x00007ffe8b9d0000 - 0x00007ffe8b9f3000 	C:\Program Files\Java\jre1.8.0_202\bin\prism_d3d.dll
0x00007ffe64f00000 - 0x00007ffe6509e000 	C:\WINDOWS\system32\d3d9.dll
0x00007ffe9d760000 - 0x00007ffe9d78e000 	C:\WINDOWS\SYSTEM32\dwmapi.dll
0x00007ffea03b0000 - 0x00007ffea058b000 	C:\WINDOWS\System32\CRYPT32.dll
0x00007ffe9f480000 - 0x00007ffe9f492000 	C:\WINDOWS\System32\MSASN1.dll
0x00007ffe9d690000 - 0x00007ffe9d72c000 	C:\WINDOWS\system32\uxtheme.dll
0x00007ffe2e140000 - 0x00007ffe3113d000 	C:\WINDOWS\System32\DriverStore\FileRepository\k127369.inf_amd64_b8b3c10a6624488c\igd9dxva64.dll
0x00007ffea0970000 - 0x00007ffea0ac5000 	C:\WINDOWS\System32\ole32.dll
0x00007ffea1660000 - 0x00007ffea172b000 	C:\WINDOWS\System32\OLEAUT32.dll
0x00007ffe59a80000 - 0x00007ffe59ac9000 	C:\Program Files\Java\jre1.8.0_202\bin\glass.dll
0x00007ffea1c10000 - 0x00007ffea1d37000 	C:\WINDOWS\System32\COMDLG32.dll
0x00007ffea0d30000 - 0x00007ffea0e9a000 	C:\WINDOWS\System32\MSCTF.dll
0x00007ffe89190000 - 0x00007ffe891a4000 	C:\Program Files\Java\jre1.8.0_202\bin\javafx_font.dll
0x00007ffe8c6c0000 - 0x00007ffe8c9bf000 	C:\WINDOWS\SYSTEM32\dwrite.dll
0x00007ffea0780000 - 0x00007ffea0822000 	C:\WINDOWS\System32\clbcatq.dll
0x00007ffe97820000 - 0x00007ffe979d8000 	C:\WINDOWS\SYSTEM32\WindowsCodecs.dll
0x00007ffe6e150000 - 0x00007ffe6e1a6000 	C:\WINDOWS\system32\dataexchange.dll
0x00007ffe99270000 - 0x00007ffe994ee000 	C:\WINDOWS\system32\d3d11.dll
0x00007ffe99ae0000 - 0x00007ffe99ca3000 	C:\WINDOWS\system32\dcomp.dll
0x00007ffe9e250000 - 0x00007ffe9e312000 	C:\WINDOWS\system32\dxgi.dll
0x00007ffe9d790000 - 0x00007ffe9d99d000 	C:\WINDOWS\system32\twinapi.appcore.dll
0x00007ffe9d9a0000 - 0x00007ffe9d9c8000 	C:\WINDOWS\system32\RMCLIENT.dll
0x00007ffe61be0000 - 0x00007ffe61c13000 	C:\Program Files\Common Files\Microsoft Shared\Ink\rtscom.dll
0x00007ffe8efc0000 - 0x00007ffe8f055000 	C:\WINDOWS\System32\TextInputFramework.dll
0x00007ffe97c90000 - 0x00007ffe97fb2000 	C:\WINDOWS\System32\CoreUIComponents.dll
0x00007ffe9a020000 - 0x00007ffe9a102000 	C:\WINDOWS\System32\CoreMessaging.dll
0x00007ffe9e4c0000 - 0x00007ffe9e4f1000 	C:\WINDOWS\SYSTEM32\ntmarta.dll
0x00007ffe97b30000 - 0x00007ffe97c83000 	C:\WINDOWS\SYSTEM32\wintypes.dll
0x00007ffe8f630000 - 0x00007ffe8f69c000 	C:\WINDOWS\system32\Oleacc.dll
0x00007ffe75a90000 - 0x00007ffe75aa2000 	C:\Program Files\Java\jre1.8.0_202\bin\prism_common.dll
0x00007ffe8b9b0000 - 0x00007ffe8b9ca000 	C:\Program Files\Java\jre1.8.0_202\bin\net.dll
0x00007ffe8fdf0000 - 0x00007ffe8ffc6000 	C:\WINDOWS\SYSTEM32\urlmon.dll
0x00007ffe8d480000 - 0x00007ffe8d728000 	C:\WINDOWS\SYSTEM32\iertutil.dll
0x00007ffe9ee50000 - 0x00007ffe9ee5c000 	C:\WINDOWS\SYSTEM32\CRYPTBASE.DLL
0x00007ffe9ec80000 - 0x00007ffe9ece7000 	C:\WINDOWS\system32\mswsock.dll
0x00007ffe9ea20000 - 0x00007ffe9eae6000 	C:\WINDOWS\SYSTEM32\DNSAPI.dll
0x00007ffea0630000 - 0x00007ffea0638000 	C:\WINDOWS\System32\NSI.dll
0x00007ffe9e9e0000 - 0x00007ffe9ea1d000 	C:\WINDOWS\SYSTEM32\IPHLPAPI.DLL
0x00007ffe8b400000 - 0x00007ffe8b40a000 	C:\Windows\System32\rasadhlp.dll
0x00007ffe8b650000 - 0x00007ffe8b6c9000 	C:\WINDOWS\System32\fwpuclnt.dll
0x00007ffe9f4d0000 - 0x00007ffe9f4f6000 	C:\WINDOWS\System32\bcrypt.dll
0x00007ffe9ddf0000 - 0x00007ffe9dfdd000 	C:\WINDOWS\SYSTEM32\dbghelp.dll

VM Arguments:
jvm_args: -Dfile.encoding=Cp1252 
java_command: application.Main
java_class_path (initial): C:\Users\nope\Desktop\GitRepos\TimerToDo\bin;C:\Users\nope\Desktop\GitRepos\ReferencedLibraries\mysql-connector-java-8.0.15\mysql-connector-java-8.0.15.jar;C:\Users\nope\Desktop\jfoenix-8.0.8.jar;C:\Users\nope\.p2\pool\plugins\org.eclipse.fx.ide.css.jfx8_3.5.0.201902220800.jar
Launcher Type: SUN_STANDARD

Environment Variables:
JAVA_HOME=C:\NVPACK\jdk1.8.0_77
PATH=C:/Program Files/Java/jre1.8.0_202/bin/server;C:/Program Files/Java/jre1.8.0_202/bin;C:/Program Files/Java/jre1.8.0_202/lib/amd64;C:\Program Files\Microsoft MPI\Bin\;C:\Program Files (x86)\Common Files\Oracle\Java\javapath;C:\WINDOWS\system32;C:\WINDOWS;C:\WINDOWS\System32\Wbem;C:\WINDOWS\System32\WindowsPowerShell\v1.0\;C:\WINDOWS\System32\OpenSSH\;C:\Program Files\dotnet\;C:\Program Files\Git\cmd;C:\Program Files (x86)\Microsoft SQL Server\140\Tools\Binn\;C:\Program Files\Microsoft SQL Server\140\Tools\Binn\;C:\Program Files (x86)\Microsoft SQL Server\140\DTS\Binn\;C:\Program Files\Microsoft SQL Server\140\DTS\Binn\;C:\Program Files\Microsoft SQL Server\Client SDK\ODBC\130\Tools\Binn\;C:\Program Files (x86)\Microsoft SQL Server\Client SDK\ODBC\130\Tools\Binn\;C:\Program Files (x86)\Microsoft SQL Server\140\Tools\Binn\ManagementStudio\;C:\Program Files\nodejs\;C:\NVPACK\gradle-2.9\bin;C:\NVPACK\apache-ant-1.8.2\bin;C:\NVPACK\jdk1.8.0_77\bin;C:\NVPACK\android-ndk-r12b;C:\NVPACK\android-sdk-windows\extras\android\support;C:\NVPACK\android-sdk-windows\build-tools;C:\NVPACK\android-sdk-windows\platform-tools;C:\NVPACK\android-sdk-windows\tools;C:\Users\nope\AppData\Local\Microsoft\WindowsApps;C:\Users\nope\IntelliJ IDEA Community Edition 2018.3.4\bin;;C:\Program Files\MySQL\MySQL Server 8.0\bin;;C:\Users\nope\Desktop;
USERNAME=nope
OS=Windows_NT
PROCESSOR_IDENTIFIER=Intel64 Family 6 Model 158 Stepping 9, GenuineIntel



---------------  S Y S T E M  ---------------

OS: Windows 10.0 , 64 bit Build 17763 (10.0.17763.379)

CPU:total 8 (initial active 8) (4 cores per cpu, 2 threads per core) family 6 model 158 stepping 9, cmov, cx8, fxsr, mmx, sse, sse2, sse3, ssse3, sse4.1, sse4.2, popcnt, avx, avx2, aes, clmul, erms, 3dnowpref, lzcnt, ht, tsc, tscinvbit, bmi1, bmi2, adx

Memory: 4k page, physical 16587404k(9221048k free), swap 18592084k(6086880k free)

vm_info: Java HotSpot(TM) 64-Bit Server VM (25.202-b08) for windows-amd64 JRE (1.8.0_202-b08), built on Dec 15 2018 19:54:30 by "java_re" with MS VC++ 10.0 (VS2010)

time: Mon Apr 08 08:29:40 2019
timezone: Eastern Daylight Time
elapsed time: 7 seconds (0d 0h 0m 7s)

