#
# A fatal error has been detected by the Java Runtime Environment:
#
#  EXCEPTION_ACCESS_VIOLATION (0xc0000005) at pc=0x00007ffe59aa78b0, pid=23416, tid=0x0000000000004528
#
# JRE version: Java(TM) SE Runtime Environment (8.0_202-b08) (build 1.8.0_202-b08)
# Java VM: Java HotSpot(TM) 64-Bit Server VM (25.202-b08 mixed mode windows-amd64 compressed oops)
# Problematic frame:
# C  [glass.dll+0x278b0]
#
# Failed to write core dump. Minidumps are not enabled by default on client versions of Windows
#
# If you would like to submit a bug report, please visit:
#   http://bugreport.java.com/bugreport/crash.jsp
#

---------------  T H R E A D  ---------------

Current thread (0x000000001c4f8000):  VMThread [stack: 0x000000001e1d0000,0x000000001e2d0000] [id=17704]

siginfo: ExceptionCode=0xc0000005, reading address 0x0000000000000000

Registers:
RAX=0x0000000000000000, RBX=0x000000001f2e88b8, RCX=0x000000001c4f8000, RDX=0x000000006e8c24e8
RSP=0x000000001e2cf720, RBP=0x0000000000c95818, RSI=0x0000000000c957f0, RDI=0x0000930ba4854d58
R8 =0x0000000000010002, R9 =0x0000930ba4854d58, R10=0x00000000ffffffff, R11=0x000000001e2cf630
R12=0x00007ffe59aa48dc, R13=0x00000000028c1658, R14=0x000000001e2cf828, R15=0x0000000000c957f0
RIP=0x00007ffe59aa78b0, EFLAGS=0x0000000000010206

Top of Stack: (sp=0x000000001e2cf720)
0x000000001e2cf720:   0000000000000000 00007ffea004c7eb
0x000000001e2cf730:   0000000000c95800 0000000000000000
0x000000001e2cf740:   fffffffffffffffe 00007ffe59aa48dc
0x000000001e2cf750:   0000000000c957f8 00007ffea0053e26
0x000000001e2cf760:   000098471112e800 0000000000000000
0x000000001e2cf770:   0000000000c95818 0000000000c957f0
0x000000001e2cf780:   fffffffffffffffe 0000000000000001
0x000000001e2cf790:   0000000000000001 00007ffe59a80000
0x000000001e2cf7a0:   000000001e2cf818 00007ffea0053d4b
0x000000001e2cf7b0:   0000000000000000 000000001e2cf828
0x000000001e2cf7c0:   000000001c385400 00007ffea012c130
0x000000001e2cf7d0:   0000000000000000 00007ffea0053d04
0x000000001e2cf7e0:   0000000000000000 0000000000000001
0x000000001e2cf7f0:   00007ffe00000001 000000001e2cf818
0x000000001e2cf800:   0000000000000000 00007ffe59aa4752
0x000000001e2cf810:   00007ffe59abf108 0000000000000002 

Instructions: (pc=0x00007ffe59aa78b0)
0x00007ffe59aa7890:   40 53 48 83 ec 30 48 c7 44 24 20 fe ff ff ff 48
0x00007ffe59aa78a0:   8b 1d 7a 72 01 00 48 85 db 74 16 e8 00 81 ff ff
0x00007ffe59aa78b0:   4c 8b 00 48 8b d3 48 8b c8 41 ff 90 b0 00 00 00
0x00007ffe59aa78c0:   90 48 83 c4 30 5b c3 cc cc cc cc cc cc cc cc cc 


Register to memory mapping:

RAX=0x0000000000000000 is an unknown value
RBX=0x000000001f2e88b8 is a global jni handle
RCX=0x000000001c4f8000 is an unknown value
RDX=0x000000006e8c24e8 is an unknown value
RSP=0x000000001e2cf720 is an unknown value
RBP=0x0000000000c95818 is an unknown value
RSI=0x0000000000c957f0 is an unknown value
RDI=0x0000930ba4854d58 is an unknown value
R8 =0x0000000000010002 is an unknown value
R9 =0x0000930ba4854d58 is an unknown value
R10=0x00000000ffffffff is an unknown value
R11=0x000000001e2cf630 is an unknown value
R12=0x00007ffe59aa48dc is an unknown value
R13=0x00000000028c1658 is an unknown value
R14=0x000000001e2cf828 is an unknown value
R15=0x0000000000c957f0 is an unknown value


Stack: [0x000000001e1d0000,0x000000001e2d0000],  sp=0x000000001e2cf720,  free space=1021k
Native frames: (J=compiled Java code, j=interpreted, Vv=VM code, C=native code)
C  [glass.dll+0x278b0]
C  [ucrtbase.dll+0x13e26]
C  [ucrtbase.dll+0x13d4b]
C  [ucrtbase.dll+0x13d04]
C  [glass.dll+0x24752]
C  [glass.dll+0x24850]
C  [ntdll.dll+0x48f07]
C  [ntdll.dll+0x435bc]
C  [ntdll.dll+0x66dad]
C  [KERNEL32.DLL+0x1d3ba]
C  [msvcr100.dll+0x20ccd]
V  [jvm.dll+0x214045]
V  [jvm.dll+0x24d5d7]
V  [jvm.dll+0x24c876]
V  [jvm.dll+0x24cd11]
V  [jvm.dll+0x24cf2e]
V  [jvm.dll+0x29fc6a]
C  [msvcr100.dll+0x21d9f]
C  [msvcr100.dll+0x21e3b]
C  [KERNEL32.DLL+0x181f4]
C  [ntdll.dll+0x6a251]

VM_Operation (0x00000000201e8850): Exit, mode: safepoint, requested by thread 0x000000001f27e800


---------------  P R O C E S S  ---------------

Java Threads: ( => current thread )
  0x000000001e672000 JavaThread "mysql-cj-abandoned-connection-cleanup" daemon [_thread_blocked, id=21788, stack(0x000000002a980000,0x000000002aa80000)]
  0x000000001f4a9800 JavaThread "Prism Font Disposer" daemon [_thread_blocked, id=15324, stack(0x0000000029400000,0x0000000029500000)]
  0x000000001f308800 JavaThread "Thread-3" daemon [_thread_in_native, id=22852, stack(0x0000000026d60000,0x0000000026e60000)]
  0x000000001f285000 JavaThread "JavaFX-Launcher" [_thread_blocked, id=18284, stack(0x0000000026e60000,0x0000000026f60000)]
  0x000000001f27e800 JavaThread "JavaFX Application Thread" [_thread_blocked, id=21024, stack(0x00000000200f0000,0x00000000201f0000)]
  0x000000001f26f000 JavaThread "Thread-1" daemon [_thread_blocked, id=20916, stack(0x000000001fff0000,0x00000000200f0000)]
  0x000000001f23f800 JavaThread "QuantumRenderer-0" daemon [_thread_blocked, id=23004, stack(0x000000001fc40000,0x000000001fd40000)]
  0x000000001e47f000 JavaThread "Service Thread" daemon [_thread_blocked, id=18196, stack(0x000000001efd0000,0x000000001f0d0000)]
  0x000000001e409000 JavaThread "C1 CompilerThread3" daemon [_thread_blocked, id=22540, stack(0x000000001eed0000,0x000000001efd0000)]
  0x000000001e405000 JavaThread "C2 CompilerThread2" daemon [_thread_blocked, id=22656, stack(0x000000001edd0000,0x000000001eed0000)]
  0x000000001e3fe800 JavaThread "C2 CompilerThread1" daemon [_thread_blocked, id=22360, stack(0x000000001ecd0000,0x000000001edd0000)]
  0x000000001e3fd000 JavaThread "C2 CompilerThread0" daemon [_thread_blocked, id=17868, stack(0x000000001ebd0000,0x000000001ecd0000)]
  0x000000001e3fa000 JavaThread "Attach Listener" daemon [_thread_blocked, id=18744, stack(0x000000001ead0000,0x000000001ebd0000)]
  0x000000001c50c000 JavaThread "Signal Dispatcher" daemon [_thread_blocked, id=19000, stack(0x000000001e9d0000,0x000000001ead0000)]
  0x000000001e3f0800 JavaThread "Finalizer" daemon [_thread_blocked, id=23136, stack(0x000000001e7d0000,0x000000001e8d0000)]
  0x000000001c4fd000 JavaThread "Reference Handler" daemon [_thread_blocked, id=2832, stack(0x000000001e2d0000,0x000000001e3d0000)]
  0x0000000002a92800 JavaThread "main" [_thread_blocked, id=6720, stack(0x0000000002910000,0x0000000002a10000)]

Other Threads:
=>0x000000001c4f8000 VMThread [stack: 0x000000001e1d0000,0x000000001e2d0000] [id=17704]

VM state:at safepoint (shutting down)

VM Mutex/Monitor currently owned by a thread:  ([mutex/lock_event])
[0x00000000028cd020] Threads_lock - owner thread: 0x000000001c4f8000

heap address: 0x00000006c2e00000, size: 4050 MB, Compressed Oops mode: Zero based, Oop shift amount: 3
Narrow klass base: 0x0000000000000000, Narrow klass shift: 3
Compressed class space size: 1073741824 Address: 0x00000007c0000000

Heap:
 PSYoungGen      total 75776K, used 27479K [0x000000076ba00000, 0x0000000774e00000, 0x00000007c0000000)
  eden space 65024K, 42% used [0x000000076ba00000,0x000000076d4d5fa0,0x000000076f980000)
  from space 10752K, 0% used [0x0000000770400000,0x0000000770400000,0x0000000770e80000)
  to   space 10752K, 0% used [0x000000076f980000,0x000000076f980000,0x0000000770400000)
 ParOldGen       total 86016K, used 10327K [0x00000006c2e00000, 0x00000006c8200000, 0x000000076ba00000)
  object space 86016K, 12% used [0x00000006c2e00000,0x00000006c3815f38,0x00000006c8200000)
 Metaspace       used 23792K, capacity 24722K, committed 24832K, reserved 1071104K
  class space    used 3302K, capacity 3536K, committed 3584K, reserved 1048576K

Card table byte_map: [0x0000000011f50000,0x0000000012740000] byte_map_base: 0x000000000e939000

Marking Bits: (ParMarkBitMap*) 0x000000006eab5ce0
 Begin Bits: [0x0000000013490000, 0x00000000173d8000)
 End Bits:   [0x00000000173d8000, 0x000000001b320000)

Polling page: 0x0000000000c20000

CodeCache: size=245760Kb used=9483Kb max_used=9483Kb free=236276Kb
 bounds [0x0000000002b90000, 0x00000000034e0000, 0x0000000011b90000]
 total_blobs=3796 nmethods=3068 adapters=640
 compilation: enabled

Compilation events (10 events):
Event: 12.276 Thread 0x000000001e409000 3073       3       javafx.scene.layout.CornerRadii::getBottomLeftHorizontalRadius (5 bytes)
Event: 12.276 Thread 0x000000001e409000 nmethod 3073 0x00000000034c9fd0 code [0x00000000034ca120, 0x00000000034ca270]
Event: 12.276 Thread 0x000000001e409000 3074       3       javafx.scene.layout.CornerRadii::getBottomLeftVerticalRadius (5 bytes)
Event: 12.276 Thread 0x000000001e409000 nmethod 3074 0x00000000034d7250 code [0x00000000034d73a0, 0x00000000034d74f0]
Event: 12.276 Thread 0x000000001e409000 3075       3       javafx.scene.layout.CornerRadii::getBottomRightHorizontalRadius (5 bytes)
Event: 12.276 Thread 0x000000001e409000 nmethod 3075 0x00000000034d7590 code [0x00000000034d76e0, 0x00000000034d7830]
Event: 12.276 Thread 0x000000001e409000 3076       3       javafx.scene.layout.CornerRadii::getBottomRightVerticalRadius (5 bytes)
Event: 12.276 Thread 0x000000001e409000 nmethod 3076 0x00000000034d78d0 code [0x00000000034d7a20, 0x00000000034d7b70]
Event: 12.278 Thread 0x000000001e409000 3077       3       javafx.scene.Node::notifyAccessibleAttributeChanged (41 bytes)
Event: 12.279 Thread 0x000000001e409000 nmethod 3077 0x00000000034d7c10 code [0x00000000034d7de0, 0x00000000034d87c8]

GC Heap History (6 events):
Event: 5.968 GC heap before
{Heap before GC invocations=1 (full 0):
 PSYoungGen      total 75776K, used 65024K [0x000000076ba00000, 0x0000000770e80000, 0x00000007c0000000)
  eden space 65024K, 100% used [0x000000076ba00000,0x000000076f980000,0x000000076f980000)
  from space 10752K, 0% used [0x0000000770400000,0x0000000770400000,0x0000000770e80000)
  to   space 10752K, 0% used [0x000000076f980000,0x000000076f980000,0x0000000770400000)
 ParOldGen       total 173568K, used 0K [0x00000006c2e00000, 0x00000006cd780000, 0x000000076ba00000)
  object space 173568K, 0% used [0x00000006c2e00000,0x00000006c2e00000,0x00000006cd780000)
 Metaspace       used 19119K, capacity 19982K, committed 20224K, reserved 1067008K
  class space    used 2788K, capacity 3026K, committed 3072K, reserved 1048576K
Event: 5.975 GC heap after
Heap after GC invocations=1 (full 0):
 PSYoungGen      total 75776K, used 10735K [0x000000076ba00000, 0x0000000770e80000, 0x00000007c0000000)
  eden space 65024K, 0% used [0x000000076ba00000,0x000000076ba00000,0x000000076f980000)
  from space 10752K, 99% used [0x000000076f980000,0x00000007703fbc70,0x0000000770400000)
  to   space 10752K, 0% used [0x0000000770400000,0x0000000770400000,0x0000000770e80000)
 ParOldGen       total 173568K, used 1266K [0x00000006c2e00000, 0x00000006cd780000, 0x000000076ba00000)
  object space 173568K, 0% used [0x00000006c2e00000,0x00000006c2f3cb90,0x00000006cd780000)
 Metaspace       used 19119K, capacity 19982K, committed 20224K, reserved 1067008K
  class space    used 2788K, capacity 3026K, committed 3072K, reserved 1048576K
}
Event: 6.068 GC heap before
{Heap before GC invocations=2 (full 0):
 PSYoungGen      total 75776K, used 15849K [0x000000076ba00000, 0x0000000770e80000, 0x00000007c0000000)
  eden space 65024K, 7% used [0x000000076ba00000,0x000000076befe8d8,0x000000076f980000)
  from space 10752K, 99% used [0x000000076f980000,0x00000007703fbc70,0x0000000770400000)
  to   space 10752K, 0% used [0x0000000770400000,0x0000000770400000,0x0000000770e80000)
 ParOldGen       total 173568K, used 1266K [0x00000006c2e00000, 0x00000006cd780000, 0x000000076ba00000)
  object space 173568K, 0% used [0x00000006c2e00000,0x00000006c2f3cb90,0x00000006cd780000)
 Metaspace       used 20310K, capacity 21214K, committed 21296K, reserved 1067008K
  class space    used 2926K, capacity 3160K, committed 3200K, reserved 1048576K
Event: 6.075 GC heap after
Heap after GC invocations=2 (full 0):
 PSYoungGen      total 75776K, used 10738K [0x000000076ba00000, 0x0000000774e00000, 0x00000007c0000000)
  eden space 65024K, 0% used [0x000000076ba00000,0x000000076ba00000,0x000000076f980000)
  from space 10752K, 99% used [0x0000000770400000,0x0000000770e7caf0,0x0000000770e80000)
  to   space 10752K, 0% used [0x000000076f980000,0x000000076f980000,0x0000000770400000)
 ParOldGen       total 173568K, used 2832K [0x00000006c2e00000, 0x00000006cd780000, 0x000000076ba00000)
  object space 173568K, 1% used [0x00000006c2e00000,0x00000006c30c42a0,0x00000006cd780000)
 Metaspace       used 20310K, capacity 21214K, committed 21296K, reserved 1067008K
  class space    used 2926K, capacity 3160K, committed 3200K, reserved 1048576K
}
Event: 6.075 GC heap before
{Heap before GC invocations=3 (full 1):
 PSYoungGen      total 75776K, used 10738K [0x000000076ba00000, 0x0000000774e00000, 0x00000007c0000000)
  eden space 65024K, 0% used [0x000000076ba00000,0x000000076ba00000,0x000000076f980000)
  from space 10752K, 99% used [0x0000000770400000,0x0000000770e7caf0,0x0000000770e80000)
  to   space 10752K, 0% used [0x000000076f980000,0x000000076f980000,0x0000000770400000)
 ParOldGen       total 173568K, used 2832K [0x00000006c2e00000, 0x00000006cd780000, 0x000000076ba00000)
  object space 173568K, 1% used [0x00000006c2e00000,0x00000006c30c42a0,0x00000006cd780000)
 Metaspace       used 20310K, capacity 21214K, committed 21296K, reserved 1067008K
  class space    used 2926K, capacity 3160K, committed 3200K, reserved 1048576K
Event: 6.106 GC heap after
Heap after GC invocations=3 (full 1):
 PSYoungGen      total 75776K, used 0K [0x000000076ba00000, 0x0000000774e00000, 0x00000007c0000000)
  eden space 65024K, 0% used [0x000000076ba00000,0x000000076ba00000,0x000000076f980000)
  from space 10752K, 0% used [0x0000000770400000,0x0000000770400000,0x0000000770e80000)
  to   space 10752K, 0% used [0x000000076f980000,0x000000076f980000,0x0000000770400000)
 ParOldGen       total 86016K, used 10327K [0x00000006c2e00000, 0x00000006c8200000, 0x000000076ba00000)
  object space 86016K, 12% used [0x00000006c2e00000,0x00000006c3815f38,0x00000006c8200000)
 Metaspace       used 20310K, capacity 21214K, committed 21296K, reserved 1067008K
  class space    used 2926K, capacity 3160K, committed 3200K, reserved 1048576K
}

Deoptimization events (10 events):
Event: 6.722 Thread 0x000000001f27e800 Uncommon trap: reason=array_check action=maybe_recompile pc=0x00000000033e8904 method=com.sun.javafx.css.SimpleSelector.applies(Ljavafx/css/Styleable;[Ljava/util/Set;I)Z @ 37
Event: 6.722 Thread 0x000000001f27e800 Uncommon trap: reason=array_check action=maybe_recompile pc=0x00000000033e8904 method=com.sun.javafx.css.SimpleSelector.applies(Ljavafx/css/Styleable;[Ljava/util/Set;I)Z @ 37
Event: 6.722 Thread 0x000000001f27e800 Uncommon trap: reason=array_check action=maybe_recompile pc=0x00000000033e8904 method=com.sun.javafx.css.SimpleSelector.applies(Ljavafx/css/Styleable;[Ljava/util/Set;I)Z @ 37
Event: 6.758 Thread 0x000000001f27e800 Uncommon trap: reason=unstable_if action=reinterpret pc=0x00000000030d2728 method=javafx.scene.Node.getLocalBounds(Lcom/sun/javafx/geom/BaseBounds;Lcom/sun/javafx/geom/transform/BaseTransform;)Lcom/sun/javafx/geom/BaseBounds; @ 4
Event: 7.391 Thread 0x000000001f27e800 Uncommon trap: reason=class_check action=maybe_recompile pc=0x0000000003472df4 method=com.sun.javafx.event.CompositeEventHandler.dispatchBubblingEvent(Ljavafx/event/Event;)V @ 51
Event: 7.391 Thread 0x000000001f27e800 Uncommon trap: reason=class_check action=maybe_recompile pc=0x0000000003472df4 method=com.sun.javafx.event.CompositeEventHandler.dispatchBubblingEvent(Ljavafx/event/Event;)V @ 51
Event: 7.393 Thread 0x000000001f27e800 Uncommon trap: reason=class_check action=maybe_recompile pc=0x0000000003472df4 method=com.sun.javafx.event.CompositeEventHandler.dispatchBubblingEvent(Ljavafx/event/Event;)V @ 51
Event: 7.395 Thread 0x000000001f27e800 Uncommon trap: reason=class_check action=maybe_recompile pc=0x0000000003450b38 method=com.sun.javafx.event.CompositeEventHandler.dispatchBubblingEvent(Ljavafx/event/Event;)V @ 51
Event: 12.198 Thread 0x000000001f27e800 Uncommon trap: reason=array_check action=maybe_recompile pc=0x0000000003457764 method=com.sun.javafx.css.SimpleSelector.applies(Ljavafx/css/Styleable;[Ljava/util/Set;I)Z @ 37
Event: 12.275 Thread 0x000000001f27e800 Uncommon trap: reason=speculate_class_check action=maybe_recompile pc=0x0000000003112e78 method=com.sun.javafx.scene.EnteredExitedHandler.dispatchCapturingEvent(Ljavafx/event/Event;)Ljavafx/event/Event; @ 12

Classes redefined (0 events):
No events

Internal exceptions (10 events):
Event: 1.224 Thread 0x000000001f27e800 Exception <a 'java/lang/ArrayIndexOutOfBoundsException'> (0x000000076ccccc98) thrown at [C:\re\workspace\8-2-build-windows-amd64-cygwin\jdk8u202\12323\hotspot\src\share\vm\runtime\sharedRuntime.cpp, line 605]
Event: 1.225 Thread 0x000000001f27e800 Exception <a 'java/lang/ArrayIndexOutOfBoundsException'> (0x000000076cccd7b0) thrown at [C:\re\workspace\8-2-build-windows-amd64-cygwin\jdk8u202\12323\hotspot\src\share\vm\runtime\sharedRuntime.cpp, line 605]
Event: 1.225 Thread 0x000000001f27e800 Exception <a 'java/lang/ArrayIndexOutOfBoundsException'> (0x000000076ccceb58) thrown at [C:\re\workspace\8-2-build-windows-amd64-cygwin\jdk8u202\12323\hotspot\src\share\vm\runtime\sharedRuntime.cpp, line 605]
Event: 1.548 Thread 0x000000001f27e800 Exception <a 'java/io/FileNotFoundException'> (0x000000076db12680) thrown at [C:\re\workspace\8-2-build-windows-amd64-cygwin\jdk8u202\12323\hotspot\src\share\vm\prims\jni.cpp, line 710]
Event: 5.779 Thread 0x000000001f27e800 Implicit null exception at 0x000000000310734d to 0x0000000003107615
Event: 5.873 Thread 0x000000001f27e800 Exception <a 'java/lang/ArrayIndexOutOfBoundsException': 79> (0x000000076f1d1150) thrown at [C:\re\workspace\8-2-build-windows-amd64-cygwin\jdk8u202\12323\hotspot\src\share\vm\interpreter\interpreterRuntime.cpp, line 368]
Event: 5.873 Thread 0x000000001f27e800 Exception <a 'java/lang/ArrayIndexOutOfBoundsException': 52> (0x000000076f1d2338) thrown at [C:\re\workspace\8-2-build-windows-amd64-cygwin\jdk8u202\12323\hotspot\src\share\vm\interpreter\interpreterRuntime.cpp, line 368]
Event: 5.873 Thread 0x000000001f27e800 Exception <a 'java/lang/ArrayIndexOutOfBoundsException': 114> (0x000000076f1d3d90) thrown at [C:\re\workspace\8-2-build-windows-amd64-cygwin\jdk8u202\12323\hotspot\src\share\vm\interpreter\interpreterRuntime.cpp, line 368]
Event: 5.892 Thread 0x000000001f27e800 Implicit null exception at 0x0000000002de8dd6 to 0x0000000002de9185
Event: 12.286 Thread 0x000000002af94800 Exception <a 'java/lang/IllegalStateException'> (0x000000076d48af00) thrown at [C:\re\workspace\8-2-build-windows-amd64-cygwin\jdk8u202\12323\hotspot\src\share\vm\prims\jvm.cpp, line 1506]

Events (10 events):
Event: 12.285 loading class java/util/IdentityHashMap$IdentityHashMapIterator
Event: 12.285 loading class java/util/IdentityHashMap$IdentityHashMapIterator done
Event: 12.285 loading class java/util/IdentityHashMap$KeyIterator done
Event: 12.285 Thread 0x000000002af94800 Thread added: 0x000000002af94800
Event: 12.286 loading class com/sun/javafx/tk/quantum/QuantumRenderer
Event: 12.286 loading class com/sun/javafx/tk/quantum/QuantumRenderer done
Event: 12.286 loading class com/sun/javafx/tk/quantum/QuantumToolkit
Event: 12.286 loading class com/sun/javafx/tk/quantum/QuantumToolkit done
Event: 12.286 Thread 0x000000002af94800 Thread exited: 0x000000002af94800
Event: 12.286 Executing VM operation: Exit


Dynamic libraries:
0x00007ff684080000 - 0x00007ff6840b7000 	C:\Program Files\Java\jre1.8.0_202\bin\javaw.exe
0x00007ffea3400000 - 0x00007ffea35ed000 	C:\WINDOWS\SYSTEM32\ntdll.dll
0x00007ffea0ea0000 - 0x00007ffea0f53000 	C:\WINDOWS\System32\KERNEL32.DLL
0x00007ffe9f500000 - 0x00007ffe9f793000 	C:\WINDOWS\System32\KERNELBASE.dll
0x00007ffea0670000 - 0x00007ffea0713000 	C:\WINDOWS\System32\ADVAPI32.dll
0x00007ffea10b0000 - 0x00007ffea114e000 	C:\WINDOWS\System32\msvcrt.dll
0x00007ffea0ad0000 - 0x00007ffea0b6e000 	C:\WINDOWS\System32\sechost.dll
0x00007ffea0830000 - 0x00007ffea0952000 	C:\WINDOWS\System32\RPCRT4.dll
0x00007ffea3230000 - 0x00007ffea33c7000 	C:\WINDOWS\System32\USER32.dll
0x00007ffea02e0000 - 0x00007ffea0300000 	C:\WINDOWS\System32\win32u.dll
0x00007ffea15d0000 - 0x00007ffea15f9000 	C:\WINDOWS\System32\GDI32.dll
0x00007ffea0140000 - 0x00007ffea02da000 	C:\WINDOWS\System32\gdi32full.dll
0x00007ffea0590000 - 0x00007ffea0630000 	C:\WINDOWS\System32\msvcp_win.dll
0x00007ffea0040000 - 0x00007ffea013a000 	C:\WINDOWS\System32\ucrtbase.dll
0x00007ffe8c9d0000 - 0x00007ffe8cc49000 	C:\WINDOWS\WinSxS\amd64_microsoft.windows.common-controls_6595b64144ccf1df_6.0.17763.379_none_05b83be8071c94a1\COMCTL32.dll
0x00007ffea11c0000 - 0x00007ffea14ed000 	C:\WINDOWS\System32\combase.dll
0x00007ffe9f810000 - 0x00007ffe9f88e000 	C:\WINDOWS\System32\bcryptPrimitives.dll
0x00007ffea0640000 - 0x00007ffea066e000 	C:\WINDOWS\System32\IMM32.DLL
0x000000006ddc0000 - 0x000000006de92000 	C:\Program Files\Java\jre1.8.0_202\bin\msvcr100.dll
0x000000006e290000 - 0x000000006eb35000 	C:\Program Files\Java\jre1.8.0_202\bin\server\jvm.dll
0x00007ffea0960000 - 0x00007ffea0968000 	C:\WINDOWS\System32\PSAPI.DLL
0x00007ffe88410000 - 0x00007ffe88419000 	C:\WINDOWS\SYSTEM32\WSOCK32.dll
0x00007ffe98d00000 - 0x00007ffe98d24000 	C:\WINDOWS\SYSTEM32\WINMM.dll
0x00007ffe971a0000 - 0x00007ffe971aa000 	C:\WINDOWS\SYSTEM32\VERSION.dll
0x00007ffea1150000 - 0x00007ffea11bd000 	C:\WINDOWS\System32\WS2_32.dll
0x00007ffe98cd0000 - 0x00007ffe98cfd000 	C:\WINDOWS\SYSTEM32\winmmbase.dll
0x00007ffe9f7a0000 - 0x00007ffe9f7ea000 	C:\WINDOWS\System32\cfgmgr32.dll
0x00007ffe8bc10000 - 0x00007ffe8bc1f000 	C:\Program Files\Java\jre1.8.0_202\bin\verify.dll
0x00007ffe8bb10000 - 0x00007ffe8bb39000 	C:\Program Files\Java\jre1.8.0_202\bin\java.dll
0x00007ffe8bad0000 - 0x00007ffe8bae6000 	C:\Program Files\Java\jre1.8.0_202\bin\zip.dll
0x00007ffea1d40000 - 0x00007ffea3230000 	C:\WINDOWS\System32\SHELL32.dll
0x00007ffea0f60000 - 0x00007ffea1008000 	C:\WINDOWS\System32\shcore.dll
0x00007ffe9f890000 - 0x00007ffe9ffda000 	C:\WINDOWS\System32\windows.storage.dll
0x00007ffe9f4a0000 - 0x00007ffe9f4c4000 	C:\WINDOWS\System32\profapi.dll
0x00007ffe9f420000 - 0x00007ffe9f47d000 	C:\WINDOWS\System32\powrprof.dll
0x00007ffea1570000 - 0x00007ffea15c2000 	C:\WINDOWS\System32\shlwapi.dll
0x00007ffe9f400000 - 0x00007ffe9f411000 	C:\WINDOWS\System32\kernel.appcore.dll
0x00007ffe9f7f0000 - 0x00007ffe9f807000 	C:\WINDOWS\System32\cryptsp.dll
0x0000000002a70000 - 0x0000000002a73000 	C:\Program Files\Java\jre1.8.0_202\bin\api-ms-win-core-console-l1-1-0.dll
0x000000001f9d0000 - 0x000000001f9d3000 	C:\Program Files\Java\jre1.8.0_202\bin\api-ms-win-core-datetime-l1-1-0.dll
0x000000001f9e0000 - 0x000000001f9e3000 	C:\Program Files\Java\jre1.8.0_202\bin\api-ms-win-core-debug-l1-1-0.dll
0x000000001f9f0000 - 0x000000001f9f3000 	C:\Program Files\Java\jre1.8.0_202\bin\api-ms-win-core-errorhandling-l1-1-0.dll
0x000000001fa00000 - 0x000000001fa04000 	C:\Program Files\Java\jre1.8.0_202\bin\api-ms-win-core-file-l1-1-0.dll
0x000000001fa10000 - 0x000000001fa13000 	C:\Program Files\Java\jre1.8.0_202\bin\api-ms-win-core-file-l1-2-0.dll
0x000000001fa20000 - 0x000000001fa23000 	C:\Program Files\Java\jre1.8.0_202\bin\api-ms-win-core-file-l2-1-0.dll
0x000000001fa30000 - 0x000000001fa33000 	C:\Program Files\Java\jre1.8.0_202\bin\api-ms-win-core-handle-l1-1-0.dll
0x000000001fa40000 - 0x000000001fa43000 	C:\Program Files\Java\jre1.8.0_202\bin\api-ms-win-core-heap-l1-1-0.dll
0x000000001fa50000 - 0x000000001fa53000 	C:\Program Files\Java\jre1.8.0_202\bin\api-ms-win-core-interlocked-l1-1-0.dll
0x000000001fa60000 - 0x000000001fa63000 	C:\Program Files\Java\jre1.8.0_202\bin\api-ms-win-core-libraryloader-l1-1-0.dll
0x000000001fa70000 - 0x000000001fa73000 	C:\Program Files\Java\jre1.8.0_202\bin\api-ms-win-core-localization-l1-2-0.dll
0x000000001fa80000 - 0x000000001fa83000 	C:\Program Files\Java\jre1.8.0_202\bin\api-ms-win-core-memory-l1-1-0.dll
0x000000001fa90000 - 0x000000001fa93000 	C:\Program Files\Java\jre1.8.0_202\bin\api-ms-win-core-namedpipe-l1-1-0.dll
0x000000001faa0000 - 0x000000001faa3000 	C:\Program Files\Java\jre1.8.0_202\bin\api-ms-win-core-processenvironment-l1-1-0.dll
0x000000001fab0000 - 0x000000001fab3000 	C:\Program Files\Java\jre1.8.0_202\bin\api-ms-win-core-processthreads-l1-1-0.dll
0x000000001fac0000 - 0x000000001fac3000 	C:\Program Files\Java\jre1.8.0_202\bin\api-ms-win-core-processthreads-l1-1-1.dll
0x000000001fad0000 - 0x000000001fad3000 	C:\Program Files\Java\jre1.8.0_202\bin\api-ms-win-core-profile-l1-1-0.dll
0x000000001fae0000 - 0x000000001fae3000 	C:\Program Files\Java\jre1.8.0_202\bin\api-ms-win-core-rtlsupport-l1-1-0.dll
0x000000001faf0000 - 0x000000001faf3000 	C:\Program Files\Java\jre1.8.0_202\bin\api-ms-win-core-string-l1-1-0.dll
0x000000001fb00000 - 0x000000001fb03000 	C:\Program Files\Java\jre1.8.0_202\bin\api-ms-win-core-synch-l1-1-0.dll
0x000000001fb10000 - 0x000000001fb13000 	C:\Program Files\Java\jre1.8.0_202\bin\api-ms-win-core-synch-l1-2-0.dll
0x000000001fb20000 - 0x000000001fb23000 	C:\Program Files\Java\jre1.8.0_202\bin\api-ms-win-core-sysinfo-l1-1-0.dll
0x000000001fb30000 - 0x000000001fb33000 	C:\Program Files\Java\jre1.8.0_202\bin\api-ms-win-core-timezone-l1-1-0.dll
0x000000001fb40000 - 0x000000001fb43000 	C:\Program Files\Java\jre1.8.0_202\bin\api-ms-win-core-util-l1-1-0.dll
0x000000001fb50000 - 0x000000001fb53000 	C:\Program Files\Java\jre1.8.0_202\bin\api-ms-win-crt-conio-l1-1-0.dll
0x000000001fb60000 - 0x000000001fb64000 	C:\Program Files\Java\jre1.8.0_202\bin\api-ms-win-crt-convert-l1-1-0.dll
0x000000001fb70000 - 0x000000001fb73000 	C:\Program Files\Java\jre1.8.0_202\bin\api-ms-win-crt-environment-l1-1-0.dll
0x000000001fb80000 - 0x000000001fb83000 	C:\Program Files\Java\jre1.8.0_202\bin\api-ms-win-crt-filesystem-l1-1-0.dll
0x000000001fb90000 - 0x000000001fb93000 	C:\Program Files\Java\jre1.8.0_202\bin\api-ms-win-crt-heap-l1-1-0.dll
0x000000001fba0000 - 0x000000001fba3000 	C:\Program Files\Java\jre1.8.0_202\bin\api-ms-win-crt-locale-l1-1-0.dll
0x000000001fbb0000 - 0x000000001fbb5000 	C:\Program Files\Java\jre1.8.0_202\bin\api-ms-win-crt-math-l1-1-0.dll
0x000000001fbc0000 - 0x000000001fbc5000 	C:\Program Files\Java\jre1.8.0_202\bin\api-ms-win-crt-multibyte-l1-1-0.dll
0x000000001fbd0000 - 0x000000001fbe0000 	C:\Program Files\Java\jre1.8.0_202\bin\api-ms-win-crt-private-l1-1-0.dll
0x000000001fbe0000 - 0x000000001fbe3000 	C:\Program Files\Java\jre1.8.0_202\bin\api-ms-win-crt-process-l1-1-0.dll
0x000000001fbf0000 - 0x000000001fbf4000 	C:\Program Files\Java\jre1.8.0_202\bin\api-ms-win-crt-runtime-l1-1-0.dll
0x000000001fc00000 - 0x000000001fc04000 	C:\Program Files\Java\jre1.8.0_202\bin\api-ms-win-crt-stdio-l1-1-0.dll
0x000000001fc10000 - 0x000000001fc14000 	C:\Program Files\Java\jre1.8.0_202\bin\api-ms-win-crt-string-l1-1-0.dll
0x000000001fc20000 - 0x000000001fc23000 	C:\Program Files\Java\jre1.8.0_202\bin\api-ms-win-crt-time-l1-1-0.dll
0x000000001fc30000 - 0x000000001fc33000 	C:\Program Files\Java\jre1.8.0_202\bin\api-ms-win-crt-utility-l1-1-0.dll
0x00007ffe59b70000 - 0x00007ffe59c66000 	C:\Program Files\Java\jre1.8.0_202\bin\ucrtbase.dll
0x00007ffe8bb40000 - 0x00007ffe8bb56000 	C:\Program Files\Java\jre1.8.0_202\bin\vcruntime140.dll
0x00007ffe59ad0000 - 0x00007ffe59b6c000 	C:\Program Files\Java\jre1.8.0_202\bin\msvcp140.dll
0x00007ffe65a50000 - 0x00007ffe65aa1000 	C:\Program Files\Java\jre1.8.0_202\bin\concrt140.dll
0x00007ffe8b9d0000 - 0x00007ffe8b9f3000 	C:\Program Files\Java\jre1.8.0_202\bin\prism_d3d.dll
0x00007ffe64f00000 - 0x00007ffe6509e000 	C:\WINDOWS\system32\d3d9.dll
0x00007ffe9d760000 - 0x00007ffe9d78e000 	C:\WINDOWS\SYSTEM32\dwmapi.dll
0x00007ffea03b0000 - 0x00007ffea058b000 	C:\WINDOWS\System32\CRYPT32.dll
0x00007ffe9f480000 - 0x00007ffe9f492000 	C:\WINDOWS\System32\MSASN1.dll
0x00007ffe9d690000 - 0x00007ffe9d72c000 	C:\WINDOWS\system32\uxtheme.dll
0x00007ffe54120000 - 0x00007ffe542f7000 	C:\WINDOWS\System32\DriverStore\FileRepository\k127369.inf_amd64_b8b3c10a6624488c\igdumdim64.dll
0x00007ffe2e140000 - 0x00007ffe3113d000 	C:\WINDOWS\System32\DriverStore\FileRepository\k127369.inf_amd64_b8b3c10a6624488c\igd9dxva64.dll
0x00007ffea0970000 - 0x00007ffea0ac5000 	C:\WINDOWS\System32\ole32.dll
0x00007ffea1660000 - 0x00007ffea172b000 	C:\WINDOWS\System32\OLEAUT32.dll
0x00007ffe59a80000 - 0x00007ffe59ac9000 	C:\Program Files\Java\jre1.8.0_202\bin\glass.dll
0x00007ffea1c10000 - 0x00007ffea1d37000 	C:\WINDOWS\System32\COMDLG32.dll
0x00007ffea0d30000 - 0x00007ffea0e9a000 	C:\WINDOWS\System32\MSCTF.dll
0x00007ffe92fa0000 - 0x00007ffe94d35000 	C:\WINDOWS\System32\DriverStore\FileRepository\k127369.inf_amd64_b8b3c10a6624488c\igc64.dll
0x00007ffe89190000 - 0x00007ffe891a4000 	C:\Program Files\Java\jre1.8.0_202\bin\javafx_font.dll
0x00007ffe8c6c0000 - 0x00007ffe8c9bf000 	C:\WINDOWS\SYSTEM32\dwrite.dll
0x00007ffea0780000 - 0x00007ffea0822000 	C:\WINDOWS\System32\clbcatq.dll
0x00007ffe97820000 - 0x00007ffe979d8000 	C:\WINDOWS\SYSTEM32\WindowsCodecs.dll
0x00007ffe6e150000 - 0x00007ffe6e1a6000 	C:\WINDOWS\system32\dataexchange.dll
0x00007ffe99270000 - 0x00007ffe994ee000 	C:\WINDOWS\system32\d3d11.dll
0x00007ffe99ae0000 - 0x00007ffe99ca3000 	C:\WINDOWS\system32\dcomp.dll
0x00007ffe9e250000 - 0x00007ffe9e312000 	C:\WINDOWS\system32\dxgi.dll
0x00007ffe9d790000 - 0x00007ffe9d99d000 	C:\WINDOWS\system32\twinapi.appcore.dll
0x00007ffe9d9a0000 - 0x00007ffe9d9c8000 	C:\WINDOWS\system32\RMCLIENT.dll
0x00007ffe891c0000 - 0x00007ffe891f3000 	C:\Program Files\Common Files\Microsoft Shared\Ink\rtscom.dll
0x00007ffe8efc0000 - 0x00007ffe8f055000 	C:\WINDOWS\System32\TextInputFramework.dll
0x00007ffe97c90000 - 0x00007ffe97fb2000 	C:\WINDOWS\System32\CoreUIComponents.dll
0x00007ffe9a020000 - 0x00007ffe9a102000 	C:\WINDOWS\System32\CoreMessaging.dll
0x00007ffe9e4c0000 - 0x00007ffe9e4f1000 	C:\WINDOWS\SYSTEM32\ntmarta.dll
0x00007ffe97b30000 - 0x00007ffe97c83000 	C:\WINDOWS\SYSTEM32\wintypes.dll
0x00007ffe8f630000 - 0x00007ffe8f69c000 	C:\WINDOWS\system32\Oleacc.dll
0x00007ffe8a9e0000 - 0x00007ffe8a9f2000 	C:\Program Files\Java\jre1.8.0_202\bin\prism_common.dll
0x00007ffe8b9b0000 - 0x00007ffe8b9ca000 	C:\Program Files\Java\jre1.8.0_202\bin\net.dll
0x00007ffe8fdf0000 - 0x00007ffe8ffc6000 	C:\WINDOWS\SYSTEM32\urlmon.dll
0x00007ffe8d480000 - 0x00007ffe8d728000 	C:\WINDOWS\SYSTEM32\iertutil.dll
0x00007ffe9ee50000 - 0x00007ffe9ee5c000 	C:\WINDOWS\SYSTEM32\CRYPTBASE.DLL
0x00007ffe9ec80000 - 0x00007ffe9ece7000 	C:\WINDOWS\system32\mswsock.dll
0x00007ffe9ea20000 - 0x00007ffe9eae6000 	C:\WINDOWS\SYSTEM32\DNSAPI.dll
0x00007ffea0630000 - 0x00007ffea0638000 	C:\WINDOWS\System32\NSI.dll
0x00007ffe9e9e0000 - 0x00007ffe9ea1d000 	C:\WINDOWS\SYSTEM32\IPHLPAPI.DLL
0x00007ffe8b400000 - 0x00007ffe8b40a000 	C:\Windows\System32\rasadhlp.dll
0x00007ffe8b650000 - 0x00007ffe8b6c9000 	C:\WINDOWS\System32\fwpuclnt.dll
0x00007ffe9f4d0000 - 0x00007ffe9f4f6000 	C:\WINDOWS\System32\bcrypt.dll
0x00007ffe65a20000 - 0x00007ffe65a44000 	C:\Program Files\Java\jre1.8.0_202\bin\sunec.dll
0x00007ffe90630000 - 0x00007ffe90646000 	C:\WINDOWS\SYSTEM32\dhcpcsvc6.DLL
0x00007ffe90ae0000 - 0x00007ffe90afc000 	C:\WINDOWS\SYSTEM32\dhcpcsvc.DLL

VM Arguments:
jvm_args: -Dfile.encoding=Cp1252 
java_command: application.Main
java_class_path (initial): C:\Users\nope\Desktop\GitRepos\TimerToDo\bin;C:\Users\nope\Desktop\GitRepos\ReferencedLibraries\mysql-connector-java-8.0.15\mysql-connector-java-8.0.15.jar;C:\Users\nope\Desktop\jfoenix-8.0.8.jar;C:\Users\nope\.p2\pool\plugins\org.eclipse.fx.ide.css.jfx8_3.5.0.201902220800.jar
Launcher Type: SUN_STANDARD

Environment Variables:
JAVA_HOME=C:\NVPACK\jdk1.8.0_77
PATH=C:/Program Files/Java/jre1.8.0_202/bin/server;C:/Program Files/Java/jre1.8.0_202/bin;C:/Program Files/Java/jre1.8.0_202/lib/amd64;C:\Program Files\Microsoft MPI\Bin\;C:\Program Files (x86)\Common Files\Oracle\Java\javapath;C:\WINDOWS\system32;C:\WINDOWS;C:\WINDOWS\System32\Wbem;C:\WINDOWS\System32\WindowsPowerShell\v1.0\;C:\WINDOWS\System32\OpenSSH\;C:\Program Files\dotnet\;C:\Program Files\Git\cmd;C:\Program Files (x86)\Microsoft SQL Server\140\Tools\Binn\;C:\Program Files\Microsoft SQL Server\140\Tools\Binn\;C:\Program Files (x86)\Microsoft SQL Server\140\DTS\Binn\;C:\Program Files\Microsoft SQL Server\140\DTS\Binn\;C:\Program Files\Microsoft SQL Server\Client SDK\ODBC\130\Tools\Binn\;C:\Program Files (x86)\Microsoft SQL Server\Client SDK\ODBC\130\Tools\Binn\;C:\Program Files (x86)\Microsoft SQL Server\140\Tools\Binn\ManagementStudio\;C:\Program Files\nodejs\;C:\NVPACK\gradle-2.9\bin;C:\NVPACK\apache-ant-1.8.2\bin;C:\NVPACK\jdk1.8.0_77\bin;C:\NVPACK\android-ndk-r12b;C:\NVPACK\android-sdk-windows\extras\android\support;C:\NVPACK\android-sdk-windows\build-tools;C:\NVPACK\android-sdk-windows\platform-tools;C:\NVPACK\android-sdk-windows\tools;C:\Users\nope\AppData\Local\Microsoft\WindowsApps;C:\Users\nope\IntelliJ IDEA Community Edition 2018.3.4\bin;;C:\Program Files\MySQL\MySQL Server 8.0\bin;;C:\Users\nope\Desktop;
USERNAME=nope
OS=Windows_NT
PROCESSOR_IDENTIFIER=Intel64 Family 6 Model 158 Stepping 9, GenuineIntel



---------------  S Y S T E M  ---------------

OS: Windows 10.0 , 64 bit Build 17763 (10.0.17763.379)

CPU:total 8 (initial active 8) (4 cores per cpu, 2 threads per core) family 6 model 158 stepping 9, cmov, cx8, fxsr, mmx, sse, sse2, sse3, ssse3, sse4.1, sse4.2, popcnt, avx, avx2, aes, clmul, erms, 3dnowpref, lzcnt, ht, tsc, tscinvbit, bmi1, bmi2, adx

Memory: 4k page, physical 16587404k(8876524k free), swap 18501444k(5738408k free)

vm_info: Java HotSpot(TM) 64-Bit Server VM (25.202-b08) for windows-amd64 JRE (1.8.0_202-b08), built on Dec 15 2018 19:54:30 by "java_re" with MS VC++ 10.0 (VS2010)

time: Tue Apr 09 02:29:09 2019
timezone: Eastern Daylight Time
elapsed time: 12 seconds (0d 0h 0m 12s)

