#
# A fatal error has been detected by the Java Runtime Environment:
#
#  EXCEPTION_ACCESS_VIOLATION (0xc0000005) at pc=0x00007ffefa1c78b0, pid=240, tid=0x0000000000003d1c
#
# JRE version: Java(TM) SE Runtime Environment (8.0_202-b08) (build 1.8.0_202-b08)
# Java VM: Java HotSpot(TM) 64-Bit Server VM (25.202-b08 mixed mode windows-amd64 compressed oops)
# Problematic frame:
# C  [glass.dll+0x278b0]
#
# Failed to write core dump. Minidumps are not enabled by default on client versions of Windows
#
# If you would like to submit a bug report, please visit:
#   http://bugreport.java.com/bugreport/crash.jsp
#

---------------  T H R E A D  ---------------

Current thread (0x000000001c338800):  VMThread [stack: 0x000000001e030000,0x000000001e130000] [id=15644]

siginfo: ExceptionCode=0xc0000005, reading address 0x0000000000000000

Registers:
RAX=0x0000000000000000, RBX=0x000000001e6197d8, RCX=0x000000001c338800, RDX=0x00000000518124e8
RSP=0x000000001e12f360, RBP=0x000000000099a378, RSI=0x000000000099a350, RDI=0x0000b9aee3f94050
R8 =0x0000000000010002, R9 =0x0000b9aee3f94050, R10=0x00000000ffffffff, R11=0x000000001e12f170
R12=0x00007ffefa1c48dc, R13=0x0000000000f81658, R14=0x000000001e12f468, R15=0x000000000099a350
RIP=0x00007ffefa1c78b0, EFLAGS=0x0000000000010202

Top of Stack: (sp=0x000000001e12f360)
0x000000001e12f360:   0000000000000000 00007fff23fac7eb
0x000000001e12f370:   000000000099a360 0000000000000000
0x000000001e12f380:   fffffffffffffffe 000000020000001c
0x000000001e12f390:   000000000099a358 00007fff23fb3e26
0x000000001e12f3a0:   0000e86f2113c90a 0000000000000000
0x000000001e12f3b0:   000000000099a378 000000000099a350
0x000000001e12f3c0:   fffffffffffffffe 0000000000000001
0x000000001e12f3d0:   0000000000000001 00007ffefa1a0000
0x000000001e12f3e0:   000000001e12f458 00007fff23fb3d4b
0x000000001e12f3f0:   0000000000000000 000000001e12f468
0x000000001e12f400:   0000000002979880 00007fff2408c130
0x000000001e12f410:   0000000000000000 00007fff23fb3d04
0x000000001e12f420:   0000000000000000 0000000000000001
0x000000001e12f430:   000000001f3cf290 000000001e12f458
0x000000001e12f440:   0000000000000000 00007ffefa1c4752
0x000000001e12f450:   00007ffefa1df108 0000000000000002 

Instructions: (pc=0x00007ffefa1c78b0)
0x00007ffefa1c7890:   40 53 48 83 ec 30 48 c7 44 24 20 fe ff ff ff 48
0x00007ffefa1c78a0:   8b 1d 7a 72 01 00 48 85 db 74 16 e8 00 81 ff ff
0x00007ffefa1c78b0:   4c 8b 00 48 8b d3 48 8b c8 41 ff 90 b0 00 00 00
0x00007ffefa1c78c0:   90 48 83 c4 30 5b c3 cc cc cc cc cc cc cc cc cc 


Register to memory mapping:

RAX=0x0000000000000000 is an unknown value
RBX=0x000000001e6197d8 is a global jni handle
RCX=0x000000001c338800 is an unknown value
RDX=0x00000000518124e8 is an unknown value
RSP=0x000000001e12f360 is an unknown value
RBP=0x000000000099a378 is an unknown value
RSI=0x000000000099a350 is an unknown value
RDI=0x0000b9aee3f94050 is an unknown value
R8 =0x0000000000010002 is an unknown value
R9 =0x0000b9aee3f94050 is an unknown value
R10=0x00000000ffffffff is an unknown value
R11=0x000000001e12f170 is an unknown value
R12=0x00007ffefa1c48dc is an unknown value
R13=0x0000000000f81658 is an unknown value
R14=0x000000001e12f468 is an unknown value
R15=0x000000000099a350 is an unknown value


Stack: [0x000000001e030000,0x000000001e130000],  sp=0x000000001e12f360,  free space=1020k
Native frames: (J=compiled Java code, j=interpreted, Vv=VM code, C=native code)
C  [glass.dll+0x278b0]
C  [ucrtbase.dll+0x13e26]
C  [ucrtbase.dll+0x13d4b]
C  [ucrtbase.dll+0x13d04]
C  [glass.dll+0x24752]
C  [glass.dll+0x24850]
C  [ntdll.dll+0x48f07]
C  [ntdll.dll+0x435bc]
C  [ntdll.dll+0x66dad]
C  [KERNEL32.DLL+0x1d3ba]
C  [msvcr100.dll+0x20ccd]
V  [jvm.dll+0x214045]
V  [jvm.dll+0x24d5d7]
V  [jvm.dll+0x24c876]
V  [jvm.dll+0x24cd11]
V  [jvm.dll+0x24cf2e]
V  [jvm.dll+0x29fc6a]
C  [msvcr100.dll+0x21d9f]
C  [msvcr100.dll+0x21e3b]
C  [KERNEL32.DLL+0x181f4]
C  [ntdll.dll+0x6a251]

VM_Operation (0x0000000020019f20): Exit, mode: safepoint, requested by thread 0x000000001f35f800


---------------  P R O C E S S  ---------------

Java Threads: ( => current thread )
  0x000000001f9f4800 JavaThread "Prism Font Disposer" daemon [_thread_blocked, id=13712, stack(0x0000000029650000,0x0000000029750000)]
  0x000000001f796000 JavaThread "mysql-cj-abandoned-connection-cleanup" daemon [_thread_blocked, id=6332, stack(0x0000000027210000,0x0000000027310000)]
  0x000000001f3df800 JavaThread "Thread-3" daemon [_thread_in_native, id=1784, stack(0x0000000026b10000,0x0000000026c10000)]
  0x000000001f383000 JavaThread "JavaFX-Launcher" [_thread_blocked, id=1320, stack(0x0000000026c10000,0x0000000026d10000)]
  0x000000001f35f800 JavaThread "JavaFX Application Thread" [_thread_blocked, id=2276, stack(0x000000001ff20000,0x0000000020020000)]
  0x000000001e625800 JavaThread "Thread-1" daemon [_thread_blocked, id=6548, stack(0x000000001fe20000,0x000000001ff20000)]
  0x000000001e600800 JavaThread "QuantumRenderer-0" daemon [_thread_blocked, id=4900, stack(0x000000001f250000,0x000000001f350000)]
  0x000000001e2e8000 JavaThread "Service Thread" daemon [_thread_blocked, id=10732, stack(0x000000001ee30000,0x000000001ef30000)]
  0x000000001e270800 JavaThread "C1 CompilerThread3" daemon [_thread_blocked, id=15392, stack(0x000000001ed30000,0x000000001ee30000)]
  0x000000001e265800 JavaThread "C2 CompilerThread2" daemon [_thread_blocked, id=5980, stack(0x000000001ec30000,0x000000001ed30000)]
  0x000000001e25e000 JavaThread "C2 CompilerThread1" daemon [_thread_blocked, id=14860, stack(0x000000001eb30000,0x000000001ec30000)]
  0x000000001e25c000 JavaThread "C2 CompilerThread0" daemon [_thread_blocked, id=15000, stack(0x000000001ea30000,0x000000001eb30000)]
  0x000000001e259800 JavaThread "Attach Listener" daemon [_thread_blocked, id=4896, stack(0x000000001e930000,0x000000001ea30000)]
  0x000000001e256800 JavaThread "Signal Dispatcher" daemon [_thread_blocked, id=11308, stack(0x000000001e830000,0x000000001e930000)]
  0x000000001e250800 JavaThread "Finalizer" daemon [_thread_blocked, id=9476, stack(0x000000001e630000,0x000000001e730000)]
  0x00000000029c7000 JavaThread "Reference Handler" daemon [_thread_blocked, id=1668, stack(0x000000001e130000,0x000000001e230000)]
  0x00000000028d2800 JavaThread "main" [_thread_blocked, id=15288, stack(0x0000000002770000,0x0000000002870000)]

Other Threads:
=>0x000000001c338800 VMThread [stack: 0x000000001e030000,0x000000001e130000] [id=15644]

VM state:at safepoint (shutting down)

VM Mutex/Monitor currently owned by a thread:  ([mutex/lock_event])
[0x0000000000f8d120] Threads_lock - owner thread: 0x000000001c338800

heap address: 0x00000006c2e00000, size: 4050 MB, Compressed Oops mode: Zero based, Oop shift amount: 3
Narrow klass base: 0x0000000000000000, Narrow klass shift: 3
Compressed class space size: 1073741824 Address: 0x00000007c0000000

Heap:
 PSYoungGen      total 75776K, used 56853K [0x000000076ba00000, 0x0000000770e80000, 0x00000007c0000000)
  eden space 65024K, 87% used [0x000000076ba00000,0x000000076f1854a8,0x000000076f980000)
  from space 10752K, 0% used [0x0000000770400000,0x0000000770400000,0x0000000770e80000)
  to   space 10752K, 0% used [0x000000076f980000,0x000000076f980000,0x0000000770400000)
 ParOldGen       total 173568K, used 0K [0x00000006c2e00000, 0x00000006cd780000, 0x000000076ba00000)
  object space 173568K, 0% used [0x00000006c2e00000,0x00000006c2e00000,0x00000006cd780000)
 Metaspace       used 18340K, capacity 19072K, committed 19200K, reserved 1064960K
  class space    used 2559K, capacity 2770K, committed 2816K, reserved 1048576K

Card table byte_map: [0x0000000011d90000,0x0000000012580000] byte_map_base: 0x000000000e779000

Marking Bits: (ParMarkBitMap*) 0x0000000051a05ce0
 Begin Bits: [0x00000000132d0000, 0x0000000017218000)
 End Bits:   [0x0000000017218000, 0x000000001b160000)

Polling page: 0x0000000000f10000

CodeCache: size=245760Kb used=5431Kb max_used=5431Kb free=240329Kb
 bounds [0x00000000029d0000, 0x0000000002f20000, 0x00000000119d0000]
 total_blobs=2320 nmethods=1659 adapters=573
 compilation: enabled

Compilation events (10 events):
Event: 6.311 Thread 0x000000001e270800 1655       3       javafx.event.Event::fireEvent (35 bytes)
Event: 6.311 Thread 0x000000001e270800 nmethod 1655 0x0000000002f1d8d0 code [0x0000000002f1da60, 0x0000000002f1dda8]
Event: 6.311 Thread 0x000000001e270800 1656   !   3       com.sun.javafx.tk.quantum.QuantumToolkit::runWithoutRenderLock (49 bytes)
Event: 6.312 Thread 0x000000001e270800 nmethod 1656 0x0000000002f1df10 code [0x0000000002f1e0e0, 0x0000000002f1ebb8]
Event: 6.312 Thread 0x000000001e270800 1657       3       java.util.concurrent.locks.ReentrantLock::isHeldByCurrentThread (8 bytes)
Event: 6.312 Thread 0x000000001e270800 nmethod 1657 0x0000000002f1ef10 code [0x0000000002f1f080, 0x0000000002f1f3d0]
Event: 6.313 Thread 0x000000001e270800 1658       1       java.util.Arrays$ArrayList::size (6 bytes)
Event: 6.313 Thread 0x000000001e270800 nmethod 1658 0x0000000002f1f490 code [0x0000000002f1f5e0, 0x0000000002f1f6f0]
Event: 6.313 Thread 0x000000001e270800 1659       3       java.lang.invoke.MethodHandles::access$000 (4 bytes)
Event: 6.314 Thread 0x000000001e270800 nmethod 1659 0x0000000002f1f790 code [0x0000000002f1f8e0, 0x0000000002f1fa10]

GC Heap History (0 events):
No events

Deoptimization events (10 events):
Event: 3.880 Thread 0x000000001f35f800 Uncommon trap: reason=class_check action=maybe_recompile pc=0x0000000002c51668 method=java.io.DataInputStream.readShort()S @ 4
Event: 3.881 Thread 0x000000001f35f800 Uncommon trap: reason=class_check action=maybe_recompile pc=0x0000000002c51668 method=java.io.DataInputStream.readShort()S @ 4
Event: 3.881 Thread 0x000000001f35f800 Uncommon trap: reason=class_check action=maybe_recompile pc=0x0000000002c51668 method=java.io.DataInputStream.readShort()S @ 4
Event: 3.885 Thread 0x000000001f35f800 Uncommon trap: reason=class_check action=maybe_recompile pc=0x0000000002aeee40 method=java.lang.String.equals(Ljava/lang/Object;)Z @ 8
Event: 3.885 Thread 0x000000001f35f800 Uncommon trap: reason=class_check action=maybe_recompile pc=0x0000000002aeee40 method=java.lang.String.equals(Ljava/lang/Object;)Z @ 8
Event: 3.885 Thread 0x000000001f35f800 Uncommon trap: reason=class_check action=maybe_recompile pc=0x0000000002aeee40 method=java.lang.String.equals(Ljava/lang/Object;)Z @ 8
Event: 3.888 Thread 0x000000001f35f800 Uncommon trap: reason=class_check action=maybe_recompile pc=0x0000000002aeee40 method=java.lang.String.equals(Ljava/lang/Object;)Z @ 8
Event: 3.900 Thread 0x000000001f35f800 Uncommon trap: reason=unstable_if action=reinterpret pc=0x0000000002d264fc method=java.lang.String.regionMatches(ZILjava/lang/String;II)Z @ 123
Event: 6.232 Thread 0x000000001f35f800 Uncommon trap: reason=unstable_if action=reinterpret pc=0x0000000002ddf2b0 method=jdk.internal.org.objectweb.asm.Type.getArgumentsAndReturnSizes(Ljava/lang/String;)I @ 47
Event: 6.237 Thread 0x000000001f35f800 Uncommon trap: reason=unstable_if action=reinterpret pc=0x0000000002eb3014 method=javafx.scene.Node.updateLocalToParentTransform()V @ 4

Classes redefined (0 events):
No events

Internal exceptions (10 events):
Event: 1.420 Thread 0x000000001f35f800 Exception <a 'java/lang/ArrayIndexOutOfBoundsException'> (0x000000076d034098) thrown at [C:\re\workspace\8-2-build-windows-amd64-cygwin\jdk8u202\12323\hotspot\src\share\vm\runtime\sharedRuntime.cpp, line 605]
Event: 1.544 Thread 0x000000001f35f800 Exception <a 'java/lang/ArrayIndexOutOfBoundsException'> (0x000000076d67ee38) thrown at [C:\re\workspace\8-2-build-windows-amd64-cygwin\jdk8u202\12323\hotspot\src\share\vm\runtime\sharedRuntime.cpp, line 605]
Event: 1.544 Thread 0x000000001f35f800 Exception <a 'java/lang/ArrayIndexOutOfBoundsException'> (0x000000076d67fc50) thrown at [C:\re\workspace\8-2-build-windows-amd64-cygwin\jdk8u202\12323\hotspot\src\share\vm\runtime\sharedRuntime.cpp, line 605]
Event: 1.544 Thread 0x000000001f35f800 Exception <a 'java/lang/ArrayIndexOutOfBoundsException'> (0x000000076d6814c0) thrown at [C:\re\workspace\8-2-build-windows-amd64-cygwin\jdk8u202\12323\hotspot\src\share\vm\runtime\sharedRuntime.cpp, line 605]
Event: 1.560 Thread 0x000000001f35f800 Implicit null exception at 0x0000000002c91116 to 0x0000000002c914c5
Event: 2.677 Thread 0x000000001f35f800 Exception <a 'java/net/ConnectException': Connection refused: connect> (0x000000076dd1de00) thrown at [C:\re\workspace\8-2-build-windows-amd64-cygwin\jdk8u202\12323\hotspot\src\share\vm\prims\jni.cpp, line 736]
Event: 3.679 Thread 0x000000001f35f800 Exception <a 'java/net/ConnectException': Connection refused: connect> (0x000000076dd1e940) thrown at [C:\re\workspace\8-2-build-windows-amd64-cygwin\jdk8u202\12323\hotspot\src\share\vm\prims\jni.cpp, line 736]
Event: 3.744 Thread 0x000000001f35f800 Implicit null exception at 0x0000000002cb53b5 to 0x0000000002cb55e5
Event: 3.745 Thread 0x000000001f35f800 Implicit null exception at 0x0000000002cbc0ef to 0x0000000002cbc159
Event: 6.318 Thread 0x000000001f7ff800 Exception <a 'java/lang/IllegalStateException'> (0x000000076f0466b0) thrown at [C:\re\workspace\8-2-build-windows-amd64-cygwin\jdk8u202\12323\hotspot\src\share\vm\prims\jvm.cpp, line 1506]

Events (10 events):
Event: 6.317 loading class java/util/IdentityHashMap$IdentityHashMapIterator
Event: 6.317 loading class java/util/IdentityHashMap$IdentityHashMapIterator done
Event: 6.317 loading class java/util/IdentityHashMap$KeyIterator done
Event: 6.317 Thread 0x000000001f7ff800 Thread added: 0x000000001f7ff800
Event: 6.317 loading class com/sun/javafx/tk/quantum/QuantumRenderer
Event: 6.317 loading class com/sun/javafx/tk/quantum/QuantumRenderer done
Event: 6.318 loading class com/sun/javafx/tk/quantum/QuantumToolkit
Event: 6.318 loading class com/sun/javafx/tk/quantum/QuantumToolkit done
Event: 6.318 Thread 0x000000001f7ff800 Thread exited: 0x000000001f7ff800
Event: 6.318 Executing VM operation: Exit


Dynamic libraries:
0x00007ff7197a0000 - 0x00007ff7197d7000 	C:\Program Files\Java\jre1.8.0_202\bin\javaw.exe
0x00007fff27ed0000 - 0x00007fff280bd000 	C:\WINDOWS\SYSTEM32\ntdll.dll
0x00007fff26720000 - 0x00007fff267d3000 	C:\WINDOWS\System32\KERNEL32.DLL
0x00007fff24c40000 - 0x00007fff24ed3000 	C:\WINDOWS\System32\KERNELBASE.dll
0x00007fff25160000 - 0x00007fff25203000 	C:\WINDOWS\System32\ADVAPI32.dll
0x00007fff27e00000 - 0x00007fff27e9e000 	C:\WINDOWS\System32\msvcrt.dll
0x00007fff25210000 - 0x00007fff252ae000 	C:\WINDOWS\System32\sechost.dll
0x00007fff25e30000 - 0x00007fff25f52000 	C:\WINDOWS\System32\RPCRT4.dll
0x00007fff26410000 - 0x00007fff265a7000 	C:\WINDOWS\System32\USER32.dll
0x00007fff24f10000 - 0x00007fff24f30000 	C:\WINDOWS\System32\win32u.dll
0x00007fff26180000 - 0x00007fff261a9000 	C:\WINDOWS\System32\GDI32.dll
0x00007fff24350000 - 0x00007fff244ea000 	C:\WINDOWS\System32\gdi32full.dll
0x00007fff25060000 - 0x00007fff25100000 	C:\WINDOWS\System32\msvcp_win.dll
0x00007fff23fa0000 - 0x00007fff2409a000 	C:\WINDOWS\System32\ucrtbase.dll
0x00007fff16900000 - 0x00007fff16b79000 	C:\WINDOWS\WinSxS\amd64_microsoft.windows.common-controls_6595b64144ccf1df_6.0.17763.379_none_05b83be8071c94a1\COMCTL32.dll
0x00007fff259e0000 - 0x00007fff25d0d000 	C:\WINDOWS\System32\combase.dll
0x00007fff24280000 - 0x00007fff242fe000 	C:\WINDOWS\System32\bcryptPrimitives.dll
0x00007fff261b0000 - 0x00007fff261de000 	C:\WINDOWS\System32\IMM32.DLL
0x0000000051100000 - 0x00000000511d2000 	C:\Program Files\Java\jre1.8.0_202\bin\msvcr100.dll
0x00000000511e0000 - 0x0000000051a85000 	C:\Program Files\Java\jre1.8.0_202\bin\server\jvm.dll
0x00007fff25d10000 - 0x00007fff25d18000 	C:\WINDOWS\System32\PSAPI.DLL
0x00007fff18970000 - 0x00007fff18994000 	C:\WINDOWS\SYSTEM32\WINMM.dll
0x00007fff16bb0000 - 0x00007fff16bb9000 	C:\WINDOWS\SYSTEM32\WSOCK32.dll
0x00007fff1bb30000 - 0x00007fff1bb3a000 	C:\WINDOWS\SYSTEM32\VERSION.dll
0x00007fff26240000 - 0x00007fff262ad000 	C:\WINDOWS\System32\WS2_32.dll
0x00007fff18730000 - 0x00007fff1875d000 	C:\WINDOWS\SYSTEM32\WINMMBASE.dll
0x00007fff24300000 - 0x00007fff2434a000 	C:\WINDOWS\System32\cfgmgr32.dll
0x00007fff1d670000 - 0x00007fff1d67f000 	C:\Program Files\Java\jre1.8.0_202\bin\verify.dll
0x00007fff1c820000 - 0x00007fff1c849000 	C:\Program Files\Java\jre1.8.0_202\bin\java.dll
0x00007fff1d5f0000 - 0x00007fff1d606000 	C:\Program Files\Java\jre1.8.0_202\bin\zip.dll
0x00007fff26910000 - 0x00007fff27e00000 	C:\WINDOWS\System32\SHELL32.dll
0x00007fff25d80000 - 0x00007fff25e28000 	C:\WINDOWS\System32\shcore.dll
0x00007fff244f0000 - 0x00007fff24c3a000 	C:\WINDOWS\System32\windows.storage.dll
0x00007fff23f70000 - 0x00007fff23f94000 	C:\WINDOWS\System32\profapi.dll
0x00007fff23ef0000 - 0x00007fff23f4d000 	C:\WINDOWS\System32\powrprof.dll
0x00007fff261e0000 - 0x00007fff26232000 	C:\WINDOWS\System32\shlwapi.dll
0x00007fff23ed0000 - 0x00007fff23ee1000 	C:\WINDOWS\System32\kernel.appcore.dll
0x00007fff24f30000 - 0x00007fff24f47000 	C:\WINDOWS\System32\cryptsp.dll
0x0000000000f50000 - 0x0000000000f53000 	C:\Program Files\Java\jre1.8.0_202\bin\api-ms-win-core-console-l1-1-0.dll
0x0000000000f60000 - 0x0000000000f63000 	C:\Program Files\Java\jre1.8.0_202\bin\api-ms-win-core-datetime-l1-1-0.dll
0x0000000000f70000 - 0x0000000000f73000 	C:\Program Files\Java\jre1.8.0_202\bin\api-ms-win-core-debug-l1-1-0.dll
0x0000000000f90000 - 0x0000000000f93000 	C:\Program Files\Java\jre1.8.0_202\bin\api-ms-win-core-errorhandling-l1-1-0.dll
0x0000000000fa0000 - 0x0000000000fa4000 	C:\Program Files\Java\jre1.8.0_202\bin\api-ms-win-core-file-l1-1-0.dll
0x0000000000fb0000 - 0x0000000000fb3000 	C:\Program Files\Java\jre1.8.0_202\bin\api-ms-win-core-file-l1-2-0.dll
0x000000001f030000 - 0x000000001f033000 	C:\Program Files\Java\jre1.8.0_202\bin\api-ms-win-core-file-l2-1-0.dll
0x000000001f040000 - 0x000000001f043000 	C:\Program Files\Java\jre1.8.0_202\bin\api-ms-win-core-handle-l1-1-0.dll
0x000000001f050000 - 0x000000001f053000 	C:\Program Files\Java\jre1.8.0_202\bin\api-ms-win-core-heap-l1-1-0.dll
0x000000001f060000 - 0x000000001f063000 	C:\Program Files\Java\jre1.8.0_202\bin\api-ms-win-core-interlocked-l1-1-0.dll
0x000000001f070000 - 0x000000001f073000 	C:\Program Files\Java\jre1.8.0_202\bin\api-ms-win-core-libraryloader-l1-1-0.dll
0x000000001f080000 - 0x000000001f083000 	C:\Program Files\Java\jre1.8.0_202\bin\api-ms-win-core-localization-l1-2-0.dll
0x000000001f090000 - 0x000000001f093000 	C:\Program Files\Java\jre1.8.0_202\bin\api-ms-win-core-memory-l1-1-0.dll
0x000000001f0a0000 - 0x000000001f0a3000 	C:\Program Files\Java\jre1.8.0_202\bin\api-ms-win-core-namedpipe-l1-1-0.dll
0x000000001f0b0000 - 0x000000001f0b3000 	C:\Program Files\Java\jre1.8.0_202\bin\api-ms-win-core-processenvironment-l1-1-0.dll
0x000000001f0c0000 - 0x000000001f0c3000 	C:\Program Files\Java\jre1.8.0_202\bin\api-ms-win-core-processthreads-l1-1-0.dll
0x000000001f0d0000 - 0x000000001f0d3000 	C:\Program Files\Java\jre1.8.0_202\bin\api-ms-win-core-processthreads-l1-1-1.dll
0x000000001f0e0000 - 0x000000001f0e3000 	C:\Program Files\Java\jre1.8.0_202\bin\api-ms-win-core-profile-l1-1-0.dll
0x000000001f0f0000 - 0x000000001f0f3000 	C:\Program Files\Java\jre1.8.0_202\bin\api-ms-win-core-rtlsupport-l1-1-0.dll
0x000000001f100000 - 0x000000001f103000 	C:\Program Files\Java\jre1.8.0_202\bin\api-ms-win-core-string-l1-1-0.dll
0x000000001f110000 - 0x000000001f113000 	C:\Program Files\Java\jre1.8.0_202\bin\api-ms-win-core-synch-l1-1-0.dll
0x000000001f120000 - 0x000000001f123000 	C:\Program Files\Java\jre1.8.0_202\bin\api-ms-win-core-synch-l1-2-0.dll
0x000000001f130000 - 0x000000001f133000 	C:\Program Files\Java\jre1.8.0_202\bin\api-ms-win-core-sysinfo-l1-1-0.dll
0x000000001f140000 - 0x000000001f143000 	C:\Program Files\Java\jre1.8.0_202\bin\api-ms-win-core-timezone-l1-1-0.dll
0x000000001f150000 - 0x000000001f153000 	C:\Program Files\Java\jre1.8.0_202\bin\api-ms-win-core-util-l1-1-0.dll
0x000000001f160000 - 0x000000001f163000 	C:\Program Files\Java\jre1.8.0_202\bin\api-ms-win-crt-conio-l1-1-0.dll
0x000000001f170000 - 0x000000001f174000 	C:\Program Files\Java\jre1.8.0_202\bin\api-ms-win-crt-convert-l1-1-0.dll
0x000000001f180000 - 0x000000001f183000 	C:\Program Files\Java\jre1.8.0_202\bin\api-ms-win-crt-environment-l1-1-0.dll
0x000000001f190000 - 0x000000001f193000 	C:\Program Files\Java\jre1.8.0_202\bin\api-ms-win-crt-filesystem-l1-1-0.dll
0x000000001f1a0000 - 0x000000001f1a3000 	C:\Program Files\Java\jre1.8.0_202\bin\api-ms-win-crt-heap-l1-1-0.dll
0x000000001f1b0000 - 0x000000001f1b3000 	C:\Program Files\Java\jre1.8.0_202\bin\api-ms-win-crt-locale-l1-1-0.dll
0x000000001f1c0000 - 0x000000001f1c5000 	C:\Program Files\Java\jre1.8.0_202\bin\api-ms-win-crt-math-l1-1-0.dll
0x000000001f1d0000 - 0x000000001f1d5000 	C:\Program Files\Java\jre1.8.0_202\bin\api-ms-win-crt-multibyte-l1-1-0.dll
0x000000001f1e0000 - 0x000000001f1f0000 	C:\Program Files\Java\jre1.8.0_202\bin\api-ms-win-crt-private-l1-1-0.dll
0x000000001f1f0000 - 0x000000001f1f3000 	C:\Program Files\Java\jre1.8.0_202\bin\api-ms-win-crt-process-l1-1-0.dll
0x000000001f200000 - 0x000000001f204000 	C:\Program Files\Java\jre1.8.0_202\bin\api-ms-win-crt-runtime-l1-1-0.dll
0x000000001f210000 - 0x000000001f214000 	C:\Program Files\Java\jre1.8.0_202\bin\api-ms-win-crt-stdio-l1-1-0.dll
0x000000001f220000 - 0x000000001f224000 	C:\Program Files\Java\jre1.8.0_202\bin\api-ms-win-crt-string-l1-1-0.dll
0x000000001f230000 - 0x000000001f233000 	C:\Program Files\Java\jre1.8.0_202\bin\api-ms-win-crt-time-l1-1-0.dll
0x000000001f240000 - 0x000000001f243000 	C:\Program Files\Java\jre1.8.0_202\bin\api-ms-win-crt-utility-l1-1-0.dll
0x00007ffee5a80000 - 0x00007ffee5b76000 	C:\Program Files\Java\jre1.8.0_202\bin\ucrtbase.dll
0x00007fff0b850000 - 0x00007fff0b866000 	C:\Program Files\Java\jre1.8.0_202\bin\vcruntime140.dll
0x00007ffec4880000 - 0x00007ffec491c000 	C:\Program Files\Java\jre1.8.0_202\bin\msvcp140.dll
0x00007ffefa800000 - 0x00007ffefa851000 	C:\Program Files\Java\jre1.8.0_202\bin\concrt140.dll
0x00007ffeff750000 - 0x00007ffeff773000 	C:\Program Files\Java\jre1.8.0_202\bin\prism_d3d.dll
0x00007ffee73a0000 - 0x00007ffee753e000 	C:\WINDOWS\system32\d3d9.dll
0x00007fff22570000 - 0x00007fff2259e000 	C:\WINDOWS\SYSTEM32\dwmapi.dll
0x00007fff240a0000 - 0x00007fff2427b000 	C:\WINDOWS\System32\CRYPT32.dll
0x00007fff23f50000 - 0x00007fff23f62000 	C:\WINDOWS\System32\MSASN1.dll
0x00007fff1ee70000 - 0x00007fff1ef0c000 	C:\WINDOWS\system32\uxtheme.dll
0x00007ffeba9d0000 - 0x00007ffebd9cd000 	C:\WINDOWS\System32\DriverStore\FileRepository\k127369.inf_amd64_b8b3c10a6624488c\igd9dxva64.dll
0x00007fff262b0000 - 0x00007fff26405000 	C:\WINDOWS\System32\ole32.dll
0x00007fff25f60000 - 0x00007fff2602b000 	C:\WINDOWS\System32\OLEAUT32.dll
0x00007ffefa1a0000 - 0x00007ffefa1e9000 	C:\Program Files\Java\jre1.8.0_202\bin\glass.dll
0x00007fff267e0000 - 0x00007fff26907000 	C:\WINDOWS\System32\COMDLG32.dll
0x00007fff265b0000 - 0x00007fff2671a000 	C:\WINDOWS\System32\MSCTF.dll
0x00007ffef8bf0000 - 0x00007ffef8c04000 	C:\Program Files\Java\jre1.8.0_202\bin\javafx_font.dll
0x00007fff0ac10000 - 0x00007fff0af0f000 	C:\WINDOWS\SYSTEM32\dwrite.dll
0x00007fff1ce10000 - 0x00007fff1ce2a000 	C:\Program Files\Java\jre1.8.0_202\bin\net.dll
0x00007fff18c00000 - 0x00007fff18dd6000 	C:\WINDOWS\SYSTEM32\urlmon.dll
0x00007fff17450000 - 0x00007fff176f8000 	C:\WINDOWS\SYSTEM32\iertutil.dll
0x00007fff23920000 - 0x00007fff2392c000 	C:\WINDOWS\SYSTEM32\CRYPTBASE.DLL
0x00007fff23750000 - 0x00007fff237b7000 	C:\WINDOWS\system32\mswsock.dll
0x00007fff234f0000 - 0x00007fff235b6000 	C:\WINDOWS\SYSTEM32\DNSAPI.dll
0x00007fff26090000 - 0x00007fff26098000 	C:\WINDOWS\System32\NSI.dll
0x00007fff234b0000 - 0x00007fff234ed000 	C:\WINDOWS\SYSTEM32\IPHLPAPI.DLL
0x00007fff17dc0000 - 0x00007fff17dca000 	C:\Windows\System32\rasadhlp.dll
0x00007fff17df0000 - 0x00007fff17e69000 	C:\WINDOWS\System32\fwpuclnt.dll
0x00007fff24ee0000 - 0x00007fff24f06000 	C:\WINDOWS\System32\bcrypt.dll
0x00007fff260d0000 - 0x00007fff26172000 	C:\WINDOWS\System32\clbcatq.dll
0x00007fff162e0000 - 0x00007fff16498000 	C:\WINDOWS\SYSTEM32\WindowsCodecs.dll
0x00007ffef2740000 - 0x00007ffef2796000 	C:\WINDOWS\system32\dataexchange.dll
0x00007fff1e390000 - 0x00007fff1e553000 	C:\WINDOWS\system32\dcomp.dll
0x00007fff1db10000 - 0x00007fff1dd8e000 	C:\WINDOWS\system32\d3d11.dll
0x00007fff22c50000 - 0x00007fff22d12000 	C:\WINDOWS\system32\dxgi.dll
0x00007fff22230000 - 0x00007fff2243d000 	C:\WINDOWS\system32\twinapi.appcore.dll
0x00007fff22440000 - 0x00007fff22468000 	C:\WINDOWS\system32\RMCLIENT.dll
0x00007ffef8bb0000 - 0x00007ffef8be3000 	C:\Program Files\Common Files\Microsoft Shared\Ink\rtscom.dll
0x00007fff14bb0000 - 0x00007fff14c45000 	C:\WINDOWS\System32\TextInputFramework.dll
0x00007fff1e900000 - 0x00007fff1e9e2000 	C:\WINDOWS\System32\CoreMessaging.dll
0x00007fff14710000 - 0x00007fff14a32000 	C:\WINDOWS\System32\CoreUIComponents.dll
0x00007fff22f90000 - 0x00007fff22fc1000 	C:\WINDOWS\SYSTEM32\ntmarta.dll
0x00007fff1c650000 - 0x00007fff1c7a3000 	C:\WINDOWS\SYSTEM32\wintypes.dll
0x00007fff0fe20000 - 0x00007fff0fe8c000 	C:\WINDOWS\system32\Oleacc.dll
0x00007ffef89e0000 - 0x00007ffef89f2000 	C:\Program Files\Java\jre1.8.0_202\bin\prism_common.dll
0x00007fff228b0000 - 0x00007fff22a9d000 	C:\WINDOWS\SYSTEM32\dbghelp.dll

VM Arguments:
jvm_args: -Dfile.encoding=Cp1252 
java_command: application.Main
java_class_path (initial): C:\Users\nope\Desktop\GitRepos\TimerToDo\bin;C:\Users\nope\Desktop\GitRepos\ReferencedLibraries\mysql-connector-java-8.0.15\mysql-connector-java-8.0.15.jar;C:\Users\nope\Desktop\jfoenix-8.0.8.jar;C:\Users\nope\.p2\pool\plugins\org.eclipse.fx.ide.css.jfx8_3.5.0.201902220800.jar
Launcher Type: SUN_STANDARD

Environment Variables:
JAVA_HOME=C:\NVPACK\jdk1.8.0_77
PATH=C:/Program Files/Java/jre1.8.0_202/bin/server;C:/Program Files/Java/jre1.8.0_202/bin;C:/Program Files/Java/jre1.8.0_202/lib/amd64;C:\Program Files\Microsoft MPI\Bin\;C:\Program Files (x86)\Common Files\Oracle\Java\javapath;C:\WINDOWS\system32;C:\WINDOWS;C:\WINDOWS\System32\Wbem;C:\WINDOWS\System32\WindowsPowerShell\v1.0\;C:\WINDOWS\System32\OpenSSH\;C:\Program Files\dotnet\;C:\Program Files\Git\cmd;C:\Program Files (x86)\Microsoft SQL Server\140\Tools\Binn\;C:\Program Files\Microsoft SQL Server\140\Tools\Binn\;C:\Program Files (x86)\Microsoft SQL Server\140\DTS\Binn\;C:\Program Files\Microsoft SQL Server\140\DTS\Binn\;C:\Program Files\Microsoft SQL Server\Client SDK\ODBC\130\Tools\Binn\;C:\Program Files (x86)\Microsoft SQL Server\Client SDK\ODBC\130\Tools\Binn\;C:\Program Files (x86)\Microsoft SQL Server\140\Tools\Binn\ManagementStudio\;C:\Program Files\nodejs\;C:\NVPACK\gradle-2.9\bin;C:\NVPACK\apache-ant-1.8.2\bin;C:\NVPACK\jdk1.8.0_77\bin;C:\NVPACK\android-ndk-r12b;C:\NVPACK\android-sdk-windows\extras\android\support;C:\NVPACK\android-sdk-windows\build-tools;C:\NVPACK\android-sdk-windows\platform-tools;C:\NVPACK\android-sdk-windows\tools;C:\Users\nope\AppData\Local\Microsoft\WindowsApps;C:\Users\nope\IntelliJ IDEA Community Edition 2018.3.4\bin;;C:\Program Files\MySQL\MySQL Server 8.0\bin;;C:\Users\nope\Desktop;
USERNAME=nope
OS=Windows_NT
PROCESSOR_IDENTIFIER=Intel64 Family 6 Model 158 Stepping 9, GenuineIntel



---------------  S Y S T E M  ---------------

OS: Windows 10.0 , 64 bit Build 17763 (10.0.17763.379)

CPU:total 8 (initial active 8) (4 cores per cpu, 2 threads per core) family 6 model 158 stepping 9, cmov, cx8, fxsr, mmx, sse, sse2, sse3, ssse3, sse4.1, sse4.2, popcnt, avx, avx2, aes, clmul, erms, 3dnowpref, lzcnt, ht, tsc, tscinvbit, bmi1, bmi2, adx

Memory: 4k page, physical 16587404k(9660064k free), swap 17635980k(7974764k free)

vm_info: Java HotSpot(TM) 64-Bit Server VM (25.202-b08) for windows-amd64 JRE (1.8.0_202-b08), built on Dec 15 2018 19:54:30 by "java_re" with MS VC++ 10.0 (VS2010)

time: Fri Apr 05 22:17:23 2019
timezone: Eastern Daylight Time
elapsed time: 6 seconds (0d 0h 0m 6s)

